mode: atomic
github.com/engine/server/ai/context.go:58.48,60.50 2 2
github.com/engine/server/ai/context.go:60.50,62.3 1 1
github.com/engine/server/ai/context.go:63.2,63.12 1 1
github.com/engine/server/ai/context.go:70.13,72.2 1 1
github.com/engine/server/ai/context.go:78.25,79.6 1 1
github.com/engine/server/ai/context.go:79.6,82.3 2 1
github.com/engine/server/ai/context.go:86.19,91.21 4 2
github.com/engine/server/ai/context.go:91.21,93.3 1 2
github.com/engine/server/ai/context.go:96.2,97.17 2 2
github.com/engine/server/ai/context.go:97.17,99.3 1 1
github.com/engine/server/ai/context.go:101.2,107.16 3 1
github.com/engine/server/ai/context.go:107.16,109.3 1 1
github.com/engine/server/ai/context.go:112.52,114.17 2 28
github.com/engine/server/ai/context.go:114.17,116.3 1 2
github.com/engine/server/ai/context.go:117.2,118.70 1 26
github.com/engine/server/ai/context.go:118.70,120.3 1 11
github.com/engine/server/ai/context.go:121.2,121.40 1 15
github.com/engine/server/ai/context.go:121.40,123.3 1 6
github.com/engine/server/ai/context.go:124.2,124.33 1 9
github.com/engine/server/ai/context.go:124.33,126.3 1 8
github.com/engine/server/ai/context.go:127.2,127.20 1 1
github.com/engine/server/ai/context.go:130.51,131.39 1 22
github.com/engine/server/ai/context.go:131.39,133.3 1 5
github.com/engine/server/ai/context.go:134.2,134.45 1 17
github.com/engine/server/ai/context.go:134.45,135.44 1 120
github.com/engine/server/ai/context.go:135.44,137.4 1 12
github.com/engine/server/ai/context.go:139.2,139.14 1 5
github.com/engine/server/ai/context.go:142.68,143.62 1 25
github.com/engine/server/ai/context.go:144.39,145.62 1 17
github.com/engine/server/ai/context.go:146.18,147.41 1 7
github.com/engine/server/ai/context.go:148.10,149.41 1 1
github.com/engine/server/ai/context.go:153.54,154.18 1 5
github.com/engine/server/ai/context.go:155.16,156.28 1 2
github.com/engine/server/ai/context.go:157.16,158.28 1 1
github.com/engine/server/ai/context.go:159.10,160.31 1 2
github.com/engine/server/ai/context.go:164.54,166.56 2 17
github.com/engine/server/ai/context.go:166.56,168.3 1 1
github.com/engine/server/ai/context.go:169.2,169.44 1 16
github.com/engine/server/ai/context.go:172.43,174.22 2 32
github.com/engine/server/ai/context.go:174.22,176.3 1 2
github.com/engine/server/ai/context.go:177.2,177.9 1 30
github.com/engine/server/ai/context.go:178.61,179.64 1 3
github.com/engine/server/ai/context.go:180.44,181.47 1 3
github.com/engine/server/ai/context.go:182.10,183.20 1 24
github.com/engine/server/ai/context.go:187.47,189.81 2 9
github.com/engine/server/ai/context.go:189.81,191.3 1 4
github.com/engine/server/ai/context.go:192.2,192.80 1 5
github.com/engine/server/ai/context.go:192.80,194.3 1 2
github.com/engine/server/ai/context.go:195.2,195.11 1 3
github.com/engine/server/ai/context.go:198.74,200.16 2 23
github.com/engine/server/ai/context.go:200.16,202.3 1 6
github.com/engine/server/ai/context.go:203.2,205.38 2 17
github.com/engine/server/ai/context.go:205.38,207.3 1 2
github.com/engine/server/ai/context.go:209.2,210.68 2 15
github.com/engine/server/ai/context.go:210.68,212.3 1 1
github.com/engine/server/ai/context.go:213.2,214.29 2 14
github.com/engine/server/ai/context.go:214.29,216.19 2 12
github.com/engine/server/ai/context.go:216.19,217.12 1 1
github.com/engine/server/ai/context.go:219.3,219.79 1 11
github.com/engine/server/ai/context.go:219.79,221.4 1 10
github.com/engine/server/ai/context.go:223.2,223.11 1 4
github.com/engine/server/ai/context.go:267.44,268.23 1 66
github.com/engine/server/ai/context.go:268.23,270.3 1 52
github.com/engine/server/ai/context.go:271.2,271.9 1 14
github.com/engine/server/ai/context.go:272.20,273.14 1 9
github.com/engine/server/ai/context.go:274.10,275.15 1 5
github.com/engine/server/ai/context.go:332.39,334.2 1 50
github.com/engine/server/ai/context.go:336.77,342.2 1 48
github.com/engine/server/ai/context.go:599.57,601.33 2 1
github.com/engine/server/ai/context.go:601.33,603.3 1 30
github.com/engine/server/ai/context.go:604.2,604.10 1 1
github.com/engine/server/ai/context.go:611.39,613.42 2 163
github.com/engine/server/ai/context.go:613.42,614.43 1 652
github.com/engine/server/ai/context.go:614.43,616.4 1 652
github.com/engine/server/ai/context.go:618.2,618.12 1 163
github.com/engine/server/ai/context.go:624.64,635.33 5 8
github.com/engine/server/ai/context.go:635.33,638.27 3 240
github.com/engine/server/ai/context.go:638.27,639.37 1 510
github.com/engine/server/ai/context.go:639.37,641.5 1 40
github.com/engine/server/ai/context.go:643.3,643.16 1 240
github.com/engine/server/ai/context.go:643.16,645.4 1 33
github.com/engine/server/ai/context.go:647.2,647.39 1 8
github.com/engine/server/ai/context.go:647.39,651.27 4 3
github.com/engine/server/ai/context.go:651.27,652.37 1 5
github.com/engine/server/ai/context.go:652.37,654.5 1 5
github.com/engine/server/ai/context.go:656.3,656.16 1 3
github.com/engine/server/ai/context.go:656.16,658.4 1 3
github.com/engine/server/ai/context.go:662.2,662.36 1 8
github.com/engine/server/ai/context.go:662.36,663.67 1 29
github.com/engine/server/ai/context.go:663.67,665.4 1 6
github.com/engine/server/ai/context.go:668.2,668.23 1 8
github.com/engine/server/ai/context.go:668.23,670.3 1 1
github.com/engine/server/ai/context.go:673.2,674.36 2 7
github.com/engine/server/ai/context.go:674.36,676.3 1 35
github.com/engine/server/ai/context.go:677.2,678.28 2 7
github.com/engine/server/ai/context.go:678.28,679.33 1 36
github.com/engine/server/ai/context.go:679.33,683.4 3 26
github.com/engine/server/ai/context.go:686.2,688.28 3 7
github.com/engine/server/ai/context.go:688.28,690.3 1 36
github.com/engine/server/ai/context.go:691.2,691.20 1 7
github.com/engine/server/ai/context.go:691.20,693.3 1 5
github.com/engine/server/ai/context.go:693.8,695.3 1 2
github.com/engine/server/ai/context.go:696.2,696.20 1 7
github.com/engine/server/ai/context.go:700.94,702.2 1 12
github.com/engine/server/ai/context.go:704.101,706.2 1 127
github.com/engine/server/ai/context.go:708.96,709.33 1 139
github.com/engine/server/ai/context.go:709.33,712.3 2 187
github.com/engine/server/ai/context.go:713.2,713.37 1 139
github.com/engine/server/ai/context.go:713.37,716.3 2 3
github.com/engine/server/ai/context.go:717.2,717.35 1 139
github.com/engine/server/ai/context.go:717.35,720.3 2 7
github.com/engine/server/ai/context.go:722.2,722.14 1 139
github.com/engine/server/ai/context.go:723.22,724.54 1 1
github.com/engine/server/ai/context.go:726.19,728.17 2 6
github.com/engine/server/ai/context.go:728.17,730.4 1 4
github.com/engine/server/ai/context.go:731.3,732.17 2 2
github.com/engine/server/ai/context.go:732.17,734.4 1 1
github.com/engine/server/ai/context.go:735.3,735.27 1 1
github.com/engine/server/ai/context.go:737.20,739.17 2 4
github.com/engine/server/ai/context.go:739.17,741.4 1 1
github.com/engine/server/ai/context.go:742.3,742.62 1 3
github.com/engine/server/ai/context.go:742.62,744.4 1 1
github.com/engine/server/ai/context.go:745.3,745.30 1 2
github.com/engine/server/ai/context.go:745.30,747.4 1 1
github.com/engine/server/ai/context.go:748.3,748.40 1 2
github.com/engine/server/ai/context.go:750.24,752.17 2 3
github.com/engine/server/ai/context.go:752.17,754.4 1 1
github.com/engine/server/ai/context.go:755.3,756.17 2 2
github.com/engine/server/ai/context.go:756.17,758.4 1 1
github.com/engine/server/ai/context.go:759.3,759.36 1 1
github.com/engine/server/ai/context.go:761.15,763.102 2 9
github.com/engine/server/ai/context.go:763.102,764.34 1 3
github.com/engine/server/ai/context.go:764.34,766.5 1 1
github.com/engine/server/ai/context.go:767.4,768.18 2 2
github.com/engine/server/ai/context.go:768.18,770.5 1 1
github.com/engine/server/ai/context.go:771.4,771.16 1 1
github.com/engine/server/ai/context.go:771.16,773.5 1 1
github.com/engine/server/ai/context.go:775.3,776.16 2 6
github.com/engine/server/ai/context.go:776.16,778.4 1 5
github.com/engine/server/ai/context.go:779.3,780.17 2 6
github.com/engine/server/ai/context.go:780.17,782.4 1 1
github.com/engine/server/ai/context.go:785.3,786.18 2 5
github.com/engine/server/ai/context.go:786.18,788.4 1 1
github.com/engine/server/ai/context.go:789.3,793.19 5 5
github.com/engine/server/ai/context.go:793.19,795.4 1 2
github.com/engine/server/ai/context.go:796.3,796.32 1 5
github.com/engine/server/ai/context.go:796.32,798.4 1 1
github.com/engine/server/ai/context.go:799.3,799.45 1 5
github.com/engine/server/ai/context.go:801.22,803.16 2 2
github.com/engine/server/ai/context.go:803.16,805.4 1 1
github.com/engine/server/ai/context.go:806.3,807.17 2 2
github.com/engine/server/ai/context.go:807.17,809.4 1 1
github.com/engine/server/ai/context.go:810.3,811.23 2 1
github.com/engine/server/ai/context.go:813.20,816.26 3 1
github.com/engine/server/ai/context.go:818.18,820.21 2 5
github.com/engine/server/ai/context.go:820.21,822.18 2 4
github.com/engine/server/ai/context.go:822.18,824.5 1 2
github.com/engine/server/ai/context.go:825.4,825.31 1 2
github.com/engine/server/ai/context.go:827.3,828.21 2 3
github.com/engine/server/ai/context.go:830.20,832.88 1 6
github.com/engine/server/ai/context.go:832.88,833.53 1 6
github.com/engine/server/ai/context.go:833.53,836.5 2 1
github.com/engine/server/ai/context.go:838.3,838.33 1 5
github.com/engine/server/ai/context.go:838.33,840.4 1 1
github.com/engine/server/ai/context.go:841.3,847.17 2 4
github.com/engine/server/ai/context.go:847.17,849.4 1 1
github.com/engine/server/ai/context.go:850.3,850.15 1 3
github.com/engine/server/ai/context.go:850.15,852.4 1 1
github.com/engine/server/ai/context.go:853.3,854.17 2 2
github.com/engine/server/ai/context.go:854.17,856.4 1 1
github.com/engine/server/ai/context.go:857.3,857.37 1 1
github.com/engine/server/ai/context.go:859.19,861.17 2 3
github.com/engine/server/ai/context.go:861.17,863.4 1 1
github.com/engine/server/ai/context.go:864.3,864.30 1 2
github.com/engine/server/ai/context.go:864.30,866.4 1 1
github.com/engine/server/ai/context.go:867.3,867.34 1 2
github.com/engine/server/ai/context.go:869.25,870.47 1 1
github.com/engine/server/ai/context.go:872.24,873.29 1 6
github.com/engine/server/ai/context.go:873.29,875.4 1 5
github.com/engine/server/ai/context.go:876.3,878.26 3 1
github.com/engine/server/ai/context.go:880.24,881.17 1 5
github.com/engine/server/ai/context.go:881.17,883.4 1 1
github.com/engine/server/ai/context.go:884.3,885.18 2 4
github.com/engine/server/ai/context.go:885.18,887.4 1 1
github.com/engine/server/ai/context.go:888.3,891.29 4 3
github.com/engine/server/ai/context.go:891.29,893.4 1 1
github.com/engine/server/ai/context.go:894.3,896.71 3 3
github.com/engine/server/ai/context.go:898.19,900.17 2 4
github.com/engine/server/ai/context.go:900.17,902.4 1 1
github.com/engine/server/ai/context.go:903.3,904.39 2 3
github.com/engine/server/ai/context.go:904.39,905.40 1 1
github.com/engine/server/ai/context.go:905.40,906.36 1 1
github.com/engine/server/ai/context.go:906.36,908.6 1 1
github.com/engine/server/ai/context.go:911.3,911.30 1 2
github.com/engine/server/ai/context.go:911.30,913.4 1 1
github.com/engine/server/ai/context.go:914.3,914.38 1 2
github.com/engine/server/ai/context.go:916.19,918.17 2 2
github.com/engine/server/ai/context.go:918.17,920.4 1 1
github.com/engine/server/ai/context.go:921.3,921.30 1 1
github.com/engine/server/ai/context.go:921.30,923.4 1 1
github.com/engine/server/ai/context.go:924.3,924.39 1 1
github.com/engine/server/ai/context.go:926.18,933.30 4 2
github.com/engine/server/ai/context.go:933.30,935.4 1 1
github.com/engine/server/ai/context.go:938.3,944.126 2 1
github.com/engine/server/ai/context.go:946.28,950.18 4 5
github.com/engine/server/ai/context.go:950.18,952.4 1 3
github.com/engine/server/ai/context.go:953.3,954.17 2 5
github.com/engine/server/ai/context.go:954.17,956.4 1 2
github.com/engine/server/ai/context.go:957.3,958.17 2 3
github.com/engine/server/ai/context.go:958.17,960.4 1 1
github.com/engine/server/ai/context.go:961.3,962.32 2 2
github.com/engine/server/ai/context.go:962.32,964.35 2 1
github.com/engine/server/ai/context.go:964.35,966.5 1 1
github.com/engine/server/ai/context.go:967.4,967.98 1 1
github.com/engine/server/ai/context.go:969.3,969.20 1 2
github.com/engine/server/ai/context.go:969.20,971.4 1 1
github.com/engine/server/ai/context.go:972.3,972.28 1 1
github.com/engine/server/ai/context.go:974.26,979.15 5 4
github.com/engine/server/ai/context.go:979.15,981.4 1 1
github.com/engine/server/ai/context.go:982.3,983.17 2 3
github.com/engine/server/ai/context.go:983.17,985.4 1 1
github.com/engine/server/ai/context.go:986.3,987.17 2 2
github.com/engine/server/ai/context.go:987.17,989.4 1 1
github.com/engine/server/ai/context.go:990.3,990.132 1 1
github.com/engine/server/ai/context.go:992.28,998.15 6 4
github.com/engine/server/ai/context.go:998.15,1000.4 1 1
github.com/engine/server/ai/context.go:1001.3,1002.17 2 3
github.com/engine/server/ai/context.go:1002.17,1004.4 1 1
github.com/engine/server/ai/context.go:1005.3,1005.57 1 2
github.com/engine/server/ai/context.go:1005.57,1007.4 1 1
github.com/engine/server/ai/context.go:1008.3,1008.53 1 1
github.com/engine/server/ai/context.go:1010.29,1015.18 5 4
github.com/engine/server/ai/context.go:1015.18,1017.4 1 1
github.com/engine/server/ai/context.go:1018.3,1019.17 2 3
github.com/engine/server/ai/context.go:1019.17,1021.4 1 1
github.com/engine/server/ai/context.go:1022.3,1023.17 2 2
github.com/engine/server/ai/context.go:1023.17,1025.4 1 1
github.com/engine/server/ai/context.go:1026.3,1026.93 1 1
github.com/engine/server/ai/context.go:1028.24,1034.29 6 6
github.com/engine/server/ai/context.go:1034.29,1036.4 1 2
github.com/engine/server/ai/context.go:1037.3,1038.17 2 4
github.com/engine/server/ai/context.go:1038.17,1040.4 1 2
github.com/engine/server/ai/context.go:1041.3,1042.17 2 2
github.com/engine/server/ai/context.go:1042.17,1044.4 1 1
github.com/engine/server/ai/context.go:1045.3,1045.66 1 1
github.com/engine/server/ai/context.go:1047.18,1048.33 1 7
github.com/engine/server/ai/context.go:1048.33,1050.4 1 2
github.com/engine/server/ai/context.go:1051.3,1053.19 3 5
github.com/engine/server/ai/context.go:1053.19,1055.4 1 3
github.com/engine/server/ai/context.go:1056.3,1062.17 2 5
github.com/engine/server/ai/context.go:1062.17,1064.4 1 1
github.com/engine/server/ai/context.go:1065.3,1065.15 1 4
github.com/engine/server/ai/context.go:1065.15,1067.4 1 1
github.com/engine/server/ai/context.go:1068.3,1069.21 2 3
github.com/engine/server/ai/context.go:1069.21,1071.4 1 2
github.com/engine/server/ai/context.go:1072.3,1072.20 1 1
github.com/engine/server/ai/context.go:1074.18,1076.21 2 4
github.com/engine/server/ai/context.go:1076.21,1078.4 1 3
github.com/engine/server/ai/context.go:1079.3,1079.20 1 1
github.com/engine/server/ai/context.go:1081.20,1084.17 3 4
github.com/engine/server/ai/context.go:1084.17,1086.24 2 2
github.com/engine/server/ai/context.go:1086.24,1088.5 1 1
github.com/engine/server/ai/context.go:1089.4,1089.46 1 1
github.com/engine/server/ai/context.go:1091.3,1092.23 2 2
github.com/engine/server/ai/context.go:1092.23,1094.4 1 1
github.com/engine/server/ai/context.go:1095.3,1095.20 1 1
github.com/engine/server/ai/context.go:1097.22,1100.21 3 5
github.com/engine/server/ai/context.go:1100.21,1102.4 1 1
github.com/engine/server/ai/context.go:1103.3,1105.27 3 4
github.com/engine/server/ai/context.go:1105.27,1107.69 2 1458
github.com/engine/server/ai/context.go:1107.69,1108.13 1 1323
github.com/engine/server/ai/context.go:1110.4,1113.22 4 135
github.com/engine/server/ai/context.go:1113.22,1115.5 1 37
github.com/engine/server/ai/context.go:1116.4,1119.19 3 135
github.com/engine/server/ai/context.go:1119.19,1121.10 2 2
github.com/engine/server/ai/context.go:1124.3,1124.20 1 4
github.com/engine/server/ai/context.go:1124.20,1126.4 1 1
github.com/engine/server/ai/context.go:1127.3,1127.28 1 3
github.com/engine/server/ai/context.go:1129.22,1130.33 1 12
github.com/engine/server/ai/context.go:1130.33,1132.4 1 2
github.com/engine/server/ai/context.go:1133.3,1135.15 3 10
github.com/engine/server/ai/context.go:1135.15,1137.4 1 1
github.com/engine/server/ai/context.go:1138.3,1139.21 2 9
github.com/engine/server/ai/context.go:1139.21,1141.4 1 2
github.com/engine/server/ai/context.go:1142.3,1144.19 3 7
github.com/engine/server/ai/context.go:1144.19,1146.4 1 2
github.com/engine/server/ai/context.go:1147.3,1153.17 2 7
github.com/engine/server/ai/context.go:1153.17,1155.4 1 1
github.com/engine/server/ai/context.go:1156.3,1156.15 1 6
github.com/engine/server/ai/context.go:1156.15,1158.4 1 2
github.com/engine/server/ai/context.go:1159.3,1159.23 1 4
github.com/engine/server/ai/context.go:1159.23,1160.35 1 2
github.com/engine/server/ai/context.go:1160.35,1162.5 1 1
github.com/engine/server/ai/context.go:1163.9,1164.40 1 2
github.com/engine/server/ai/context.go:1164.40,1166.5 1 1
github.com/engine/server/ai/context.go:1168.3,1168.80 1 2
github.com/engine/server/ai/context.go:1170.18,1172.19 2 5
github.com/engine/server/ai/context.go:1172.19,1174.4 1 1
github.com/engine/server/ai/context.go:1175.3,1176.18 2 4
github.com/engine/server/ai/context.go:1176.18,1178.4 1 1
github.com/engine/server/ai/context.go:1179.3,1179.40 1 3
github.com/engine/server/ai/context.go:1179.40,1181.4 1 1
github.com/engine/server/ai/context.go:1182.3,1182.36 1 2
github.com/engine/server/ai/context.go:1184.20,1186.20 2 4
github.com/engine/server/ai/context.go:1186.20,1188.4 1 1
github.com/engine/server/ai/context.go:1189.3,1190.20 2 4
github.com/engine/server/ai/context.go:1190.20,1192.4 1 1
github.com/engine/server/ai/context.go:1193.3,1193.59 1 3
github.com/engine/server/ai/context.go:1193.59,1195.4 1 1
github.com/engine/server/ai/context.go:1196.3,1196.47 1 2
github.com/engine/server/ai/context.go:1198.19,1200.16 2 9
github.com/engine/server/ai/context.go:1200.16,1202.4 1 3
github.com/engine/server/ai/context.go:1203.3,1204.17 2 6
github.com/engine/server/ai/context.go:1204.17,1207.26 3 2
github.com/engine/server/ai/context.go:1207.26,1210.5 2 1
github.com/engine/server/ai/context.go:1211.4,1211.48 1 2
github.com/engine/server/ai/context.go:1213.3,1213.42 1 6
github.com/engine/server/ai/context.go:1213.42,1215.4 1 2
github.com/engine/server/ai/context.go:1216.3,1216.64 1 4
github.com/engine/server/ai/context.go:1216.64,1218.4 1 1
github.com/engine/server/ai/context.go:1219.3,1219.48 1 3
github.com/engine/server/ai/context.go:1219.48,1221.4 1 1
github.com/engine/server/ai/context.go:1222.3,1222.37 1 2
github.com/engine/server/ai/context.go:1224.20,1225.27 1 0
github.com/engine/server/ai/context.go:1225.27,1227.4 1 0
github.com/engine/server/ai/context.go:1228.3,1229.13 2 0
github.com/engine/server/ai/context.go:1229.13,1231.4 1 0
github.com/engine/server/ai/context.go:1232.3,1233.82 2 0
github.com/engine/server/ai/context.go:1235.10,1236.76 1 6
github.com/engine/server/ai/context.go:1236.76,1238.4 1 1
github.com/engine/server/ai/context.go:1239.3,1239.39 1 5
github.com/engine/server/ai/context.go:1243.47,1246.48 2 2
github.com/engine/server/ai/context.go:1246.48,1249.3 1 2
github.com/engine/server/ai/context.go:1251.2,1251.88 1 2
github.com/engine/server/ai/context.go:1251.88,1253.3 1 2
github.com/engine/server/ai/context.go:1255.2,1255.52 1 2
github.com/engine/server/ai/context.go:1255.52,1258.3 1 2
github.com/engine/server/ai/context.go:1260.2,1262.39 2 2
github.com/engine/server/ai/context.go:1265.56,1268.30 3 11
github.com/engine/server/ai/context.go:1268.30,1270.3 1 5
github.com/engine/server/ai/context.go:1271.2,1272.38 2 11
github.com/engine/server/ai/context.go:1272.38,1274.3 1 7
github.com/engine/server/ai/context.go:1275.2,1275.15 1 11
github.com/engine/server/ai/context.go:1279.49,1284.41 5 10
github.com/engine/server/ai/context.go:1284.41,1286.3 1 3
github.com/engine/server/ai/context.go:1287.2,1287.17 1 10
github.com/engine/server/ai/context.go:1287.17,1289.3 1 2
github.com/engine/server/ai/context.go:1291.2,1291.69 1 10
github.com/engine/server/ai/context.go:1291.69,1294.3 2 1
github.com/engine/server/ai/context.go:1295.2,1295.63 1 9
github.com/engine/server/ai/context.go:1295.63,1298.3 2 1
github.com/engine/server/ai/context.go:1301.2,1302.90 2 8
github.com/engine/server/ai/context.go:1302.90,1305.3 2 1
github.com/engine/server/ai/context.go:1306.2,1306.33 1 7
github.com/engine/server/ai/context.go:1306.33,1307.95 1 2
github.com/engine/server/ai/context.go:1307.95,1309.4 1 2
github.com/engine/server/ai/context.go:1312.2,1315.28 4 7
github.com/engine/server/ai/context.go:1315.28,1317.3 1 1
github.com/engine/server/ai/context.go:1318.2,1329.22 6 7
github.com/engine/server/ai/context.go:1329.22,1331.3 1 7
github.com/engine/server/ai/context.go:1332.2,1332.27 1 7
github.com/engine/server/ai/context.go:1332.27,1334.3 1 7
github.com/engine/server/ai/context.go:1337.2,1341.33 4 7
github.com/engine/server/ai/context.go:1341.33,1344.3 2 6
github.com/engine/server/ai/context.go:1345.2,1349.67 2 7
github.com/engine/server/ai/context.go:1349.67,1351.35 2 1
github.com/engine/server/ai/context.go:1351.35,1352.44 1 3
github.com/engine/server/ai/context.go:1352.44,1354.5 1 3
github.com/engine/server/ai/context.go:1356.3,1356.28 1 1
github.com/engine/server/ai/context.go:1359.2,1364.37 4 7
github.com/engine/server/ai/context.go:1364.37,1366.3 1 1
github.com/engine/server/ai/context.go:1367.2,1375.27 4 7
github.com/engine/server/ai/context.go:1375.27,1377.3 1 1
github.com/engine/server/ai/context.go:1378.2,1387.57 4 7
github.com/engine/server/ai/context.go:1387.57,1388.21 1 7
github.com/engine/server/ai/context.go:1388.21,1390.4 1 2
github.com/engine/server/ai/context.go:1391.3,1391.25 1 5
github.com/engine/server/ai/context.go:1392.69,1394.34 2 7
github.com/engine/server/ai/context.go:1394.34,1395.96 1 2
github.com/engine/server/ai/context.go:1395.96,1397.5 1 2
github.com/engine/server/ai/context.go:1400.2,1400.23 1 7
github.com/engine/server/ai/context.go:1411.3,1415.30 3 13
github.com/engine/server/ai/context.go:1415.30,1418.16 3 0
github.com/engine/server/ai/context.go:1418.16,1420.4 1 0
github.com/engine/server/ai/context.go:1421.3,1421.38 1 0
github.com/engine/server/ai/context.go:1421.38,1423.4 1 0
github.com/engine/server/ai/context.go:1424.3,1424.21 1 0
github.com/engine/server/ai/context.go:1427.2,1427.6 1 13
github.com/engine/server/ai/context.go:1427.6,1428.24 1 18
github.com/engine/server/ai/context.go:1428.24,1430.4 1 3
github.com/engine/server/ai/context.go:1432.3,1446.53 6 15
github.com/engine/server/ai/context.go:1446.53,1447.19 1 17
github.com/engine/server/ai/context.go:1447.19,1449.12 2 2
github.com/engine/server/ai/context.go:1450.23,1451.12 1 1
github.com/engine/server/ai/context.go:1452.29,1452.29 0 1
github.com/engine/server/ai/context.go:1455.4,1456.22 2 16
github.com/engine/server/ai/context.go:1456.22,1457.10 1 13
github.com/engine/server/ai/context.go:1460.4,1463.20 3 3
github.com/engine/server/ai/context.go:1463.20,1464.10 1 1
github.com/engine/server/ai/context.go:1467.3,1467.21 1 14
github.com/engine/server/ai/context.go:1467.21,1470.4 2 1
github.com/engine/server/ai/context.go:1472.3,1474.31 2 13
github.com/engine/server/ai/context.go:1474.31,1475.9 1 7
github.com/engine/server/ai/context.go:1478.3,1479.40 2 6
github.com/engine/server/ai/context.go:1479.40,1480.32 1 7
github.com/engine/server/ai/context.go:1480.32,1481.13 1 1
github.com/engine/server/ai/context.go:1483.4,1484.23 2 6
github.com/engine/server/ai/context.go:1484.23,1486.5 1 1
github.com/engine/server/ai/context.go:1488.4,1488.29 1 6
github.com/engine/server/ai/context.go:1488.29,1489.70 1 5
github.com/engine/server/ai/context.go:1489.70,1503.14 7 1
github.com/engine/server/ai/context.go:1507.4,1513.29 5 5
github.com/engine/server/ai/context.go:1513.29,1514.72 1 4
github.com/engine/server/ai/context.go:1514.72,1515.28 1 1
github.com/engine/server/ai/context.go:1515.28,1517.7 1 1
github.com/engine/server/ai/context.go:1518.6,1518.30 1 1
github.com/engine/server/ai/context.go:1518.30,1520.7 1 1
github.com/engine/server/ai/context.go:1524.4,1535.6 4 5
github.com/engine/server/ai/context.go:1538.3,1540.24 2 6
github.com/engine/server/ai/context.go:1540.24,1542.4 1 1
github.com/engine/server/ai/context.go:1552.35,1561.16 7 19
github.com/engine/server/ai/context.go:1561.16,1563.3 1 1
github.com/engine/server/ai/context.go:1564.2,1566.28 2 18
github.com/engine/server/ai/context.go:1566.28,1570.3 3 3
github.com/engine/server/ai/context.go:1572.2,1581.21 4 15
github.com/engine/server/ai/context.go:1581.21,1583.41 2 94
github.com/engine/server/ai/context.go:1583.41,1584.12 1 16
github.com/engine/server/ai/context.go:1586.3,1587.23 2 78
github.com/engine/server/ai/context.go:1587.23,1588.9 1 15
github.com/engine/server/ai/context.go:1591.3,1592.62 2 63
github.com/engine/server/ai/context.go:1592.62,1593.12 1 2
github.com/engine/server/ai/context.go:1596.3,1596.24 1 61
github.com/engine/server/ai/context.go:1597.30,1599.17 2 16
github.com/engine/server/ai/context.go:1599.17,1600.13 1 1
github.com/engine/server/ai/context.go:1602.4,1602.22 1 15
github.com/engine/server/ai/context.go:1603.16,1604.20 1 8
github.com/engine/server/ai/context.go:1605.20,1608.66 3 7
github.com/engine/server/ai/context.go:1611.30,1613.20 2 15
github.com/engine/server/ai/context.go:1613.20,1614.13 1 1
github.com/engine/server/ai/context.go:1616.4,1616.25 1 14
github.com/engine/server/ai/context.go:1617.22,1621.29 4 8
github.com/engine/server/ai/context.go:1622.28,1623.23 1 6
github.com/engine/server/ai/context.go:1623.23,1627.6 3 6
github.com/engine/server/ai/context.go:1630.29,1631.22 1 15
github.com/engine/server/ai/context.go:1631.22,1634.23 2 7
github.com/engine/server/ai/context.go:1634.23,1636.6 1 1
github.com/engine/server/ai/context.go:1637.5,1641.18 5 7
github.com/engine/server/ai/context.go:1642.10,1642.32 1 8
github.com/engine/server/ai/context.go:1642.32,1645.5 2 8
github.com/engine/server/ai/context.go:1647.24,1649.18 2 1
github.com/engine/server/ai/context.go:1649.18,1651.41 2 1
github.com/engine/server/ai/context.go:1651.41,1652.31 1 1
github.com/engine/server/ai/context.go:1652.31,1652.84 2 1
github.com/engine/server/ai/context.go:1653.6,1653.32 1 1
github.com/engine/server/ai/context.go:1653.32,1653.86 2 1
github.com/engine/server/ai/context.go:1654.6,1654.39 1 1
github.com/engine/server/ai/context.go:1658.24,1660.17 2 14
github.com/engine/server/ai/context.go:1660.17,1661.49 1 14
github.com/engine/server/ai/context.go:1661.49,1663.6 1 14
github.com/engine/server/ai/context.go:1668.2,1668.42 1 15
github.com/engine/server/ai/context.go:1672.21,1674.2 1 60
github.com/engine/server/ai/context.go:1705.56,1707.24 2 52
github.com/engine/server/ai/context.go:1707.24,1716.3 1 206
github.com/engine/server/ai/context.go:1717.2,1717.12 1 52
github.com/engine/server/ai/context.go:1729.3,1733.30 2 24
github.com/engine/server/ai/context.go:1733.30,1735.22 2 9
github.com/engine/server/ai/context.go:1735.22,1737.4 1 9
github.com/engine/server/ai/context.go:1740.2,1742.36 3 24
github.com/engine/server/ai/context.go:1742.36,1745.3 2 41
github.com/engine/server/ai/context.go:1747.2,1749.6 2 24
github.com/engine/server/ai/context.go:1749.6,1750.24 1 31
github.com/engine/server/ai/context.go:1750.24,1752.4 1 3
github.com/engine/server/ai/context.go:1755.3,1758.25 3 28
github.com/engine/server/ai/context.go:1758.25,1760.4 1 0
github.com/engine/server/ai/context.go:1762.3,1772.17 4 28
github.com/engine/server/ai/context.go:1772.17,1775.4 2 1
github.com/engine/server/ai/context.go:1776.3,1777.23 2 27
github.com/engine/server/ai/context.go:1777.23,1779.4 1 18
github.com/engine/server/ai/context.go:1781.3,1782.17 2 27
github.com/engine/server/ai/context.go:1782.17,1785.4 2 2
github.com/engine/server/ai/context.go:1786.3,1788.29 2 25
github.com/engine/server/ai/context.go:1788.29,1793.4 4 2
github.com/engine/server/ai/context.go:1796.3,1808.22 7 23
github.com/engine/server/ai/context.go:1808.22,1810.42 2 104
github.com/engine/server/ai/context.go:1810.42,1811.13 1 34
github.com/engine/server/ai/context.go:1813.4,1814.24 2 70
github.com/engine/server/ai/context.go:1814.24,1815.10 1 22
github.com/engine/server/ai/context.go:1817.4,1818.63 2 48
github.com/engine/server/ai/context.go:1818.63,1819.13 1 1
github.com/engine/server/ai/context.go:1821.4,1822.25 2 47
github.com/engine/server/ai/context.go:1822.25,1823.13 1 1
github.com/engine/server/ai/context.go:1825.4,1826.66 2 46
github.com/engine/server/ai/context.go:1826.66,1828.5 1 22
github.com/engine/server/ai/context.go:1829.4,1830.20 2 46
github.com/engine/server/ai/context.go:1830.20,1831.13 1 1
github.com/engine/server/ai/context.go:1833.4,1833.63 1 45
github.com/engine/server/ai/context.go:1833.63,1837.5 3 14
github.com/engine/server/ai/context.go:1838.4,1838.58 1 45
github.com/engine/server/ai/context.go:1838.58,1839.31 1 8
github.com/engine/server/ai/context.go:1839.31,1841.19 2 9
github.com/engine/server/ai/context.go:1841.19,1842.15 1 1
github.com/engine/server/ai/context.go:1844.6,1844.32 1 8
github.com/engine/server/ai/context.go:1844.32,1844.75 2 8
github.com/engine/server/ai/context.go:1845.6,1845.33 1 8
github.com/engine/server/ai/context.go:1845.33,1847.7 1 8
github.com/engine/server/ai/context.go:1848.6,1849.53 2 8
github.com/engine/server/ai/context.go:1849.53,1851.7 1 7
github.com/engine/server/ai/context.go:1852.6,1852.63 1 8
github.com/engine/server/ai/context.go:1852.63,1853.60 1 8
github.com/engine/server/ai/context.go:1853.60,1855.8 1 8
github.com/engine/server/ai/context.go:1856.7,1856.51 1 8
github.com/engine/server/ai/context.go:1856.51,1858.8 1 8
github.com/engine/server/ai/context.go:1863.3,1863.39 1 23
github.com/engine/server/ai/context.go:1863.39,1866.4 2 1
github.com/engine/server/ai/context.go:1869.3,1869.27 1 22
github.com/engine/server/ai/context.go:1869.27,1872.35 1 8
github.com/engine/server/ai/context.go:1872.35,1873.34 1 8
github.com/engine/server/ai/context.go:1873.34,1875.5 1 1
github.com/engine/server/ai/context.go:1878.3,1887.35 3 8
github.com/engine/server/ai/context.go:1887.35,1896.4 1 8
github.com/engine/server/ai/context.go:1897.3,1897.77 1 8
github.com/engine/server/ai/context.go:1898.9,1898.31 1 14
github.com/engine/server/ai/context.go:1898.31,1900.4 1 14
github.com/engine/server/ai/context.go:1902.3,1902.60 1 22
github.com/engine/server/ai/context.go:1902.60,1903.9 1 14
github.com/engine/server/ai/context.go:1909.3,1909.41 1 8
github.com/engine/server/ai/context.go:1909.41,1911.18 2 8
github.com/engine/server/ai/context.go:1911.18,1912.13 1 2
github.com/engine/server/ai/context.go:1915.4,1917.42 3 6
github.com/engine/server/ai/context.go:1917.42,1919.5 1 1
github.com/engine/server/ai/context.go:1920.4,1920.88 1 6
github.com/engine/server/ai/context.go:1920.88,1926.13 5 1
github.com/engine/server/ai/context.go:1929.4,1945.6 8 5
github.com/engine/server/ai/context.go:1948.3,1948.24 1 8
github.com/engine/server/ai/context.go:1948.24,1950.4 1 1
github.com/engine/server/ai/harness.go:36.72,38.44 2 9
github.com/engine/server/ai/harness.go:38.44,39.39 1 42
github.com/engine/server/ai/harness.go:39.39,41.4 1 7
github.com/engine/server/ai/harness.go:43.2,43.10 1 2
github.com/engine/server/ai/harness.go:63.73,74.2 4 5
github.com/engine/server/ai/harness.go:77.82,80.30 3 4
github.com/engine/server/ai/harness.go:80.30,84.3 3 4
github.com/engine/server/ai/harness.go:85.2,85.8 1 4
github.com/engine/server/ai/harness.go:89.41,91.25 2 2
github.com/engine/server/ai/harness.go:91.25,93.3 1 1
github.com/engine/server/ai/harness.go:94.2,94.90 1 1
github.com/engine/server/ai/harness.go:106.44,112.2 1 9
github.com/engine/server/ai/harness.go:116.46,118.22 2 7
github.com/engine/server/ai/harness.go:118.22,120.3 1 1
github.com/engine/server/ai/harness.go:121.2,121.12 1 7
github.com/engine/server/ai/harness.go:138.42,143.2 1 25
github.com/engine/server/ai/harness.go:147.64,150.29 3 9
github.com/engine/server/ai/harness.go:150.29,152.3 1 2
github.com/engine/server/ai/harness.go:153.2,153.17 1 7
github.com/engine/server/ai/harness.go:159.92,162.13 3 19
github.com/engine/server/ai/harness.go:162.13,164.67 2 17
github.com/engine/server/ai/harness.go:164.67,166.21 2 7
github.com/engine/server/ai/harness.go:166.21,168.5 1 4
github.com/engine/server/ai/harness.go:170.8,173.3 1 2
github.com/engine/server/ai/harness.go:177.51,182.2 4 1
github.com/engine/server/ai/harness.go:185.53,189.34 4 1
github.com/engine/server/ai/harness.go:189.34,191.3 1 1
github.com/engine/server/ai/harness.go:192.2,192.12 1 1
github.com/engine/server/ai/harness.go:207.46,209.2 1 1
github.com/engine/server/ai/harness.go:213.34,215.2 1 48
github.com/engine/server/ai/harness.go:218.71,220.29 2 22
github.com/engine/server/ai/harness.go:220.29,222.47 1 44
github.com/engine/server/ai/harness.go:222.47,224.4 1 43
github.com/engine/server/ai/harness.go:224.9,224.65 1 1
github.com/engine/server/ai/harness.go:224.65,225.40 1 1
github.com/engine/server/ai/harness.go:225.40,228.5 2 1
github.com/engine/server/ai/harness.go:230.3,230.13 1 44
github.com/engine/server/ai/harness.go:232.2,232.14 1 22
github.com/engine/server/ai/harness.go:236.53,237.29 1 9
github.com/engine/server/ai/harness.go:238.14,239.11 1 9
github.com/engine/server/ai/harness.go:240.22,242.23 2 0
github.com/engine/server/ai/harness.go:242.23,243.40 1 0
github.com/engine/server/ai/harness.go:243.40,245.5 1 0
github.com/engine/server/ai/harness.go:247.3,247.21 1 0
github.com/engine/server/ai/harness.go:248.10,249.30 1 0
github.com/engine/server/ai/harness.go:258.67,261.25 3 6
github.com/engine/server/ai/harness.go:261.25,263.36 2 9
github.com/engine/server/ai/harness.go:263.36,265.4 1 0
github.com/engine/server/ai/harness.go:266.3,266.37 1 9
github.com/engine/server/ai/harness.go:266.37,268.4 1 7
github.com/engine/server/ai/harness.go:269.3,272.23 4 9
github.com/engine/server/ai/harness.go:274.2,274.61 1 6
github.com/engine/server/ai/harness.go:280.106,282.6 2 9
github.com/engine/server/ai/harness.go:282.6,284.26 2 13
github.com/engine/server/ai/harness.go:284.26,286.4 1 7
github.com/engine/server/ai/harness.go:288.3,289.30 2 6
github.com/engine/server/ai/harness.go:289.30,290.26 1 9
github.com/engine/server/ai/harness.go:290.26,292.10 2 6
github.com/engine/server/ai/harness.go:295.3,295.16 1 6
github.com/engine/server/ai/harness.go:295.16,298.4 1 0
github.com/engine/server/ai/harness.go:299.3,300.26 2 6
github.com/engine/server/ai/harness.go:300.26,302.4 1 6
github.com/engine/server/ai/harness.go:303.3,309.32 7 6
github.com/engine/server/ai/harness.go:309.32,312.4 1 2
github.com/engine/server/ai/harness.go:313.3,313.21 1 4
github.com/engine/server/ai/harness.go:321.89,323.29 2 44
github.com/engine/server/ai/harness.go:323.29,324.37 1 157
github.com/engine/server/ai/harness.go:324.37,326.4 1 155
github.com/engine/server/ai/harness.go:328.2,329.34 2 44
github.com/engine/server/ai/harness.go:329.34,331.3 1 5
github.com/engine/server/ai/harness.go:332.2,334.29 3 44
github.com/engine/server/ai/harness.go:334.29,335.36 1 157
github.com/engine/server/ai/harness.go:335.36,337.4 1 2
github.com/engine/server/ai/harness.go:337.9,338.27 1 155
github.com/engine/server/ai/harness.go:338.27,340.13 2 73
github.com/engine/server/ai/harness.go:342.4,342.30 1 82
github.com/engine/server/ai/harness.go:345.2,345.15 1 44
github.com/engine/server/ai/history_context.go:86.91,88.2 1 1
github.com/engine/server/ai/history_context.go:95.28,96.23 1 13
github.com/engine/server/ai/history_context.go:96.23,100.3 1 1
github.com/engine/server/ai/history_context.go:102.2,103.21 2 12
github.com/engine/server/ai/history_context.go:103.21,107.3 1 7
github.com/engine/server/ai/history_context.go:109.2,110.79 2 5
github.com/engine/server/ai/history_context.go:110.79,116.15 6 292
github.com/engine/server/ai/history_context.go:116.15,118.4 1 26
github.com/engine/server/ai/history_context.go:119.3,129.4 1 292
github.com/engine/server/ai/history_context.go:132.2,133.42 2 5
github.com/engine/server/ai/history_context.go:133.42,135.28 2 1
github.com/engine/server/ai/history_context.go:135.28,137.4 1 2
github.com/engine/server/ai/history_context.go:138.8,142.57 4 4
github.com/engine/server/ai/history_context.go:142.57,144.4 1 24
github.com/engine/server/ai/history_context.go:146.3,147.48 2 4
github.com/engine/server/ai/history_context.go:147.48,149.4 1 234
github.com/engine/server/ai/history_context.go:150.3,150.52 1 4
github.com/engine/server/ai/history_context.go:150.52,151.50 1 2124
github.com/engine/server/ai/history_context.go:151.50,153.5 1 2098
github.com/engine/server/ai/history_context.go:154.4,154.52 1 26
github.com/engine/server/ai/history_context.go:157.3,158.40 2 4
github.com/engine/server/ai/history_context.go:158.40,159.22 1 36
github.com/engine/server/ai/history_context.go:159.22,160.10 1 4
github.com/engine/server/ai/history_context.go:162.4,163.15 2 32
github.com/engine/server/ai/history_context.go:166.3,166.28 1 4
github.com/engine/server/ai/history_context.go:166.28,167.44 1 258
github.com/engine/server/ai/history_context.go:167.44,168.13 1 202
github.com/engine/server/ai/history_context.go:170.4,170.76 1 56
github.com/engine/server/ai/history_context.go:174.2,176.41 3 5
github.com/engine/server/ai/history_context.go:176.41,183.3 3 58
github.com/engine/server/ai/history_context.go:184.2,189.3 2 5
github.com/engine/server/ai/history_context.go:197.10,199.2 1 1
github.com/engine/server/ai/history_context.go:207.26,211.62 3 8
github.com/engine/server/ai/history_context.go:211.62,218.3 1 2
github.com/engine/server/ai/history_context.go:220.2,220.86 1 8
github.com/engine/server/ai/history_context.go:220.86,227.3 1 7
github.com/engine/server/ai/history_context.go:229.2,229.64 1 8
github.com/engine/server/ai/history_context.go:229.64,236.3 1 1
github.com/engine/server/ai/history_context.go:238.2,239.40 2 8
github.com/engine/server/ai/history_context.go:239.40,246.3 1 5
github.com/engine/server/ai/history_context.go:248.2,248.22 1 8
github.com/engine/server/ai/history_context.go:248.22,250.3 1 1
github.com/engine/server/ai/history_context.go:252.2,253.49 2 7
github.com/engine/server/ai/history_context.go:253.49,255.3 1 11
github.com/engine/server/ai/history_context.go:257.2,262.15 2 7
github.com/engine/server/ai/history_context.go:272.31,274.2 1 1
github.com/engine/server/ai/history_context.go:284.31,285.16 1 21
github.com/engine/server/ai/history_context.go:285.16,287.3 1 3
github.com/engine/server/ai/history_context.go:288.2,288.41 1 21
github.com/engine/server/ai/history_context.go:288.41,290.3 1 1
github.com/engine/server/ai/history_context.go:292.2,299.17 7 21
github.com/engine/server/ai/history_context.go:299.17,301.3 1 3
github.com/engine/server/ai/history_context.go:303.2,304.42 2 21
github.com/engine/server/ai/history_context.go:304.42,305.70 1 225
github.com/engine/server/ai/history_context.go:305.70,306.12 1 1
github.com/engine/server/ai/history_context.go:308.3,311.44 4 224
github.com/engine/server/ai/history_context.go:311.44,313.4 1 213
github.com/engine/server/ai/history_context.go:314.3,314.19 1 224
github.com/engine/server/ai/history_context.go:314.19,315.12 1 2
github.com/engine/server/ai/history_context.go:317.3,328.5 1 222
github.com/engine/server/ai/history_context.go:331.2,331.43 1 21
github.com/engine/server/ai/history_context.go:331.43,332.70 1 6
github.com/engine/server/ai/history_context.go:332.70,333.12 1 1
github.com/engine/server/ai/history_context.go:335.3,338.44 4 5
github.com/engine/server/ai/history_context.go:338.44,340.4 1 2
github.com/engine/server/ai/history_context.go:341.3,341.19 1 5
github.com/engine/server/ai/history_context.go:341.19,342.12 1 3
github.com/engine/server/ai/history_context.go:344.3,354.5 1 2
github.com/engine/server/ai/history_context.go:357.2,357.44 1 21
github.com/engine/server/ai/history_context.go:357.44,358.71 1 7
github.com/engine/server/ai/history_context.go:358.71,359.12 1 1
github.com/engine/server/ai/history_context.go:361.3,370.45 5 6
github.com/engine/server/ai/history_context.go:370.45,372.4 1 2
github.com/engine/server/ai/history_context.go:373.3,373.19 1 6
github.com/engine/server/ai/history_context.go:373.19,374.12 1 1
github.com/engine/server/ai/history_context.go:376.3,386.5 1 5
github.com/engine/server/ai/history_context.go:389.2,389.48 1 21
github.com/engine/server/ai/history_context.go:389.48,390.73 1 6
github.com/engine/server/ai/history_context.go:390.73,391.12 1 1
github.com/engine/server/ai/history_context.go:393.3,394.56 2 5
github.com/engine/server/ai/history_context.go:394.56,396.4 1 3
github.com/engine/server/ai/history_context.go:397.3,406.31 5 5
github.com/engine/server/ai/history_context.go:406.31,408.4 1 3
github.com/engine/server/ai/history_context.go:409.3,409.28 1 5
github.com/engine/server/ai/history_context.go:409.28,411.4 1 3
github.com/engine/server/ai/history_context.go:412.3,412.47 1 5
github.com/engine/server/ai/history_context.go:412.47,414.4 1 1
github.com/engine/server/ai/history_context.go:415.3,415.19 1 5
github.com/engine/server/ai/history_context.go:415.19,416.12 1 2
github.com/engine/server/ai/history_context.go:418.3,428.5 1 3
github.com/engine/server/ai/history_context.go:431.2,431.45 1 21
github.com/engine/server/ai/history_context.go:431.45,432.37 1 306
github.com/engine/server/ai/history_context.go:432.37,434.4 1 252
github.com/engine/server/ai/history_context.go:435.3,435.39 1 54
github.com/engine/server/ai/history_context.go:438.2,440.27 3 21
github.com/engine/server/ai/history_context.go:440.27,442.29 2 33
github.com/engine/server/ai/history_context.go:442.29,443.12 1 4
github.com/engine/server/ai/history_context.go:445.3,447.28 3 29
github.com/engine/server/ai/history_context.go:447.28,448.9 1 6
github.com/engine/server/ai/history_context.go:452.2,453.29 2 21
github.com/engine/server/ai/history_context.go:453.29,455.3 1 29
github.com/engine/server/ai/history_context.go:457.2,457.21 1 21
github.com/engine/server/ai/history_context.go:460.104,461.20 1 7
github.com/engine/server/ai/history_context.go:461.20,463.3 1 4
github.com/engine/server/ai/history_context.go:465.2,467.31 3 3
github.com/engine/server/ai/history_context.go:467.31,469.40 2 3
github.com/engine/server/ai/history_context.go:469.40,471.4 1 1
github.com/engine/server/ai/history_context.go:472.3,473.17 2 3
github.com/engine/server/ai/history_context.go:473.17,475.4 1 1
github.com/engine/server/ai/history_context.go:476.3,484.5 1 3
github.com/engine/server/ai/history_context.go:486.2,486.44 1 3
github.com/engine/server/ai/history_context.go:494.22,497.2 2 11
github.com/engine/server/ai/history_context.go:505.26,510.46 4 10
github.com/engine/server/ai/history_context.go:510.46,511.28 1 16
github.com/engine/server/ai/history_context.go:511.28,512.12 1 1
github.com/engine/server/ai/history_context.go:514.3,525.5 1 15
github.com/engine/server/ai/history_context.go:528.2,528.45 1 10
github.com/engine/server/ai/history_context.go:528.45,529.24 1 13
github.com/engine/server/ai/history_context.go:529.24,530.12 1 1
github.com/engine/server/ai/history_context.go:532.3,543.5 1 12
github.com/engine/server/ai/history_context.go:546.2,546.48 1 10
github.com/engine/server/ai/history_context.go:546.48,548.22 2 9
github.com/engine/server/ai/history_context.go:548.22,549.12 1 1
github.com/engine/server/ai/history_context.go:551.3,562.5 1 8
github.com/engine/server/ai/history_context.go:565.2,565.18 1 10
github.com/engine/server/ai/history_context.go:573.22,578.37 4 14
github.com/engine/server/ai/history_context.go:578.37,579.50 1 4
github.com/engine/server/ai/history_context.go:579.50,580.12 1 1
github.com/engine/server/ai/history_context.go:583.3,584.45 2 3
github.com/engine/server/ai/history_context.go:584.45,586.4 1 1
github.com/engine/server/ai/history_context.go:587.3,591.38 1 3
github.com/engine/server/ai/history_context.go:591.38,593.4 1 1
github.com/engine/server/ai/history_context.go:594.3,594.17 1 3
github.com/engine/server/ai/history_context.go:594.17,595.12 1 1
github.com/engine/server/ai/history_context.go:598.3,599.48 2 2
github.com/engine/server/ai/history_context.go:599.48,601.4 1 1
github.com/engine/server/ai/history_context.go:604.2,604.19 1 14
github.com/engine/server/ai/history_context.go:604.19,606.3 1 13
github.com/engine/server/ai/history_context.go:608.2,609.37 2 1
github.com/engine/server/ai/history_context.go:609.37,611.3 1 2
github.com/engine/server/ai/history_context.go:612.2,612.16 1 1
github.com/engine/server/ai/history_context.go:615.65,616.22 1 19
github.com/engine/server/ai/history_context.go:616.22,618.3 1 2
github.com/engine/server/ai/history_context.go:620.2,624.31 4 17
github.com/engine/server/ai/history_context.go:624.31,625.21 1 31
github.com/engine/server/ai/history_context.go:625.21,626.9 1 1
github.com/engine/server/ai/history_context.go:629.3,630.22 2 30
github.com/engine/server/ai/history_context.go:630.22,631.9 1 5
github.com/engine/server/ai/history_context.go:633.3,635.29 3 25
github.com/engine/server/ai/history_context.go:635.29,637.4 1 2
github.com/engine/server/ai/history_context.go:638.3,639.57 2 25
github.com/engine/server/ai/history_context.go:642.2,642.25 1 17
github.com/engine/server/ai/history_context.go:645.49,647.31 2 49
github.com/engine/server/ai/history_context.go:647.31,648.40 1 12
github.com/engine/server/ai/history_context.go:648.40,649.12 1 1
github.com/engine/server/ai/history_context.go:651.3,651.34 1 11
github.com/engine/server/ai/history_context.go:653.2,653.33 1 49
github.com/engine/server/ai/history_context.go:656.62,659.14 3 616
github.com/engine/server/ai/history_context.go:659.14,661.3 1 1
github.com/engine/server/ai/history_context.go:662.2,662.30 1 615
github.com/engine/server/ai/history_context.go:665.51,666.20 1 15
github.com/engine/server/ai/history_context.go:666.20,668.3 1 4
github.com/engine/server/ai/history_context.go:669.2,669.19 1 11
github.com/engine/server/ai/history_context.go:672.58,673.24 1 9
github.com/engine/server/ai/history_context.go:673.24,675.3 1 6
github.com/engine/server/ai/history_context.go:677.2,679.31 3 3
github.com/engine/server/ai/history_context.go:679.31,681.50 2 4
github.com/engine/server/ai/history_context.go:681.50,683.4 1 1
github.com/engine/server/ai/history_context.go:684.3,684.18 1 4
github.com/engine/server/ai/history_context.go:684.18,686.4 1 1
github.com/engine/server/ai/history_context.go:687.3,687.19 1 4
github.com/engine/server/ai/history_context.go:687.19,689.12 2 2
github.com/engine/server/ai/history_context.go:691.3,691.41 1 2
github.com/engine/server/ai/history_context.go:694.2,695.26 2 3
github.com/engine/server/ai/history_context.go:695.26,697.3 1 2
github.com/engine/server/ai/history_context.go:698.2,698.25 1 3
github.com/engine/server/ai/history_context.go:698.25,700.3 1 2
github.com/engine/server/ai/history_context.go:701.2,701.37 1 3
github.com/engine/server/ai/history_context.go:704.64,705.22 1 8
github.com/engine/server/ai/history_context.go:705.22,707.3 1 1
github.com/engine/server/ai/history_context.go:708.2,710.30 3 7
github.com/engine/server/ai/history_context.go:710.30,713.3 2 15
github.com/engine/server/ai/history_context.go:714.2,714.17 1 7
github.com/engine/server/ai/history_context.go:717.51,719.35 2 7
github.com/engine/server/ai/history_context.go:719.35,721.3 1 15
github.com/engine/server/ai/history_context.go:722.2,722.15 1 7
github.com/engine/server/ai/history_context.go:725.74,727.43 2 5
github.com/engine/server/ai/history_context.go:727.43,729.3 1 58
github.com/engine/server/ai/history_context.go:730.2,730.15 1 5
github.com/engine/server/ai/history_context.go:733.51,735.31 2 21
github.com/engine/server/ai/history_context.go:735.31,737.3 1 29
github.com/engine/server/ai/history_context.go:738.2,738.15 1 21
github.com/engine/server/ai/history_context.go:741.56,742.22 1 34
github.com/engine/server/ai/history_context.go:742.22,744.3 1 11
github.com/engine/server/ai/history_context.go:746.2,747.35 2 23
github.com/engine/server/ai/history_context.go:747.35,748.23 1 79
github.com/engine/server/ai/history_context.go:748.23,750.4 1 7
github.com/engine/server/ai/history_context.go:753.2,755.35 3 23
github.com/engine/server/ai/history_context.go:755.35,759.3 3 102
github.com/engine/server/ai/history_context.go:760.2,760.29 1 23
github.com/engine/server/ai/history_context.go:760.29,762.3 1 102
github.com/engine/server/ai/history_context.go:763.2,763.16 1 23
github.com/engine/server/ai/history_context.go:766.95,768.27 2 6
github.com/engine/server/ai/history_context.go:768.27,770.40 2 16
github.com/engine/server/ai/history_context.go:770.40,772.4 1 12
github.com/engine/server/ai/history_context.go:773.3,774.17 2 16
github.com/engine/server/ai/history_context.go:774.17,776.4 1 4
github.com/engine/server/ai/history_context.go:777.3,785.41 2 16
github.com/engine/server/ai/history_context.go:785.41,786.9 1 1
github.com/engine/server/ai/history_context.go:788.3,788.28 1 15
github.com/engine/server/ai/history_context.go:790.2,790.44 1 6
github.com/engine/server/ai/history_context.go:793.52,797.31 3 52
github.com/engine/server/ai/history_context.go:797.31,798.84 1 100
github.com/engine/server/ai/history_context.go:798.84,800.4 1 1585
github.com/engine/server/ai/history_context.go:800.6,802.18 2 178
github.com/engine/server/ai/history_context.go:802.18,803.13 1 1
github.com/engine/server/ai/history_context.go:805.4,805.59 1 177
github.com/engine/server/ai/history_context.go:805.59,806.13 1 11
github.com/engine/server/ai/history_context.go:808.4,808.65 1 166
github.com/engine/server/ai/history_context.go:808.65,809.13 1 11
github.com/engine/server/ai/history_context.go:811.4,811.31 1 155
github.com/engine/server/ai/history_context.go:811.31,812.13 1 15
github.com/engine/server/ai/history_context.go:814.4,815.31 2 140
github.com/engine/server/ai/history_context.go:819.2,819.14 1 52
github.com/engine/server/ai/history_context.go:822.104,827.79 4 535
github.com/engine/server/ai/history_context.go:827.79,829.3 1 18
github.com/engine/server/ai/history_context.go:831.2,831.34 1 535
github.com/engine/server/ai/history_context.go:831.34,832.40 1 1285
github.com/engine/server/ai/history_context.go:832.40,834.4 1 167
github.com/engine/server/ai/history_context.go:837.2,837.31 1 535
github.com/engine/server/ai/history_context.go:837.31,839.17 2 26
github.com/engine/server/ai/history_context.go:839.17,840.12 1 1
github.com/engine/server/ai/history_context.go:842.3,843.54 2 25
github.com/engine/server/ai/history_context.go:843.54,845.4 1 3
github.com/engine/server/ai/history_context.go:846.3,846.40 1 25
github.com/engine/server/ai/history_context.go:846.40,848.4 1 2
github.com/engine/server/ai/history_context.go:851.2,851.14 1 535
github.com/engine/server/ai/history_context.go:854.61,855.21 1 14
github.com/engine/server/ai/history_context.go:855.21,857.3 1 1
github.com/engine/server/ai/history_context.go:859.2,861.29 3 13
github.com/engine/server/ai/history_context.go:861.29,862.40 1 76
github.com/engine/server/ai/history_context.go:862.40,864.4 1 26
github.com/engine/server/ai/history_context.go:866.2,866.47 1 13
github.com/engine/server/ai/history_context.go:869.45,871.16 2 532
github.com/engine/server/ai/history_context.go:871.16,873.3 1 86
github.com/engine/server/ai/history_context.go:875.2,876.9 2 446
github.com/engine/server/ai/history_context.go:877.21,878.13 1 443
github.com/engine/server/ai/history_context.go:879.22,880.13 1 1
github.com/engine/server/ai/history_context.go:881.24,882.13 1 1
github.com/engine/server/ai/history_context.go:883.10,884.14 1 1
github.com/engine/server/ai/history_context.go:888.96,889.32 1 248
github.com/engine/server/ai/history_context.go:889.32,891.3 1 241
github.com/engine/server/ai/history_context.go:892.2,892.73 1 7
github.com/engine/server/ai/history_context.go:895.31,896.11 1 51
github.com/engine/server/ai/history_context.go:896.11,898.3 1 22
github.com/engine/server/ai/history_context.go:899.2,899.10 1 29
github.com/engine/server/ai/history_context.go:902.31,903.11 1 33
github.com/engine/server/ai/history_context.go:903.11,905.3 1 28
github.com/engine/server/ai/history_context.go:906.2,906.10 1 5
github.com/engine/server/ai/os_cmds_darwin.go:9.60,11.2 1 1
github.com/engine/server/ai/os_cmds_darwin.go:13.67,15.2 1 2
github.com/engine/server/ai/project_tools.go:38.60,41.31 3 18
github.com/engine/server/ai/project_tools.go:41.31,43.17 2 6
github.com/engine/server/ai/project_tools.go:43.17,45.4 1 2
github.com/engine/server/ai/project_tools.go:47.2,48.20 2 18
github.com/engine/server/ai/project_tools.go:48.20,50.3 1 4
github.com/engine/server/ai/project_tools.go:50.8,52.3 1 14
github.com/engine/server/ai/project_tools.go:53.2,57.3 1 18
github.com/engine/server/ai/project_tools.go:64.60,67.16 3 20
github.com/engine/server/ai/project_tools.go:67.16,69.3 1 8
github.com/engine/server/ai/project_tools.go:71.2,72.28 2 12
github.com/engine/server/ai/project_tools.go:72.28,73.57 1 11
github.com/engine/server/ai/project_tools.go:73.57,74.12 1 2
github.com/engine/server/ai/project_tools.go:76.3,77.39 2 9
github.com/engine/server/ai/project_tools.go:77.39,78.12 1 1
github.com/engine/server/ai/project_tools.go:80.3,80.55 1 8
github.com/engine/server/ai/project_tools.go:80.55,81.12 1 1
github.com/engine/server/ai/project_tools.go:83.3,84.17 2 7
github.com/engine/server/ai/project_tools.go:84.17,85.12 1 1
github.com/engine/server/ai/project_tools.go:87.3,88.52 2 6
github.com/engine/server/ai/project_tools.go:88.52,89.12 1 1
github.com/engine/server/ai/project_tools.go:91.3,91.87 1 5
github.com/engine/server/ai/project_tools.go:91.87,92.12 1 2
github.com/engine/server/ai/project_tools.go:94.3,96.27 3 3
github.com/engine/server/ai/project_tools.go:98.2,98.13 1 12
github.com/engine/server/ai/project_tools.go:102.75,104.2 1 7
github.com/engine/server/ai/project_tools.go:110.107,111.16 1 17
github.com/engine/server/ai/project_tools.go:111.16,113.3 1 2
github.com/engine/server/ai/project_tools.go:114.2,114.39 1 15
github.com/engine/server/ai/project_tools.go:114.39,115.23 1 10
github.com/engine/server/ai/project_tools.go:115.23,116.12 1 1
github.com/engine/server/ai/project_tools.go:118.3,119.27 2 9
github.com/engine/server/ai/project_tools.go:119.27,121.4 1 2
github.com/engine/server/ai/project_tools.go:122.3,122.28 1 9
github.com/engine/server/ai/project_tools.go:122.28,124.4 1 8
github.com/engine/server/ai/project_tools.go:125.3,126.18 2 9
github.com/engine/server/ai/project_tools.go:126.18,128.4 1 1
github.com/engine/server/ai/project_tools.go:129.3,130.16 2 9
github.com/engine/server/ai/project_tools.go:130.16,132.4 1 1
github.com/engine/server/ai/project_tools.go:133.3,138.19 6 9
github.com/engine/server/ai/project_tools.go:138.19,140.4 1 2
github.com/engine/server/ai/project_tools.go:141.3,141.51 1 9
github.com/engine/server/ai/project_tools.go:143.2,143.25 1 6
github.com/engine/server/ai/provider.go:30.40,31.14 1 16
github.com/engine/server/ai/provider.go:32.16,33.27 1 2
github.com/engine/server/ai/provider.go:34.16,35.27 1 10
github.com/engine/server/ai/provider.go:36.10,37.30 1 4
github.com/engine/server/ai/provider.go:53.3,61.2 2 9
github.com/engine/server/ai/provider.go:74.3,82.2 2 1
github.com/engine/server/ai/provider.go:95.3,98.2 2 1
github.com/engine/server/ai/roles.go:134.93,136.9 2 18
github.com/engine/server/ai/roles.go:136.9,138.3 1 1
github.com/engine/server/ai/roles.go:139.2,142.10 4 18
github.com/engine/server/ai/roles.go:147.50,149.9 2 18
github.com/engine/server/ai/roles.go:149.9,151.3 1 1
github.com/engine/server/ai/roles.go:152.2,152.18 1 17
github.com/engine/server/ai/safety.go:18.47,21.2 2 68
github.com/engine/server/ai/safety.go:23.75,24.41 1 41
github.com/engine/server/ai/safety.go:24.41,26.3 1 2
github.com/engine/server/ai/safety.go:28.2,30.32 3 39
github.com/engine/server/ai/safety.go:30.32,32.3 1 30
github.com/engine/server/ai/safety.go:34.2,37.74 3 39
github.com/engine/server/ai/safety.go:37.74,39.3 1 14
github.com/engine/server/ai/safety.go:40.2,40.28 1 25
github.com/engine/server/ai/safety.go:43.80,44.41 1 13
github.com/engine/server/ai/safety.go:44.41,46.3 1 1
github.com/engine/server/ai/safety.go:47.2,47.54 1 12
github.com/engine/server/ai/safety.go:50.76,52.16 2 6
github.com/engine/server/ai/safety.go:52.16,54.3 1 3
github.com/engine/server/ai/safety.go:55.2,56.17 2 3
github.com/engine/server/ai/safety.go:59.90,61.19 2 27
github.com/engine/server/ai/safety.go:61.19,63.3 1 1
github.com/engine/server/ai/safety.go:65.2,66.73 2 26
github.com/engine/server/ai/safety.go:66.73,68.3 1 2
github.com/engine/server/ai/safety.go:70.2,71.72 2 24
github.com/engine/server/ai/safety.go:71.72,72.49 1 9
github.com/engine/server/ai/safety.go:72.49,73.72 1 27
github.com/engine/server/ai/safety.go:73.72,75.5 1 9
github.com/engine/server/ai/safety.go:79.2,79.43 1 15
github.com/engine/server/ai/safety.go:79.43,80.38 1 335
github.com/engine/server/ai/safety.go:80.38,82.4 1 7
github.com/engine/server/ai/safety.go:85.2,85.22 1 8
github.com/engine/server/ai/secret_scan.go:51.41,56.49 4 15
github.com/engine/server/ai/secret_scan.go:56.49,58.40 1 564
github.com/engine/server/ai/secret_scan.go:58.40,61.12 3 10
github.com/engine/server/ai/secret_scan.go:63.3,63.36 1 554
github.com/engine/server/ai/secret_scan.go:63.36,68.12 4 10
github.com/engine/server/ai/secret_scan.go:72.3,72.70 1 544
github.com/engine/server/ai/secret_scan.go:72.70,73.37 1 534
github.com/engine/server/ai/secret_scan.go:73.37,75.5 1 531
github.com/engine/server/ai/secret_scan.go:76.4,76.12 1 534
github.com/engine/server/ai/secret_scan.go:78.3,81.37 3 10
github.com/engine/server/ai/secret_scan.go:81.37,82.39 1 160
github.com/engine/server/ai/secret_scan.go:82.39,84.80 1 8
github.com/engine/server/ai/secret_scan.go:84.80,86.6 1 8
github.com/engine/server/ai/secret_scan.go:87.5,92.7 1 8
github.com/engine/server/ai/secret_scan.go:97.2,97.16 1 15
github.com/engine/server/ai/secret_scan.go:101.52,102.23 1 3
github.com/engine/server/ai/secret_scan.go:102.23,104.3 1 1
github.com/engine/server/ai/secret_scan.go:105.2,107.28 3 2
github.com/engine/server/ai/secret_scan.go:107.28,110.3 1 2
github.com/engine/server/ai/secret_scan.go:111.2,113.20 3 2
github.com/engine/server/ai/session_summary.go:21.62,22.35 1 79
github.com/engine/server/ai/session_summary.go:22.35,24.3 1 9
github.com/engine/server/ai/session_summary.go:25.2,26.35 2 70
github.com/engine/server/ai/session_summary.go:26.35,27.39 1 277
github.com/engine/server/ai/session_summary.go:27.39,29.4 1 5
github.com/engine/server/ai/session_summary.go:31.2,31.14 1 65
github.com/engine/server/ai/session_summary.go:34.66,35.25 1 16
github.com/engine/server/ai/session_summary.go:35.25,37.3 1 8
github.com/engine/server/ai/session_summary.go:38.2,39.29 2 8
github.com/engine/server/ai/session_summary.go:39.29,41.3 1 16
github.com/engine/server/ai/session_summary.go:42.2,42.31 1 8
github.com/engine/server/ai/session_summary.go:42.31,43.41 1 8
github.com/engine/server/ai/session_summary.go:43.41,45.4 1 5
github.com/engine/server/ai/session_summary.go:47.2,47.14 1 3
github.com/engine/server/ai/session_summary.go:50.47,51.31 1 30
github.com/engine/server/ai/session_summary.go:51.31,52.17 1 12
github.com/engine/server/ai/session_summary.go:52.17,54.4 1 3
github.com/engine/server/ai/session_summary.go:55.3,55.121 1 9
github.com/engine/server/ai/session_summary.go:55.121,57.4 1 1
github.com/engine/server/ai/session_summary.go:59.2,59.14 1 26
github.com/engine/server/ai/session_summary.go:62.74,63.126 1 13
github.com/engine/server/ai/session_summary.go:63.126,65.3 1 1
github.com/engine/server/ai/session_summary.go:66.2,66.105 1 12
github.com/engine/server/ai/session_summary.go:66.105,68.3 1 1
github.com/engine/server/ai/session_summary.go:69.2,69.53 1 11
github.com/engine/server/ai/session_summary.go:69.53,71.3 1 2
github.com/engine/server/ai/session_summary.go:72.2,72.31 1 9
github.com/engine/server/ai/session_summary.go:75.88,77.28 2 15
github.com/engine/server/ai/session_summary.go:77.28,79.3 1 7
github.com/engine/server/ai/session_summary.go:81.2,81.90 1 15
github.com/engine/server/ai/session_summary.go:81.90,83.3 1 1
github.com/engine/server/ai/session_summary.go:84.2,84.119 1 15
github.com/engine/server/ai/session_summary.go:84.119,86.3 1 1
github.com/engine/server/ai/session_summary.go:87.2,87.30 1 15
github.com/engine/server/ai/session_summary.go:87.30,89.3 1 2
github.com/engine/server/ai/session_summary.go:90.2,90.76 1 15
github.com/engine/server/ai/session_summary.go:90.76,92.3 1 2
github.com/engine/server/ai/session_summary.go:93.2,93.90 1 15
github.com/engine/server/ai/session_summary.go:93.90,95.3 1 1
github.com/engine/server/ai/session_summary.go:97.2,97.26 1 15
github.com/engine/server/ai/session_summary.go:97.26,99.3 1 9
github.com/engine/server/ai/session_summary.go:100.2,100.39 1 6
github.com/engine/server/ai/session_summary.go:103.63,104.52 1 5
github.com/engine/server/ai/session_summary.go:104.52,106.3 1 1
github.com/engine/server/ai/session_summary.go:107.2,107.52 1 4
github.com/engine/server/ai/session_summary.go:107.52,109.3 1 1
github.com/engine/server/ai/session_summary.go:110.2,110.57 1 3
github.com/engine/server/ai/session_summary.go:110.57,112.3 1 1
github.com/engine/server/ai/session_summary.go:113.2,113.45 1 2
github.com/engine/server/ai/session_summary.go:113.45,115.3 1 1
github.com/engine/server/ai/session_summary.go:116.2,116.100 1 1
github.com/engine/server/ai/session_summary.go:119.74,123.16 4 22
github.com/engine/server/ai/session_summary.go:123.16,125.3 1 8
github.com/engine/server/ai/session_summary.go:126.2,126.43 1 14
github.com/engine/server/ai/session_summary.go:129.47,133.29 4 146
github.com/engine/server/ai/session_summary.go:133.29,136.51 3 165
github.com/engine/server/ai/session_summary.go:136.51,137.12 1 6
github.com/engine/server/ai/session_summary.go:139.3,139.34 1 159
github.com/engine/server/ai/session_summary.go:141.2,141.76 1 146
github.com/engine/server/ai/session_summary.go:144.51,145.34 1 185
github.com/engine/server/ai/session_summary.go:145.34,147.3 1 144
github.com/engine/server/ai/session_summary.go:148.2,148.14 1 41
github.com/engine/server/ai/session_summary.go:148.14,150.3 1 1
github.com/engine/server/ai/session_summary.go:151.2,151.48 1 40
github.com/engine/server/ai/session_summary.go:154.51,157.31 3 14
github.com/engine/server/ai/session_summary.go:157.31,159.31 2 14
github.com/engine/server/ai/session_summary.go:159.31,160.12 1 2
github.com/engine/server/ai/session_summary.go:162.3,164.22 3 12
github.com/engine/server/ai/session_summary.go:164.22,165.9 1 1
github.com/engine/server/ai/session_summary.go:168.2,168.14 1 14
github.com/engine/server/ai/session_summary.go:171.62,176.23 4 11
github.com/engine/server/ai/session_summary.go:176.23,178.3 1 8
github.com/engine/server/ai/session_summary.go:179.2,179.24 1 11
github.com/engine/server/ai/session_summary.go:179.24,181.3 1 6
github.com/engine/server/ai/session_summary.go:182.2,182.37 1 11
github.com/engine/server/ai/session_summary.go:185.56,186.23 1 11
github.com/engine/server/ai/session_summary.go:186.23,188.3 1 1
github.com/engine/server/ai/session_summary.go:189.2,189.107 1 10
github.com/engine/server/ai/session_summary.go:189.107,191.3 1 1
github.com/engine/server/ai/session_summary.go:192.2,193.40 2 9
github.com/engine/server/ai/session_summary.go:193.40,195.3 1 7
github.com/engine/server/ai/session_summary.go:196.2,196.18 1 9
github.com/engine/server/ai/session_summary.go:199.60,201.21 2 2
github.com/engine/server/ai/session_summary.go:201.21,203.3 1 1
github.com/engine/server/ai/session_summary.go:204.2,204.79 1 1
github.com/engine/server/ai/session_summary.go:207.61,209.2 1 10
github.com/engine/server/ai/session_summary.go:211.114,212.151 1 11
github.com/engine/server/ai/session_summary.go:212.151,214.3 1 1
github.com/engine/server/ai/session_summary.go:216.2,220.17 3 10
github.com/engine/server/ai/session_summary.go:220.17,222.3 1 8
github.com/engine/server/ai/session_summary.go:222.8,222.94 1 2
github.com/engine/server/ai/session_summary.go:222.94,224.3 1 2
github.com/engine/server/ai/session_summary.go:227.2,227.89 1 10
github.com/engine/server/ai/session_summary.go:227.89,229.3 1 9
github.com/engine/server/ai/session_summary.go:232.2,232.63 1 10
github.com/engine/server/ai/session_summary.go:232.63,234.3 1 3
github.com/engine/server/ai/session_summary.go:237.2,237.64 1 10
github.com/engine/server/ai/session_summary.go:237.64,239.3 1 10
github.com/engine/server/ai/session_summary.go:240.2,240.78 1 10
github.com/engine/server/ai/session_summary.go:240.78,242.3 1 10
github.com/engine/server/ai/session_summary.go:244.2,244.78 1 10
github.com/engine/server/ai/test_loop.go:20.99,26.2 1 8
github.com/engine/server/ai/test_loop.go:29.106,30.43 1 3
github.com/engine/server/ai/test_loop.go:30.43,32.3 1 2
github.com/engine/server/ai/test_loop.go:34.2,39.4 1 1
github.com/engine/server/ai/test_loop.go:43.64,44.43 1 7
github.com/engine/server/ai/test_loop.go:44.43,46.3 1 2
github.com/engine/server/ai/test_loop.go:48.2,48.36 1 5
github.com/engine/server/ai/test_loop.go:53.64,54.43 1 5
github.com/engine/server/ai/test_loop.go:54.43,56.3 1 2
github.com/engine/server/ai/test_loop.go:58.2,62.20 3 3
github.com/engine/server/ai/test_loop.go:62.20,64.3 1 3
github.com/engine/server/ai/test_loop.go:65.2,81.27 4 3
github.com/engine/server/ai/test_loop.go:81.27,83.3 1 1
github.com/engine/server/ai/test_loop.go:84.2,85.26 2 3
github.com/engine/server/ai/test_loop.go:85.26,87.3 1 3
github.com/engine/server/ai/test_loop.go:88.2,89.47 2 3
github.com/engine/server/ai/test_loop.go:89.47,91.3 1 2
github.com/engine/server/ai/test_loop.go:92.2,103.15 3 3
github.com/engine/server/ai/test_loop.go:107.62,108.16 1 2
github.com/engine/server/ai/test_loop.go:108.16,110.3 1 1
github.com/engine/server/ai/test_loop.go:111.2,114.51 3 1
github.com/engine/server/ai/test_loop.go:114.51,125.3 1 1
github.com/engine/server/ai/test_loop.go:132.84,133.53 1 3
github.com/engine/server/ai/test_loop.go:133.53,136.52 2 2
github.com/engine/server/ai/test_loop.go:136.52,144.4 1 1
github.com/engine/server/ai/test_loop.go:146.3,146.21 1 2
github.com/engine/server/ai/test_loop.go:146.21,155.62 2 2
github.com/engine/server/ai/test_loop.go:155.62,160.5 1 1
github.com/engine/server/ai/test_loop.go:166.67,168.39 2 2
github.com/engine/server/ai/test_loop.go:168.39,170.3 1 1
github.com/engine/server/ai/test_loop.go:172.2,174.30 3 1
github.com/engine/server/ai/test_loop.go:174.30,177.3 1 1
github.com/engine/server/ai/test_loop.go:178.2,178.15 1 1
github.com/engine/server/ai/test_loop.go:182.87,183.32 1 4
github.com/engine/server/ai/test_loop.go:183.32,190.44 2 3
github.com/engine/server/ai/test_loop.go:190.44,195.4 1 1
github.com/engine/server/ai/test_loop.go:201.111,203.16 2 5
github.com/engine/server/ai/test_loop.go:203.16,205.3 1 1
github.com/engine/server/ai/test_loop.go:206.2,206.44 1 4
github.com/engine/server/ai/test_loop.go:206.44,208.3 1 1
github.com/engine/server/ai/test_loop.go:210.2,211.16 2 3
github.com/engine/server/ai/test_loop.go:211.16,213.3 1 1
github.com/engine/server/ai/test_loop.go:215.2,227.56 2 2
github.com/engine/server/ai/test_loop.go:237.68,239.2 1 2
github.com/engine/server/ai/test_orchestrator.go:19.38,25.2 1 13
github.com/engine/server/ai/test_orchestrator.go:28.46,33.23 3 21
github.com/engine/server/ai/test_orchestrator.go:33.23,35.3 1 7
github.com/engine/server/ai/test_orchestrator.go:38.2,38.25 1 21
github.com/engine/server/ai/test_orchestrator.go:38.25,40.3 1 1
github.com/engine/server/ai/test_orchestrator.go:44.50,52.2 1 8
github.com/engine/server/ai/test_orchestrator.go:64.36,68.43 2 54
github.com/engine/server/ai/test_orchestrator.go:68.43,69.28 1 345
github.com/engine/server/ai/test_orchestrator.go:69.28,71.4 1 10
github.com/engine/server/ai/test_orchestrator.go:75.2,75.39 1 44
github.com/engine/server/ai/test_orchestrator.go:75.39,76.26 1 543
github.com/engine/server/ai/test_orchestrator.go:76.26,78.4 1 22
github.com/engine/server/ai/test_orchestrator.go:82.2,82.40 1 22
github.com/engine/server/ai/test_orchestrator.go:82.40,83.39 1 312
github.com/engine/server/ai/test_orchestrator.go:83.39,85.4 1 6
github.com/engine/server/ai/test_orchestrator.go:87.2,87.14 1 16
github.com/engine/server/ai/test_orchestrator.go:91.38,93.42 2 28
github.com/engine/server/ai/test_orchestrator.go:93.42,94.39 1 72
github.com/engine/server/ai/test_orchestrator.go:94.39,96.4 1 7
github.com/engine/server/ai/test_orchestrator.go:98.2,98.14 1 21
github.com/engine/server/ai/test_orchestrator.go:102.41,103.39 1 7
github.com/engine/server/ai/test_orchestrator.go:103.39,104.26 1 31
github.com/engine/server/ai/test_orchestrator.go:104.26,106.4 1 5
github.com/engine/server/ai/test_orchestrator.go:108.2,108.14 1 2
github.com/engine/server/ai/test_orchestrator.go:113.38,115.23 2 6
github.com/engine/server/ai/test_orchestrator.go:115.23,117.32 2 4
github.com/engine/server/ai/test_orchestrator.go:117.32,119.4 1 6
github.com/engine/server/ai/test_orchestrator.go:120.3,120.14 1 4
github.com/engine/server/ai/test_orchestrator.go:122.2,122.11 1 2
github.com/engine/server/ai/test_orchestrator.go:127.40,129.41 2 16
github.com/engine/server/ai/test_orchestrator.go:129.41,130.27 1 93
github.com/engine/server/ai/test_orchestrator.go:130.27,132.4 1 5
github.com/engine/server/ai/test_orchestrator.go:134.2,134.41 1 11
github.com/engine/server/ai/test_orchestrator.go:134.41,135.27 1 65
github.com/engine/server/ai/test_orchestrator.go:135.27,137.4 1 3
github.com/engine/server/ai/test_orchestrator.go:139.2,139.38 1 8
github.com/engine/server/ai/test_orchestrator.go:139.38,140.27 1 26
github.com/engine/server/ai/test_orchestrator.go:140.27,142.4 1 3
github.com/engine/server/ai/test_orchestrator.go:144.2,144.41 1 5
github.com/engine/server/ai/test_orchestrator.go:144.41,145.27 1 19
github.com/engine/server/ai/test_orchestrator.go:145.27,147.4 1 2
github.com/engine/server/ai/test_orchestrator.go:149.2,149.44 1 3
github.com/engine/server/ai/test_orchestrator.go:149.44,150.27 1 9
github.com/engine/server/ai/test_orchestrator.go:150.27,152.4 1 2
github.com/engine/server/ai/test_orchestrator.go:154.2,154.18 1 1
github.com/engine/server/ai/test_orchestrator.go:268.64,271.44 1 11
github.com/engine/server/ai/test_orchestrator.go:271.44,273.4 1 6
github.com/engine/server/ai/test_orchestrator.go:279.79,290.2 2 6
github.com/engine/server/ai/test_orchestrator.go:303.68,310.29 4 7
github.com/engine/server/ai/test_orchestrator.go:310.29,311.60 1 18
github.com/engine/server/ai/test_orchestrator.go:311.60,314.17 2 2
github.com/engine/server/ai/test_orchestrator.go:314.17,316.5 1 1
github.com/engine/server/ai/test_orchestrator.go:317.4,318.24 2 2
github.com/engine/server/ai/test_orchestrator.go:318.24,320.5 1 1
github.com/engine/server/ai/test_orchestrator.go:321.4,321.33 1 2
github.com/engine/server/ai/test_orchestrator.go:321.33,322.33 1 6
github.com/engine/server/ai/test_orchestrator.go:322.33,324.6 1 6
github.com/engine/server/ai/test_orchestrator.go:326.4,326.9 1 2
github.com/engine/server/ai/test_orchestrator.go:330.2,330.29 1 7
github.com/engine/server/ai/test_orchestrator.go:330.29,333.16 2 5
github.com/engine/server/ai/test_orchestrator.go:333.16,335.4 1 5
github.com/engine/server/ai/test_orchestrator.go:336.3,336.32 1 5
github.com/engine/server/ai/test_orchestrator.go:339.2,339.42 1 7
github.com/engine/server/ai/test_orchestrator.go:350.58,356.2 1 9
github.com/engine/server/ai/test_orchestrator.go:359.52,361.2 1 9
github.com/engine/server/ai/test_orchestrator.go:364.68,367.2 2 4
github.com/engine/server/ai/test_orchestrator.go:370.75,376.26 5 5
github.com/engine/server/ai/test_orchestrator.go:376.26,378.3 1 4
github.com/engine/server/ai/test_orchestrator.go:378.8,380.3 1 1
github.com/engine/server/ai/test_orchestrator.go:382.2,387.24 5 5
github.com/engine/server/ai/test_orchestrator.go:398.56,407.2 2 1
github.com/engine/server/ai/test_orchestrator.go:410.57,417.35 5 2
github.com/engine/server/ai/test_orchestrator.go:417.35,418.69 1 7
github.com/engine/server/ai/test_orchestrator.go:418.69,420.9 2 1
github.com/engine/server/ai/test_orchestrator.go:425.2,426.58 2 2
github.com/engine/server/ai/test_orchestrator.go:426.58,428.3 1 234
github.com/engine/server/ai/test_orchestrator.go:430.2,430.29 1 2
github.com/engine/server/ai/test_orchestrator.go:430.29,432.43 1 36
github.com/engine/server/ai/test_orchestrator.go:432.43,434.4 1 26
github.com/engine/server/ai/test_orchestrator.go:441.2,442.34 2 2
github.com/engine/server/ai/test_orchestrator.go:442.34,443.37 1 26
github.com/engine/server/ai/test_orchestrator.go:443.37,445.4 1 6
github.com/engine/server/ai/test_orchestrator.go:449.2,449.43 1 2
github.com/engine/server/ai/test_orchestrator.go:453.37,463.2 2 32
github.com/engine/server/ai/worktree_session.go:14.58,18.2 3 21
github.com/engine/server/ai/worktree_session.go:20.35,23.2 2 38
github.com/engine/server/ai/worktree_session.go:26.49,29.18 2 13
github.com/engine/server/ai/worktree_session.go:29.18,31.3 1 1
github.com/engine/server/ai/worktree_session.go:32.2,32.45 1 13
github.com/engine/server/ai/worktree_session.go:40.72,44.43 2 8
github.com/engine/server/ai/worktree_session.go:44.43,46.3 1 2
github.com/engine/server/ai/worktree_session.go:49.2,49.68 1 6
github.com/engine/server/ai/worktree_session.go:49.68,52.3 1 1
github.com/engine/server/ai/worktree_session.go:54.2,59.75 3 5
github.com/engine/server/ai/worktree_session.go:59.75,62.3 1 1
github.com/engine/server/ai/worktree_session.go:64.2,64.20 1 4
github.com/engine/server/ai/worktree_session.go:71.75,74.43 2 7
github.com/engine/server/ai/worktree_session.go:74.43,77.3 1 1
github.com/engine/server/ai/worktree_session.go:79.2,81.11 2 6
github.com/engine/server/ai/worktree_session.go:81.11,83.62 2 4
github.com/engine/server/ai/worktree_session.go:83.62,85.4 1 1
github.com/engine/server/ai/worktree_session.go:86.3,87.67 1 3
github.com/engine/server/ai/worktree_session.go:87.67,89.4 1 1
github.com/engine/server/ai/worktree_session.go:92.2,92.63 1 4
github.com/engine/server/ai/worktree_session.go:92.63,94.3 1 1
github.com/engine/server/ai/worktree_session.go:96.2,96.12 1 3
github.com/engine/server/ai/worktree_session.go:100.57,102.2 1 7
