mode: atomic
github.com/engine/server/ai/context.go:58.48,60.50 2 2
github.com/engine/server/ai/context.go:60.50,62.3 1 1
github.com/engine/server/ai/context.go:63.2,63.12 1 1
github.com/engine/server/ai/context.go:70.13,72.2 1 1
github.com/engine/server/ai/context.go:78.25,79.6 1 1
github.com/engine/server/ai/context.go:79.6,82.3 2 1
github.com/engine/server/ai/context.go:86.19,91.21 4 2
github.com/engine/server/ai/context.go:91.21,93.3 1 2
github.com/engine/server/ai/context.go:96.2,97.17 2 2
github.com/engine/server/ai/context.go:97.17,99.3 1 1
github.com/engine/server/ai/context.go:101.2,107.16 3 1
github.com/engine/server/ai/context.go:107.16,109.3 1 1
github.com/engine/server/ai/context.go:112.52,114.17 2 29
github.com/engine/server/ai/context.go:114.17,116.3 1 2
github.com/engine/server/ai/context.go:117.2,118.70 1 27
github.com/engine/server/ai/context.go:118.70,120.3 1 11
github.com/engine/server/ai/context.go:121.2,121.40 1 16
github.com/engine/server/ai/context.go:121.40,123.3 1 7
github.com/engine/server/ai/context.go:124.2,124.33 1 9
github.com/engine/server/ai/context.go:124.33,126.3 1 8
github.com/engine/server/ai/context.go:127.2,127.20 1 1
github.com/engine/server/ai/context.go:130.51,131.39 1 22
github.com/engine/server/ai/context.go:131.39,133.3 1 5
github.com/engine/server/ai/context.go:134.2,134.45 1 17
github.com/engine/server/ai/context.go:134.45,135.44 1 120
github.com/engine/server/ai/context.go:135.44,137.4 1 12
github.com/engine/server/ai/context.go:139.2,139.14 1 5
github.com/engine/server/ai/context.go:142.68,143.62 1 27
github.com/engine/server/ai/context.go:144.39,145.62 1 19
github.com/engine/server/ai/context.go:146.18,147.41 1 7
github.com/engine/server/ai/context.go:148.10,149.41 1 1
github.com/engine/server/ai/context.go:153.54,154.18 1 5
github.com/engine/server/ai/context.go:155.16,156.28 1 2
github.com/engine/server/ai/context.go:157.16,158.28 1 1
github.com/engine/server/ai/context.go:159.10,160.31 1 2
github.com/engine/server/ai/context.go:164.54,166.56 2 17
github.com/engine/server/ai/context.go:166.56,168.3 1 1
github.com/engine/server/ai/context.go:169.2,169.44 1 16
github.com/engine/server/ai/context.go:172.43,174.22 2 32
github.com/engine/server/ai/context.go:174.22,176.3 1 2
github.com/engine/server/ai/context.go:177.2,177.9 1 30
github.com/engine/server/ai/context.go:178.61,179.64 1 3
github.com/engine/server/ai/context.go:180.44,181.47 1 3
github.com/engine/server/ai/context.go:182.10,183.20 1 24
github.com/engine/server/ai/context.go:187.47,189.81 2 9
github.com/engine/server/ai/context.go:189.81,191.3 1 4
github.com/engine/server/ai/context.go:192.2,192.80 1 5
github.com/engine/server/ai/context.go:192.80,194.3 1 2
github.com/engine/server/ai/context.go:195.2,195.11 1 3
github.com/engine/server/ai/context.go:198.74,200.16 2 23
github.com/engine/server/ai/context.go:200.16,202.3 1 6
github.com/engine/server/ai/context.go:203.2,205.38 2 17
github.com/engine/server/ai/context.go:205.38,207.3 1 2
github.com/engine/server/ai/context.go:209.2,210.68 2 15
github.com/engine/server/ai/context.go:210.68,212.3 1 1
github.com/engine/server/ai/context.go:213.2,214.29 2 14
github.com/engine/server/ai/context.go:214.29,216.19 2 12
github.com/engine/server/ai/context.go:216.19,217.12 1 1
github.com/engine/server/ai/context.go:219.3,219.79 1 11
github.com/engine/server/ai/context.go:219.79,221.4 1 10
github.com/engine/server/ai/context.go:223.2,223.11 1 4
github.com/engine/server/ai/context.go:270.44,271.23 1 70
github.com/engine/server/ai/context.go:271.23,273.3 1 56
github.com/engine/server/ai/context.go:274.2,274.9 1 14
github.com/engine/server/ai/context.go:275.20,276.14 1 9
github.com/engine/server/ai/context.go:277.10,278.15 1 5
github.com/engine/server/ai/context.go:335.39,337.2 1 50
github.com/engine/server/ai/context.go:339.77,345.2 1 48
github.com/engine/server/ai/context.go:602.57,604.33 2 1
github.com/engine/server/ai/context.go:604.33,606.3 1 30
github.com/engine/server/ai/context.go:607.2,607.10 1 1
github.com/engine/server/ai/context.go:614.39,616.42 2 171
github.com/engine/server/ai/context.go:616.42,617.43 1 684
github.com/engine/server/ai/context.go:617.43,619.4 1 684
github.com/engine/server/ai/context.go:621.2,621.12 1 171
github.com/engine/server/ai/context.go:627.64,638.33 5 8
github.com/engine/server/ai/context.go:638.33,641.27 3 240
github.com/engine/server/ai/context.go:641.27,642.37 1 510
github.com/engine/server/ai/context.go:642.37,644.5 1 40
github.com/engine/server/ai/context.go:646.3,646.16 1 240
github.com/engine/server/ai/context.go:646.16,648.4 1 33
github.com/engine/server/ai/context.go:650.2,650.39 1 8
github.com/engine/server/ai/context.go:650.39,654.27 4 3
github.com/engine/server/ai/context.go:654.27,655.37 1 5
github.com/engine/server/ai/context.go:655.37,657.5 1 5
github.com/engine/server/ai/context.go:659.3,659.16 1 3
github.com/engine/server/ai/context.go:659.16,661.4 1 3
github.com/engine/server/ai/context.go:665.2,665.36 1 8
github.com/engine/server/ai/context.go:665.36,666.67 1 29
github.com/engine/server/ai/context.go:666.67,668.4 1 6
github.com/engine/server/ai/context.go:671.2,671.23 1 8
github.com/engine/server/ai/context.go:671.23,673.3 1 1
github.com/engine/server/ai/context.go:676.2,677.36 2 7
github.com/engine/server/ai/context.go:677.36,679.3 1 35
github.com/engine/server/ai/context.go:680.2,681.28 2 7
github.com/engine/server/ai/context.go:681.28,682.33 1 36
github.com/engine/server/ai/context.go:682.33,686.4 3 26
github.com/engine/server/ai/context.go:689.2,691.28 3 7
github.com/engine/server/ai/context.go:691.28,693.3 1 36
github.com/engine/server/ai/context.go:694.2,694.20 1 7
github.com/engine/server/ai/context.go:694.20,696.3 1 5
github.com/engine/server/ai/context.go:696.8,698.3 1 2
github.com/engine/server/ai/context.go:699.2,699.20 1 7
github.com/engine/server/ai/context.go:703.94,705.2 1 13
github.com/engine/server/ai/context.go:707.101,709.2 1 133
github.com/engine/server/ai/context.go:711.96,712.33 1 146
github.com/engine/server/ai/context.go:712.33,715.3 2 192
github.com/engine/server/ai/context.go:716.2,716.37 1 146
github.com/engine/server/ai/context.go:716.37,719.3 2 6
github.com/engine/server/ai/context.go:720.2,720.35 1 146
github.com/engine/server/ai/context.go:720.35,723.3 2 7
github.com/engine/server/ai/context.go:725.2,725.14 1 146
github.com/engine/server/ai/context.go:726.22,727.54 1 1
github.com/engine/server/ai/context.go:729.19,731.17 2 6
github.com/engine/server/ai/context.go:731.17,733.4 1 4
github.com/engine/server/ai/context.go:734.3,735.17 2 2
github.com/engine/server/ai/context.go:735.17,737.4 1 1
github.com/engine/server/ai/context.go:738.3,738.27 1 1
github.com/engine/server/ai/context.go:740.20,742.17 2 4
github.com/engine/server/ai/context.go:742.17,744.4 1 1
github.com/engine/server/ai/context.go:745.3,745.62 1 3
github.com/engine/server/ai/context.go:745.62,747.4 1 1
github.com/engine/server/ai/context.go:748.3,748.30 1 2
github.com/engine/server/ai/context.go:748.30,750.4 1 1
github.com/engine/server/ai/context.go:751.3,751.40 1 2
github.com/engine/server/ai/context.go:753.24,755.17 2 3
github.com/engine/server/ai/context.go:755.17,757.4 1 1
github.com/engine/server/ai/context.go:758.3,759.17 2 2
github.com/engine/server/ai/context.go:759.17,761.4 1 1
github.com/engine/server/ai/context.go:762.3,762.36 1 1
github.com/engine/server/ai/context.go:764.15,766.102 2 9
github.com/engine/server/ai/context.go:766.102,767.34 1 3
github.com/engine/server/ai/context.go:767.34,769.5 1 1
github.com/engine/server/ai/context.go:770.4,771.18 2 2
github.com/engine/server/ai/context.go:771.18,773.5 1 1
github.com/engine/server/ai/context.go:774.4,774.16 1 1
github.com/engine/server/ai/context.go:774.16,776.5 1 1
github.com/engine/server/ai/context.go:778.3,779.16 2 6
github.com/engine/server/ai/context.go:779.16,781.4 1 5
github.com/engine/server/ai/context.go:782.3,783.17 2 6
github.com/engine/server/ai/context.go:783.17,785.4 1 1
github.com/engine/server/ai/context.go:788.3,789.18 2 5
github.com/engine/server/ai/context.go:789.18,791.4 1 1
github.com/engine/server/ai/context.go:792.3,796.19 5 5
github.com/engine/server/ai/context.go:796.19,798.4 1 2
github.com/engine/server/ai/context.go:799.3,799.32 1 5
github.com/engine/server/ai/context.go:799.32,801.4 1 1
github.com/engine/server/ai/context.go:802.3,802.45 1 5
github.com/engine/server/ai/context.go:804.22,806.16 2 2
github.com/engine/server/ai/context.go:806.16,808.4 1 1
github.com/engine/server/ai/context.go:809.3,810.17 2 2
github.com/engine/server/ai/context.go:810.17,812.4 1 1
github.com/engine/server/ai/context.go:813.3,814.23 2 1
github.com/engine/server/ai/context.go:816.20,819.26 3 1
github.com/engine/server/ai/context.go:821.18,823.21 2 5
github.com/engine/server/ai/context.go:823.21,825.18 2 4
github.com/engine/server/ai/context.go:825.18,827.5 1 2
github.com/engine/server/ai/context.go:828.4,828.31 1 2
github.com/engine/server/ai/context.go:830.3,831.21 2 3
github.com/engine/server/ai/context.go:833.20,835.88 1 8
github.com/engine/server/ai/context.go:835.88,836.53 1 8
github.com/engine/server/ai/context.go:836.53,839.5 2 1
github.com/engine/server/ai/context.go:842.3,842.69 1 7
github.com/engine/server/ai/context.go:842.69,844.24 2 2
github.com/engine/server/ai/context.go:844.24,846.5 1 1
github.com/engine/server/ai/context.go:847.4,847.38 1 1
github.com/engine/server/ai/context.go:849.3,849.33 1 5
github.com/engine/server/ai/context.go:849.33,851.4 1 1
github.com/engine/server/ai/context.go:852.3,858.17 2 4
github.com/engine/server/ai/context.go:858.17,860.4 1 1
github.com/engine/server/ai/context.go:861.3,861.15 1 3
github.com/engine/server/ai/context.go:861.15,863.4 1 1
github.com/engine/server/ai/context.go:864.3,865.17 2 2
github.com/engine/server/ai/context.go:865.17,867.4 1 1
github.com/engine/server/ai/context.go:868.3,868.37 1 1
github.com/engine/server/ai/context.go:870.19,872.17 2 3
github.com/engine/server/ai/context.go:872.17,874.4 1 1
github.com/engine/server/ai/context.go:875.3,875.30 1 2
github.com/engine/server/ai/context.go:875.30,877.4 1 1
github.com/engine/server/ai/context.go:878.3,878.34 1 2
github.com/engine/server/ai/context.go:880.25,881.47 1 1
github.com/engine/server/ai/context.go:883.24,884.29 1 6
github.com/engine/server/ai/context.go:884.29,886.4 1 5
github.com/engine/server/ai/context.go:887.3,889.26 3 1
github.com/engine/server/ai/context.go:891.24,892.17 1 5
github.com/engine/server/ai/context.go:892.17,894.4 1 1
github.com/engine/server/ai/context.go:895.3,896.18 2 4
github.com/engine/server/ai/context.go:896.18,898.4 1 1
github.com/engine/server/ai/context.go:899.3,902.29 4 3
github.com/engine/server/ai/context.go:902.29,904.4 1 1
github.com/engine/server/ai/context.go:905.3,907.71 3 3
github.com/engine/server/ai/context.go:909.19,911.17 2 4
github.com/engine/server/ai/context.go:911.17,913.4 1 1
github.com/engine/server/ai/context.go:914.3,915.39 2 3
github.com/engine/server/ai/context.go:915.39,916.40 1 1
github.com/engine/server/ai/context.go:916.40,917.36 1 1
github.com/engine/server/ai/context.go:917.36,919.6 1 1
github.com/engine/server/ai/context.go:922.3,922.30 1 2
github.com/engine/server/ai/context.go:922.30,924.4 1 1
github.com/engine/server/ai/context.go:925.3,925.38 1 2
github.com/engine/server/ai/context.go:927.19,929.17 2 2
github.com/engine/server/ai/context.go:929.17,931.4 1 1
github.com/engine/server/ai/context.go:932.3,932.30 1 1
github.com/engine/server/ai/context.go:932.30,934.4 1 1
github.com/engine/server/ai/context.go:935.3,935.39 1 1
github.com/engine/server/ai/context.go:937.18,944.30 4 2
github.com/engine/server/ai/context.go:944.30,946.4 1 1
github.com/engine/server/ai/context.go:949.3,955.126 2 1
github.com/engine/server/ai/context.go:957.28,961.18 4 5
github.com/engine/server/ai/context.go:961.18,963.4 1 3
github.com/engine/server/ai/context.go:964.3,965.17 2 5
github.com/engine/server/ai/context.go:965.17,967.4 1 2
github.com/engine/server/ai/context.go:968.3,969.17 2 3
github.com/engine/server/ai/context.go:969.17,971.4 1 1
github.com/engine/server/ai/context.go:972.3,973.32 2 2
github.com/engine/server/ai/context.go:973.32,975.35 2 1
github.com/engine/server/ai/context.go:975.35,977.5 1 1
github.com/engine/server/ai/context.go:978.4,978.98 1 1
github.com/engine/server/ai/context.go:980.3,980.20 1 2
github.com/engine/server/ai/context.go:980.20,982.4 1 1
github.com/engine/server/ai/context.go:983.3,983.28 1 1
github.com/engine/server/ai/context.go:985.26,990.15 5 4
github.com/engine/server/ai/context.go:990.15,992.4 1 1
github.com/engine/server/ai/context.go:993.3,994.17 2 3
github.com/engine/server/ai/context.go:994.17,996.4 1 1
github.com/engine/server/ai/context.go:997.3,998.17 2 2
github.com/engine/server/ai/context.go:998.17,1000.4 1 1
github.com/engine/server/ai/context.go:1001.3,1001.132 1 1
github.com/engine/server/ai/context.go:1003.28,1009.15 6 4
github.com/engine/server/ai/context.go:1009.15,1011.4 1 1
github.com/engine/server/ai/context.go:1012.3,1013.17 2 3
github.com/engine/server/ai/context.go:1013.17,1015.4 1 1
github.com/engine/server/ai/context.go:1016.3,1016.57 1 2
github.com/engine/server/ai/context.go:1016.57,1018.4 1 1
github.com/engine/server/ai/context.go:1019.3,1019.53 1 1
github.com/engine/server/ai/context.go:1021.29,1026.18 5 4
github.com/engine/server/ai/context.go:1026.18,1028.4 1 1
github.com/engine/server/ai/context.go:1029.3,1030.17 2 3
github.com/engine/server/ai/context.go:1030.17,1032.4 1 1
github.com/engine/server/ai/context.go:1033.3,1034.17 2 2
github.com/engine/server/ai/context.go:1034.17,1036.4 1 1
github.com/engine/server/ai/context.go:1037.3,1037.93 1 1
github.com/engine/server/ai/context.go:1039.24,1045.29 6 6
github.com/engine/server/ai/context.go:1045.29,1047.4 1 2
github.com/engine/server/ai/context.go:1048.3,1049.17 2 4
github.com/engine/server/ai/context.go:1049.17,1051.4 1 2
github.com/engine/server/ai/context.go:1052.3,1053.17 2 2
github.com/engine/server/ai/context.go:1053.17,1055.4 1 1
github.com/engine/server/ai/context.go:1056.3,1056.66 1 1
github.com/engine/server/ai/context.go:1058.18,1060.19 2 8
github.com/engine/server/ai/context.go:1060.19,1062.4 1 5
github.com/engine/server/ai/context.go:1064.3,1064.102 1 8
github.com/engine/server/ai/context.go:1064.102,1066.22 2 1
github.com/engine/server/ai/context.go:1066.22,1068.5 1 1
github.com/engine/server/ai/context.go:1069.4,1069.21 1 0
github.com/engine/server/ai/context.go:1071.3,1071.33 1 7
github.com/engine/server/ai/context.go:1071.33,1073.4 1 2
github.com/engine/server/ai/context.go:1074.3,1081.17 3 5
github.com/engine/server/ai/context.go:1081.17,1083.4 1 1
github.com/engine/server/ai/context.go:1084.3,1084.15 1 4
github.com/engine/server/ai/context.go:1084.15,1086.4 1 1
github.com/engine/server/ai/context.go:1087.3,1088.21 2 3
github.com/engine/server/ai/context.go:1088.21,1090.4 1 2
github.com/engine/server/ai/context.go:1091.3,1091.20 1 1
github.com/engine/server/ai/context.go:1093.18,1095.21 2 4
github.com/engine/server/ai/context.go:1095.21,1097.4 1 3
github.com/engine/server/ai/context.go:1098.3,1098.20 1 1
github.com/engine/server/ai/context.go:1100.20,1103.17 3 4
github.com/engine/server/ai/context.go:1103.17,1105.24 2 2
github.com/engine/server/ai/context.go:1105.24,1107.5 1 1
github.com/engine/server/ai/context.go:1108.4,1108.46 1 1
github.com/engine/server/ai/context.go:1110.3,1111.23 2 2
github.com/engine/server/ai/context.go:1111.23,1113.4 1 1
github.com/engine/server/ai/context.go:1114.3,1114.20 1 1
github.com/engine/server/ai/context.go:1116.22,1119.21 3 5
github.com/engine/server/ai/context.go:1119.21,1121.4 1 1
github.com/engine/server/ai/context.go:1122.3,1124.27 3 4
github.com/engine/server/ai/context.go:1124.27,1126.69 2 1567
github.com/engine/server/ai/context.go:1126.69,1127.13 1 1434
github.com/engine/server/ai/context.go:1129.4,1132.22 4 133
github.com/engine/server/ai/context.go:1132.22,1134.5 1 35
github.com/engine/server/ai/context.go:1135.4,1138.19 3 133
github.com/engine/server/ai/context.go:1138.19,1140.10 2 2
github.com/engine/server/ai/context.go:1143.3,1143.20 1 4
github.com/engine/server/ai/context.go:1143.20,1145.4 1 1
github.com/engine/server/ai/context.go:1146.3,1146.28 1 3
github.com/engine/server/ai/context.go:1148.22,1149.33 1 12
github.com/engine/server/ai/context.go:1149.33,1151.4 1 2
github.com/engine/server/ai/context.go:1152.3,1154.15 3 10
github.com/engine/server/ai/context.go:1154.15,1156.4 1 1
github.com/engine/server/ai/context.go:1157.3,1158.21 2 9
github.com/engine/server/ai/context.go:1158.21,1160.4 1 2
github.com/engine/server/ai/context.go:1161.3,1163.19 3 7
github.com/engine/server/ai/context.go:1163.19,1165.4 1 2
github.com/engine/server/ai/context.go:1166.3,1172.17 2 7
github.com/engine/server/ai/context.go:1172.17,1174.4 1 1
github.com/engine/server/ai/context.go:1175.3,1175.15 1 6
github.com/engine/server/ai/context.go:1175.15,1177.4 1 2
github.com/engine/server/ai/context.go:1178.3,1178.23 1 4
github.com/engine/server/ai/context.go:1178.23,1179.35 1 2
github.com/engine/server/ai/context.go:1179.35,1181.5 1 1
github.com/engine/server/ai/context.go:1182.9,1183.40 1 2
github.com/engine/server/ai/context.go:1183.40,1185.5 1 1
github.com/engine/server/ai/context.go:1187.3,1187.80 1 2
github.com/engine/server/ai/context.go:1189.18,1191.19 2 5
github.com/engine/server/ai/context.go:1191.19,1193.4 1 1
github.com/engine/server/ai/context.go:1194.3,1195.18 2 4
github.com/engine/server/ai/context.go:1195.18,1197.4 1 1
github.com/engine/server/ai/context.go:1198.3,1198.40 1 3
github.com/engine/server/ai/context.go:1198.40,1200.4 1 1
github.com/engine/server/ai/context.go:1201.3,1201.36 1 2
github.com/engine/server/ai/context.go:1203.20,1205.20 2 4
github.com/engine/server/ai/context.go:1205.20,1207.4 1 1
github.com/engine/server/ai/context.go:1208.3,1209.20 2 4
github.com/engine/server/ai/context.go:1209.20,1211.4 1 1
github.com/engine/server/ai/context.go:1212.3,1212.59 1 3
github.com/engine/server/ai/context.go:1212.59,1214.4 1 1
github.com/engine/server/ai/context.go:1215.3,1215.47 1 2
github.com/engine/server/ai/context.go:1217.19,1219.16 2 9
github.com/engine/server/ai/context.go:1219.16,1221.4 1 3
github.com/engine/server/ai/context.go:1222.3,1223.17 2 6
github.com/engine/server/ai/context.go:1223.17,1226.26 3 2
github.com/engine/server/ai/context.go:1226.26,1229.5 2 1
github.com/engine/server/ai/context.go:1230.4,1230.48 1 2
github.com/engine/server/ai/context.go:1232.3,1232.42 1 6
github.com/engine/server/ai/context.go:1232.42,1234.4 1 2
github.com/engine/server/ai/context.go:1235.3,1235.64 1 4
github.com/engine/server/ai/context.go:1235.64,1237.4 1 1
github.com/engine/server/ai/context.go:1238.3,1238.48 1 3
github.com/engine/server/ai/context.go:1238.48,1240.4 1 1
github.com/engine/server/ai/context.go:1241.3,1241.37 1 2
github.com/engine/server/ai/context.go:1243.20,1244.27 1 4
github.com/engine/server/ai/context.go:1244.27,1246.4 1 1
github.com/engine/server/ai/context.go:1247.3,1248.13 2 3
github.com/engine/server/ai/context.go:1248.13,1250.4 1 1
github.com/engine/server/ai/context.go:1251.3,1252.82 2 3
github.com/engine/server/ai/context.go:1254.10,1255.76 1 6
github.com/engine/server/ai/context.go:1255.76,1257.4 1 1
github.com/engine/server/ai/context.go:1258.3,1258.39 1 5
github.com/engine/server/ai/context.go:1262.47,1265.48 2 2
github.com/engine/server/ai/context.go:1265.48,1268.3 1 2
github.com/engine/server/ai/context.go:1270.2,1270.88 1 2
github.com/engine/server/ai/context.go:1270.88,1272.3 1 2
github.com/engine/server/ai/context.go:1274.2,1274.52 1 2
github.com/engine/server/ai/context.go:1274.52,1277.3 1 2
github.com/engine/server/ai/context.go:1279.2,1281.39 2 2
github.com/engine/server/ai/context.go:1284.56,1287.30 3 11
github.com/engine/server/ai/context.go:1287.30,1289.3 1 5
github.com/engine/server/ai/context.go:1290.2,1291.38 2 11
github.com/engine/server/ai/context.go:1291.38,1293.3 1 7
github.com/engine/server/ai/context.go:1294.2,1294.15 1 11
github.com/engine/server/ai/context.go:1298.49,1301.133 3 12
github.com/engine/server/ai/context.go:1301.133,1302.18 1 2
github.com/engine/server/ai/context.go:1302.18,1304.4 1 1
github.com/engine/server/ai/context.go:1305.3,1305.114 1 2
github.com/engine/server/ai/context.go:1305.114,1307.4 1 1
github.com/engine/server/ai/context.go:1308.3,1308.63 1 2
github.com/engine/server/ai/context.go:1308.63,1310.4 1 1
github.com/engine/server/ai/context.go:1312.2,1314.41 3 12
github.com/engine/server/ai/context.go:1314.41,1316.3 1 3
github.com/engine/server/ai/context.go:1317.2,1317.17 1 12
github.com/engine/server/ai/context.go:1317.17,1319.3 1 2
github.com/engine/server/ai/context.go:1321.2,1321.69 1 12
github.com/engine/server/ai/context.go:1321.69,1324.3 2 3
github.com/engine/server/ai/context.go:1325.2,1325.63 1 9
github.com/engine/server/ai/context.go:1325.63,1328.3 2 1
github.com/engine/server/ai/context.go:1331.2,1332.90 2 8
github.com/engine/server/ai/context.go:1332.90,1335.3 2 1
github.com/engine/server/ai/context.go:1336.2,1336.33 1 7
github.com/engine/server/ai/context.go:1336.33,1337.95 1 2
github.com/engine/server/ai/context.go:1337.95,1339.4 1 2
github.com/engine/server/ai/context.go:1342.2,1345.28 4 7
github.com/engine/server/ai/context.go:1345.28,1347.3 1 1
github.com/engine/server/ai/context.go:1348.2,1359.22 6 7
github.com/engine/server/ai/context.go:1359.22,1361.3 1 7
github.com/engine/server/ai/context.go:1362.2,1362.27 1 7
github.com/engine/server/ai/context.go:1362.27,1364.3 1 7
github.com/engine/server/ai/context.go:1367.2,1371.33 4 7
github.com/engine/server/ai/context.go:1371.33,1374.3 2 6
github.com/engine/server/ai/context.go:1375.2,1379.67 2 7
github.com/engine/server/ai/context.go:1379.67,1381.35 2 1
github.com/engine/server/ai/context.go:1381.35,1382.44 1 3
github.com/engine/server/ai/context.go:1382.44,1384.5 1 3
github.com/engine/server/ai/context.go:1386.3,1386.28 1 1
github.com/engine/server/ai/context.go:1389.2,1394.37 4 7
github.com/engine/server/ai/context.go:1394.37,1396.3 1 1
github.com/engine/server/ai/context.go:1397.2,1405.27 4 7
github.com/engine/server/ai/context.go:1405.27,1407.3 1 1
github.com/engine/server/ai/context.go:1408.2,1416.17 3 7
github.com/engine/server/ai/context.go:1416.17,1417.22 1 7
github.com/engine/server/ai/context.go:1417.22,1419.5 1 2
github.com/engine/server/ai/context.go:1420.4,1420.26 1 5
github.com/engine/server/ai/context.go:1423.2,1423.57 1 7
github.com/engine/server/ai/context.go:1423.57,1424.21 1 7
github.com/engine/server/ai/context.go:1424.21,1426.4 1 2
github.com/engine/server/ai/context.go:1427.3,1427.25 1 5
github.com/engine/server/ai/context.go:1428.69,1430.34 2 7
github.com/engine/server/ai/context.go:1430.34,1431.96 1 2
github.com/engine/server/ai/context.go:1431.96,1433.5 1 2
github.com/engine/server/ai/context.go:1436.2,1436.23 1 7
github.com/engine/server/ai/context.go:1447.3,1451.30 3 14
github.com/engine/server/ai/context.go:1451.30,1454.16 3 1
github.com/engine/server/ai/context.go:1454.16,1456.4 1 1
github.com/engine/server/ai/context.go:1457.3,1457.38 1 1
github.com/engine/server/ai/context.go:1457.38,1459.4 1 1
github.com/engine/server/ai/context.go:1460.3,1460.21 1 1
github.com/engine/server/ai/context.go:1463.2,1463.6 1 14
github.com/engine/server/ai/context.go:1463.6,1464.24 1 20
github.com/engine/server/ai/context.go:1464.24,1466.4 1 3
github.com/engine/server/ai/context.go:1468.3,1482.53 6 17
github.com/engine/server/ai/context.go:1482.53,1483.19 1 19
github.com/engine/server/ai/context.go:1483.19,1485.12 2 2
github.com/engine/server/ai/context.go:1486.23,1487.12 1 1
github.com/engine/server/ai/context.go:1488.29,1488.29 0 1
github.com/engine/server/ai/context.go:1491.4,1492.22 2 18
github.com/engine/server/ai/context.go:1492.22,1493.10 1 15
github.com/engine/server/ai/context.go:1496.4,1499.20 3 3
github.com/engine/server/ai/context.go:1499.20,1500.10 1 1
github.com/engine/server/ai/context.go:1503.3,1503.21 1 16
github.com/engine/server/ai/context.go:1503.21,1506.4 2 1
github.com/engine/server/ai/context.go:1508.3,1510.31 2 15
github.com/engine/server/ai/context.go:1510.31,1511.9 1 8
github.com/engine/server/ai/context.go:1514.3,1515.40 2 7
github.com/engine/server/ai/context.go:1515.40,1516.32 1 8
github.com/engine/server/ai/context.go:1516.32,1517.13 1 1
github.com/engine/server/ai/context.go:1519.4,1520.23 2 7
github.com/engine/server/ai/context.go:1520.23,1522.5 1 1
github.com/engine/server/ai/context.go:1524.4,1524.29 1 7
github.com/engine/server/ai/context.go:1524.29,1525.70 1 6
github.com/engine/server/ai/context.go:1525.70,1539.14 7 1
github.com/engine/server/ai/context.go:1543.4,1549.29 5 6
github.com/engine/server/ai/context.go:1549.29,1550.72 1 5
github.com/engine/server/ai/context.go:1550.72,1551.28 1 1
github.com/engine/server/ai/context.go:1551.28,1553.7 1 1
github.com/engine/server/ai/context.go:1554.6,1554.30 1 1
github.com/engine/server/ai/context.go:1554.30,1556.7 1 1
github.com/engine/server/ai/context.go:1560.4,1571.6 4 6
github.com/engine/server/ai/context.go:1574.3,1576.24 2 7
github.com/engine/server/ai/context.go:1576.24,1578.4 1 1
github.com/engine/server/ai/context.go:1588.35,1597.16 7 21
github.com/engine/server/ai/context.go:1597.16,1599.3 1 1
github.com/engine/server/ai/context.go:1600.2,1602.28 2 20
github.com/engine/server/ai/context.go:1602.28,1606.3 3 3
github.com/engine/server/ai/context.go:1608.2,1617.21 4 17
github.com/engine/server/ai/context.go:1617.21,1619.41 2 104
github.com/engine/server/ai/context.go:1619.41,1620.12 1 16
github.com/engine/server/ai/context.go:1622.3,1623.23 2 88
github.com/engine/server/ai/context.go:1623.23,1624.9 1 17
github.com/engine/server/ai/context.go:1627.3,1628.62 2 71
github.com/engine/server/ai/context.go:1628.62,1629.12 1 2
github.com/engine/server/ai/context.go:1632.3,1632.24 1 69
github.com/engine/server/ai/context.go:1633.30,1635.17 2 18
github.com/engine/server/ai/context.go:1635.17,1636.13 1 1
github.com/engine/server/ai/context.go:1638.4,1638.22 1 17
github.com/engine/server/ai/context.go:1639.16,1640.20 1 9
github.com/engine/server/ai/context.go:1641.20,1644.66 3 8
github.com/engine/server/ai/context.go:1647.30,1649.20 2 17
github.com/engine/server/ai/context.go:1649.20,1650.13 1 1
github.com/engine/server/ai/context.go:1652.4,1652.25 1 16
github.com/engine/server/ai/context.go:1653.22,1657.29 4 9
github.com/engine/server/ai/context.go:1658.28,1659.23 1 7
github.com/engine/server/ai/context.go:1659.23,1663.6 3 7
github.com/engine/server/ai/context.go:1666.29,1667.22 1 17
github.com/engine/server/ai/context.go:1667.22,1670.23 2 8
github.com/engine/server/ai/context.go:1670.23,1672.6 1 1
github.com/engine/server/ai/context.go:1673.5,1677.18 5 8
github.com/engine/server/ai/context.go:1678.10,1678.32 1 9
github.com/engine/server/ai/context.go:1678.32,1681.5 2 9
github.com/engine/server/ai/context.go:1683.24,1685.18 2 1
github.com/engine/server/ai/context.go:1685.18,1687.41 2 1
github.com/engine/server/ai/context.go:1687.41,1688.31 1 1
github.com/engine/server/ai/context.go:1688.31,1688.84 2 1
github.com/engine/server/ai/context.go:1689.6,1689.32 1 1
github.com/engine/server/ai/context.go:1689.32,1689.86 2 1
github.com/engine/server/ai/context.go:1690.6,1690.39 1 1
github.com/engine/server/ai/context.go:1694.24,1696.17 2 16
github.com/engine/server/ai/context.go:1696.17,1697.49 1 16
github.com/engine/server/ai/context.go:1697.49,1699.6 1 16
github.com/engine/server/ai/context.go:1704.2,1704.42 1 17
github.com/engine/server/ai/context.go:1708.21,1710.2 1 62
github.com/engine/server/ai/context.go:1741.56,1743.24 2 54
github.com/engine/server/ai/context.go:1743.24,1752.3 1 214
github.com/engine/server/ai/context.go:1753.2,1753.12 1 54
github.com/engine/server/ai/context.go:1765.3,1769.30 2 25
github.com/engine/server/ai/context.go:1769.30,1771.22 2 10
github.com/engine/server/ai/context.go:1771.22,1773.4 1 10
github.com/engine/server/ai/context.go:1776.2,1778.36 3 25
github.com/engine/server/ai/context.go:1778.36,1781.3 2 82
github.com/engine/server/ai/context.go:1783.2,1785.6 2 25
github.com/engine/server/ai/context.go:1785.6,1786.24 1 32
github.com/engine/server/ai/context.go:1786.24,1788.4 1 3
github.com/engine/server/ai/context.go:1791.3,1794.25 3 29
github.com/engine/server/ai/context.go:1794.25,1796.4 1 1
github.com/engine/server/ai/context.go:1798.3,1808.17 4 29
github.com/engine/server/ai/context.go:1808.17,1811.4 2 1
github.com/engine/server/ai/context.go:1812.3,1813.23 2 28
github.com/engine/server/ai/context.go:1813.23,1815.4 1 18
github.com/engine/server/ai/context.go:1817.3,1818.17 2 28
github.com/engine/server/ai/context.go:1818.17,1821.4 2 2
github.com/engine/server/ai/context.go:1822.3,1824.29 2 26
github.com/engine/server/ai/context.go:1824.29,1829.4 4 2
github.com/engine/server/ai/context.go:1832.3,1844.22 7 24
github.com/engine/server/ai/context.go:1844.22,1846.42 2 109
github.com/engine/server/ai/context.go:1846.42,1847.13 1 36
github.com/engine/server/ai/context.go:1849.4,1850.24 2 73
github.com/engine/server/ai/context.go:1850.24,1851.10 1 23
github.com/engine/server/ai/context.go:1853.4,1854.63 2 50
github.com/engine/server/ai/context.go:1854.63,1855.13 1 1
github.com/engine/server/ai/context.go:1857.4,1858.25 2 49
github.com/engine/server/ai/context.go:1858.25,1859.13 1 1
github.com/engine/server/ai/context.go:1861.4,1862.66 2 48
github.com/engine/server/ai/context.go:1862.66,1864.5 1 23
github.com/engine/server/ai/context.go:1865.4,1866.20 2 48
github.com/engine/server/ai/context.go:1866.20,1867.13 1 1
github.com/engine/server/ai/context.go:1869.4,1869.63 1 47
github.com/engine/server/ai/context.go:1869.63,1873.5 3 15
github.com/engine/server/ai/context.go:1874.4,1874.58 1 47
github.com/engine/server/ai/context.go:1874.58,1875.31 1 8
github.com/engine/server/ai/context.go:1875.31,1877.19 2 9
github.com/engine/server/ai/context.go:1877.19,1878.15 1 1
github.com/engine/server/ai/context.go:1880.6,1880.32 1 8
github.com/engine/server/ai/context.go:1880.32,1880.75 2 8
github.com/engine/server/ai/context.go:1881.6,1881.33 1 8
github.com/engine/server/ai/context.go:1881.33,1883.7 1 8
github.com/engine/server/ai/context.go:1884.6,1885.53 2 8
github.com/engine/server/ai/context.go:1885.53,1887.7 1 7
github.com/engine/server/ai/context.go:1888.6,1888.63 1 8
github.com/engine/server/ai/context.go:1888.63,1889.60 1 8
github.com/engine/server/ai/context.go:1889.60,1891.8 1 8
github.com/engine/server/ai/context.go:1892.7,1892.51 1 8
github.com/engine/server/ai/context.go:1892.51,1894.8 1 8
github.com/engine/server/ai/context.go:1899.3,1899.39 1 24
github.com/engine/server/ai/context.go:1899.39,1902.4 2 1
github.com/engine/server/ai/context.go:1905.3,1905.27 1 23
github.com/engine/server/ai/context.go:1905.27,1908.35 1 8
github.com/engine/server/ai/context.go:1908.35,1909.34 1 8
github.com/engine/server/ai/context.go:1909.34,1911.5 1 1
github.com/engine/server/ai/context.go:1914.3,1923.35 3 8
github.com/engine/server/ai/context.go:1923.35,1932.4 1 8
github.com/engine/server/ai/context.go:1933.3,1933.77 1 8
github.com/engine/server/ai/context.go:1934.9,1934.31 1 15
github.com/engine/server/ai/context.go:1934.31,1936.4 1 15
github.com/engine/server/ai/context.go:1938.3,1938.60 1 23
github.com/engine/server/ai/context.go:1938.60,1939.9 1 15
github.com/engine/server/ai/context.go:1945.3,1945.41 1 8
github.com/engine/server/ai/context.go:1945.41,1947.18 2 8
github.com/engine/server/ai/context.go:1947.18,1948.13 1 2
github.com/engine/server/ai/context.go:1951.4,1953.42 3 6
github.com/engine/server/ai/context.go:1953.42,1955.5 1 1
github.com/engine/server/ai/context.go:1956.4,1956.88 1 6
github.com/engine/server/ai/context.go:1956.88,1962.13 5 1
github.com/engine/server/ai/context.go:1965.4,1981.6 8 5
github.com/engine/server/ai/context.go:1984.3,1984.24 1 8
github.com/engine/server/ai/context.go:1984.24,1986.4 1 1
github.com/engine/server/ai/harness.go:36.72,38.44 2 9
github.com/engine/server/ai/harness.go:38.44,39.39 1 45
github.com/engine/server/ai/harness.go:39.39,41.4 1 7
github.com/engine/server/ai/harness.go:43.2,43.10 1 2
github.com/engine/server/ai/harness.go:63.73,74.2 4 5
github.com/engine/server/ai/harness.go:77.82,80.30 3 4
github.com/engine/server/ai/harness.go:80.30,84.3 3 4
github.com/engine/server/ai/harness.go:85.2,85.8 1 4
github.com/engine/server/ai/harness.go:89.41,91.25 2 2
github.com/engine/server/ai/harness.go:91.25,93.3 1 1
github.com/engine/server/ai/harness.go:94.2,94.90 1 1
github.com/engine/server/ai/harness.go:106.44,112.2 1 9
github.com/engine/server/ai/harness.go:116.46,118.22 2 7
github.com/engine/server/ai/harness.go:118.22,120.3 1 1
github.com/engine/server/ai/harness.go:121.2,121.12 1 7
github.com/engine/server/ai/harness.go:138.42,143.2 1 27
github.com/engine/server/ai/harness.go:147.64,150.29 3 10
github.com/engine/server/ai/harness.go:150.29,152.3 1 2
github.com/engine/server/ai/harness.go:153.2,153.17 1 8
github.com/engine/server/ai/harness.go:159.92,162.13 3 20
github.com/engine/server/ai/harness.go:162.13,164.67 2 17
github.com/engine/server/ai/harness.go:164.67,166.21 2 7
github.com/engine/server/ai/harness.go:166.21,168.5 1 4
github.com/engine/server/ai/harness.go:170.8,173.3 1 3
github.com/engine/server/ai/harness.go:177.51,182.2 4 1
github.com/engine/server/ai/harness.go:185.53,189.34 4 1
github.com/engine/server/ai/harness.go:189.34,191.3 1 1
github.com/engine/server/ai/harness.go:192.2,192.12 1 1
github.com/engine/server/ai/harness.go:207.46,209.2 1 1
github.com/engine/server/ai/harness.go:213.34,215.2 1 54
github.com/engine/server/ai/harness.go:218.71,220.29 2 25
github.com/engine/server/ai/harness.go:220.29,222.47 1 50
github.com/engine/server/ai/harness.go:222.47,224.4 1 49
github.com/engine/server/ai/harness.go:224.9,224.65 1 1
github.com/engine/server/ai/harness.go:224.65,225.40 1 1
github.com/engine/server/ai/harness.go:225.40,228.5 2 1
github.com/engine/server/ai/harness.go:230.3,230.13 1 50
github.com/engine/server/ai/harness.go:232.2,232.14 1 25
github.com/engine/server/ai/harness.go:236.53,237.29 1 21
github.com/engine/server/ai/harness.go:238.14,239.11 1 17
github.com/engine/server/ai/harness.go:240.22,242.23 2 3
github.com/engine/server/ai/harness.go:242.23,243.40 1 5
github.com/engine/server/ai/harness.go:243.40,245.5 1 2
github.com/engine/server/ai/harness.go:247.3,247.21 1 3
github.com/engine/server/ai/harness.go:248.10,249.30 1 1
github.com/engine/server/ai/harness.go:258.67,261.25 3 10
github.com/engine/server/ai/harness.go:261.25,263.36 2 17
github.com/engine/server/ai/harness.go:263.36,265.4 1 1
github.com/engine/server/ai/harness.go:266.3,266.37 1 17
github.com/engine/server/ai/harness.go:266.37,268.4 1 8
github.com/engine/server/ai/harness.go:269.3,272.23 4 17
github.com/engine/server/ai/harness.go:274.2,274.61 1 10
github.com/engine/server/ai/harness.go:280.106,282.6 2 11
github.com/engine/server/ai/harness.go:282.6,284.26 2 15
github.com/engine/server/ai/harness.go:284.26,286.4 1 7
github.com/engine/server/ai/harness.go:288.3,289.30 2 8
github.com/engine/server/ai/harness.go:289.30,290.26 1 11
github.com/engine/server/ai/harness.go:290.26,292.10 2 7
github.com/engine/server/ai/harness.go:295.3,295.16 1 8
github.com/engine/server/ai/harness.go:295.16,298.4 1 1
github.com/engine/server/ai/harness.go:299.3,300.26 2 7
github.com/engine/server/ai/harness.go:300.26,302.4 1 6
github.com/engine/server/ai/harness.go:303.3,309.32 7 7
github.com/engine/server/ai/harness.go:309.32,312.4 1 3
github.com/engine/server/ai/harness.go:313.3,313.21 1 4
github.com/engine/server/ai/harness.go:321.89,323.29 2 47
github.com/engine/server/ai/harness.go:323.29,324.37 1 200
github.com/engine/server/ai/harness.go:324.37,326.4 1 156
github.com/engine/server/ai/harness.go:328.2,329.34 2 47
github.com/engine/server/ai/harness.go:329.34,331.3 1 5
github.com/engine/server/ai/harness.go:332.2,334.29 3 47
github.com/engine/server/ai/harness.go:334.29,335.36 1 200
github.com/engine/server/ai/harness.go:335.36,337.4 1 44
github.com/engine/server/ai/harness.go:337.9,338.27 1 156
github.com/engine/server/ai/harness.go:338.27,340.13 2 73
github.com/engine/server/ai/harness.go:342.4,342.30 1 83
github.com/engine/server/ai/harness.go:345.2,345.15 1 47
github.com/engine/server/ai/history_context.go:86.91,88.2 1 1
github.com/engine/server/ai/history_context.go:95.28,96.23 1 13
github.com/engine/server/ai/history_context.go:96.23,100.3 1 1
github.com/engine/server/ai/history_context.go:102.2,103.21 2 12
github.com/engine/server/ai/history_context.go:103.21,107.3 1 7
github.com/engine/server/ai/history_context.go:109.2,110.79 2 5
github.com/engine/server/ai/history_context.go:110.79,116.15 6 292
github.com/engine/server/ai/history_context.go:116.15,118.4 1 26
github.com/engine/server/ai/history_context.go:119.3,129.4 1 292
github.com/engine/server/ai/history_context.go:132.2,133.42 2 5
github.com/engine/server/ai/history_context.go:133.42,135.28 2 1
github.com/engine/server/ai/history_context.go:135.28,137.4 1 2
github.com/engine/server/ai/history_context.go:138.8,142.57 4 4
github.com/engine/server/ai/history_context.go:142.57,144.4 1 24
github.com/engine/server/ai/history_context.go:146.3,147.48 2 4
github.com/engine/server/ai/history_context.go:147.48,149.4 1 234
github.com/engine/server/ai/history_context.go:150.3,150.52 1 4
github.com/engine/server/ai/history_context.go:150.52,151.50 1 2124
github.com/engine/server/ai/history_context.go:151.50,153.5 1 2098
github.com/engine/server/ai/history_context.go:154.4,154.52 1 26
github.com/engine/server/ai/history_context.go:157.3,158.40 2 4
github.com/engine/server/ai/history_context.go:158.40,159.22 1 36
github.com/engine/server/ai/history_context.go:159.22,160.10 1 4
github.com/engine/server/ai/history_context.go:162.4,163.15 2 32
github.com/engine/server/ai/history_context.go:166.3,166.28 1 4
github.com/engine/server/ai/history_context.go:166.28,167.44 1 258
github.com/engine/server/ai/history_context.go:167.44,168.13 1 202
github.com/engine/server/ai/history_context.go:170.4,170.76 1 56
github.com/engine/server/ai/history_context.go:174.2,176.41 3 5
github.com/engine/server/ai/history_context.go:176.41,183.3 3 58
github.com/engine/server/ai/history_context.go:184.2,189.3 2 5
github.com/engine/server/ai/history_context.go:197.10,199.2 1 1
github.com/engine/server/ai/history_context.go:207.26,211.62 3 8
github.com/engine/server/ai/history_context.go:211.62,218.3 1 2
github.com/engine/server/ai/history_context.go:220.2,220.86 1 8
github.com/engine/server/ai/history_context.go:220.86,227.3 1 7
github.com/engine/server/ai/history_context.go:229.2,229.64 1 8
github.com/engine/server/ai/history_context.go:229.64,236.3 1 1
github.com/engine/server/ai/history_context.go:238.2,239.40 2 8
github.com/engine/server/ai/history_context.go:239.40,246.3 1 5
github.com/engine/server/ai/history_context.go:248.2,248.22 1 8
github.com/engine/server/ai/history_context.go:248.22,250.3 1 1
github.com/engine/server/ai/history_context.go:252.2,253.49 2 7
github.com/engine/server/ai/history_context.go:253.49,255.3 1 11
github.com/engine/server/ai/history_context.go:257.2,262.15 2 7
github.com/engine/server/ai/history_context.go:272.31,274.2 1 1
github.com/engine/server/ai/history_context.go:284.31,285.16 1 21
github.com/engine/server/ai/history_context.go:285.16,287.3 1 3
github.com/engine/server/ai/history_context.go:288.2,288.41 1 21
github.com/engine/server/ai/history_context.go:288.41,290.3 1 1
github.com/engine/server/ai/history_context.go:292.2,299.17 7 21
github.com/engine/server/ai/history_context.go:299.17,301.3 1 3
github.com/engine/server/ai/history_context.go:303.2,304.42 2 21
github.com/engine/server/ai/history_context.go:304.42,305.70 1 225
github.com/engine/server/ai/history_context.go:305.70,306.12 1 1
github.com/engine/server/ai/history_context.go:308.3,311.44 4 224
github.com/engine/server/ai/history_context.go:311.44,313.4 1 213
github.com/engine/server/ai/history_context.go:314.3,314.19 1 224
github.com/engine/server/ai/history_context.go:314.19,315.12 1 2
github.com/engine/server/ai/history_context.go:317.3,328.5 1 222
github.com/engine/server/ai/history_context.go:331.2,331.43 1 21
github.com/engine/server/ai/history_context.go:331.43,332.70 1 6
github.com/engine/server/ai/history_context.go:332.70,333.12 1 1
github.com/engine/server/ai/history_context.go:335.3,338.44 4 5
github.com/engine/server/ai/history_context.go:338.44,340.4 1 2
github.com/engine/server/ai/history_context.go:341.3,341.19 1 5
github.com/engine/server/ai/history_context.go:341.19,342.12 1 3
github.com/engine/server/ai/history_context.go:344.3,354.5 1 2
github.com/engine/server/ai/history_context.go:357.2,357.44 1 21
github.com/engine/server/ai/history_context.go:357.44,358.71 1 7
github.com/engine/server/ai/history_context.go:358.71,359.12 1 1
github.com/engine/server/ai/history_context.go:361.3,370.45 5 6
github.com/engine/server/ai/history_context.go:370.45,372.4 1 2
github.com/engine/server/ai/history_context.go:373.3,373.19 1 6
github.com/engine/server/ai/history_context.go:373.19,374.12 1 1
github.com/engine/server/ai/history_context.go:376.3,386.5 1 5
github.com/engine/server/ai/history_context.go:389.2,389.48 1 21
github.com/engine/server/ai/history_context.go:389.48,390.73 1 6
github.com/engine/server/ai/history_context.go:390.73,391.12 1 1
github.com/engine/server/ai/history_context.go:393.3,394.56 2 5
github.com/engine/server/ai/history_context.go:394.56,396.4 1 3
github.com/engine/server/ai/history_context.go:397.3,406.31 5 5
github.com/engine/server/ai/history_context.go:406.31,408.4 1 3
github.com/engine/server/ai/history_context.go:409.3,409.28 1 5
github.com/engine/server/ai/history_context.go:409.28,411.4 1 3
github.com/engine/server/ai/history_context.go:412.3,412.47 1 5
github.com/engine/server/ai/history_context.go:412.47,414.4 1 1
github.com/engine/server/ai/history_context.go:415.3,415.19 1 5
github.com/engine/server/ai/history_context.go:415.19,416.12 1 2
github.com/engine/server/ai/history_context.go:418.3,428.5 1 3
github.com/engine/server/ai/history_context.go:431.2,431.45 1 21
github.com/engine/server/ai/history_context.go:431.45,432.37 1 306
github.com/engine/server/ai/history_context.go:432.37,434.4 1 252
github.com/engine/server/ai/history_context.go:435.3,435.39 1 54
github.com/engine/server/ai/history_context.go:438.2,440.27 3 21
github.com/engine/server/ai/history_context.go:440.27,442.29 2 33
github.com/engine/server/ai/history_context.go:442.29,443.12 1 4
github.com/engine/server/ai/history_context.go:445.3,447.28 3 29
github.com/engine/server/ai/history_context.go:447.28,448.9 1 6
github.com/engine/server/ai/history_context.go:452.2,453.29 2 21
github.com/engine/server/ai/history_context.go:453.29,455.3 1 29
github.com/engine/server/ai/history_context.go:457.2,457.21 1 21
github.com/engine/server/ai/history_context.go:460.104,461.20 1 7
github.com/engine/server/ai/history_context.go:461.20,463.3 1 4
github.com/engine/server/ai/history_context.go:465.2,467.31 3 3
github.com/engine/server/ai/history_context.go:467.31,469.40 2 3
github.com/engine/server/ai/history_context.go:469.40,471.4 1 1
github.com/engine/server/ai/history_context.go:472.3,473.17 2 3
github.com/engine/server/ai/history_context.go:473.17,475.4 1 1
github.com/engine/server/ai/history_context.go:476.3,484.5 1 3
github.com/engine/server/ai/history_context.go:486.2,486.44 1 3
github.com/engine/server/ai/history_context.go:494.22,497.2 2 11
github.com/engine/server/ai/history_context.go:506.26,510.45 4 12
github.com/engine/server/ai/history_context.go:510.45,512.3 1 1
github.com/engine/server/ai/history_context.go:513.2,515.46 2 12
github.com/engine/server/ai/history_context.go:515.46,516.28 1 16
github.com/engine/server/ai/history_context.go:516.28,517.12 1 1
github.com/engine/server/ai/history_context.go:519.3,530.5 1 15
github.com/engine/server/ai/history_context.go:533.2,533.45 1 12
github.com/engine/server/ai/history_context.go:533.45,534.24 1 13
github.com/engine/server/ai/history_context.go:534.24,535.12 1 1
github.com/engine/server/ai/history_context.go:537.3,548.5 1 12
github.com/engine/server/ai/history_context.go:551.2,551.48 1 12
github.com/engine/server/ai/history_context.go:551.48,553.22 2 9
github.com/engine/server/ai/history_context.go:553.22,554.12 1 1
github.com/engine/server/ai/history_context.go:556.3,567.5 1 8
github.com/engine/server/ai/history_context.go:573.2,573.65 1 12
github.com/engine/server/ai/history_context.go:573.65,586.3 1 1
github.com/engine/server/ai/history_context.go:588.2,588.18 1 12
github.com/engine/server/ai/history_context.go:596.22,601.37 4 14
github.com/engine/server/ai/history_context.go:601.37,602.50 1 4
github.com/engine/server/ai/history_context.go:602.50,603.12 1 1
github.com/engine/server/ai/history_context.go:606.3,607.45 2 3
github.com/engine/server/ai/history_context.go:607.45,609.4 1 1
github.com/engine/server/ai/history_context.go:610.3,614.38 1 3
github.com/engine/server/ai/history_context.go:614.38,616.4 1 1
github.com/engine/server/ai/history_context.go:617.3,617.17 1 3
github.com/engine/server/ai/history_context.go:617.17,618.12 1 1
github.com/engine/server/ai/history_context.go:621.3,622.48 2 2
github.com/engine/server/ai/history_context.go:622.48,624.4 1 1
github.com/engine/server/ai/history_context.go:627.2,627.19 1 14
github.com/engine/server/ai/history_context.go:627.19,629.3 1 13
github.com/engine/server/ai/history_context.go:631.2,632.37 2 1
github.com/engine/server/ai/history_context.go:632.37,634.3 1 2
github.com/engine/server/ai/history_context.go:635.2,635.16 1 1
github.com/engine/server/ai/history_context.go:638.65,639.22 1 19
github.com/engine/server/ai/history_context.go:639.22,641.3 1 2
github.com/engine/server/ai/history_context.go:643.2,647.31 4 17
github.com/engine/server/ai/history_context.go:647.31,648.21 1 31
github.com/engine/server/ai/history_context.go:648.21,649.9 1 1
github.com/engine/server/ai/history_context.go:652.3,653.22 2 30
github.com/engine/server/ai/history_context.go:653.22,654.9 1 5
github.com/engine/server/ai/history_context.go:656.3,658.29 3 25
github.com/engine/server/ai/history_context.go:658.29,660.4 1 2
github.com/engine/server/ai/history_context.go:661.3,662.57 2 25
github.com/engine/server/ai/history_context.go:665.2,665.25 1 17
github.com/engine/server/ai/history_context.go:668.49,670.31 2 49
github.com/engine/server/ai/history_context.go:670.31,671.40 1 12
github.com/engine/server/ai/history_context.go:671.40,672.12 1 1
github.com/engine/server/ai/history_context.go:674.3,674.34 1 11
github.com/engine/server/ai/history_context.go:676.2,676.33 1 49
github.com/engine/server/ai/history_context.go:679.62,682.14 3 618
github.com/engine/server/ai/history_context.go:682.14,684.3 1 1
github.com/engine/server/ai/history_context.go:685.2,685.30 1 617
github.com/engine/server/ai/history_context.go:688.51,689.20 1 15
github.com/engine/server/ai/history_context.go:689.20,691.3 1 4
github.com/engine/server/ai/history_context.go:692.2,692.19 1 11
github.com/engine/server/ai/history_context.go:695.58,696.24 1 9
github.com/engine/server/ai/history_context.go:696.24,698.3 1 6
github.com/engine/server/ai/history_context.go:700.2,702.31 3 3
github.com/engine/server/ai/history_context.go:702.31,704.50 2 4
github.com/engine/server/ai/history_context.go:704.50,706.4 1 1
github.com/engine/server/ai/history_context.go:707.3,707.18 1 4
github.com/engine/server/ai/history_context.go:707.18,709.4 1 1
github.com/engine/server/ai/history_context.go:710.3,710.19 1 4
github.com/engine/server/ai/history_context.go:710.19,712.12 2 2
github.com/engine/server/ai/history_context.go:714.3,714.41 1 2
github.com/engine/server/ai/history_context.go:717.2,718.26 2 3
github.com/engine/server/ai/history_context.go:718.26,720.3 1 2
github.com/engine/server/ai/history_context.go:721.2,721.25 1 3
github.com/engine/server/ai/history_context.go:721.25,723.3 1 2
github.com/engine/server/ai/history_context.go:724.2,724.37 1 3
github.com/engine/server/ai/history_context.go:727.64,728.22 1 8
github.com/engine/server/ai/history_context.go:728.22,730.3 1 1
github.com/engine/server/ai/history_context.go:731.2,733.30 3 7
github.com/engine/server/ai/history_context.go:733.30,736.3 2 15
github.com/engine/server/ai/history_context.go:737.2,737.17 1 7
github.com/engine/server/ai/history_context.go:740.51,742.35 2 7
github.com/engine/server/ai/history_context.go:742.35,744.3 1 15
github.com/engine/server/ai/history_context.go:745.2,745.15 1 7
github.com/engine/server/ai/history_context.go:748.74,750.43 2 5
github.com/engine/server/ai/history_context.go:750.43,752.3 1 58
github.com/engine/server/ai/history_context.go:753.2,753.15 1 5
github.com/engine/server/ai/history_context.go:756.51,758.31 2 21
github.com/engine/server/ai/history_context.go:758.31,760.3 1 29
github.com/engine/server/ai/history_context.go:761.2,761.15 1 21
github.com/engine/server/ai/history_context.go:764.56,765.22 1 34
github.com/engine/server/ai/history_context.go:765.22,767.3 1 11
github.com/engine/server/ai/history_context.go:769.2,770.35 2 23
github.com/engine/server/ai/history_context.go:770.35,771.23 1 79
github.com/engine/server/ai/history_context.go:771.23,773.4 1 7
github.com/engine/server/ai/history_context.go:776.2,778.35 3 23
github.com/engine/server/ai/history_context.go:778.35,782.3 3 102
github.com/engine/server/ai/history_context.go:783.2,783.29 1 23
github.com/engine/server/ai/history_context.go:783.29,785.3 1 102
github.com/engine/server/ai/history_context.go:786.2,786.16 1 23
github.com/engine/server/ai/history_context.go:789.95,791.27 2 6
github.com/engine/server/ai/history_context.go:791.27,793.40 2 16
github.com/engine/server/ai/history_context.go:793.40,795.4 1 12
github.com/engine/server/ai/history_context.go:796.3,797.17 2 16
github.com/engine/server/ai/history_context.go:797.17,799.4 1 4
github.com/engine/server/ai/history_context.go:800.3,808.41 2 16
github.com/engine/server/ai/history_context.go:808.41,809.9 1 1
github.com/engine/server/ai/history_context.go:811.3,811.28 1 15
github.com/engine/server/ai/history_context.go:813.2,813.44 1 6
github.com/engine/server/ai/history_context.go:816.52,820.31 3 52
github.com/engine/server/ai/history_context.go:820.31,821.84 1 100
github.com/engine/server/ai/history_context.go:821.84,823.4 1 1585
github.com/engine/server/ai/history_context.go:823.6,825.18 2 178
github.com/engine/server/ai/history_context.go:825.18,826.13 1 1
github.com/engine/server/ai/history_context.go:828.4,828.59 1 177
github.com/engine/server/ai/history_context.go:828.59,829.13 1 11
github.com/engine/server/ai/history_context.go:831.4,831.65 1 166
github.com/engine/server/ai/history_context.go:831.65,832.13 1 11
github.com/engine/server/ai/history_context.go:834.4,834.31 1 155
github.com/engine/server/ai/history_context.go:834.31,835.13 1 15
github.com/engine/server/ai/history_context.go:837.4,838.31 2 140
github.com/engine/server/ai/history_context.go:842.2,842.14 1 52
github.com/engine/server/ai/history_context.go:845.104,850.79 4 535
github.com/engine/server/ai/history_context.go:850.79,852.3 1 18
github.com/engine/server/ai/history_context.go:854.2,854.34 1 535
github.com/engine/server/ai/history_context.go:854.34,855.40 1 1285
github.com/engine/server/ai/history_context.go:855.40,857.4 1 167
github.com/engine/server/ai/history_context.go:860.2,860.31 1 535
github.com/engine/server/ai/history_context.go:860.31,862.17 2 26
github.com/engine/server/ai/history_context.go:862.17,863.12 1 1
github.com/engine/server/ai/history_context.go:865.3,866.54 2 25
github.com/engine/server/ai/history_context.go:866.54,868.4 1 3
github.com/engine/server/ai/history_context.go:869.3,869.40 1 25
github.com/engine/server/ai/history_context.go:869.40,871.4 1 2
github.com/engine/server/ai/history_context.go:874.2,874.14 1 535
github.com/engine/server/ai/history_context.go:877.61,878.21 1 14
github.com/engine/server/ai/history_context.go:878.21,880.3 1 1
github.com/engine/server/ai/history_context.go:882.2,884.29 3 13
github.com/engine/server/ai/history_context.go:884.29,885.40 1 76
github.com/engine/server/ai/history_context.go:885.40,887.4 1 26
github.com/engine/server/ai/history_context.go:889.2,889.47 1 13
github.com/engine/server/ai/history_context.go:892.45,894.16 2 532
github.com/engine/server/ai/history_context.go:894.16,896.3 1 86
github.com/engine/server/ai/history_context.go:898.2,899.9 2 446
github.com/engine/server/ai/history_context.go:900.21,901.13 1 443
github.com/engine/server/ai/history_context.go:902.22,903.13 1 1
github.com/engine/server/ai/history_context.go:904.24,905.13 1 1
github.com/engine/server/ai/history_context.go:906.10,907.14 1 1
github.com/engine/server/ai/history_context.go:911.96,912.32 1 248
github.com/engine/server/ai/history_context.go:912.32,914.3 1 241
github.com/engine/server/ai/history_context.go:915.2,915.73 1 7
github.com/engine/server/ai/history_context.go:918.31,919.11 1 53
github.com/engine/server/ai/history_context.go:919.11,921.3 1 24
github.com/engine/server/ai/history_context.go:922.2,922.10 1 29
github.com/engine/server/ai/history_context.go:925.31,926.11 1 33
github.com/engine/server/ai/history_context.go:926.11,928.3 1 28
github.com/engine/server/ai/history_context.go:929.2,929.10 1 5
github.com/engine/server/ai/os_cmds_darwin.go:9.60,11.2 1 1
github.com/engine/server/ai/os_cmds_darwin.go:13.67,15.2 1 2
github.com/engine/server/ai/project_tools.go:38.60,41.31 3 18
github.com/engine/server/ai/project_tools.go:41.31,43.17 2 6
github.com/engine/server/ai/project_tools.go:43.17,45.4 1 2
github.com/engine/server/ai/project_tools.go:47.2,48.20 2 18
github.com/engine/server/ai/project_tools.go:48.20,50.3 1 4
github.com/engine/server/ai/project_tools.go:50.8,52.3 1 14
github.com/engine/server/ai/project_tools.go:53.2,57.3 1 18
github.com/engine/server/ai/project_tools.go:64.60,67.16 3 20
github.com/engine/server/ai/project_tools.go:67.16,69.3 1 8
github.com/engine/server/ai/project_tools.go:71.2,72.28 2 12
github.com/engine/server/ai/project_tools.go:72.28,73.57 1 11
github.com/engine/server/ai/project_tools.go:73.57,74.12 1 2
github.com/engine/server/ai/project_tools.go:76.3,77.39 2 9
github.com/engine/server/ai/project_tools.go:77.39,78.12 1 1
github.com/engine/server/ai/project_tools.go:80.3,80.55 1 8
github.com/engine/server/ai/project_tools.go:80.55,81.12 1 1
github.com/engine/server/ai/project_tools.go:83.3,84.17 2 7
github.com/engine/server/ai/project_tools.go:84.17,85.12 1 1
github.com/engine/server/ai/project_tools.go:87.3,88.52 2 6
github.com/engine/server/ai/project_tools.go:88.52,89.12 1 1
github.com/engine/server/ai/project_tools.go:91.3,91.87 1 5
github.com/engine/server/ai/project_tools.go:91.87,92.12 1 2
github.com/engine/server/ai/project_tools.go:94.3,96.27 3 3
github.com/engine/server/ai/project_tools.go:98.2,98.13 1 12
github.com/engine/server/ai/project_tools.go:102.75,104.2 1 7
github.com/engine/server/ai/project_tools.go:110.107,111.16 1 17
github.com/engine/server/ai/project_tools.go:111.16,113.3 1 2
github.com/engine/server/ai/project_tools.go:114.2,114.39 1 15
github.com/engine/server/ai/project_tools.go:114.39,115.23 1 10
github.com/engine/server/ai/project_tools.go:115.23,116.12 1 1
github.com/engine/server/ai/project_tools.go:118.3,119.27 2 9
github.com/engine/server/ai/project_tools.go:119.27,121.4 1 2
github.com/engine/server/ai/project_tools.go:122.3,122.28 1 9
github.com/engine/server/ai/project_tools.go:122.28,124.4 1 8
github.com/engine/server/ai/project_tools.go:125.3,126.18 2 9
github.com/engine/server/ai/project_tools.go:126.18,128.4 1 1
github.com/engine/server/ai/project_tools.go:129.3,130.16 2 9
github.com/engine/server/ai/project_tools.go:130.16,132.4 1 1
github.com/engine/server/ai/project_tools.go:133.3,138.19 6 9
github.com/engine/server/ai/project_tools.go:138.19,140.4 1 2
github.com/engine/server/ai/project_tools.go:141.3,141.51 1 9
github.com/engine/server/ai/project_tools.go:143.2,143.25 1 6
github.com/engine/server/ai/provider.go:30.40,31.14 1 16
github.com/engine/server/ai/provider.go:32.16,33.27 1 2
github.com/engine/server/ai/provider.go:34.16,35.27 1 10
github.com/engine/server/ai/provider.go:36.10,37.30 1 4
github.com/engine/server/ai/provider.go:53.3,61.2 2 9
github.com/engine/server/ai/provider.go:74.3,82.2 2 1
github.com/engine/server/ai/provider.go:95.3,98.2 2 1
github.com/engine/server/ai/roles.go:134.93,136.9 2 18
github.com/engine/server/ai/roles.go:136.9,138.3 1 1
github.com/engine/server/ai/roles.go:139.2,142.10 4 18
github.com/engine/server/ai/roles.go:147.50,149.9 2 18
github.com/engine/server/ai/roles.go:149.9,151.3 1 1
github.com/engine/server/ai/roles.go:152.2,152.18 1 17
github.com/engine/server/ai/safety.go:18.47,21.2 2 68
github.com/engine/server/ai/safety.go:23.75,24.41 1 41
github.com/engine/server/ai/safety.go:24.41,26.3 1 2
github.com/engine/server/ai/safety.go:28.2,30.32 3 39
github.com/engine/server/ai/safety.go:30.32,32.3 1 30
github.com/engine/server/ai/safety.go:34.2,37.74 3 39
github.com/engine/server/ai/safety.go:37.74,39.3 1 14
github.com/engine/server/ai/safety.go:40.2,40.28 1 25
github.com/engine/server/ai/safety.go:43.80,44.41 1 13
github.com/engine/server/ai/safety.go:44.41,46.3 1 1
github.com/engine/server/ai/safety.go:47.2,47.54 1 12
github.com/engine/server/ai/safety.go:50.76,52.16 2 6
github.com/engine/server/ai/safety.go:52.16,54.3 1 3
github.com/engine/server/ai/safety.go:55.2,56.17 2 3
github.com/engine/server/ai/safety.go:59.90,61.19 2 27
github.com/engine/server/ai/safety.go:61.19,63.3 1 1
github.com/engine/server/ai/safety.go:65.2,66.73 2 26
github.com/engine/server/ai/safety.go:66.73,68.3 1 2
github.com/engine/server/ai/safety.go:70.2,71.72 2 24
github.com/engine/server/ai/safety.go:71.72,72.49 1 9
github.com/engine/server/ai/safety.go:72.49,73.72 1 27
github.com/engine/server/ai/safety.go:73.72,75.5 1 9
github.com/engine/server/ai/safety.go:79.2,79.43 1 15
github.com/engine/server/ai/safety.go:79.43,80.38 1 335
github.com/engine/server/ai/safety.go:80.38,82.4 1 7
github.com/engine/server/ai/safety.go:85.2,85.22 1 8
github.com/engine/server/ai/secret_scan.go:51.41,56.49 4 17
github.com/engine/server/ai/secret_scan.go:56.49,58.40 1 694
github.com/engine/server/ai/secret_scan.go:58.40,61.12 3 10
github.com/engine/server/ai/secret_scan.go:63.3,63.36 1 684
github.com/engine/server/ai/secret_scan.go:63.36,68.12 4 10
github.com/engine/server/ai/secret_scan.go:72.3,72.70 1 674
github.com/engine/server/ai/secret_scan.go:72.70,73.37 1 664
github.com/engine/server/ai/secret_scan.go:73.37,75.5 1 661
github.com/engine/server/ai/secret_scan.go:76.4,76.12 1 664
github.com/engine/server/ai/secret_scan.go:78.3,81.37 3 10
github.com/engine/server/ai/secret_scan.go:81.37,82.39 1 160
github.com/engine/server/ai/secret_scan.go:82.39,84.80 1 8
github.com/engine/server/ai/secret_scan.go:84.80,86.6 1 8
github.com/engine/server/ai/secret_scan.go:87.5,92.7 1 8
github.com/engine/server/ai/secret_scan.go:97.2,97.16 1 17
github.com/engine/server/ai/secret_scan.go:101.52,102.23 1 3
github.com/engine/server/ai/secret_scan.go:102.23,104.3 1 1
github.com/engine/server/ai/secret_scan.go:105.2,107.28 3 2
github.com/engine/server/ai/secret_scan.go:107.28,110.3 1 2
github.com/engine/server/ai/secret_scan.go:111.2,113.20 3 2
github.com/engine/server/ai/session_summary.go:21.62,22.35 1 79
github.com/engine/server/ai/session_summary.go:22.35,24.3 1 9
github.com/engine/server/ai/session_summary.go:25.2,26.35 2 70
github.com/engine/server/ai/session_summary.go:26.35,27.39 1 277
github.com/engine/server/ai/session_summary.go:27.39,29.4 1 5
github.com/engine/server/ai/session_summary.go:31.2,31.14 1 65
github.com/engine/server/ai/session_summary.go:34.66,35.25 1 16
github.com/engine/server/ai/session_summary.go:35.25,37.3 1 8
github.com/engine/server/ai/session_summary.go:38.2,39.29 2 8
github.com/engine/server/ai/session_summary.go:39.29,41.3 1 16
github.com/engine/server/ai/session_summary.go:42.2,42.31 1 8
github.com/engine/server/ai/session_summary.go:42.31,43.41 1 8
github.com/engine/server/ai/session_summary.go:43.41,45.4 1 5
github.com/engine/server/ai/session_summary.go:47.2,47.14 1 3
github.com/engine/server/ai/session_summary.go:50.47,51.31 1 30
github.com/engine/server/ai/session_summary.go:51.31,52.17 1 12
github.com/engine/server/ai/session_summary.go:52.17,54.4 1 3
github.com/engine/server/ai/session_summary.go:55.3,55.121 1 9
github.com/engine/server/ai/session_summary.go:55.121,57.4 1 1
github.com/engine/server/ai/session_summary.go:59.2,59.14 1 26
github.com/engine/server/ai/session_summary.go:62.74,63.126 1 13
github.com/engine/server/ai/session_summary.go:63.126,65.3 1 1
github.com/engine/server/ai/session_summary.go:66.2,66.105 1 12
github.com/engine/server/ai/session_summary.go:66.105,68.3 1 1
github.com/engine/server/ai/session_summary.go:69.2,69.53 1 11
github.com/engine/server/ai/session_summary.go:69.53,71.3 1 2
github.com/engine/server/ai/session_summary.go:72.2,72.31 1 9
github.com/engine/server/ai/session_summary.go:75.88,77.28 2 15
github.com/engine/server/ai/session_summary.go:77.28,79.3 1 7
github.com/engine/server/ai/session_summary.go:81.2,81.90 1 15
github.com/engine/server/ai/session_summary.go:81.90,83.3 1 1
github.com/engine/server/ai/session_summary.go:84.2,84.119 1 15
github.com/engine/server/ai/session_summary.go:84.119,86.3 1 1
github.com/engine/server/ai/session_summary.go:87.2,87.30 1 15
github.com/engine/server/ai/session_summary.go:87.30,89.3 1 2
github.com/engine/server/ai/session_summary.go:90.2,90.76 1 15
github.com/engine/server/ai/session_summary.go:90.76,92.3 1 2
github.com/engine/server/ai/session_summary.go:93.2,93.90 1 15
github.com/engine/server/ai/session_summary.go:93.90,95.3 1 1
github.com/engine/server/ai/session_summary.go:97.2,97.26 1 15
github.com/engine/server/ai/session_summary.go:97.26,99.3 1 9
github.com/engine/server/ai/session_summary.go:100.2,100.39 1 6
github.com/engine/server/ai/session_summary.go:103.63,104.52 1 5
github.com/engine/server/ai/session_summary.go:104.52,106.3 1 1
github.com/engine/server/ai/session_summary.go:107.2,107.52 1 4
github.com/engine/server/ai/session_summary.go:107.52,109.3 1 1
github.com/engine/server/ai/session_summary.go:110.2,110.57 1 3
github.com/engine/server/ai/session_summary.go:110.57,112.3 1 1
github.com/engine/server/ai/session_summary.go:113.2,113.45 1 2
github.com/engine/server/ai/session_summary.go:113.45,115.3 1 1
github.com/engine/server/ai/session_summary.go:116.2,116.100 1 1
github.com/engine/server/ai/session_summary.go:119.74,123.16 4 22
github.com/engine/server/ai/session_summary.go:123.16,125.3 1 8
github.com/engine/server/ai/session_summary.go:126.2,126.43 1 14
github.com/engine/server/ai/session_summary.go:129.47,133.29 4 149
github.com/engine/server/ai/session_summary.go:133.29,136.51 3 168
github.com/engine/server/ai/session_summary.go:136.51,137.12 1 6
github.com/engine/server/ai/session_summary.go:139.3,139.34 1 162
github.com/engine/server/ai/session_summary.go:141.2,141.76 1 149
github.com/engine/server/ai/session_summary.go:144.51,145.34 1 188
github.com/engine/server/ai/session_summary.go:145.34,147.3 1 147
github.com/engine/server/ai/session_summary.go:148.2,148.14 1 41
github.com/engine/server/ai/session_summary.go:148.14,150.3 1 1
github.com/engine/server/ai/session_summary.go:151.2,151.48 1 40
github.com/engine/server/ai/session_summary.go:154.51,157.31 3 14
github.com/engine/server/ai/session_summary.go:157.31,159.31 2 14
github.com/engine/server/ai/session_summary.go:159.31,160.12 1 2
github.com/engine/server/ai/session_summary.go:162.3,164.22 3 12
github.com/engine/server/ai/session_summary.go:164.22,165.9 1 1
github.com/engine/server/ai/session_summary.go:168.2,168.14 1 14
github.com/engine/server/ai/session_summary.go:171.62,176.23 4 11
github.com/engine/server/ai/session_summary.go:176.23,178.3 1 8
github.com/engine/server/ai/session_summary.go:179.2,179.24 1 11
github.com/engine/server/ai/session_summary.go:179.24,181.3 1 6
github.com/engine/server/ai/session_summary.go:182.2,182.37 1 11
github.com/engine/server/ai/session_summary.go:185.56,186.23 1 11
github.com/engine/server/ai/session_summary.go:186.23,188.3 1 1
github.com/engine/server/ai/session_summary.go:189.2,189.107 1 10
github.com/engine/server/ai/session_summary.go:189.107,191.3 1 1
github.com/engine/server/ai/session_summary.go:192.2,193.40 2 9
github.com/engine/server/ai/session_summary.go:193.40,195.3 1 7
github.com/engine/server/ai/session_summary.go:196.2,196.18 1 9
github.com/engine/server/ai/session_summary.go:199.60,201.21 2 2
github.com/engine/server/ai/session_summary.go:201.21,203.3 1 1
github.com/engine/server/ai/session_summary.go:204.2,204.79 1 1
github.com/engine/server/ai/session_summary.go:207.61,209.2 1 10
github.com/engine/server/ai/session_summary.go:211.114,212.151 1 11
github.com/engine/server/ai/session_summary.go:212.151,214.3 1 1
github.com/engine/server/ai/session_summary.go:216.2,220.17 3 10
github.com/engine/server/ai/session_summary.go:220.17,222.3 1 8
github.com/engine/server/ai/session_summary.go:222.8,222.94 1 2
github.com/engine/server/ai/session_summary.go:222.94,224.3 1 2
github.com/engine/server/ai/session_summary.go:227.2,227.89 1 10
github.com/engine/server/ai/session_summary.go:227.89,229.3 1 9
github.com/engine/server/ai/session_summary.go:232.2,232.63 1 10
github.com/engine/server/ai/session_summary.go:232.63,234.3 1 3
github.com/engine/server/ai/session_summary.go:237.2,237.64 1 10
github.com/engine/server/ai/session_summary.go:237.64,239.3 1 10
github.com/engine/server/ai/session_summary.go:240.2,240.78 1 10
github.com/engine/server/ai/session_summary.go:240.78,242.3 1 10
github.com/engine/server/ai/session_summary.go:244.2,244.78 1 10
github.com/engine/server/ai/team_config.go:12.138,13.42 1 20
github.com/engine/server/ai/team_config.go:13.42,15.3 1 1
github.com/engine/server/ai/team_config.go:17.2,19.16 3 19
github.com/engine/server/ai/team_config.go:19.16,21.3 1 11
github.com/engine/server/ai/team_config.go:23.2,25.20 3 8
github.com/engine/server/ai/team_config.go:25.20,27.3 1 3
github.com/engine/server/ai/team_config.go:28.2,28.20 1 8
github.com/engine/server/ai/team_config.go:28.20,30.3 1 1
github.com/engine/server/ai/team_config.go:32.2,33.21 2 7
github.com/engine/server/ai/team_config.go:33.21,35.3 1 2
github.com/engine/server/ai/team_config.go:37.2,38.24 2 5
github.com/engine/server/ai/team_config.go:38.24,40.3 1 1
github.com/engine/server/ai/team_config.go:42.2,42.48 1 5
github.com/engine/server/ai/team_config.go:45.67,47.35 2 12
github.com/engine/server/ai/team_config.go:47.35,49.3 1 1
github.com/engine/server/ai/team_config.go:51.2,58.32 7 11
github.com/engine/server/ai/team_config.go:58.32,60.44 2 77
github.com/engine/server/ai/team_config.go:60.44,61.12 1 11
github.com/engine/server/ai/team_config.go:64.3,65.42 2 66
github.com/engine/server/ai/team_config.go:65.42,66.12 1 1
github.com/engine/server/ai/team_config.go:69.3,70.18 2 65
github.com/engine/server/ai/team_config.go:70.18,75.12 5 18
github.com/engine/server/ai/team_config.go:78.3,78.82 1 47
github.com/engine/server/ai/team_config.go:78.82,80.12 2 6
github.com/engine/server/ai/team_config.go:83.3,83.15 1 41
github.com/engine/server/ai/team_config.go:83.15,84.12 1 2
github.com/engine/server/ai/team_config.go:87.3,87.18 1 39
github.com/engine/server/ai/team_config.go:87.18,90.12 3 12
github.com/engine/server/ai/team_config.go:93.3,93.24 1 27
github.com/engine/server/ai/team_config.go:93.24,94.12 1 1
github.com/engine/server/ai/team_config.go:97.3,97.18 1 26
github.com/engine/server/ai/team_config.go:97.18,99.12 2 13
github.com/engine/server/ai/team_config.go:102.3,102.95 1 13
github.com/engine/server/ai/team_config.go:102.95,104.4 1 11
github.com/engine/server/ai/team_config.go:107.2,107.34 1 11
github.com/engine/server/ai/team_config.go:110.53,112.21 2 22
github.com/engine/server/ai/team_config.go:112.21,114.69 1 22
github.com/engine/server/ai/team_config.go:114.69,116.4 1 17
github.com/engine/server/ai/team_config.go:118.2,118.14 1 5
github.com/engine/server/ai/team_config.go:121.75,123.17 2 8
github.com/engine/server/ai/team_config.go:123.17,125.3 1 1
github.com/engine/server/ai/team_config.go:126.2,127.21 2 7
github.com/engine/server/ai/team_config.go:127.21,129.3 1 2
github.com/engine/server/ai/team_config.go:130.2,130.65 1 5
github.com/engine/server/ai/team_config.go:147.67,148.42 1 3
github.com/engine/server/ai/team_config.go:148.42,150.3 1 1
github.com/engine/server/ai/team_config.go:151.2,153.16 3 2
github.com/engine/server/ai/team_config.go:153.16,155.3 1 1
github.com/engine/server/ai/team_config.go:156.2,156.47 1 1
github.com/engine/server/ai/team_config.go:161.58,164.52 3 6
github.com/engine/server/ai/team_config.go:164.52,167.82 3 25
github.com/engine/server/ai/team_config.go:167.82,168.12 1 7
github.com/engine/server/ai/team_config.go:170.3,171.18 2 18
github.com/engine/server/ai/team_config.go:171.18,173.12 2 6
github.com/engine/server/ai/team_config.go:175.3,175.35 1 12
github.com/engine/server/ai/team_config.go:175.35,176.12 1 3
github.com/engine/server/ai/team_config.go:178.3,178.10 1 9
github.com/engine/server/ai/team_config.go:179.55,180.95 1 5
github.com/engine/server/ai/team_config.go:181.53,182.91 1 2
github.com/engine/server/ai/team_config.go:183.50,184.53 1 2
github.com/engine/server/ai/team_config.go:187.2,187.10 1 6
github.com/engine/server/ai/test_loop.go:20.99,26.2 1 8
github.com/engine/server/ai/test_loop.go:29.106,30.43 1 3
github.com/engine/server/ai/test_loop.go:30.43,32.3 1 2
github.com/engine/server/ai/test_loop.go:34.2,39.4 1 1
github.com/engine/server/ai/test_loop.go:43.64,44.43 1 7
github.com/engine/server/ai/test_loop.go:44.43,46.3 1 2
github.com/engine/server/ai/test_loop.go:48.2,48.36 1 5
github.com/engine/server/ai/test_loop.go:53.64,54.43 1 5
github.com/engine/server/ai/test_loop.go:54.43,56.3 1 2
github.com/engine/server/ai/test_loop.go:58.2,62.20 3 3
github.com/engine/server/ai/test_loop.go:62.20,64.3 1 3
github.com/engine/server/ai/test_loop.go:65.2,81.27 4 3
github.com/engine/server/ai/test_loop.go:81.27,83.3 1 1
github.com/engine/server/ai/test_loop.go:84.2,85.26 2 3
github.com/engine/server/ai/test_loop.go:85.26,87.3 1 3
github.com/engine/server/ai/test_loop.go:88.2,89.47 2 3
github.com/engine/server/ai/test_loop.go:89.47,91.3 1 2
github.com/engine/server/ai/test_loop.go:92.2,103.15 3 3
github.com/engine/server/ai/test_loop.go:107.62,108.16 1 2
github.com/engine/server/ai/test_loop.go:108.16,110.3 1 1
github.com/engine/server/ai/test_loop.go:111.2,114.51 3 1
github.com/engine/server/ai/test_loop.go:114.51,125.3 1 1
github.com/engine/server/ai/test_loop.go:132.84,133.53 1 3
github.com/engine/server/ai/test_loop.go:133.53,136.52 2 2
github.com/engine/server/ai/test_loop.go:136.52,144.4 1 1
github.com/engine/server/ai/test_loop.go:146.3,146.21 1 2
github.com/engine/server/ai/test_loop.go:146.21,155.62 2 2
github.com/engine/server/ai/test_loop.go:155.62,160.5 1 1
github.com/engine/server/ai/test_loop.go:166.67,168.39 2 2
github.com/engine/server/ai/test_loop.go:168.39,170.3 1 1
github.com/engine/server/ai/test_loop.go:172.2,174.30 3 1
github.com/engine/server/ai/test_loop.go:174.30,177.3 1 1
github.com/engine/server/ai/test_loop.go:178.2,178.15 1 1
github.com/engine/server/ai/test_loop.go:182.87,183.32 1 4
github.com/engine/server/ai/test_loop.go:183.32,190.44 2 3
github.com/engine/server/ai/test_loop.go:190.44,195.4 1 1
github.com/engine/server/ai/test_loop.go:201.111,203.16 2 5
github.com/engine/server/ai/test_loop.go:203.16,205.3 1 1
github.com/engine/server/ai/test_loop.go:206.2,206.44 1 4
github.com/engine/server/ai/test_loop.go:206.44,208.3 1 1
github.com/engine/server/ai/test_loop.go:210.2,211.16 2 3
github.com/engine/server/ai/test_loop.go:211.16,213.3 1 1
github.com/engine/server/ai/test_loop.go:215.2,227.56 2 2
github.com/engine/server/ai/test_loop.go:237.68,239.2 1 2
github.com/engine/server/ai/test_orchestrator.go:19.38,25.2 1 13
github.com/engine/server/ai/test_orchestrator.go:28.46,33.23 3 21
github.com/engine/server/ai/test_orchestrator.go:33.23,35.3 1 7
github.com/engine/server/ai/test_orchestrator.go:38.2,38.25 1 21
github.com/engine/server/ai/test_orchestrator.go:38.25,40.3 1 1
github.com/engine/server/ai/test_orchestrator.go:44.50,52.2 1 8
github.com/engine/server/ai/test_orchestrator.go:64.36,68.43 2 54
github.com/engine/server/ai/test_orchestrator.go:68.43,69.28 1 345
github.com/engine/server/ai/test_orchestrator.go:69.28,71.4 1 10
github.com/engine/server/ai/test_orchestrator.go:75.2,75.39 1 44
github.com/engine/server/ai/test_orchestrator.go:75.39,76.26 1 543
github.com/engine/server/ai/test_orchestrator.go:76.26,78.4 1 22
github.com/engine/server/ai/test_orchestrator.go:82.2,82.40 1 22
github.com/engine/server/ai/test_orchestrator.go:82.40,83.39 1 312
github.com/engine/server/ai/test_orchestrator.go:83.39,85.4 1 6
github.com/engine/server/ai/test_orchestrator.go:87.2,87.14 1 16
github.com/engine/server/ai/test_orchestrator.go:91.38,93.42 2 28
github.com/engine/server/ai/test_orchestrator.go:93.42,94.39 1 72
github.com/engine/server/ai/test_orchestrator.go:94.39,96.4 1 7
github.com/engine/server/ai/test_orchestrator.go:98.2,98.14 1 21
github.com/engine/server/ai/test_orchestrator.go:102.41,103.39 1 7
github.com/engine/server/ai/test_orchestrator.go:103.39,104.26 1 31
github.com/engine/server/ai/test_orchestrator.go:104.26,106.4 1 5
github.com/engine/server/ai/test_orchestrator.go:108.2,108.14 1 2
github.com/engine/server/ai/test_orchestrator.go:113.38,115.23 2 6
github.com/engine/server/ai/test_orchestrator.go:115.23,117.32 2 4
github.com/engine/server/ai/test_orchestrator.go:117.32,119.4 1 6
github.com/engine/server/ai/test_orchestrator.go:120.3,120.14 1 4
github.com/engine/server/ai/test_orchestrator.go:122.2,122.11 1 2
github.com/engine/server/ai/test_orchestrator.go:127.40,129.41 2 16
github.com/engine/server/ai/test_orchestrator.go:129.41,130.27 1 93
github.com/engine/server/ai/test_orchestrator.go:130.27,132.4 1 5
github.com/engine/server/ai/test_orchestrator.go:134.2,134.41 1 11
github.com/engine/server/ai/test_orchestrator.go:134.41,135.27 1 65
github.com/engine/server/ai/test_orchestrator.go:135.27,137.4 1 3
github.com/engine/server/ai/test_orchestrator.go:139.2,139.38 1 8
github.com/engine/server/ai/test_orchestrator.go:139.38,140.27 1 26
github.com/engine/server/ai/test_orchestrator.go:140.27,142.4 1 3
github.com/engine/server/ai/test_orchestrator.go:144.2,144.41 1 5
github.com/engine/server/ai/test_orchestrator.go:144.41,145.27 1 19
github.com/engine/server/ai/test_orchestrator.go:145.27,147.4 1 2
github.com/engine/server/ai/test_orchestrator.go:149.2,149.44 1 3
github.com/engine/server/ai/test_orchestrator.go:149.44,150.27 1 9
github.com/engine/server/ai/test_orchestrator.go:150.27,152.4 1 2
github.com/engine/server/ai/test_orchestrator.go:154.2,154.18 1 1
github.com/engine/server/ai/test_orchestrator.go:268.64,271.44 1 11
github.com/engine/server/ai/test_orchestrator.go:271.44,273.4 1 6
github.com/engine/server/ai/test_orchestrator.go:279.79,290.2 2 6
github.com/engine/server/ai/test_orchestrator.go:303.68,310.29 4 7
github.com/engine/server/ai/test_orchestrator.go:310.29,311.60 1 18
github.com/engine/server/ai/test_orchestrator.go:311.60,314.17 2 2
github.com/engine/server/ai/test_orchestrator.go:314.17,316.5 1 1
github.com/engine/server/ai/test_orchestrator.go:317.4,318.24 2 2
github.com/engine/server/ai/test_orchestrator.go:318.24,320.5 1 1
github.com/engine/server/ai/test_orchestrator.go:321.4,321.33 1 2
github.com/engine/server/ai/test_orchestrator.go:321.33,322.33 1 6
github.com/engine/server/ai/test_orchestrator.go:322.33,324.6 1 6
github.com/engine/server/ai/test_orchestrator.go:326.4,326.9 1 2
github.com/engine/server/ai/test_orchestrator.go:330.2,330.29 1 7
github.com/engine/server/ai/test_orchestrator.go:330.29,333.16 2 5
github.com/engine/server/ai/test_orchestrator.go:333.16,335.4 1 5
github.com/engine/server/ai/test_orchestrator.go:336.3,336.32 1 5
github.com/engine/server/ai/test_orchestrator.go:339.2,339.42 1 7
github.com/engine/server/ai/test_orchestrator.go:350.58,356.2 1 9
github.com/engine/server/ai/test_orchestrator.go:359.52,361.2 1 9
github.com/engine/server/ai/test_orchestrator.go:364.68,367.2 2 4
github.com/engine/server/ai/test_orchestrator.go:370.75,376.26 5 5
github.com/engine/server/ai/test_orchestrator.go:376.26,378.3 1 4
github.com/engine/server/ai/test_orchestrator.go:378.8,380.3 1 1
github.com/engine/server/ai/test_orchestrator.go:382.2,387.24 5 5
github.com/engine/server/ai/test_orchestrator.go:398.56,407.2 2 1
github.com/engine/server/ai/test_orchestrator.go:410.57,417.35 5 2
github.com/engine/server/ai/test_orchestrator.go:417.35,418.69 1 7
github.com/engine/server/ai/test_orchestrator.go:418.69,420.9 2 1
github.com/engine/server/ai/test_orchestrator.go:425.2,426.58 2 2
github.com/engine/server/ai/test_orchestrator.go:426.58,428.3 1 234
github.com/engine/server/ai/test_orchestrator.go:430.2,430.29 1 2
github.com/engine/server/ai/test_orchestrator.go:430.29,432.43 1 36
github.com/engine/server/ai/test_orchestrator.go:432.43,434.4 1 26
github.com/engine/server/ai/test_orchestrator.go:441.2,442.34 2 2
github.com/engine/server/ai/test_orchestrator.go:442.34,443.37 1 26
github.com/engine/server/ai/test_orchestrator.go:443.37,445.4 1 6
github.com/engine/server/ai/test_orchestrator.go:449.2,449.43 1 2
github.com/engine/server/ai/test_orchestrator.go:453.37,463.2 2 32
github.com/engine/server/ai/worktree_session.go:14.58,18.2 3 21
github.com/engine/server/ai/worktree_session.go:20.35,23.2 2 38
github.com/engine/server/ai/worktree_session.go:26.49,29.18 2 13
github.com/engine/server/ai/worktree_session.go:29.18,31.3 1 1
github.com/engine/server/ai/worktree_session.go:32.2,32.45 1 13
github.com/engine/server/ai/worktree_session.go:40.72,44.43 2 8
github.com/engine/server/ai/worktree_session.go:44.43,46.3 1 2
github.com/engine/server/ai/worktree_session.go:49.2,49.68 1 6
github.com/engine/server/ai/worktree_session.go:49.68,52.3 1 1
github.com/engine/server/ai/worktree_session.go:54.2,59.75 3 5
github.com/engine/server/ai/worktree_session.go:59.75,62.3 1 1
github.com/engine/server/ai/worktree_session.go:64.2,64.20 1 4
github.com/engine/server/ai/worktree_session.go:71.75,74.43 2 7
github.com/engine/server/ai/worktree_session.go:74.43,77.3 1 1
github.com/engine/server/ai/worktree_session.go:79.2,81.11 2 6
github.com/engine/server/ai/worktree_session.go:81.11,83.62 2 4
github.com/engine/server/ai/worktree_session.go:83.62,85.4 1 1
github.com/engine/server/ai/worktree_session.go:86.3,87.67 1 3
github.com/engine/server/ai/worktree_session.go:87.67,89.4 1 1
github.com/engine/server/ai/worktree_session.go:92.2,92.63 1 4
github.com/engine/server/ai/worktree_session.go:92.63,94.3 1 1
github.com/engine/server/ai/worktree_session.go:96.2,96.12 1 3
github.com/engine/server/ai/worktree_session.go:100.57,102.2 1 7
