mode: atomic
github.com/engine/server/ai/context.go:58.13,60.2 1 1
github.com/engine/server/ai/context.go:66.25,67.6 1 1
github.com/engine/server/ai/context.go:67.6,70.3 2 1
github.com/engine/server/ai/context.go:74.19,79.21 4 2
github.com/engine/server/ai/context.go:79.21,81.3 1 2
github.com/engine/server/ai/context.go:84.2,85.17 2 2
github.com/engine/server/ai/context.go:85.17,87.3 1 1
github.com/engine/server/ai/context.go:89.2,95.16 3 1
github.com/engine/server/ai/context.go:95.16,97.3 1 1
github.com/engine/server/ai/context.go:100.52,102.17 2 28
github.com/engine/server/ai/context.go:102.17,104.3 1 2
github.com/engine/server/ai/context.go:105.2,106.70 1 26
github.com/engine/server/ai/context.go:106.70,108.3 1 11
github.com/engine/server/ai/context.go:109.2,109.40 1 15
github.com/engine/server/ai/context.go:109.40,111.3 1 6
github.com/engine/server/ai/context.go:112.2,112.33 1 9
github.com/engine/server/ai/context.go:112.33,114.3 1 8
github.com/engine/server/ai/context.go:115.2,115.20 1 1
github.com/engine/server/ai/context.go:118.51,119.39 1 22
github.com/engine/server/ai/context.go:119.39,121.3 1 5
github.com/engine/server/ai/context.go:122.2,122.45 1 17
github.com/engine/server/ai/context.go:122.45,123.44 1 120
github.com/engine/server/ai/context.go:123.44,125.4 1 12
github.com/engine/server/ai/context.go:127.2,127.14 1 5
github.com/engine/server/ai/context.go:130.68,131.62 1 22
github.com/engine/server/ai/context.go:132.39,133.62 1 14
github.com/engine/server/ai/context.go:134.18,135.41 1 7
github.com/engine/server/ai/context.go:136.10,137.41 1 1
github.com/engine/server/ai/context.go:141.54,142.18 1 5
github.com/engine/server/ai/context.go:143.16,144.28 1 2
github.com/engine/server/ai/context.go:145.16,146.28 1 1
github.com/engine/server/ai/context.go:147.10,148.31 1 2
github.com/engine/server/ai/context.go:152.54,154.56 2 15
github.com/engine/server/ai/context.go:154.56,156.3 1 1
github.com/engine/server/ai/context.go:157.2,157.44 1 14
github.com/engine/server/ai/context.go:160.43,162.22 2 29
github.com/engine/server/ai/context.go:162.22,164.3 1 2
github.com/engine/server/ai/context.go:165.2,165.9 1 27
github.com/engine/server/ai/context.go:166.61,167.64 1 3
github.com/engine/server/ai/context.go:168.44,169.47 1 3
github.com/engine/server/ai/context.go:170.10,171.20 1 21
github.com/engine/server/ai/context.go:175.47,177.81 2 8
github.com/engine/server/ai/context.go:177.81,179.3 1 3
github.com/engine/server/ai/context.go:180.2,180.80 1 5
github.com/engine/server/ai/context.go:180.80,182.3 1 2
github.com/engine/server/ai/context.go:183.2,183.11 1 3
github.com/engine/server/ai/context.go:186.74,188.16 2 22
github.com/engine/server/ai/context.go:188.16,190.3 1 6
github.com/engine/server/ai/context.go:191.2,193.38 2 16
github.com/engine/server/ai/context.go:193.38,195.3 1 2
github.com/engine/server/ai/context.go:197.2,198.68 2 14
github.com/engine/server/ai/context.go:198.68,200.3 1 1
github.com/engine/server/ai/context.go:201.2,202.29 2 13
github.com/engine/server/ai/context.go:202.29,204.19 2 11
github.com/engine/server/ai/context.go:204.19,205.12 1 1
github.com/engine/server/ai/context.go:207.3,207.79 1 10
github.com/engine/server/ai/context.go:207.79,209.4 1 9
github.com/engine/server/ai/context.go:211.2,211.11 1 4
github.com/engine/server/ai/context.go:242.44,243.23 1 59
github.com/engine/server/ai/context.go:243.23,245.3 1 45
github.com/engine/server/ai/context.go:246.2,246.9 1 14
github.com/engine/server/ai/context.go:247.20,248.14 1 9
github.com/engine/server/ai/context.go:249.10,250.15 1 5
github.com/engine/server/ai/context.go:303.39,305.2 1 42
github.com/engine/server/ai/context.go:307.77,313.2 1 28
github.com/engine/server/ai/context.go:549.57,551.33 2 1
github.com/engine/server/ai/context.go:551.33,553.3 1 28
github.com/engine/server/ai/context.go:554.2,554.10 1 1
github.com/engine/server/ai/context.go:561.39,563.42 2 139
github.com/engine/server/ai/context.go:563.42,564.43 1 417
github.com/engine/server/ai/context.go:564.43,566.4 1 417
github.com/engine/server/ai/context.go:568.2,568.12 1 139
github.com/engine/server/ai/context.go:574.64,585.33 5 5
github.com/engine/server/ai/context.go:585.33,588.27 3 140
github.com/engine/server/ai/context.go:588.27,589.37 1 336
github.com/engine/server/ai/context.go:589.37,591.5 1 39
github.com/engine/server/ai/context.go:593.3,593.16 1 140
github.com/engine/server/ai/context.go:593.16,595.4 1 32
github.com/engine/server/ai/context.go:599.2,599.36 1 5
github.com/engine/server/ai/context.go:599.36,600.67 1 28
github.com/engine/server/ai/context.go:600.67,602.4 1 6
github.com/engine/server/ai/context.go:605.2,605.23 1 5
github.com/engine/server/ai/context.go:605.23,607.3 1 1
github.com/engine/server/ai/context.go:610.2,611.36 2 4
github.com/engine/server/ai/context.go:611.36,613.3 1 18
github.com/engine/server/ai/context.go:614.2,615.28 2 4
github.com/engine/server/ai/context.go:615.28,616.33 1 32
github.com/engine/server/ai/context.go:616.33,620.4 3 23
github.com/engine/server/ai/context.go:623.2,625.28 3 4
github.com/engine/server/ai/context.go:625.28,627.3 1 32
github.com/engine/server/ai/context.go:628.2,628.20 1 4
github.com/engine/server/ai/context.go:628.20,630.3 1 3
github.com/engine/server/ai/context.go:630.8,632.3 1 1
github.com/engine/server/ai/context.go:633.2,633.20 1 4
github.com/engine/server/ai/context.go:637.94,639.2 1 10
github.com/engine/server/ai/context.go:641.101,643.2 1 109
github.com/engine/server/ai/context.go:645.96,646.33 1 119
github.com/engine/server/ai/context.go:646.33,649.3 2 164
github.com/engine/server/ai/context.go:650.2,650.37 1 119
github.com/engine/server/ai/context.go:650.37,653.3 2 3
github.com/engine/server/ai/context.go:654.2,654.35 1 119
github.com/engine/server/ai/context.go:654.35,657.3 2 7
github.com/engine/server/ai/context.go:659.2,659.14 1 119
github.com/engine/server/ai/context.go:660.22,661.54 1 1
github.com/engine/server/ai/context.go:663.19,665.17 2 6
github.com/engine/server/ai/context.go:665.17,667.4 1 4
github.com/engine/server/ai/context.go:668.3,669.17 2 2
github.com/engine/server/ai/context.go:669.17,671.4 1 1
github.com/engine/server/ai/context.go:672.3,672.27 1 1
github.com/engine/server/ai/context.go:674.20,676.17 2 4
github.com/engine/server/ai/context.go:676.17,678.4 1 1
github.com/engine/server/ai/context.go:679.3,679.62 1 3
github.com/engine/server/ai/context.go:679.62,681.4 1 1
github.com/engine/server/ai/context.go:682.3,682.30 1 2
github.com/engine/server/ai/context.go:682.30,684.4 1 1
github.com/engine/server/ai/context.go:685.3,685.40 1 2
github.com/engine/server/ai/context.go:687.24,689.17 2 3
github.com/engine/server/ai/context.go:689.17,691.4 1 1
github.com/engine/server/ai/context.go:692.3,693.17 2 2
github.com/engine/server/ai/context.go:693.17,695.4 1 1
github.com/engine/server/ai/context.go:696.3,696.36 1 1
github.com/engine/server/ai/context.go:698.15,700.102 2 9
github.com/engine/server/ai/context.go:700.102,701.34 1 3
github.com/engine/server/ai/context.go:701.34,703.5 1 1
github.com/engine/server/ai/context.go:704.4,705.18 2 2
github.com/engine/server/ai/context.go:705.18,707.5 1 1
github.com/engine/server/ai/context.go:708.4,708.16 1 1
github.com/engine/server/ai/context.go:708.16,710.5 1 1
github.com/engine/server/ai/context.go:712.3,713.16 2 6
github.com/engine/server/ai/context.go:713.16,715.4 1 5
github.com/engine/server/ai/context.go:716.3,717.17 2 6
github.com/engine/server/ai/context.go:717.17,719.4 1 1
github.com/engine/server/ai/context.go:722.3,723.18 2 5
github.com/engine/server/ai/context.go:723.18,725.4 1 1
github.com/engine/server/ai/context.go:726.3,730.19 5 5
github.com/engine/server/ai/context.go:730.19,732.4 1 2
github.com/engine/server/ai/context.go:733.3,733.32 1 5
github.com/engine/server/ai/context.go:733.32,735.4 1 1
github.com/engine/server/ai/context.go:736.3,736.45 1 5
github.com/engine/server/ai/context.go:738.22,740.16 2 2
github.com/engine/server/ai/context.go:740.16,742.4 1 1
github.com/engine/server/ai/context.go:743.3,744.17 2 2
github.com/engine/server/ai/context.go:744.17,746.4 1 1
github.com/engine/server/ai/context.go:747.3,748.23 2 1
github.com/engine/server/ai/context.go:750.20,753.26 3 1
github.com/engine/server/ai/context.go:755.18,757.21 2 5
github.com/engine/server/ai/context.go:757.21,759.18 2 4
github.com/engine/server/ai/context.go:759.18,761.5 1 2
github.com/engine/server/ai/context.go:762.4,762.31 1 2
github.com/engine/server/ai/context.go:764.3,765.21 2 3
github.com/engine/server/ai/context.go:767.20,769.88 1 6
github.com/engine/server/ai/context.go:769.88,770.53 1 6
github.com/engine/server/ai/context.go:770.53,773.5 2 1
github.com/engine/server/ai/context.go:775.3,775.33 1 5
github.com/engine/server/ai/context.go:775.33,777.4 1 1
github.com/engine/server/ai/context.go:778.3,784.17 2 4
github.com/engine/server/ai/context.go:784.17,786.4 1 1
github.com/engine/server/ai/context.go:787.3,787.15 1 3
github.com/engine/server/ai/context.go:787.15,789.4 1 1
github.com/engine/server/ai/context.go:790.3,791.17 2 2
github.com/engine/server/ai/context.go:791.17,793.4 1 1
github.com/engine/server/ai/context.go:794.3,794.37 1 1
github.com/engine/server/ai/context.go:796.19,798.17 2 3
github.com/engine/server/ai/context.go:798.17,800.4 1 1
github.com/engine/server/ai/context.go:801.3,801.30 1 2
github.com/engine/server/ai/context.go:801.30,803.4 1 1
github.com/engine/server/ai/context.go:804.3,804.34 1 2
github.com/engine/server/ai/context.go:806.25,807.47 1 1
github.com/engine/server/ai/context.go:809.24,810.29 1 6
github.com/engine/server/ai/context.go:810.29,812.4 1 5
github.com/engine/server/ai/context.go:813.3,815.26 3 1
github.com/engine/server/ai/context.go:817.24,818.17 1 5
github.com/engine/server/ai/context.go:818.17,820.4 1 1
github.com/engine/server/ai/context.go:821.3,822.18 2 4
github.com/engine/server/ai/context.go:822.18,824.4 1 1
github.com/engine/server/ai/context.go:825.3,828.29 4 3
github.com/engine/server/ai/context.go:828.29,830.4 1 1
github.com/engine/server/ai/context.go:831.3,833.71 3 3
github.com/engine/server/ai/context.go:835.19,837.17 2 4
github.com/engine/server/ai/context.go:837.17,839.4 1 1
github.com/engine/server/ai/context.go:840.3,841.39 2 3
github.com/engine/server/ai/context.go:841.39,842.40 1 1
github.com/engine/server/ai/context.go:842.40,843.36 1 1
github.com/engine/server/ai/context.go:843.36,845.6 1 1
github.com/engine/server/ai/context.go:848.3,848.30 1 2
github.com/engine/server/ai/context.go:848.30,850.4 1 1
github.com/engine/server/ai/context.go:851.3,851.38 1 2
github.com/engine/server/ai/context.go:853.19,855.17 2 2
github.com/engine/server/ai/context.go:855.17,857.4 1 1
github.com/engine/server/ai/context.go:858.3,858.30 1 1
github.com/engine/server/ai/context.go:858.30,860.4 1 1
github.com/engine/server/ai/context.go:861.3,861.39 1 1
github.com/engine/server/ai/context.go:863.18,870.30 4 2
github.com/engine/server/ai/context.go:870.30,872.4 1 1
github.com/engine/server/ai/context.go:875.3,881.126 2 1
github.com/engine/server/ai/context.go:883.28,887.18 4 5
github.com/engine/server/ai/context.go:887.18,889.4 1 3
github.com/engine/server/ai/context.go:890.3,891.17 2 5
github.com/engine/server/ai/context.go:891.17,893.4 1 2
github.com/engine/server/ai/context.go:894.3,895.17 2 3
github.com/engine/server/ai/context.go:895.17,897.4 1 1
github.com/engine/server/ai/context.go:898.3,899.32 2 2
github.com/engine/server/ai/context.go:899.32,901.35 2 1
github.com/engine/server/ai/context.go:901.35,903.5 1 1
github.com/engine/server/ai/context.go:904.4,904.98 1 1
github.com/engine/server/ai/context.go:906.3,906.20 1 2
github.com/engine/server/ai/context.go:906.20,908.4 1 1
github.com/engine/server/ai/context.go:909.3,909.28 1 1
github.com/engine/server/ai/context.go:911.26,916.15 5 4
github.com/engine/server/ai/context.go:916.15,918.4 1 1
github.com/engine/server/ai/context.go:919.3,920.17 2 3
github.com/engine/server/ai/context.go:920.17,922.4 1 1
github.com/engine/server/ai/context.go:923.3,924.17 2 2
github.com/engine/server/ai/context.go:924.17,926.4 1 1
github.com/engine/server/ai/context.go:927.3,927.132 1 1
github.com/engine/server/ai/context.go:929.28,935.15 6 4
github.com/engine/server/ai/context.go:935.15,937.4 1 1
github.com/engine/server/ai/context.go:938.3,939.17 2 3
github.com/engine/server/ai/context.go:939.17,941.4 1 1
github.com/engine/server/ai/context.go:942.3,942.57 1 2
github.com/engine/server/ai/context.go:942.57,944.4 1 1
github.com/engine/server/ai/context.go:945.3,945.53 1 1
github.com/engine/server/ai/context.go:947.29,952.18 5 4
github.com/engine/server/ai/context.go:952.18,954.4 1 1
github.com/engine/server/ai/context.go:955.3,956.17 2 3
github.com/engine/server/ai/context.go:956.17,958.4 1 1
github.com/engine/server/ai/context.go:959.3,960.17 2 2
github.com/engine/server/ai/context.go:960.17,962.4 1 1
github.com/engine/server/ai/context.go:963.3,963.93 1 1
github.com/engine/server/ai/context.go:965.24,971.29 6 6
github.com/engine/server/ai/context.go:971.29,973.4 1 2
github.com/engine/server/ai/context.go:974.3,975.17 2 4
github.com/engine/server/ai/context.go:975.17,977.4 1 2
github.com/engine/server/ai/context.go:978.3,979.17 2 2
github.com/engine/server/ai/context.go:979.17,981.4 1 1
github.com/engine/server/ai/context.go:982.3,982.66 1 1
github.com/engine/server/ai/context.go:984.18,985.33 1 7
github.com/engine/server/ai/context.go:985.33,987.4 1 2
github.com/engine/server/ai/context.go:988.3,990.19 3 5
github.com/engine/server/ai/context.go:990.19,992.4 1 3
github.com/engine/server/ai/context.go:993.3,999.17 2 5
github.com/engine/server/ai/context.go:999.17,1001.4 1 1
github.com/engine/server/ai/context.go:1002.3,1002.15 1 4
github.com/engine/server/ai/context.go:1002.15,1004.4 1 1
github.com/engine/server/ai/context.go:1005.3,1006.21 2 3
github.com/engine/server/ai/context.go:1006.21,1008.4 1 2
github.com/engine/server/ai/context.go:1009.3,1009.20 1 1
github.com/engine/server/ai/context.go:1011.18,1013.21 2 4
github.com/engine/server/ai/context.go:1013.21,1015.4 1 3
github.com/engine/server/ai/context.go:1016.3,1016.20 1 1
github.com/engine/server/ai/context.go:1018.20,1021.17 3 4
github.com/engine/server/ai/context.go:1021.17,1023.24 2 2
github.com/engine/server/ai/context.go:1023.24,1025.5 1 1
github.com/engine/server/ai/context.go:1026.4,1026.46 1 1
github.com/engine/server/ai/context.go:1028.3,1029.23 2 2
github.com/engine/server/ai/context.go:1029.23,1031.4 1 1
github.com/engine/server/ai/context.go:1032.3,1032.20 1 1
github.com/engine/server/ai/context.go:1034.22,1037.21 3 4
github.com/engine/server/ai/context.go:1037.21,1039.4 1 0
github.com/engine/server/ai/context.go:1040.3,1042.27 3 4
github.com/engine/server/ai/context.go:1042.27,1044.69 2 915
github.com/engine/server/ai/context.go:1044.69,1045.13 1 795
github.com/engine/server/ai/context.go:1047.4,1050.22 4 120
github.com/engine/server/ai/context.go:1050.22,1052.5 1 22
github.com/engine/server/ai/context.go:1053.4,1056.19 3 120
github.com/engine/server/ai/context.go:1056.19,1058.10 2 2
github.com/engine/server/ai/context.go:1061.3,1061.20 1 4
github.com/engine/server/ai/context.go:1061.20,1063.4 1 1
github.com/engine/server/ai/context.go:1064.3,1064.28 1 3
github.com/engine/server/ai/context.go:1066.22,1067.33 1 9
github.com/engine/server/ai/context.go:1067.33,1069.4 1 2
github.com/engine/server/ai/context.go:1070.3,1072.15 3 7
github.com/engine/server/ai/context.go:1072.15,1074.4 1 1
github.com/engine/server/ai/context.go:1075.3,1076.21 2 6
github.com/engine/server/ai/context.go:1076.21,1078.4 1 1
github.com/engine/server/ai/context.go:1079.3,1081.19 3 5
github.com/engine/server/ai/context.go:1081.19,1083.4 1 2
github.com/engine/server/ai/context.go:1084.3,1090.17 2 5
github.com/engine/server/ai/context.go:1090.17,1092.4 1 1
github.com/engine/server/ai/context.go:1093.3,1093.15 1 4
github.com/engine/server/ai/context.go:1093.15,1095.4 1 2
github.com/engine/server/ai/context.go:1096.3,1096.23 1 2
github.com/engine/server/ai/context.go:1096.23,1097.35 1 1
github.com/engine/server/ai/context.go:1097.35,1099.5 1 0
github.com/engine/server/ai/context.go:1100.9,1101.40 1 1
github.com/engine/server/ai/context.go:1101.40,1103.5 1 0
github.com/engine/server/ai/context.go:1105.3,1105.80 1 2
github.com/engine/server/ai/context.go:1107.18,1109.19 2 2
github.com/engine/server/ai/context.go:1109.19,1111.4 1 1
github.com/engine/server/ai/context.go:1112.3,1113.23 2 1
github.com/engine/server/ai/context.go:1114.17,1115.43 1 1
github.com/engine/server/ai/context.go:1116.16,1117.47 1 0
github.com/engine/server/ai/context.go:1118.11,1119.74 1 0
github.com/engine/server/ai/context.go:1121.3,1121.40 1 1
github.com/engine/server/ai/context.go:1121.40,1123.4 1 0
github.com/engine/server/ai/context.go:1124.3,1124.36 1 1
github.com/engine/server/ai/context.go:1126.20,1128.20 2 2
github.com/engine/server/ai/context.go:1128.20,1130.4 1 1
github.com/engine/server/ai/context.go:1131.3,1132.23 2 2
github.com/engine/server/ai/context.go:1133.17,1134.56 1 2
github.com/engine/server/ai/context.go:1135.16,1136.42 1 0
github.com/engine/server/ai/context.go:1137.11,1138.76 1 0
github.com/engine/server/ai/context.go:1140.3,1140.59 1 2
github.com/engine/server/ai/context.go:1140.59,1142.4 1 0
github.com/engine/server/ai/context.go:1143.3,1143.47 1 2
github.com/engine/server/ai/context.go:1145.10,1146.39 1 4
github.com/engine/server/ai/context.go:1151.47,1154.48 2 2
github.com/engine/server/ai/context.go:1154.48,1157.3 1 2
github.com/engine/server/ai/context.go:1159.2,1159.88 1 2
github.com/engine/server/ai/context.go:1159.88,1161.3 1 2
github.com/engine/server/ai/context.go:1163.2,1163.52 1 2
github.com/engine/server/ai/context.go:1163.52,1166.3 1 2
github.com/engine/server/ai/context.go:1168.2,1170.39 2 2
github.com/engine/server/ai/context.go:1173.56,1176.30 3 11
github.com/engine/server/ai/context.go:1176.30,1178.3 1 5
github.com/engine/server/ai/context.go:1179.2,1180.38 2 11
github.com/engine/server/ai/context.go:1180.38,1182.3 1 7
github.com/engine/server/ai/context.go:1183.2,1183.15 1 11
github.com/engine/server/ai/context.go:1187.49,1192.41 5 7
github.com/engine/server/ai/context.go:1192.41,1194.3 1 2
github.com/engine/server/ai/context.go:1195.2,1195.17 1 7
github.com/engine/server/ai/context.go:1195.17,1197.3 1 2
github.com/engine/server/ai/context.go:1199.2,1199.69 1 7
github.com/engine/server/ai/context.go:1199.69,1202.3 2 1
github.com/engine/server/ai/context.go:1203.2,1203.63 1 6
github.com/engine/server/ai/context.go:1203.63,1206.3 2 1
github.com/engine/server/ai/context.go:1209.2,1210.91 2 5
github.com/engine/server/ai/context.go:1210.91,1213.3 2 0
github.com/engine/server/ai/context.go:1214.2,1214.33 1 5
github.com/engine/server/ai/context.go:1214.33,1215.95 1 1
github.com/engine/server/ai/context.go:1215.95,1217.4 1 1
github.com/engine/server/ai/context.go:1220.2,1223.28 4 5
github.com/engine/server/ai/context.go:1223.28,1225.3 1 1
github.com/engine/server/ai/context.go:1226.2,1236.22 5 5
github.com/engine/server/ai/context.go:1236.22,1238.3 1 5
github.com/engine/server/ai/context.go:1239.2,1239.27 1 5
github.com/engine/server/ai/context.go:1239.27,1241.3 1 5
github.com/engine/server/ai/context.go:1244.2,1253.35 4 5
github.com/engine/server/ai/context.go:1253.35,1255.3 1 5
github.com/engine/server/ai/context.go:1256.2,1285.37 6 5
github.com/engine/server/ai/context.go:1285.37,1287.3 1 0
github.com/engine/server/ai/context.go:1288.2,1296.27 4 5
github.com/engine/server/ai/context.go:1296.27,1298.3 1 1
github.com/engine/server/ai/context.go:1299.2,1308.57 4 5
github.com/engine/server/ai/context.go:1308.57,1309.21 1 5
github.com/engine/server/ai/context.go:1309.21,1311.4 1 2
github.com/engine/server/ai/context.go:1312.3,1312.25 1 3
github.com/engine/server/ai/context.go:1313.69,1315.34 2 5
github.com/engine/server/ai/context.go:1315.34,1316.96 1 1
github.com/engine/server/ai/context.go:1316.96,1318.5 1 1
github.com/engine/server/ai/context.go:1321.2,1321.23 1 5
github.com/engine/server/ai/context.go:1332.3,1334.6 2 12
github.com/engine/server/ai/context.go:1334.6,1335.24 1 15
github.com/engine/server/ai/context.go:1335.24,1337.4 1 3
github.com/engine/server/ai/context.go:1339.3,1340.25 2 12
github.com/engine/server/ai/context.go:1340.25,1342.4 1 1
github.com/engine/server/ai/context.go:1344.3,1356.53 5 12
github.com/engine/server/ai/context.go:1356.53,1357.19 1 14
github.com/engine/server/ai/context.go:1357.19,1359.12 2 2
github.com/engine/server/ai/context.go:1360.23,1361.12 1 1
github.com/engine/server/ai/context.go:1362.29,1362.29 0 1
github.com/engine/server/ai/context.go:1365.4,1366.22 2 13
github.com/engine/server/ai/context.go:1366.22,1367.10 1 10
github.com/engine/server/ai/context.go:1370.4,1373.20 3 3
github.com/engine/server/ai/context.go:1373.20,1374.10 1 1
github.com/engine/server/ai/context.go:1377.3,1377.21 1 11
github.com/engine/server/ai/context.go:1377.21,1380.4 2 1
github.com/engine/server/ai/context.go:1382.3,1384.31 2 10
github.com/engine/server/ai/context.go:1384.31,1385.9 1 6
github.com/engine/server/ai/context.go:1388.3,1389.40 2 4
github.com/engine/server/ai/context.go:1389.40,1390.32 1 5
github.com/engine/server/ai/context.go:1390.32,1391.13 1 1
github.com/engine/server/ai/context.go:1393.4,1394.23 2 4
github.com/engine/server/ai/context.go:1394.23,1396.5 1 1
github.com/engine/server/ai/context.go:1398.4,1398.29 1 4
github.com/engine/server/ai/context.go:1398.29,1399.70 1 3
github.com/engine/server/ai/context.go:1399.70,1413.14 7 1
github.com/engine/server/ai/context.go:1417.4,1423.29 5 3
github.com/engine/server/ai/context.go:1423.29,1425.5 1 2
github.com/engine/server/ai/context.go:1427.4,1438.6 4 3
github.com/engine/server/ai/context.go:1441.3,1443.24 2 4
github.com/engine/server/ai/context.go:1443.24,1445.4 1 1
github.com/engine/server/ai/context.go:1455.35,1464.16 7 16
github.com/engine/server/ai/context.go:1464.16,1466.3 1 1
github.com/engine/server/ai/context.go:1467.2,1469.28 2 15
github.com/engine/server/ai/context.go:1469.28,1473.3 3 3
github.com/engine/server/ai/context.go:1475.2,1484.21 4 12
github.com/engine/server/ai/context.go:1484.21,1486.41 2 79
github.com/engine/server/ai/context.go:1486.41,1487.12 1 16
github.com/engine/server/ai/context.go:1489.3,1490.23 2 63
github.com/engine/server/ai/context.go:1490.23,1491.9 1 12
github.com/engine/server/ai/context.go:1494.3,1495.62 2 51
github.com/engine/server/ai/context.go:1495.62,1496.12 1 2
github.com/engine/server/ai/context.go:1499.3,1499.24 1 49
github.com/engine/server/ai/context.go:1500.30,1502.17 2 13
github.com/engine/server/ai/context.go:1502.17,1503.13 1 1
github.com/engine/server/ai/context.go:1505.4,1505.22 1 12
github.com/engine/server/ai/context.go:1506.16,1507.20 1 7
github.com/engine/server/ai/context.go:1508.20,1511.66 3 5
github.com/engine/server/ai/context.go:1514.30,1516.20 2 12
github.com/engine/server/ai/context.go:1516.20,1517.13 1 1
github.com/engine/server/ai/context.go:1519.4,1519.25 1 11
github.com/engine/server/ai/context.go:1520.22,1524.29 4 7
github.com/engine/server/ai/context.go:1525.28,1526.23 1 4
github.com/engine/server/ai/context.go:1526.23,1530.6 3 4
github.com/engine/server/ai/context.go:1533.29,1534.22 1 12
github.com/engine/server/ai/context.go:1534.22,1537.23 2 5
github.com/engine/server/ai/context.go:1537.23,1539.6 1 1
github.com/engine/server/ai/context.go:1540.5,1544.18 5 5
github.com/engine/server/ai/context.go:1545.10,1545.32 1 7
github.com/engine/server/ai/context.go:1545.32,1548.5 2 7
github.com/engine/server/ai/context.go:1550.24,1552.18 2 1
github.com/engine/server/ai/context.go:1552.18,1554.41 2 1
github.com/engine/server/ai/context.go:1554.41,1555.31 1 1
github.com/engine/server/ai/context.go:1555.31,1555.84 2 1
github.com/engine/server/ai/context.go:1556.6,1556.32 1 1
github.com/engine/server/ai/context.go:1556.32,1556.86 2 1
github.com/engine/server/ai/context.go:1557.6,1557.39 1 1
github.com/engine/server/ai/context.go:1561.24,1563.17 2 11
github.com/engine/server/ai/context.go:1563.17,1564.49 1 11
github.com/engine/server/ai/context.go:1564.49,1566.6 1 11
github.com/engine/server/ai/context.go:1571.2,1571.42 1 12
github.com/engine/server/ai/context.go:1575.21,1577.2 1 50
github.com/engine/server/ai/context.go:1608.56,1610.24 2 48
github.com/engine/server/ai/context.go:1610.24,1619.3 1 144
github.com/engine/server/ai/context.go:1620.2,1620.12 1 48
github.com/engine/server/ai/context.go:1632.3,1636.30 2 22
github.com/engine/server/ai/context.go:1636.30,1638.22 2 7
github.com/engine/server/ai/context.go:1638.22,1640.4 1 7
github.com/engine/server/ai/context.go:1643.2,1644.28 2 22
github.com/engine/server/ai/context.go:1644.28,1647.3 2 71
github.com/engine/server/ai/context.go:1649.2,1651.6 2 22
github.com/engine/server/ai/context.go:1651.6,1652.24 1 29
github.com/engine/server/ai/context.go:1652.24,1654.4 1 3
github.com/engine/server/ai/context.go:1657.3,1660.25 3 26
github.com/engine/server/ai/context.go:1660.25,1662.4 1 1
github.com/engine/server/ai/context.go:1664.3,1674.17 4 26
github.com/engine/server/ai/context.go:1674.17,1677.4 2 1
github.com/engine/server/ai/context.go:1678.3,1679.23 2 25
github.com/engine/server/ai/context.go:1679.23,1681.4 1 18
github.com/engine/server/ai/context.go:1683.3,1684.17 2 25
github.com/engine/server/ai/context.go:1684.17,1687.4 2 1
github.com/engine/server/ai/context.go:1688.3,1690.29 2 24
github.com/engine/server/ai/context.go:1690.29,1695.4 4 2
github.com/engine/server/ai/context.go:1698.3,1710.22 7 22
github.com/engine/server/ai/context.go:1710.22,1712.42 2 99
github.com/engine/server/ai/context.go:1712.42,1713.13 1 32
github.com/engine/server/ai/context.go:1715.4,1716.24 2 67
github.com/engine/server/ai/context.go:1716.24,1717.10 1 21
github.com/engine/server/ai/context.go:1719.4,1720.63 2 46
github.com/engine/server/ai/context.go:1720.63,1721.13 1 1
github.com/engine/server/ai/context.go:1723.4,1724.25 2 45
github.com/engine/server/ai/context.go:1724.25,1725.13 1 1
github.com/engine/server/ai/context.go:1727.4,1728.66 2 44
github.com/engine/server/ai/context.go:1728.66,1730.5 1 21
github.com/engine/server/ai/context.go:1731.4,1732.20 2 44
github.com/engine/server/ai/context.go:1732.20,1733.13 1 1
github.com/engine/server/ai/context.go:1735.4,1735.63 1 43
github.com/engine/server/ai/context.go:1735.63,1739.5 3 13
github.com/engine/server/ai/context.go:1740.4,1740.58 1 43
github.com/engine/server/ai/context.go:1740.58,1741.31 1 8
github.com/engine/server/ai/context.go:1741.31,1743.19 2 9
github.com/engine/server/ai/context.go:1743.19,1744.15 1 1
github.com/engine/server/ai/context.go:1746.6,1746.32 1 8
github.com/engine/server/ai/context.go:1746.32,1746.75 2 8
github.com/engine/server/ai/context.go:1747.6,1747.33 1 8
github.com/engine/server/ai/context.go:1747.33,1749.7 1 8
github.com/engine/server/ai/context.go:1750.6,1751.53 2 8
github.com/engine/server/ai/context.go:1751.53,1753.7 1 7
github.com/engine/server/ai/context.go:1754.6,1754.63 1 8
github.com/engine/server/ai/context.go:1754.63,1755.60 1 8
github.com/engine/server/ai/context.go:1755.60,1757.8 1 8
github.com/engine/server/ai/context.go:1758.7,1758.51 1 8
github.com/engine/server/ai/context.go:1758.51,1760.8 1 8
github.com/engine/server/ai/context.go:1765.3,1765.39 1 22
github.com/engine/server/ai/context.go:1765.39,1768.4 2 1
github.com/engine/server/ai/context.go:1771.3,1771.27 1 21
github.com/engine/server/ai/context.go:1771.27,1774.35 1 8
github.com/engine/server/ai/context.go:1774.35,1775.34 1 8
github.com/engine/server/ai/context.go:1775.34,1777.5 1 1
github.com/engine/server/ai/context.go:1780.3,1789.35 3 8
github.com/engine/server/ai/context.go:1789.35,1798.4 1 8
github.com/engine/server/ai/context.go:1799.3,1799.77 1 8
github.com/engine/server/ai/context.go:1800.9,1800.31 1 13
github.com/engine/server/ai/context.go:1800.31,1802.4 1 13
github.com/engine/server/ai/context.go:1804.3,1804.60 1 21
github.com/engine/server/ai/context.go:1804.60,1805.9 1 13
github.com/engine/server/ai/context.go:1811.3,1811.41 1 8
github.com/engine/server/ai/context.go:1811.41,1813.18 2 8
github.com/engine/server/ai/context.go:1813.18,1814.13 1 2
github.com/engine/server/ai/context.go:1817.4,1819.42 3 6
github.com/engine/server/ai/context.go:1819.42,1821.5 1 1
github.com/engine/server/ai/context.go:1822.4,1822.88 1 6
github.com/engine/server/ai/context.go:1822.88,1828.13 5 1
github.com/engine/server/ai/context.go:1831.4,1847.6 8 5
github.com/engine/server/ai/context.go:1850.3,1850.24 1 8
github.com/engine/server/ai/context.go:1850.24,1852.4 1 1
github.com/engine/server/ai/harness.go:36.72,38.44 2 9
github.com/engine/server/ai/harness.go:38.44,39.39 1 55
github.com/engine/server/ai/harness.go:39.39,41.4 1 7
github.com/engine/server/ai/harness.go:43.2,43.10 1 2
github.com/engine/server/ai/harness.go:63.73,74.2 4 5
github.com/engine/server/ai/harness.go:77.82,80.30 3 4
github.com/engine/server/ai/harness.go:80.30,84.3 3 4
github.com/engine/server/ai/harness.go:85.2,85.8 1 4
github.com/engine/server/ai/harness.go:89.41,91.25 2 2
github.com/engine/server/ai/harness.go:91.25,93.3 1 1
github.com/engine/server/ai/harness.go:94.2,94.90 1 1
github.com/engine/server/ai/harness.go:106.44,112.2 1 9
github.com/engine/server/ai/harness.go:116.46,118.22 2 7
github.com/engine/server/ai/harness.go:118.22,120.3 1 1
github.com/engine/server/ai/harness.go:121.2,121.12 1 7
github.com/engine/server/ai/harness.go:138.42,143.2 1 19
github.com/engine/server/ai/harness.go:147.64,150.29 3 7
github.com/engine/server/ai/harness.go:150.29,152.3 1 2
github.com/engine/server/ai/harness.go:153.2,153.17 1 5
github.com/engine/server/ai/harness.go:159.92,162.13 3 15
github.com/engine/server/ai/harness.go:162.13,164.67 2 13
github.com/engine/server/ai/harness.go:164.67,166.21 2 5
github.com/engine/server/ai/harness.go:166.21,168.5 1 2
github.com/engine/server/ai/harness.go:170.8,173.3 1 2
github.com/engine/server/ai/harness.go:177.51,182.2 4 1
github.com/engine/server/ai/harness.go:185.53,189.34 4 1
github.com/engine/server/ai/harness.go:189.34,191.3 1 1
github.com/engine/server/ai/harness.go:192.2,192.12 1 1
github.com/engine/server/ai/harness.go:207.46,209.2 1 1
github.com/engine/server/ai/harness.go:213.34,215.2 1 39
github.com/engine/server/ai/harness.go:218.71,220.29 2 16
github.com/engine/server/ai/harness.go:220.29,222.47 1 35
github.com/engine/server/ai/harness.go:222.47,224.4 1 34
github.com/engine/server/ai/harness.go:224.9,224.65 1 1
github.com/engine/server/ai/harness.go:224.65,225.40 1 1
github.com/engine/server/ai/harness.go:225.40,228.5 2 1
github.com/engine/server/ai/harness.go:230.3,230.13 1 35
github.com/engine/server/ai/harness.go:232.2,232.14 1 16
github.com/engine/server/ai/harness.go:238.106,239.6 1 8
github.com/engine/server/ai/harness.go:239.6,241.26 2 12
github.com/engine/server/ai/harness.go:241.26,243.4 1 7
github.com/engine/server/ai/harness.go:245.3,246.30 2 5
github.com/engine/server/ai/harness.go:246.30,247.26 1 7
github.com/engine/server/ai/harness.go:247.26,250.10 3 4
github.com/engine/server/ai/harness.go:253.3,253.15 1 5
github.com/engine/server/ai/harness.go:253.15,256.4 1 1
github.com/engine/server/ai/history_context.go:86.91,88.2 1 1
github.com/engine/server/ai/history_context.go:95.28,96.23 1 11
github.com/engine/server/ai/history_context.go:96.23,100.3 1 1
github.com/engine/server/ai/history_context.go:102.2,103.21 2 10
github.com/engine/server/ai/history_context.go:103.21,107.3 1 5
github.com/engine/server/ai/history_context.go:109.2,110.79 2 5
github.com/engine/server/ai/history_context.go:110.79,116.15 6 292
github.com/engine/server/ai/history_context.go:116.15,118.4 1 26
github.com/engine/server/ai/history_context.go:119.3,129.4 1 292
github.com/engine/server/ai/history_context.go:132.2,133.42 2 5
github.com/engine/server/ai/history_context.go:133.42,135.28 2 1
github.com/engine/server/ai/history_context.go:135.28,137.4 1 2
github.com/engine/server/ai/history_context.go:138.8,142.57 4 4
github.com/engine/server/ai/history_context.go:142.57,144.4 1 24
github.com/engine/server/ai/history_context.go:146.3,147.48 2 4
github.com/engine/server/ai/history_context.go:147.48,149.4 1 234
github.com/engine/server/ai/history_context.go:150.3,150.52 1 4
github.com/engine/server/ai/history_context.go:150.52,151.50 1 2124
github.com/engine/server/ai/history_context.go:151.50,153.5 1 2098
github.com/engine/server/ai/history_context.go:154.4,154.52 1 26
github.com/engine/server/ai/history_context.go:157.3,158.40 2 4
github.com/engine/server/ai/history_context.go:158.40,159.22 1 36
github.com/engine/server/ai/history_context.go:159.22,160.10 1 4
github.com/engine/server/ai/history_context.go:162.4,163.15 2 32
github.com/engine/server/ai/history_context.go:166.3,166.28 1 4
github.com/engine/server/ai/history_context.go:166.28,167.44 1 258
github.com/engine/server/ai/history_context.go:167.44,168.13 1 202
github.com/engine/server/ai/history_context.go:170.4,170.76 1 56
github.com/engine/server/ai/history_context.go:174.2,176.41 3 5
github.com/engine/server/ai/history_context.go:176.41,183.3 3 58
github.com/engine/server/ai/history_context.go:184.2,189.3 2 5
github.com/engine/server/ai/history_context.go:197.10,199.2 1 1
github.com/engine/server/ai/history_context.go:207.26,211.62 3 7
github.com/engine/server/ai/history_context.go:211.62,218.3 1 2
github.com/engine/server/ai/history_context.go:220.2,220.86 1 7
github.com/engine/server/ai/history_context.go:220.86,227.3 1 6
github.com/engine/server/ai/history_context.go:229.2,229.64 1 7
github.com/engine/server/ai/history_context.go:229.64,236.3 1 1
github.com/engine/server/ai/history_context.go:238.2,239.40 2 7
github.com/engine/server/ai/history_context.go:239.40,246.3 1 4
github.com/engine/server/ai/history_context.go:248.2,248.22 1 7
github.com/engine/server/ai/history_context.go:248.22,250.3 1 1
github.com/engine/server/ai/history_context.go:252.2,253.49 2 6
github.com/engine/server/ai/history_context.go:253.49,255.3 1 10
github.com/engine/server/ai/history_context.go:257.2,262.15 2 6
github.com/engine/server/ai/history_context.go:272.31,274.2 1 1
github.com/engine/server/ai/history_context.go:284.31,285.16 1 20
github.com/engine/server/ai/history_context.go:285.16,287.3 1 3
github.com/engine/server/ai/history_context.go:288.2,288.41 1 20
github.com/engine/server/ai/history_context.go:288.41,290.3 1 1
github.com/engine/server/ai/history_context.go:292.2,299.17 7 20
github.com/engine/server/ai/history_context.go:299.17,301.3 1 3
github.com/engine/server/ai/history_context.go:303.2,304.42 2 20
github.com/engine/server/ai/history_context.go:304.42,305.70 1 224
github.com/engine/server/ai/history_context.go:305.70,306.12 1 1
github.com/engine/server/ai/history_context.go:308.3,311.44 4 223
github.com/engine/server/ai/history_context.go:311.44,313.4 1 212
github.com/engine/server/ai/history_context.go:314.3,314.19 1 223
github.com/engine/server/ai/history_context.go:314.19,315.12 1 2
github.com/engine/server/ai/history_context.go:317.3,328.5 1 221
github.com/engine/server/ai/history_context.go:331.2,331.43 1 20
github.com/engine/server/ai/history_context.go:331.43,332.70 1 6
github.com/engine/server/ai/history_context.go:332.70,333.12 1 1
github.com/engine/server/ai/history_context.go:335.3,338.44 4 5
github.com/engine/server/ai/history_context.go:338.44,340.4 1 2
github.com/engine/server/ai/history_context.go:341.3,341.19 1 5
github.com/engine/server/ai/history_context.go:341.19,342.12 1 3
github.com/engine/server/ai/history_context.go:344.3,354.5 1 2
github.com/engine/server/ai/history_context.go:357.2,357.44 1 20
github.com/engine/server/ai/history_context.go:357.44,358.71 1 7
github.com/engine/server/ai/history_context.go:358.71,359.12 1 1
github.com/engine/server/ai/history_context.go:361.3,370.45 5 6
github.com/engine/server/ai/history_context.go:370.45,372.4 1 2
github.com/engine/server/ai/history_context.go:373.3,373.19 1 6
github.com/engine/server/ai/history_context.go:373.19,374.12 1 1
github.com/engine/server/ai/history_context.go:376.3,386.5 1 5
github.com/engine/server/ai/history_context.go:389.2,389.48 1 20
github.com/engine/server/ai/history_context.go:389.48,390.73 1 6
github.com/engine/server/ai/history_context.go:390.73,391.12 1 1
github.com/engine/server/ai/history_context.go:393.3,394.56 2 5
github.com/engine/server/ai/history_context.go:394.56,396.4 1 3
github.com/engine/server/ai/history_context.go:397.3,406.31 5 5
github.com/engine/server/ai/history_context.go:406.31,408.4 1 3
github.com/engine/server/ai/history_context.go:409.3,409.28 1 5
github.com/engine/server/ai/history_context.go:409.28,411.4 1 3
github.com/engine/server/ai/history_context.go:412.3,412.47 1 5
github.com/engine/server/ai/history_context.go:412.47,414.4 1 1
github.com/engine/server/ai/history_context.go:415.3,415.19 1 5
github.com/engine/server/ai/history_context.go:415.19,416.12 1 2
github.com/engine/server/ai/history_context.go:418.3,428.5 1 3
github.com/engine/server/ai/history_context.go:431.2,431.45 1 20
github.com/engine/server/ai/history_context.go:431.45,432.37 1 306
github.com/engine/server/ai/history_context.go:432.37,434.4 1 252
github.com/engine/server/ai/history_context.go:435.3,435.39 1 54
github.com/engine/server/ai/history_context.go:438.2,440.27 3 20
github.com/engine/server/ai/history_context.go:440.27,442.29 2 32
github.com/engine/server/ai/history_context.go:442.29,443.12 1 4
github.com/engine/server/ai/history_context.go:445.3,447.28 3 28
github.com/engine/server/ai/history_context.go:447.28,448.9 1 6
github.com/engine/server/ai/history_context.go:452.2,453.29 2 20
github.com/engine/server/ai/history_context.go:453.29,455.3 1 28
github.com/engine/server/ai/history_context.go:457.2,457.21 1 20
github.com/engine/server/ai/history_context.go:460.104,461.20 1 7
github.com/engine/server/ai/history_context.go:461.20,463.3 1 4
github.com/engine/server/ai/history_context.go:465.2,467.31 3 3
github.com/engine/server/ai/history_context.go:467.31,469.40 2 3
github.com/engine/server/ai/history_context.go:469.40,471.4 1 1
github.com/engine/server/ai/history_context.go:472.3,473.17 2 3
github.com/engine/server/ai/history_context.go:473.17,475.4 1 1
github.com/engine/server/ai/history_context.go:476.3,484.5 1 3
github.com/engine/server/ai/history_context.go:486.2,486.44 1 3
github.com/engine/server/ai/history_context.go:494.22,497.2 2 9
github.com/engine/server/ai/history_context.go:505.26,510.46 4 8
github.com/engine/server/ai/history_context.go:510.46,511.28 1 16
github.com/engine/server/ai/history_context.go:511.28,512.12 1 1
github.com/engine/server/ai/history_context.go:514.3,525.5 1 15
github.com/engine/server/ai/history_context.go:528.2,528.45 1 8
github.com/engine/server/ai/history_context.go:528.45,529.24 1 11
github.com/engine/server/ai/history_context.go:529.24,530.12 1 1
github.com/engine/server/ai/history_context.go:532.3,543.5 1 10
github.com/engine/server/ai/history_context.go:546.2,546.48 1 8
github.com/engine/server/ai/history_context.go:546.48,548.22 2 8
github.com/engine/server/ai/history_context.go:548.22,549.12 1 1
github.com/engine/server/ai/history_context.go:551.3,562.5 1 7
github.com/engine/server/ai/history_context.go:565.2,565.18 1 8
github.com/engine/server/ai/history_context.go:573.22,578.37 4 12
github.com/engine/server/ai/history_context.go:578.37,579.50 1 4
github.com/engine/server/ai/history_context.go:579.50,580.12 1 1
github.com/engine/server/ai/history_context.go:583.3,584.45 2 3
github.com/engine/server/ai/history_context.go:584.45,586.4 1 1
github.com/engine/server/ai/history_context.go:587.3,591.38 1 3
github.com/engine/server/ai/history_context.go:591.38,593.4 1 1
github.com/engine/server/ai/history_context.go:594.3,594.17 1 3
github.com/engine/server/ai/history_context.go:594.17,595.12 1 1
github.com/engine/server/ai/history_context.go:598.3,599.48 2 2
github.com/engine/server/ai/history_context.go:599.48,601.4 1 1
github.com/engine/server/ai/history_context.go:604.2,604.19 1 12
github.com/engine/server/ai/history_context.go:604.19,606.3 1 11
github.com/engine/server/ai/history_context.go:608.2,609.37 2 1
github.com/engine/server/ai/history_context.go:609.37,611.3 1 2
github.com/engine/server/ai/history_context.go:612.2,612.16 1 1
github.com/engine/server/ai/history_context.go:615.65,616.22 1 18
github.com/engine/server/ai/history_context.go:616.22,618.3 1 2
github.com/engine/server/ai/history_context.go:620.2,624.31 4 16
github.com/engine/server/ai/history_context.go:624.31,625.21 1 29
github.com/engine/server/ai/history_context.go:625.21,626.9 1 1
github.com/engine/server/ai/history_context.go:629.3,630.22 2 28
github.com/engine/server/ai/history_context.go:630.22,631.9 1 5
github.com/engine/server/ai/history_context.go:633.3,635.29 3 23
github.com/engine/server/ai/history_context.go:635.29,637.4 1 2
github.com/engine/server/ai/history_context.go:638.3,639.57 2 23
github.com/engine/server/ai/history_context.go:642.2,642.25 1 16
github.com/engine/server/ai/history_context.go:645.49,647.31 2 45
github.com/engine/server/ai/history_context.go:647.31,648.40 1 12
github.com/engine/server/ai/history_context.go:648.40,649.12 1 1
github.com/engine/server/ai/history_context.go:651.3,651.34 1 11
github.com/engine/server/ai/history_context.go:653.2,653.33 1 45
github.com/engine/server/ai/history_context.go:656.62,659.14 3 611
github.com/engine/server/ai/history_context.go:659.14,661.3 1 1
github.com/engine/server/ai/history_context.go:662.2,662.30 1 610
github.com/engine/server/ai/history_context.go:665.51,666.20 1 13
github.com/engine/server/ai/history_context.go:666.20,668.3 1 4
github.com/engine/server/ai/history_context.go:669.2,669.19 1 9
github.com/engine/server/ai/history_context.go:672.58,673.24 1 8
github.com/engine/server/ai/history_context.go:673.24,675.3 1 5
github.com/engine/server/ai/history_context.go:677.2,679.31 3 3
github.com/engine/server/ai/history_context.go:679.31,681.50 2 4
github.com/engine/server/ai/history_context.go:681.50,683.4 1 1
github.com/engine/server/ai/history_context.go:684.3,684.18 1 4
github.com/engine/server/ai/history_context.go:684.18,686.4 1 1
github.com/engine/server/ai/history_context.go:687.3,687.19 1 4
github.com/engine/server/ai/history_context.go:687.19,689.12 2 2
github.com/engine/server/ai/history_context.go:691.3,691.41 1 2
github.com/engine/server/ai/history_context.go:694.2,695.26 2 3
github.com/engine/server/ai/history_context.go:695.26,697.3 1 2
github.com/engine/server/ai/history_context.go:698.2,698.25 1 3
github.com/engine/server/ai/history_context.go:698.25,700.3 1 2
github.com/engine/server/ai/history_context.go:701.2,701.37 1 3
github.com/engine/server/ai/history_context.go:704.64,705.22 1 7
github.com/engine/server/ai/history_context.go:705.22,707.3 1 1
github.com/engine/server/ai/history_context.go:708.2,710.30 3 6
github.com/engine/server/ai/history_context.go:710.30,713.3 2 13
github.com/engine/server/ai/history_context.go:714.2,714.17 1 6
github.com/engine/server/ai/history_context.go:717.51,719.35 2 6
github.com/engine/server/ai/history_context.go:719.35,721.3 1 13
github.com/engine/server/ai/history_context.go:722.2,722.15 1 6
github.com/engine/server/ai/history_context.go:725.74,727.43 2 5
github.com/engine/server/ai/history_context.go:727.43,729.3 1 58
github.com/engine/server/ai/history_context.go:730.2,730.15 1 5
github.com/engine/server/ai/history_context.go:733.51,735.31 2 20
github.com/engine/server/ai/history_context.go:735.31,737.3 1 28
github.com/engine/server/ai/history_context.go:738.2,738.15 1 20
github.com/engine/server/ai/history_context.go:741.56,742.22 1 32
github.com/engine/server/ai/history_context.go:742.22,744.3 1 11
github.com/engine/server/ai/history_context.go:746.2,747.35 2 21
github.com/engine/server/ai/history_context.go:747.35,748.23 1 78
github.com/engine/server/ai/history_context.go:748.23,750.4 1 6
github.com/engine/server/ai/history_context.go:753.2,755.35 3 21
github.com/engine/server/ai/history_context.go:755.35,759.3 3 99
github.com/engine/server/ai/history_context.go:760.2,760.29 1 21
github.com/engine/server/ai/history_context.go:760.29,762.3 1 99
github.com/engine/server/ai/history_context.go:763.2,763.16 1 21
github.com/engine/server/ai/history_context.go:766.95,768.27 2 5
github.com/engine/server/ai/history_context.go:768.27,770.40 2 15
github.com/engine/server/ai/history_context.go:770.40,772.4 1 11
github.com/engine/server/ai/history_context.go:773.3,774.17 2 15
github.com/engine/server/ai/history_context.go:774.17,776.4 1 4
github.com/engine/server/ai/history_context.go:777.3,785.41 2 15
github.com/engine/server/ai/history_context.go:785.41,786.9 1 1
github.com/engine/server/ai/history_context.go:788.3,788.28 1 14
github.com/engine/server/ai/history_context.go:790.2,790.44 1 5
github.com/engine/server/ai/history_context.go:793.52,797.31 3 48
github.com/engine/server/ai/history_context.go:797.31,798.84 1 92
github.com/engine/server/ai/history_context.go:798.84,800.4 1 1557
github.com/engine/server/ai/history_context.go:800.6,802.18 2 172
github.com/engine/server/ai/history_context.go:802.18,803.13 1 1
github.com/engine/server/ai/history_context.go:805.4,805.59 1 171
github.com/engine/server/ai/history_context.go:805.59,806.13 1 10
github.com/engine/server/ai/history_context.go:808.4,808.65 1 161
github.com/engine/server/ai/history_context.go:808.65,809.13 1 11
github.com/engine/server/ai/history_context.go:811.4,811.31 1 150
github.com/engine/server/ai/history_context.go:811.31,812.13 1 15
github.com/engine/server/ai/history_context.go:814.4,815.31 2 135
github.com/engine/server/ai/history_context.go:819.2,819.14 1 48
github.com/engine/server/ai/history_context.go:822.104,827.79 4 534
github.com/engine/server/ai/history_context.go:827.79,829.3 1 18
github.com/engine/server/ai/history_context.go:831.2,831.34 1 534
github.com/engine/server/ai/history_context.go:831.34,832.40 1 1284
github.com/engine/server/ai/history_context.go:832.40,834.4 1 166
github.com/engine/server/ai/history_context.go:837.2,837.31 1 534
github.com/engine/server/ai/history_context.go:837.31,839.17 2 26
github.com/engine/server/ai/history_context.go:839.17,840.12 1 1
github.com/engine/server/ai/history_context.go:842.3,843.54 2 25
github.com/engine/server/ai/history_context.go:843.54,845.4 1 3
github.com/engine/server/ai/history_context.go:846.3,846.40 1 25
github.com/engine/server/ai/history_context.go:846.40,848.4 1 2
github.com/engine/server/ai/history_context.go:851.2,851.14 1 534
github.com/engine/server/ai/history_context.go:854.61,855.21 1 13
github.com/engine/server/ai/history_context.go:855.21,857.3 1 1
github.com/engine/server/ai/history_context.go:859.2,861.29 3 12
github.com/engine/server/ai/history_context.go:861.29,862.40 1 75
github.com/engine/server/ai/history_context.go:862.40,864.4 1 26
github.com/engine/server/ai/history_context.go:866.2,866.47 1 12
github.com/engine/server/ai/history_context.go:869.45,871.16 2 531
github.com/engine/server/ai/history_context.go:871.16,873.3 1 86
github.com/engine/server/ai/history_context.go:875.2,876.9 2 445
github.com/engine/server/ai/history_context.go:877.21,878.13 1 442
github.com/engine/server/ai/history_context.go:879.22,880.13 1 1
github.com/engine/server/ai/history_context.go:881.24,882.13 1 1
github.com/engine/server/ai/history_context.go:883.10,884.14 1 1
github.com/engine/server/ai/history_context.go:888.96,889.32 1 247
github.com/engine/server/ai/history_context.go:889.32,891.3 1 240
github.com/engine/server/ai/history_context.go:892.2,892.73 1 7
github.com/engine/server/ai/history_context.go:895.31,896.11 1 47
github.com/engine/server/ai/history_context.go:896.11,898.3 1 20
github.com/engine/server/ai/history_context.go:899.2,899.10 1 27
github.com/engine/server/ai/history_context.go:902.31,903.11 1 31
github.com/engine/server/ai/history_context.go:903.11,905.3 1 26
github.com/engine/server/ai/history_context.go:906.2,906.10 1 5
github.com/engine/server/ai/provider.go:30.40,31.14 1 14
github.com/engine/server/ai/provider.go:32.16,33.27 1 2
github.com/engine/server/ai/provider.go:34.16,35.27 1 8
github.com/engine/server/ai/provider.go:36.10,37.30 1 4
github.com/engine/server/ai/provider.go:53.3,61.2 2 7
github.com/engine/server/ai/provider.go:74.3,82.2 2 1
github.com/engine/server/ai/provider.go:95.3,98.2 2 1
github.com/engine/server/ai/safety.go:18.47,21.2 2 68
github.com/engine/server/ai/safety.go:23.75,24.41 1 41
github.com/engine/server/ai/safety.go:24.41,26.3 1 2
github.com/engine/server/ai/safety.go:28.2,30.32 3 39
github.com/engine/server/ai/safety.go:30.32,32.3 1 30
github.com/engine/server/ai/safety.go:34.2,37.74 3 39
github.com/engine/server/ai/safety.go:37.74,39.3 1 14
github.com/engine/server/ai/safety.go:40.2,40.28 1 25
github.com/engine/server/ai/safety.go:43.80,44.41 1 13
github.com/engine/server/ai/safety.go:44.41,46.3 1 1
github.com/engine/server/ai/safety.go:47.2,47.54 1 12
github.com/engine/server/ai/safety.go:50.76,52.16 2 6
github.com/engine/server/ai/safety.go:52.16,54.3 1 3
github.com/engine/server/ai/safety.go:55.2,56.17 2 3
github.com/engine/server/ai/safety.go:59.90,61.19 2 27
github.com/engine/server/ai/safety.go:61.19,63.3 1 1
github.com/engine/server/ai/safety.go:65.2,66.73 2 26
github.com/engine/server/ai/safety.go:66.73,68.3 1 2
github.com/engine/server/ai/safety.go:70.2,71.72 2 24
github.com/engine/server/ai/safety.go:71.72,72.49 1 9
github.com/engine/server/ai/safety.go:72.49,73.72 1 27
github.com/engine/server/ai/safety.go:73.72,75.5 1 9
github.com/engine/server/ai/safety.go:79.2,79.43 1 15
github.com/engine/server/ai/safety.go:79.43,80.38 1 335
github.com/engine/server/ai/safety.go:80.38,82.4 1 7
github.com/engine/server/ai/safety.go:85.2,85.22 1 8
github.com/engine/server/ai/secret_scan.go:51.41,56.49 4 15
github.com/engine/server/ai/secret_scan.go:56.49,58.40 1 564
github.com/engine/server/ai/secret_scan.go:58.40,61.12 3 10
github.com/engine/server/ai/secret_scan.go:63.3,63.36 1 554
github.com/engine/server/ai/secret_scan.go:63.36,68.12 4 10
github.com/engine/server/ai/secret_scan.go:72.3,72.70 1 544
github.com/engine/server/ai/secret_scan.go:72.70,73.37 1 534
github.com/engine/server/ai/secret_scan.go:73.37,75.5 1 531
github.com/engine/server/ai/secret_scan.go:76.4,76.12 1 534
github.com/engine/server/ai/secret_scan.go:78.3,81.37 3 10
github.com/engine/server/ai/secret_scan.go:81.37,82.39 1 160
github.com/engine/server/ai/secret_scan.go:82.39,84.80 1 8
github.com/engine/server/ai/secret_scan.go:84.80,86.6 1 8
github.com/engine/server/ai/secret_scan.go:87.5,92.7 1 8
github.com/engine/server/ai/secret_scan.go:97.2,97.16 1 15
github.com/engine/server/ai/secret_scan.go:101.52,102.23 1 3
github.com/engine/server/ai/secret_scan.go:102.23,104.3 1 1
github.com/engine/server/ai/secret_scan.go:105.2,107.28 3 2
github.com/engine/server/ai/secret_scan.go:107.28,110.3 1 2
github.com/engine/server/ai/secret_scan.go:111.2,113.20 3 2
github.com/engine/server/ai/session_summary.go:20.74,24.16 4 16
github.com/engine/server/ai/session_summary.go:24.16,26.3 1 5
github.com/engine/server/ai/session_summary.go:27.2,27.43 1 11
github.com/engine/server/ai/session_summary.go:30.47,34.29 4 123
github.com/engine/server/ai/session_summary.go:34.29,37.51 3 141
github.com/engine/server/ai/session_summary.go:37.51,38.12 1 7
github.com/engine/server/ai/session_summary.go:40.3,40.34 1 134
github.com/engine/server/ai/session_summary.go:42.2,42.76 1 123
github.com/engine/server/ai/session_summary.go:45.51,46.34 1 161
github.com/engine/server/ai/session_summary.go:46.34,48.3 1 121
github.com/engine/server/ai/session_summary.go:49.2,49.14 1 40
github.com/engine/server/ai/session_summary.go:49.14,51.3 1 1
github.com/engine/server/ai/session_summary.go:52.2,52.48 1 39
github.com/engine/server/ai/session_summary.go:55.51,58.31 3 12
github.com/engine/server/ai/session_summary.go:58.31,60.31 2 13
github.com/engine/server/ai/session_summary.go:60.31,61.12 1 2
github.com/engine/server/ai/session_summary.go:63.3,65.22 3 11
github.com/engine/server/ai/session_summary.go:65.22,66.9 1 1
github.com/engine/server/ai/session_summary.go:69.2,69.14 1 12
github.com/engine/server/ai/session_summary.go:72.62,77.23 4 8
github.com/engine/server/ai/session_summary.go:77.23,79.3 1 6
github.com/engine/server/ai/session_summary.go:80.2,80.24 1 8
github.com/engine/server/ai/session_summary.go:80.24,82.3 1 5
github.com/engine/server/ai/session_summary.go:83.2,83.37 1 8
github.com/engine/server/ai/session_summary.go:86.56,87.23 1 8
github.com/engine/server/ai/session_summary.go:87.23,89.3 1 1
github.com/engine/server/ai/session_summary.go:90.2,90.107 1 7
github.com/engine/server/ai/session_summary.go:90.107,92.3 1 1
github.com/engine/server/ai/session_summary.go:93.2,94.40 2 6
github.com/engine/server/ai/session_summary.go:94.40,96.3 1 5
github.com/engine/server/ai/session_summary.go:97.2,97.18 1 6
github.com/engine/server/ai/session_summary.go:100.60,103.2 2 1
github.com/engine/server/ai/session_summary.go:105.61,107.2 1 7
github.com/engine/server/ai/session_summary.go:109.114,111.83 2 8
github.com/engine/server/ai/session_summary.go:111.83,113.3 1 6
github.com/engine/server/ai/session_summary.go:113.8,113.94 1 2
github.com/engine/server/ai/session_summary.go:113.94,115.3 1 1
github.com/engine/server/ai/session_summary.go:116.2,116.89 1 8
github.com/engine/server/ai/session_summary.go:116.89,118.3 1 7
github.com/engine/server/ai/session_summary.go:119.2,119.63 1 8
github.com/engine/server/ai/session_summary.go:119.63,121.3 1 2
github.com/engine/server/ai/session_summary.go:122.2,122.78 1 8
github.com/engine/server/ai/test_loop.go:20.99,26.2 1 8
github.com/engine/server/ai/test_loop.go:29.106,30.43 1 3
github.com/engine/server/ai/test_loop.go:30.43,32.3 1 2
github.com/engine/server/ai/test_loop.go:34.2,39.4 1 1
github.com/engine/server/ai/test_loop.go:43.64,44.43 1 7
github.com/engine/server/ai/test_loop.go:44.43,46.3 1 2
github.com/engine/server/ai/test_loop.go:48.2,48.36 1 5
github.com/engine/server/ai/test_loop.go:53.64,54.43 1 5
github.com/engine/server/ai/test_loop.go:54.43,56.3 1 2
github.com/engine/server/ai/test_loop.go:58.2,62.20 3 3
github.com/engine/server/ai/test_loop.go:62.20,64.3 1 3
github.com/engine/server/ai/test_loop.go:65.2,81.27 4 3
github.com/engine/server/ai/test_loop.go:81.27,83.3 1 1
github.com/engine/server/ai/test_loop.go:84.2,85.26 2 3
github.com/engine/server/ai/test_loop.go:85.26,87.3 1 3
github.com/engine/server/ai/test_loop.go:88.2,89.47 2 3
github.com/engine/server/ai/test_loop.go:89.47,91.3 1 2
github.com/engine/server/ai/test_loop.go:92.2,103.15 3 3
github.com/engine/server/ai/test_loop.go:107.62,108.16 1 2
github.com/engine/server/ai/test_loop.go:108.16,110.3 1 1
github.com/engine/server/ai/test_loop.go:111.2,114.51 3 1
github.com/engine/server/ai/test_loop.go:114.51,125.3 1 1
github.com/engine/server/ai/test_loop.go:132.84,133.53 1 3
github.com/engine/server/ai/test_loop.go:133.53,136.52 2 2
github.com/engine/server/ai/test_loop.go:136.52,144.4 1 1
github.com/engine/server/ai/test_loop.go:146.3,146.21 1 2
github.com/engine/server/ai/test_loop.go:146.21,155.62 2 2
github.com/engine/server/ai/test_loop.go:155.62,160.5 1 1
github.com/engine/server/ai/test_loop.go:166.47,168.39 2 2
github.com/engine/server/ai/test_loop.go:168.39,170.3 1 1
github.com/engine/server/ai/test_loop.go:172.2,174.30 3 1
github.com/engine/server/ai/test_loop.go:174.30,177.3 1 1
github.com/engine/server/ai/test_loop.go:178.2,178.15 1 1
github.com/engine/server/ai/test_loop.go:182.87,183.32 1 4
github.com/engine/server/ai/test_loop.go:183.32,190.44 2 3
github.com/engine/server/ai/test_loop.go:190.44,195.4 1 1
github.com/engine/server/ai/test_loop.go:201.111,203.16 2 5
github.com/engine/server/ai/test_loop.go:203.16,205.3 1 1
github.com/engine/server/ai/test_loop.go:206.2,206.44 1 4
github.com/engine/server/ai/test_loop.go:206.44,208.3 1 1
github.com/engine/server/ai/test_loop.go:210.2,211.16 2 3
github.com/engine/server/ai/test_loop.go:211.16,213.3 1 1
github.com/engine/server/ai/test_loop.go:215.2,227.56 2 2
github.com/engine/server/ai/test_loop.go:237.68,239.2 1 2
github.com/engine/server/ai/test_orchestrator.go:19.38,25.2 1 13
github.com/engine/server/ai/test_orchestrator.go:28.46,33.23 3 21
github.com/engine/server/ai/test_orchestrator.go:33.23,35.3 1 7
github.com/engine/server/ai/test_orchestrator.go:38.2,38.25 1 21
github.com/engine/server/ai/test_orchestrator.go:38.25,40.3 1 1
github.com/engine/server/ai/test_orchestrator.go:44.50,52.2 1 8
github.com/engine/server/ai/test_orchestrator.go:64.36,68.43 2 54
github.com/engine/server/ai/test_orchestrator.go:68.43,69.28 1 345
github.com/engine/server/ai/test_orchestrator.go:69.28,71.4 1 10
github.com/engine/server/ai/test_orchestrator.go:75.2,75.39 1 44
github.com/engine/server/ai/test_orchestrator.go:75.39,76.26 1 543
github.com/engine/server/ai/test_orchestrator.go:76.26,78.4 1 22
github.com/engine/server/ai/test_orchestrator.go:82.2,82.40 1 22
github.com/engine/server/ai/test_orchestrator.go:82.40,83.39 1 312
github.com/engine/server/ai/test_orchestrator.go:83.39,85.4 1 6
github.com/engine/server/ai/test_orchestrator.go:87.2,87.14 1 16
github.com/engine/server/ai/test_orchestrator.go:91.38,93.42 2 28
github.com/engine/server/ai/test_orchestrator.go:93.42,94.39 1 72
github.com/engine/server/ai/test_orchestrator.go:94.39,96.4 1 7
github.com/engine/server/ai/test_orchestrator.go:98.2,98.14 1 21
github.com/engine/server/ai/test_orchestrator.go:102.41,103.39 1 7
github.com/engine/server/ai/test_orchestrator.go:103.39,104.26 1 31
github.com/engine/server/ai/test_orchestrator.go:104.26,106.4 1 5
github.com/engine/server/ai/test_orchestrator.go:108.2,108.14 1 2
github.com/engine/server/ai/test_orchestrator.go:113.38,115.23 2 6
github.com/engine/server/ai/test_orchestrator.go:115.23,117.32 2 4
github.com/engine/server/ai/test_orchestrator.go:117.32,119.4 1 6
github.com/engine/server/ai/test_orchestrator.go:120.3,120.14 1 4
github.com/engine/server/ai/test_orchestrator.go:122.2,122.11 1 2
github.com/engine/server/ai/test_orchestrator.go:127.40,129.41 2 16
github.com/engine/server/ai/test_orchestrator.go:129.41,130.27 1 93
github.com/engine/server/ai/test_orchestrator.go:130.27,132.4 1 5
github.com/engine/server/ai/test_orchestrator.go:134.2,134.41 1 11
github.com/engine/server/ai/test_orchestrator.go:134.41,135.27 1 65
github.com/engine/server/ai/test_orchestrator.go:135.27,137.4 1 3
github.com/engine/server/ai/test_orchestrator.go:139.2,139.38 1 8
github.com/engine/server/ai/test_orchestrator.go:139.38,140.27 1 26
github.com/engine/server/ai/test_orchestrator.go:140.27,142.4 1 3
github.com/engine/server/ai/test_orchestrator.go:144.2,144.41 1 5
github.com/engine/server/ai/test_orchestrator.go:144.41,145.27 1 19
github.com/engine/server/ai/test_orchestrator.go:145.27,147.4 1 2
github.com/engine/server/ai/test_orchestrator.go:149.2,149.44 1 3
github.com/engine/server/ai/test_orchestrator.go:149.44,150.27 1 9
github.com/engine/server/ai/test_orchestrator.go:150.27,152.4 1 2
github.com/engine/server/ai/test_orchestrator.go:154.2,154.18 1 1
github.com/engine/server/ai/test_orchestrator.go:268.64,271.44 1 11
github.com/engine/server/ai/test_orchestrator.go:271.44,273.4 1 6
github.com/engine/server/ai/test_orchestrator.go:279.79,290.2 2 6
github.com/engine/server/ai/test_orchestrator.go:303.68,310.29 4 7
github.com/engine/server/ai/test_orchestrator.go:310.29,311.60 1 18
github.com/engine/server/ai/test_orchestrator.go:311.60,314.17 2 2
github.com/engine/server/ai/test_orchestrator.go:314.17,316.5 1 1
github.com/engine/server/ai/test_orchestrator.go:317.4,318.24 2 2
github.com/engine/server/ai/test_orchestrator.go:318.24,320.5 1 1
github.com/engine/server/ai/test_orchestrator.go:321.4,321.33 1 2
github.com/engine/server/ai/test_orchestrator.go:321.33,322.33 1 6
github.com/engine/server/ai/test_orchestrator.go:322.33,324.6 1 6
github.com/engine/server/ai/test_orchestrator.go:326.4,326.9 1 2
github.com/engine/server/ai/test_orchestrator.go:330.2,330.29 1 7
github.com/engine/server/ai/test_orchestrator.go:330.29,333.16 2 5
github.com/engine/server/ai/test_orchestrator.go:333.16,335.4 1 5
github.com/engine/server/ai/test_orchestrator.go:336.3,336.32 1 5
github.com/engine/server/ai/test_orchestrator.go:339.2,339.42 1 7
github.com/engine/server/ai/test_orchestrator.go:350.58,356.2 1 9
github.com/engine/server/ai/test_orchestrator.go:359.52,361.2 1 9
github.com/engine/server/ai/test_orchestrator.go:364.68,367.2 2 4
github.com/engine/server/ai/test_orchestrator.go:370.75,376.26 5 5
github.com/engine/server/ai/test_orchestrator.go:376.26,378.3 1 4
github.com/engine/server/ai/test_orchestrator.go:378.8,380.3 1 1
github.com/engine/server/ai/test_orchestrator.go:382.2,387.24 5 5
github.com/engine/server/ai/test_orchestrator.go:398.56,407.2 2 1
github.com/engine/server/ai/test_orchestrator.go:410.57,417.35 5 2
github.com/engine/server/ai/test_orchestrator.go:417.35,418.69 1 7
github.com/engine/server/ai/test_orchestrator.go:418.69,420.9 2 1
github.com/engine/server/ai/test_orchestrator.go:425.2,426.58 2 2
github.com/engine/server/ai/test_orchestrator.go:426.58,428.3 1 234
github.com/engine/server/ai/test_orchestrator.go:430.2,430.29 1 2
github.com/engine/server/ai/test_orchestrator.go:430.29,432.43 1 36
github.com/engine/server/ai/test_orchestrator.go:432.43,434.4 1 26
github.com/engine/server/ai/test_orchestrator.go:441.2,442.34 2 2
github.com/engine/server/ai/test_orchestrator.go:442.34,443.37 1 26
github.com/engine/server/ai/test_orchestrator.go:443.37,445.4 1 6
github.com/engine/server/ai/test_orchestrator.go:449.2,449.43 1 2
github.com/engine/server/ai/test_orchestrator.go:453.37,463.2 2 32
github.com/engine/server/ai/worktree_session.go:14.58,18.2 3 21
github.com/engine/server/ai/worktree_session.go:20.35,23.2 2 38
github.com/engine/server/ai/worktree_session.go:26.49,29.18 2 13
github.com/engine/server/ai/worktree_session.go:29.18,31.3 1 1
github.com/engine/server/ai/worktree_session.go:32.2,32.45 1 13
github.com/engine/server/ai/worktree_session.go:40.72,44.43 2 8
github.com/engine/server/ai/worktree_session.go:44.43,46.3 1 2
github.com/engine/server/ai/worktree_session.go:49.2,49.68 1 6
github.com/engine/server/ai/worktree_session.go:49.68,52.3 1 1
github.com/engine/server/ai/worktree_session.go:54.2,59.75 3 5
github.com/engine/server/ai/worktree_session.go:59.75,62.3 1 1
github.com/engine/server/ai/worktree_session.go:64.2,64.20 1 4
github.com/engine/server/ai/worktree_session.go:71.75,74.43 2 7
github.com/engine/server/ai/worktree_session.go:74.43,77.3 1 1
github.com/engine/server/ai/worktree_session.go:79.2,81.11 2 6
github.com/engine/server/ai/worktree_session.go:81.11,83.62 2 4
github.com/engine/server/ai/worktree_session.go:83.62,85.4 1 1
github.com/engine/server/ai/worktree_session.go:86.3,87.67 1 3
github.com/engine/server/ai/worktree_session.go:87.67,89.4 1 1
github.com/engine/server/ai/worktree_session.go:92.2,92.63 1 4
github.com/engine/server/ai/worktree_session.go:92.63,94.3 1 1
github.com/engine/server/ai/worktree_session.go:96.2,96.12 1 3
github.com/engine/server/ai/worktree_session.go:100.57,102.2 1 7
