mode: atomic
github.com/engine/server/ai/context.go:55.60,56.22 1 1
github.com/engine/server/ai/context.go:57.16,58.44 1 1
github.com/engine/server/ai/context.go:59.15,60.48 1 0
github.com/engine/server/ai/context.go:61.10,62.72 1 0
github.com/engine/server/ai/context.go:68.67,69.22 1 2
github.com/engine/server/ai/context.go:70.16,71.58 1 2
github.com/engine/server/ai/context.go:72.15,73.44 1 0
github.com/engine/server/ai/context.go:74.10,75.74 1 0
github.com/engine/server/ai/context.go:88.13,90.2 1 1
github.com/engine/server/ai/context.go:96.25,97.6 1 1
github.com/engine/server/ai/context.go:97.6,100.3 2 1
github.com/engine/server/ai/context.go:104.19,109.21 4 2
github.com/engine/server/ai/context.go:109.21,111.3 1 2
github.com/engine/server/ai/context.go:114.2,115.17 2 2
github.com/engine/server/ai/context.go:115.17,117.3 1 1
github.com/engine/server/ai/context.go:119.2,125.16 3 1
github.com/engine/server/ai/context.go:125.16,127.3 1 1
github.com/engine/server/ai/context.go:130.52,132.17 2 28
github.com/engine/server/ai/context.go:132.17,134.3 1 2
github.com/engine/server/ai/context.go:135.2,136.70 1 26
github.com/engine/server/ai/context.go:136.70,138.3 1 11
github.com/engine/server/ai/context.go:139.2,139.40 1 15
github.com/engine/server/ai/context.go:139.40,141.3 1 6
github.com/engine/server/ai/context.go:142.2,142.33 1 9
github.com/engine/server/ai/context.go:142.33,144.3 1 8
github.com/engine/server/ai/context.go:145.2,145.20 1 1
github.com/engine/server/ai/context.go:148.51,149.39 1 22
github.com/engine/server/ai/context.go:149.39,151.3 1 5
github.com/engine/server/ai/context.go:152.2,152.45 1 17
github.com/engine/server/ai/context.go:152.45,153.44 1 120
github.com/engine/server/ai/context.go:153.44,155.4 1 12
github.com/engine/server/ai/context.go:157.2,157.14 1 5
github.com/engine/server/ai/context.go:160.68,161.62 1 24
github.com/engine/server/ai/context.go:162.39,163.62 1 16
github.com/engine/server/ai/context.go:164.18,165.41 1 7
github.com/engine/server/ai/context.go:166.10,167.41 1 1
github.com/engine/server/ai/context.go:171.54,172.18 1 5
github.com/engine/server/ai/context.go:173.16,174.28 1 2
github.com/engine/server/ai/context.go:175.16,176.28 1 1
github.com/engine/server/ai/context.go:177.10,178.31 1 2
github.com/engine/server/ai/context.go:182.54,184.56 2 16
github.com/engine/server/ai/context.go:184.56,186.3 1 1
github.com/engine/server/ai/context.go:187.2,187.44 1 15
github.com/engine/server/ai/context.go:190.43,192.22 2 30
github.com/engine/server/ai/context.go:192.22,194.3 1 2
github.com/engine/server/ai/context.go:195.2,195.9 1 28
github.com/engine/server/ai/context.go:196.61,197.64 1 3
github.com/engine/server/ai/context.go:198.44,199.47 1 3
github.com/engine/server/ai/context.go:200.10,201.20 1 22
github.com/engine/server/ai/context.go:205.47,207.81 2 8
github.com/engine/server/ai/context.go:207.81,209.3 1 3
github.com/engine/server/ai/context.go:210.2,210.80 1 5
github.com/engine/server/ai/context.go:210.80,212.3 1 2
github.com/engine/server/ai/context.go:213.2,213.11 1 3
github.com/engine/server/ai/context.go:216.74,218.16 2 22
github.com/engine/server/ai/context.go:218.16,220.3 1 6
github.com/engine/server/ai/context.go:221.2,223.38 2 16
github.com/engine/server/ai/context.go:223.38,225.3 1 2
github.com/engine/server/ai/context.go:227.2,228.68 2 14
github.com/engine/server/ai/context.go:228.68,230.3 1 1
github.com/engine/server/ai/context.go:231.2,232.29 2 13
github.com/engine/server/ai/context.go:232.29,234.19 2 11
github.com/engine/server/ai/context.go:234.19,235.12 1 1
github.com/engine/server/ai/context.go:237.3,237.79 1 10
github.com/engine/server/ai/context.go:237.79,239.4 1 9
github.com/engine/server/ai/context.go:241.2,241.11 1 4
github.com/engine/server/ai/context.go:272.44,273.23 1 60
github.com/engine/server/ai/context.go:273.23,275.3 1 46
github.com/engine/server/ai/context.go:276.2,276.9 1 14
github.com/engine/server/ai/context.go:277.20,278.14 1 9
github.com/engine/server/ai/context.go:279.10,280.15 1 5
github.com/engine/server/ai/context.go:333.39,335.2 1 42
github.com/engine/server/ai/context.go:337.77,343.2 1 28
github.com/engine/server/ai/context.go:579.57,581.33 2 1
github.com/engine/server/ai/context.go:581.33,583.3 1 28
github.com/engine/server/ai/context.go:584.2,584.10 1 1
github.com/engine/server/ai/context.go:591.39,593.42 2 147
github.com/engine/server/ai/context.go:593.42,594.43 1 441
github.com/engine/server/ai/context.go:594.43,596.4 1 441
github.com/engine/server/ai/context.go:598.2,598.12 1 147
github.com/engine/server/ai/context.go:604.64,615.33 5 5
github.com/engine/server/ai/context.go:615.33,618.27 3 140
github.com/engine/server/ai/context.go:618.27,619.37 1 336
github.com/engine/server/ai/context.go:619.37,621.5 1 39
github.com/engine/server/ai/context.go:623.3,623.16 1 140
github.com/engine/server/ai/context.go:623.16,625.4 1 32
github.com/engine/server/ai/context.go:629.2,629.36 1 5
github.com/engine/server/ai/context.go:629.36,630.67 1 28
github.com/engine/server/ai/context.go:630.67,632.4 1 6
github.com/engine/server/ai/context.go:635.2,635.23 1 5
github.com/engine/server/ai/context.go:635.23,637.3 1 1
github.com/engine/server/ai/context.go:640.2,641.36 2 4
github.com/engine/server/ai/context.go:641.36,643.3 1 18
github.com/engine/server/ai/context.go:644.2,645.28 2 4
github.com/engine/server/ai/context.go:645.28,646.33 1 32
github.com/engine/server/ai/context.go:646.33,650.4 3 23
github.com/engine/server/ai/context.go:653.2,655.28 3 4
github.com/engine/server/ai/context.go:655.28,657.3 1 32
github.com/engine/server/ai/context.go:658.2,658.20 1 4
github.com/engine/server/ai/context.go:658.20,660.3 1 3
github.com/engine/server/ai/context.go:660.8,662.3 1 1
github.com/engine/server/ai/context.go:663.2,663.20 1 4
github.com/engine/server/ai/context.go:667.94,669.2 1 10
github.com/engine/server/ai/context.go:671.101,673.2 1 116
github.com/engine/server/ai/context.go:675.96,676.33 1 126
github.com/engine/server/ai/context.go:676.33,679.3 2 170
github.com/engine/server/ai/context.go:680.2,680.37 1 126
github.com/engine/server/ai/context.go:680.37,683.3 2 3
github.com/engine/server/ai/context.go:684.2,684.35 1 126
github.com/engine/server/ai/context.go:684.35,687.3 2 7
github.com/engine/server/ai/context.go:689.2,689.14 1 126
github.com/engine/server/ai/context.go:690.22,691.54 1 1
github.com/engine/server/ai/context.go:693.19,695.17 2 6
github.com/engine/server/ai/context.go:695.17,697.4 1 4
github.com/engine/server/ai/context.go:698.3,699.17 2 2
github.com/engine/server/ai/context.go:699.17,701.4 1 1
github.com/engine/server/ai/context.go:702.3,702.27 1 1
github.com/engine/server/ai/context.go:704.20,706.17 2 4
github.com/engine/server/ai/context.go:706.17,708.4 1 1
github.com/engine/server/ai/context.go:709.3,709.62 1 3
github.com/engine/server/ai/context.go:709.62,711.4 1 1
github.com/engine/server/ai/context.go:712.3,712.30 1 2
github.com/engine/server/ai/context.go:712.30,714.4 1 1
github.com/engine/server/ai/context.go:715.3,715.40 1 2
github.com/engine/server/ai/context.go:717.24,719.17 2 3
github.com/engine/server/ai/context.go:719.17,721.4 1 1
github.com/engine/server/ai/context.go:722.3,723.17 2 2
github.com/engine/server/ai/context.go:723.17,725.4 1 1
github.com/engine/server/ai/context.go:726.3,726.36 1 1
github.com/engine/server/ai/context.go:728.15,730.102 2 9
github.com/engine/server/ai/context.go:730.102,731.34 1 3
github.com/engine/server/ai/context.go:731.34,733.5 1 1
github.com/engine/server/ai/context.go:734.4,735.18 2 2
github.com/engine/server/ai/context.go:735.18,737.5 1 1
github.com/engine/server/ai/context.go:738.4,738.16 1 1
github.com/engine/server/ai/context.go:738.16,740.5 1 1
github.com/engine/server/ai/context.go:742.3,743.16 2 6
github.com/engine/server/ai/context.go:743.16,745.4 1 5
github.com/engine/server/ai/context.go:746.3,747.17 2 6
github.com/engine/server/ai/context.go:747.17,749.4 1 1
github.com/engine/server/ai/context.go:752.3,753.18 2 5
github.com/engine/server/ai/context.go:753.18,755.4 1 1
github.com/engine/server/ai/context.go:756.3,760.19 5 5
github.com/engine/server/ai/context.go:760.19,762.4 1 2
github.com/engine/server/ai/context.go:763.3,763.32 1 5
github.com/engine/server/ai/context.go:763.32,765.4 1 1
github.com/engine/server/ai/context.go:766.3,766.45 1 5
github.com/engine/server/ai/context.go:768.22,770.16 2 2
github.com/engine/server/ai/context.go:770.16,772.4 1 1
github.com/engine/server/ai/context.go:773.3,774.17 2 2
github.com/engine/server/ai/context.go:774.17,776.4 1 1
github.com/engine/server/ai/context.go:777.3,778.23 2 1
github.com/engine/server/ai/context.go:780.20,783.26 3 1
github.com/engine/server/ai/context.go:785.18,787.21 2 5
github.com/engine/server/ai/context.go:787.21,789.18 2 4
github.com/engine/server/ai/context.go:789.18,791.5 1 2
github.com/engine/server/ai/context.go:792.4,792.31 1 2
github.com/engine/server/ai/context.go:794.3,795.21 2 3
github.com/engine/server/ai/context.go:797.20,799.88 1 6
github.com/engine/server/ai/context.go:799.88,800.53 1 6
github.com/engine/server/ai/context.go:800.53,803.5 2 1
github.com/engine/server/ai/context.go:805.3,805.33 1 5
github.com/engine/server/ai/context.go:805.33,807.4 1 1
github.com/engine/server/ai/context.go:808.3,814.17 2 4
github.com/engine/server/ai/context.go:814.17,816.4 1 1
github.com/engine/server/ai/context.go:817.3,817.15 1 3
github.com/engine/server/ai/context.go:817.15,819.4 1 1
github.com/engine/server/ai/context.go:820.3,821.17 2 2
github.com/engine/server/ai/context.go:821.17,823.4 1 1
github.com/engine/server/ai/context.go:824.3,824.37 1 1
github.com/engine/server/ai/context.go:826.19,828.17 2 3
github.com/engine/server/ai/context.go:828.17,830.4 1 1
github.com/engine/server/ai/context.go:831.3,831.30 1 2
github.com/engine/server/ai/context.go:831.30,833.4 1 1
github.com/engine/server/ai/context.go:834.3,834.34 1 2
github.com/engine/server/ai/context.go:836.25,837.47 1 1
github.com/engine/server/ai/context.go:839.24,840.29 1 6
github.com/engine/server/ai/context.go:840.29,842.4 1 5
github.com/engine/server/ai/context.go:843.3,845.26 3 1
github.com/engine/server/ai/context.go:847.24,848.17 1 5
github.com/engine/server/ai/context.go:848.17,850.4 1 1
github.com/engine/server/ai/context.go:851.3,852.18 2 4
github.com/engine/server/ai/context.go:852.18,854.4 1 1
github.com/engine/server/ai/context.go:855.3,858.29 4 3
github.com/engine/server/ai/context.go:858.29,860.4 1 1
github.com/engine/server/ai/context.go:861.3,863.71 3 3
github.com/engine/server/ai/context.go:865.19,867.17 2 4
github.com/engine/server/ai/context.go:867.17,869.4 1 1
github.com/engine/server/ai/context.go:870.3,871.39 2 3
github.com/engine/server/ai/context.go:871.39,872.40 1 1
github.com/engine/server/ai/context.go:872.40,873.36 1 1
github.com/engine/server/ai/context.go:873.36,875.6 1 1
github.com/engine/server/ai/context.go:878.3,878.30 1 2
github.com/engine/server/ai/context.go:878.30,880.4 1 1
github.com/engine/server/ai/context.go:881.3,881.38 1 2
github.com/engine/server/ai/context.go:883.19,885.17 2 2
github.com/engine/server/ai/context.go:885.17,887.4 1 1
github.com/engine/server/ai/context.go:888.3,888.30 1 1
github.com/engine/server/ai/context.go:888.30,890.4 1 1
github.com/engine/server/ai/context.go:891.3,891.39 1 1
github.com/engine/server/ai/context.go:893.18,900.30 4 2
github.com/engine/server/ai/context.go:900.30,902.4 1 1
github.com/engine/server/ai/context.go:905.3,911.126 2 1
github.com/engine/server/ai/context.go:913.28,917.18 4 5
github.com/engine/server/ai/context.go:917.18,919.4 1 3
github.com/engine/server/ai/context.go:920.3,921.17 2 5
github.com/engine/server/ai/context.go:921.17,923.4 1 2
github.com/engine/server/ai/context.go:924.3,925.17 2 3
github.com/engine/server/ai/context.go:925.17,927.4 1 1
github.com/engine/server/ai/context.go:928.3,929.32 2 2
github.com/engine/server/ai/context.go:929.32,931.35 2 1
github.com/engine/server/ai/context.go:931.35,933.5 1 1
github.com/engine/server/ai/context.go:934.4,934.98 1 1
github.com/engine/server/ai/context.go:936.3,936.20 1 2
github.com/engine/server/ai/context.go:936.20,938.4 1 1
github.com/engine/server/ai/context.go:939.3,939.28 1 1
github.com/engine/server/ai/context.go:941.26,946.15 5 4
github.com/engine/server/ai/context.go:946.15,948.4 1 1
github.com/engine/server/ai/context.go:949.3,950.17 2 3
github.com/engine/server/ai/context.go:950.17,952.4 1 1
github.com/engine/server/ai/context.go:953.3,954.17 2 2
github.com/engine/server/ai/context.go:954.17,956.4 1 1
github.com/engine/server/ai/context.go:957.3,957.132 1 1
github.com/engine/server/ai/context.go:959.28,965.15 6 4
github.com/engine/server/ai/context.go:965.15,967.4 1 1
github.com/engine/server/ai/context.go:968.3,969.17 2 3
github.com/engine/server/ai/context.go:969.17,971.4 1 1
github.com/engine/server/ai/context.go:972.3,972.57 1 2
github.com/engine/server/ai/context.go:972.57,974.4 1 1
github.com/engine/server/ai/context.go:975.3,975.53 1 1
github.com/engine/server/ai/context.go:977.29,982.18 5 4
github.com/engine/server/ai/context.go:982.18,984.4 1 1
github.com/engine/server/ai/context.go:985.3,986.17 2 3
github.com/engine/server/ai/context.go:986.17,988.4 1 1
github.com/engine/server/ai/context.go:989.3,990.17 2 2
github.com/engine/server/ai/context.go:990.17,992.4 1 1
github.com/engine/server/ai/context.go:993.3,993.93 1 1
github.com/engine/server/ai/context.go:995.24,1001.29 6 6
github.com/engine/server/ai/context.go:1001.29,1003.4 1 2
github.com/engine/server/ai/context.go:1004.3,1005.17 2 4
github.com/engine/server/ai/context.go:1005.17,1007.4 1 2
github.com/engine/server/ai/context.go:1008.3,1009.17 2 2
github.com/engine/server/ai/context.go:1009.17,1011.4 1 1
github.com/engine/server/ai/context.go:1012.3,1012.66 1 1
github.com/engine/server/ai/context.go:1014.18,1015.33 1 7
github.com/engine/server/ai/context.go:1015.33,1017.4 1 2
github.com/engine/server/ai/context.go:1018.3,1020.19 3 5
github.com/engine/server/ai/context.go:1020.19,1022.4 1 3
github.com/engine/server/ai/context.go:1023.3,1029.17 2 5
github.com/engine/server/ai/context.go:1029.17,1031.4 1 1
github.com/engine/server/ai/context.go:1032.3,1032.15 1 4
github.com/engine/server/ai/context.go:1032.15,1034.4 1 1
github.com/engine/server/ai/context.go:1035.3,1036.21 2 3
github.com/engine/server/ai/context.go:1036.21,1038.4 1 2
github.com/engine/server/ai/context.go:1039.3,1039.20 1 1
github.com/engine/server/ai/context.go:1041.18,1043.21 2 4
github.com/engine/server/ai/context.go:1043.21,1045.4 1 3
github.com/engine/server/ai/context.go:1046.3,1046.20 1 1
github.com/engine/server/ai/context.go:1048.20,1051.17 3 4
github.com/engine/server/ai/context.go:1051.17,1053.24 2 2
github.com/engine/server/ai/context.go:1053.24,1055.5 1 1
github.com/engine/server/ai/context.go:1056.4,1056.46 1 1
github.com/engine/server/ai/context.go:1058.3,1059.23 2 2
github.com/engine/server/ai/context.go:1059.23,1061.4 1 1
github.com/engine/server/ai/context.go:1062.3,1062.20 1 1
github.com/engine/server/ai/context.go:1064.22,1067.21 3 5
github.com/engine/server/ai/context.go:1067.21,1069.4 1 1
github.com/engine/server/ai/context.go:1070.3,1072.27 3 4
github.com/engine/server/ai/context.go:1072.27,1074.69 2 960
github.com/engine/server/ai/context.go:1074.69,1075.13 1 839
github.com/engine/server/ai/context.go:1077.4,1080.22 4 121
github.com/engine/server/ai/context.go:1080.22,1082.5 1 23
github.com/engine/server/ai/context.go:1083.4,1086.19 3 121
github.com/engine/server/ai/context.go:1086.19,1088.10 2 2
github.com/engine/server/ai/context.go:1091.3,1091.20 1 4
github.com/engine/server/ai/context.go:1091.20,1093.4 1 1
github.com/engine/server/ai/context.go:1094.3,1094.28 1 3
github.com/engine/server/ai/context.go:1096.22,1097.33 1 10
github.com/engine/server/ai/context.go:1097.33,1099.4 1 2
github.com/engine/server/ai/context.go:1100.3,1102.15 3 8
github.com/engine/server/ai/context.go:1102.15,1104.4 1 1
github.com/engine/server/ai/context.go:1105.3,1106.21 2 7
github.com/engine/server/ai/context.go:1106.21,1108.4 1 2
github.com/engine/server/ai/context.go:1109.3,1111.19 3 5
github.com/engine/server/ai/context.go:1111.19,1113.4 1 2
github.com/engine/server/ai/context.go:1114.3,1120.17 2 5
github.com/engine/server/ai/context.go:1120.17,1122.4 1 1
github.com/engine/server/ai/context.go:1123.3,1123.15 1 4
github.com/engine/server/ai/context.go:1123.15,1125.4 1 2
github.com/engine/server/ai/context.go:1126.3,1126.23 1 2
github.com/engine/server/ai/context.go:1126.23,1127.35 1 1
github.com/engine/server/ai/context.go:1127.35,1129.5 1 0
github.com/engine/server/ai/context.go:1130.9,1131.40 1 1
github.com/engine/server/ai/context.go:1131.40,1133.5 1 0
github.com/engine/server/ai/context.go:1135.3,1135.80 1 2
github.com/engine/server/ai/context.go:1137.18,1139.19 2 5
github.com/engine/server/ai/context.go:1139.19,1141.4 1 1
github.com/engine/server/ai/context.go:1142.3,1143.18 2 4
github.com/engine/server/ai/context.go:1143.18,1145.4 1 1
github.com/engine/server/ai/context.go:1146.3,1146.40 1 3
github.com/engine/server/ai/context.go:1146.40,1148.4 1 1
github.com/engine/server/ai/context.go:1149.3,1149.36 1 2
github.com/engine/server/ai/context.go:1151.20,1153.20 2 4
github.com/engine/server/ai/context.go:1153.20,1155.4 1 1
github.com/engine/server/ai/context.go:1156.3,1157.20 2 4
github.com/engine/server/ai/context.go:1157.20,1159.4 1 1
github.com/engine/server/ai/context.go:1160.3,1160.59 1 3
github.com/engine/server/ai/context.go:1160.59,1162.4 1 1
github.com/engine/server/ai/context.go:1163.3,1163.47 1 2
github.com/engine/server/ai/context.go:1165.10,1166.39 1 4
github.com/engine/server/ai/context.go:1171.47,1174.48 2 2
github.com/engine/server/ai/context.go:1174.48,1177.3 1 2
github.com/engine/server/ai/context.go:1179.2,1179.88 1 2
github.com/engine/server/ai/context.go:1179.88,1181.3 1 2
github.com/engine/server/ai/context.go:1183.2,1183.52 1 2
github.com/engine/server/ai/context.go:1183.52,1186.3 1 2
github.com/engine/server/ai/context.go:1188.2,1190.39 2 2
github.com/engine/server/ai/context.go:1193.56,1196.30 3 11
github.com/engine/server/ai/context.go:1196.30,1198.3 1 5
github.com/engine/server/ai/context.go:1199.2,1200.38 2 11
github.com/engine/server/ai/context.go:1200.38,1202.3 1 7
github.com/engine/server/ai/context.go:1203.2,1203.15 1 11
github.com/engine/server/ai/context.go:1207.49,1212.41 5 9
github.com/engine/server/ai/context.go:1212.41,1214.3 1 2
github.com/engine/server/ai/context.go:1215.2,1215.17 1 9
github.com/engine/server/ai/context.go:1215.17,1217.3 1 2
github.com/engine/server/ai/context.go:1219.2,1219.69 1 9
github.com/engine/server/ai/context.go:1219.69,1222.3 2 1
github.com/engine/server/ai/context.go:1223.2,1223.63 1 8
github.com/engine/server/ai/context.go:1223.63,1226.3 2 1
github.com/engine/server/ai/context.go:1229.2,1230.90 2 7
github.com/engine/server/ai/context.go:1230.90,1233.3 2 1
github.com/engine/server/ai/context.go:1234.2,1234.33 1 6
github.com/engine/server/ai/context.go:1234.33,1235.95 1 1
github.com/engine/server/ai/context.go:1235.95,1237.4 1 1
github.com/engine/server/ai/context.go:1240.2,1243.28 4 6
github.com/engine/server/ai/context.go:1243.28,1245.3 1 1
github.com/engine/server/ai/context.go:1246.2,1256.22 5 6
github.com/engine/server/ai/context.go:1256.22,1258.3 1 6
github.com/engine/server/ai/context.go:1259.2,1259.27 1 6
github.com/engine/server/ai/context.go:1259.27,1261.3 1 6
github.com/engine/server/ai/context.go:1264.2,1273.35 4 6
github.com/engine/server/ai/context.go:1273.35,1275.3 1 6
github.com/engine/server/ai/context.go:1276.2,1305.37 6 6
github.com/engine/server/ai/context.go:1305.37,1307.3 1 1
github.com/engine/server/ai/context.go:1308.2,1316.27 4 6
github.com/engine/server/ai/context.go:1316.27,1318.3 1 1
github.com/engine/server/ai/context.go:1319.2,1328.57 4 6
github.com/engine/server/ai/context.go:1328.57,1329.21 1 6
github.com/engine/server/ai/context.go:1329.21,1331.4 1 2
github.com/engine/server/ai/context.go:1332.3,1332.25 1 4
github.com/engine/server/ai/context.go:1333.69,1335.34 2 6
github.com/engine/server/ai/context.go:1335.34,1336.96 1 1
github.com/engine/server/ai/context.go:1336.96,1338.5 1 1
github.com/engine/server/ai/context.go:1341.2,1341.23 1 6
github.com/engine/server/ai/context.go:1352.3,1354.6 2 12
github.com/engine/server/ai/context.go:1354.6,1355.24 1 15
github.com/engine/server/ai/context.go:1355.24,1357.4 1 3
github.com/engine/server/ai/context.go:1359.3,1360.25 2 12
github.com/engine/server/ai/context.go:1360.25,1362.4 1 1
github.com/engine/server/ai/context.go:1364.3,1376.53 5 12
github.com/engine/server/ai/context.go:1376.53,1377.19 1 14
github.com/engine/server/ai/context.go:1377.19,1379.12 2 2
github.com/engine/server/ai/context.go:1380.23,1381.12 1 1
github.com/engine/server/ai/context.go:1382.29,1382.29 0 1
github.com/engine/server/ai/context.go:1385.4,1386.22 2 13
github.com/engine/server/ai/context.go:1386.22,1387.10 1 10
github.com/engine/server/ai/context.go:1390.4,1393.20 3 3
github.com/engine/server/ai/context.go:1393.20,1394.10 1 1
github.com/engine/server/ai/context.go:1397.3,1397.21 1 11
github.com/engine/server/ai/context.go:1397.21,1400.4 2 1
github.com/engine/server/ai/context.go:1402.3,1404.31 2 10
github.com/engine/server/ai/context.go:1404.31,1405.9 1 6
github.com/engine/server/ai/context.go:1408.3,1409.40 2 4
github.com/engine/server/ai/context.go:1409.40,1410.32 1 5
github.com/engine/server/ai/context.go:1410.32,1411.13 1 1
github.com/engine/server/ai/context.go:1413.4,1414.23 2 4
github.com/engine/server/ai/context.go:1414.23,1416.5 1 1
github.com/engine/server/ai/context.go:1418.4,1418.29 1 4
github.com/engine/server/ai/context.go:1418.29,1419.70 1 3
github.com/engine/server/ai/context.go:1419.70,1433.14 7 1
github.com/engine/server/ai/context.go:1437.4,1443.29 5 3
github.com/engine/server/ai/context.go:1443.29,1445.5 1 2
github.com/engine/server/ai/context.go:1447.4,1458.6 4 3
github.com/engine/server/ai/context.go:1461.3,1463.24 2 4
github.com/engine/server/ai/context.go:1463.24,1465.4 1 1
github.com/engine/server/ai/context.go:1475.35,1484.16 7 16
github.com/engine/server/ai/context.go:1484.16,1486.3 1 1
github.com/engine/server/ai/context.go:1487.2,1489.28 2 15
github.com/engine/server/ai/context.go:1489.28,1493.3 3 3
github.com/engine/server/ai/context.go:1495.2,1504.21 4 12
github.com/engine/server/ai/context.go:1504.21,1506.41 2 79
github.com/engine/server/ai/context.go:1506.41,1507.12 1 16
github.com/engine/server/ai/context.go:1509.3,1510.23 2 63
github.com/engine/server/ai/context.go:1510.23,1511.9 1 12
github.com/engine/server/ai/context.go:1514.3,1515.62 2 51
github.com/engine/server/ai/context.go:1515.62,1516.12 1 2
github.com/engine/server/ai/context.go:1519.3,1519.24 1 49
github.com/engine/server/ai/context.go:1520.30,1522.17 2 13
github.com/engine/server/ai/context.go:1522.17,1523.13 1 1
github.com/engine/server/ai/context.go:1525.4,1525.22 1 12
github.com/engine/server/ai/context.go:1526.16,1527.20 1 7
github.com/engine/server/ai/context.go:1528.20,1531.66 3 5
github.com/engine/server/ai/context.go:1534.30,1536.20 2 12
github.com/engine/server/ai/context.go:1536.20,1537.13 1 1
github.com/engine/server/ai/context.go:1539.4,1539.25 1 11
github.com/engine/server/ai/context.go:1540.22,1544.29 4 7
github.com/engine/server/ai/context.go:1545.28,1546.23 1 4
github.com/engine/server/ai/context.go:1546.23,1550.6 3 4
github.com/engine/server/ai/context.go:1553.29,1554.22 1 12
github.com/engine/server/ai/context.go:1554.22,1557.23 2 5
github.com/engine/server/ai/context.go:1557.23,1559.6 1 1
github.com/engine/server/ai/context.go:1560.5,1564.18 5 5
github.com/engine/server/ai/context.go:1565.10,1565.32 1 7
github.com/engine/server/ai/context.go:1565.32,1568.5 2 7
github.com/engine/server/ai/context.go:1570.24,1572.18 2 1
github.com/engine/server/ai/context.go:1572.18,1574.41 2 1
github.com/engine/server/ai/context.go:1574.41,1575.31 1 1
github.com/engine/server/ai/context.go:1575.31,1575.84 2 1
github.com/engine/server/ai/context.go:1576.6,1576.32 1 1
github.com/engine/server/ai/context.go:1576.32,1576.86 2 1
github.com/engine/server/ai/context.go:1577.6,1577.39 1 1
github.com/engine/server/ai/context.go:1581.24,1583.17 2 11
github.com/engine/server/ai/context.go:1583.17,1584.49 1 11
github.com/engine/server/ai/context.go:1584.49,1586.6 1 11
github.com/engine/server/ai/context.go:1591.2,1591.42 1 12
github.com/engine/server/ai/context.go:1595.21,1597.2 1 56
github.com/engine/server/ai/context.go:1628.56,1630.24 2 50
github.com/engine/server/ai/context.go:1630.24,1639.3 1 150
github.com/engine/server/ai/context.go:1640.2,1640.12 1 50
github.com/engine/server/ai/context.go:1652.3,1656.30 2 23
github.com/engine/server/ai/context.go:1656.30,1658.22 2 8
github.com/engine/server/ai/context.go:1658.22,1660.4 1 8
github.com/engine/server/ai/context.go:1663.2,1664.28 2 23
github.com/engine/server/ai/context.go:1664.28,1667.3 2 72
github.com/engine/server/ai/context.go:1669.2,1671.6 2 23
github.com/engine/server/ai/context.go:1671.6,1672.24 1 30
github.com/engine/server/ai/context.go:1672.24,1674.4 1 3
github.com/engine/server/ai/context.go:1677.3,1680.25 3 27
github.com/engine/server/ai/context.go:1680.25,1682.4 1 1
github.com/engine/server/ai/context.go:1684.3,1694.17 4 27
github.com/engine/server/ai/context.go:1694.17,1697.4 2 1
github.com/engine/server/ai/context.go:1698.3,1699.23 2 26
github.com/engine/server/ai/context.go:1699.23,1701.4 1 18
github.com/engine/server/ai/context.go:1703.3,1704.17 2 26
github.com/engine/server/ai/context.go:1704.17,1707.4 2 2
github.com/engine/server/ai/context.go:1708.3,1710.29 2 24
github.com/engine/server/ai/context.go:1710.29,1715.4 4 2
github.com/engine/server/ai/context.go:1718.3,1730.22 7 22
github.com/engine/server/ai/context.go:1730.22,1732.42 2 99
github.com/engine/server/ai/context.go:1732.42,1733.13 1 32
github.com/engine/server/ai/context.go:1735.4,1736.24 2 67
github.com/engine/server/ai/context.go:1736.24,1737.10 1 21
github.com/engine/server/ai/context.go:1739.4,1740.63 2 46
github.com/engine/server/ai/context.go:1740.63,1741.13 1 1
github.com/engine/server/ai/context.go:1743.4,1744.25 2 45
github.com/engine/server/ai/context.go:1744.25,1745.13 1 1
github.com/engine/server/ai/context.go:1747.4,1748.66 2 44
github.com/engine/server/ai/context.go:1748.66,1750.5 1 21
github.com/engine/server/ai/context.go:1751.4,1752.20 2 44
github.com/engine/server/ai/context.go:1752.20,1753.13 1 1
github.com/engine/server/ai/context.go:1755.4,1755.63 1 43
github.com/engine/server/ai/context.go:1755.63,1759.5 3 13
github.com/engine/server/ai/context.go:1760.4,1760.58 1 43
github.com/engine/server/ai/context.go:1760.58,1761.31 1 8
github.com/engine/server/ai/context.go:1761.31,1763.19 2 9
github.com/engine/server/ai/context.go:1763.19,1764.15 1 1
github.com/engine/server/ai/context.go:1766.6,1766.32 1 8
github.com/engine/server/ai/context.go:1766.32,1766.75 2 8
github.com/engine/server/ai/context.go:1767.6,1767.33 1 8
github.com/engine/server/ai/context.go:1767.33,1769.7 1 8
github.com/engine/server/ai/context.go:1770.6,1771.53 2 8
github.com/engine/server/ai/context.go:1771.53,1773.7 1 7
github.com/engine/server/ai/context.go:1774.6,1774.63 1 8
github.com/engine/server/ai/context.go:1774.63,1775.60 1 8
github.com/engine/server/ai/context.go:1775.60,1777.8 1 8
github.com/engine/server/ai/context.go:1778.7,1778.51 1 8
github.com/engine/server/ai/context.go:1778.51,1780.8 1 8
github.com/engine/server/ai/context.go:1785.3,1785.39 1 22
github.com/engine/server/ai/context.go:1785.39,1788.4 2 1
github.com/engine/server/ai/context.go:1791.3,1791.27 1 21
github.com/engine/server/ai/context.go:1791.27,1794.35 1 8
github.com/engine/server/ai/context.go:1794.35,1795.34 1 8
github.com/engine/server/ai/context.go:1795.34,1797.5 1 1
github.com/engine/server/ai/context.go:1800.3,1809.35 3 8
github.com/engine/server/ai/context.go:1809.35,1818.4 1 8
github.com/engine/server/ai/context.go:1819.3,1819.77 1 8
github.com/engine/server/ai/context.go:1820.9,1820.31 1 13
github.com/engine/server/ai/context.go:1820.31,1822.4 1 13
github.com/engine/server/ai/context.go:1824.3,1824.60 1 21
github.com/engine/server/ai/context.go:1824.60,1825.9 1 13
github.com/engine/server/ai/context.go:1831.3,1831.41 1 8
github.com/engine/server/ai/context.go:1831.41,1833.18 2 8
github.com/engine/server/ai/context.go:1833.18,1834.13 1 2
github.com/engine/server/ai/context.go:1837.4,1839.42 3 6
github.com/engine/server/ai/context.go:1839.42,1841.5 1 1
github.com/engine/server/ai/context.go:1842.4,1842.88 1 6
github.com/engine/server/ai/context.go:1842.88,1848.13 5 1
github.com/engine/server/ai/context.go:1851.4,1867.6 8 5
github.com/engine/server/ai/context.go:1870.3,1870.24 1 8
github.com/engine/server/ai/context.go:1870.24,1872.4 1 1
github.com/engine/server/ai/harness.go:36.72,38.44 2 9
github.com/engine/server/ai/harness.go:38.44,39.39 1 49
github.com/engine/server/ai/harness.go:39.39,41.4 1 7
github.com/engine/server/ai/harness.go:43.2,43.10 1 2
github.com/engine/server/ai/harness.go:63.73,74.2 4 5
github.com/engine/server/ai/harness.go:77.82,80.30 3 4
github.com/engine/server/ai/harness.go:80.30,84.3 3 4
github.com/engine/server/ai/harness.go:85.2,85.8 1 4
github.com/engine/server/ai/harness.go:89.41,91.25 2 2
github.com/engine/server/ai/harness.go:91.25,93.3 1 1
github.com/engine/server/ai/harness.go:94.2,94.90 1 1
github.com/engine/server/ai/harness.go:106.44,112.2 1 9
github.com/engine/server/ai/harness.go:116.46,118.22 2 7
github.com/engine/server/ai/harness.go:118.22,120.3 1 1
github.com/engine/server/ai/harness.go:121.2,121.12 1 7
github.com/engine/server/ai/harness.go:138.42,143.2 1 20
github.com/engine/server/ai/harness.go:147.64,150.29 3 7
github.com/engine/server/ai/harness.go:150.29,152.3 1 2
github.com/engine/server/ai/harness.go:153.2,153.17 1 5
github.com/engine/server/ai/harness.go:159.92,162.13 3 15
github.com/engine/server/ai/harness.go:162.13,164.67 2 13
github.com/engine/server/ai/harness.go:164.67,166.21 2 5
github.com/engine/server/ai/harness.go:166.21,168.5 1 2
github.com/engine/server/ai/harness.go:170.8,173.3 1 2
github.com/engine/server/ai/harness.go:177.51,182.2 4 1
github.com/engine/server/ai/harness.go:185.53,189.34 4 1
github.com/engine/server/ai/harness.go:189.34,191.3 1 1
github.com/engine/server/ai/harness.go:192.2,192.12 1 1
github.com/engine/server/ai/harness.go:207.46,209.2 1 1
github.com/engine/server/ai/harness.go:213.34,215.2 1 39
github.com/engine/server/ai/harness.go:218.71,220.29 2 16
github.com/engine/server/ai/harness.go:220.29,222.47 1 35
github.com/engine/server/ai/harness.go:222.47,224.4 1 34
github.com/engine/server/ai/harness.go:224.9,224.65 1 1
github.com/engine/server/ai/harness.go:224.65,225.40 1 1
github.com/engine/server/ai/harness.go:225.40,228.5 2 1
github.com/engine/server/ai/harness.go:230.3,230.13 1 35
github.com/engine/server/ai/harness.go:232.2,232.14 1 16
github.com/engine/server/ai/harness.go:238.106,239.6 1 8
github.com/engine/server/ai/harness.go:239.6,241.26 2 12
github.com/engine/server/ai/harness.go:241.26,243.4 1 7
github.com/engine/server/ai/harness.go:245.3,246.30 2 5
github.com/engine/server/ai/harness.go:246.30,247.26 1 7
github.com/engine/server/ai/harness.go:247.26,250.10 3 4
github.com/engine/server/ai/harness.go:253.3,253.15 1 5
github.com/engine/server/ai/harness.go:253.15,256.4 1 1
github.com/engine/server/ai/history_context.go:86.91,88.2 1 1
github.com/engine/server/ai/history_context.go:95.28,96.23 1 12
github.com/engine/server/ai/history_context.go:96.23,100.3 1 1
github.com/engine/server/ai/history_context.go:102.2,103.21 2 11
github.com/engine/server/ai/history_context.go:103.21,107.3 1 6
github.com/engine/server/ai/history_context.go:109.2,110.79 2 5
github.com/engine/server/ai/history_context.go:110.79,116.15 6 292
github.com/engine/server/ai/history_context.go:116.15,118.4 1 26
github.com/engine/server/ai/history_context.go:119.3,129.4 1 292
github.com/engine/server/ai/history_context.go:132.2,133.42 2 5
github.com/engine/server/ai/history_context.go:133.42,135.28 2 1
github.com/engine/server/ai/history_context.go:135.28,137.4 1 2
github.com/engine/server/ai/history_context.go:138.8,142.57 4 4
github.com/engine/server/ai/history_context.go:142.57,144.4 1 24
github.com/engine/server/ai/history_context.go:146.3,147.48 2 4
github.com/engine/server/ai/history_context.go:147.48,149.4 1 234
github.com/engine/server/ai/history_context.go:150.3,150.52 1 4
github.com/engine/server/ai/history_context.go:150.52,151.50 1 2124
github.com/engine/server/ai/history_context.go:151.50,153.5 1 2098
github.com/engine/server/ai/history_context.go:154.4,154.52 1 26
github.com/engine/server/ai/history_context.go:157.3,158.40 2 4
github.com/engine/server/ai/history_context.go:158.40,159.22 1 36
github.com/engine/server/ai/history_context.go:159.22,160.10 1 4
github.com/engine/server/ai/history_context.go:162.4,163.15 2 32
github.com/engine/server/ai/history_context.go:166.3,166.28 1 4
github.com/engine/server/ai/history_context.go:166.28,167.44 1 258
github.com/engine/server/ai/history_context.go:167.44,168.13 1 202
github.com/engine/server/ai/history_context.go:170.4,170.76 1 56
github.com/engine/server/ai/history_context.go:174.2,176.41 3 5
github.com/engine/server/ai/history_context.go:176.41,183.3 3 58
github.com/engine/server/ai/history_context.go:184.2,189.3 2 5
github.com/engine/server/ai/history_context.go:197.10,199.2 1 1
github.com/engine/server/ai/history_context.go:207.26,211.62 3 8
github.com/engine/server/ai/history_context.go:211.62,218.3 1 2
github.com/engine/server/ai/history_context.go:220.2,220.86 1 8
github.com/engine/server/ai/history_context.go:220.86,227.3 1 7
github.com/engine/server/ai/history_context.go:229.2,229.64 1 8
github.com/engine/server/ai/history_context.go:229.64,236.3 1 1
github.com/engine/server/ai/history_context.go:238.2,239.40 2 8
github.com/engine/server/ai/history_context.go:239.40,246.3 1 5
github.com/engine/server/ai/history_context.go:248.2,248.22 1 8
github.com/engine/server/ai/history_context.go:248.22,250.3 1 1
github.com/engine/server/ai/history_context.go:252.2,253.49 2 7
github.com/engine/server/ai/history_context.go:253.49,255.3 1 11
github.com/engine/server/ai/history_context.go:257.2,262.15 2 7
github.com/engine/server/ai/history_context.go:272.31,274.2 1 1
github.com/engine/server/ai/history_context.go:284.31,285.16 1 21
github.com/engine/server/ai/history_context.go:285.16,287.3 1 3
github.com/engine/server/ai/history_context.go:288.2,288.41 1 21
github.com/engine/server/ai/history_context.go:288.41,290.3 1 1
github.com/engine/server/ai/history_context.go:292.2,299.17 7 21
github.com/engine/server/ai/history_context.go:299.17,301.3 1 3
github.com/engine/server/ai/history_context.go:303.2,304.42 2 21
github.com/engine/server/ai/history_context.go:304.42,305.70 1 225
github.com/engine/server/ai/history_context.go:305.70,306.12 1 1
github.com/engine/server/ai/history_context.go:308.3,311.44 4 224
github.com/engine/server/ai/history_context.go:311.44,313.4 1 213
github.com/engine/server/ai/history_context.go:314.3,314.19 1 224
github.com/engine/server/ai/history_context.go:314.19,315.12 1 2
github.com/engine/server/ai/history_context.go:317.3,328.5 1 222
github.com/engine/server/ai/history_context.go:331.2,331.43 1 21
github.com/engine/server/ai/history_context.go:331.43,332.70 1 6
github.com/engine/server/ai/history_context.go:332.70,333.12 1 1
github.com/engine/server/ai/history_context.go:335.3,338.44 4 5
github.com/engine/server/ai/history_context.go:338.44,340.4 1 2
github.com/engine/server/ai/history_context.go:341.3,341.19 1 5
github.com/engine/server/ai/history_context.go:341.19,342.12 1 3
github.com/engine/server/ai/history_context.go:344.3,354.5 1 2
github.com/engine/server/ai/history_context.go:357.2,357.44 1 21
github.com/engine/server/ai/history_context.go:357.44,358.71 1 7
github.com/engine/server/ai/history_context.go:358.71,359.12 1 1
github.com/engine/server/ai/history_context.go:361.3,370.45 5 6
github.com/engine/server/ai/history_context.go:370.45,372.4 1 2
github.com/engine/server/ai/history_context.go:373.3,373.19 1 6
github.com/engine/server/ai/history_context.go:373.19,374.12 1 1
github.com/engine/server/ai/history_context.go:376.3,386.5 1 5
github.com/engine/server/ai/history_context.go:389.2,389.48 1 21
github.com/engine/server/ai/history_context.go:389.48,390.73 1 6
github.com/engine/server/ai/history_context.go:390.73,391.12 1 1
github.com/engine/server/ai/history_context.go:393.3,394.56 2 5
github.com/engine/server/ai/history_context.go:394.56,396.4 1 3
github.com/engine/server/ai/history_context.go:397.3,406.31 5 5
github.com/engine/server/ai/history_context.go:406.31,408.4 1 3
github.com/engine/server/ai/history_context.go:409.3,409.28 1 5
github.com/engine/server/ai/history_context.go:409.28,411.4 1 3
github.com/engine/server/ai/history_context.go:412.3,412.47 1 5
github.com/engine/server/ai/history_context.go:412.47,414.4 1 1
github.com/engine/server/ai/history_context.go:415.3,415.19 1 5
github.com/engine/server/ai/history_context.go:415.19,416.12 1 2
github.com/engine/server/ai/history_context.go:418.3,428.5 1 3
github.com/engine/server/ai/history_context.go:431.2,431.45 1 21
github.com/engine/server/ai/history_context.go:431.45,432.37 1 306
github.com/engine/server/ai/history_context.go:432.37,434.4 1 252
github.com/engine/server/ai/history_context.go:435.3,435.39 1 54
github.com/engine/server/ai/history_context.go:438.2,440.27 3 21
github.com/engine/server/ai/history_context.go:440.27,442.29 2 33
github.com/engine/server/ai/history_context.go:442.29,443.12 1 4
github.com/engine/server/ai/history_context.go:445.3,447.28 3 29
github.com/engine/server/ai/history_context.go:447.28,448.9 1 6
github.com/engine/server/ai/history_context.go:452.2,453.29 2 21
github.com/engine/server/ai/history_context.go:453.29,455.3 1 29
github.com/engine/server/ai/history_context.go:457.2,457.21 1 21
github.com/engine/server/ai/history_context.go:460.104,461.20 1 7
github.com/engine/server/ai/history_context.go:461.20,463.3 1 4
github.com/engine/server/ai/history_context.go:465.2,467.31 3 3
github.com/engine/server/ai/history_context.go:467.31,469.40 2 3
github.com/engine/server/ai/history_context.go:469.40,471.4 1 1
github.com/engine/server/ai/history_context.go:472.3,473.17 2 3
github.com/engine/server/ai/history_context.go:473.17,475.4 1 1
github.com/engine/server/ai/history_context.go:476.3,484.5 1 3
github.com/engine/server/ai/history_context.go:486.2,486.44 1 3
github.com/engine/server/ai/history_context.go:494.22,497.2 2 10
github.com/engine/server/ai/history_context.go:505.26,510.46 4 9
github.com/engine/server/ai/history_context.go:510.46,511.28 1 16
github.com/engine/server/ai/history_context.go:511.28,512.12 1 1
github.com/engine/server/ai/history_context.go:514.3,525.5 1 15
github.com/engine/server/ai/history_context.go:528.2,528.45 1 9
github.com/engine/server/ai/history_context.go:528.45,529.24 1 13
github.com/engine/server/ai/history_context.go:529.24,530.12 1 1
github.com/engine/server/ai/history_context.go:532.3,543.5 1 12
github.com/engine/server/ai/history_context.go:546.2,546.48 1 9
github.com/engine/server/ai/history_context.go:546.48,548.22 2 9
github.com/engine/server/ai/history_context.go:548.22,549.12 1 1
github.com/engine/server/ai/history_context.go:551.3,562.5 1 8
github.com/engine/server/ai/history_context.go:565.2,565.18 1 9
github.com/engine/server/ai/history_context.go:573.22,578.37 4 13
github.com/engine/server/ai/history_context.go:578.37,579.50 1 4
github.com/engine/server/ai/history_context.go:579.50,580.12 1 1
github.com/engine/server/ai/history_context.go:583.3,584.45 2 3
github.com/engine/server/ai/history_context.go:584.45,586.4 1 1
github.com/engine/server/ai/history_context.go:587.3,591.38 1 3
github.com/engine/server/ai/history_context.go:591.38,593.4 1 1
github.com/engine/server/ai/history_context.go:594.3,594.17 1 3
github.com/engine/server/ai/history_context.go:594.17,595.12 1 1
github.com/engine/server/ai/history_context.go:598.3,599.48 2 2
github.com/engine/server/ai/history_context.go:599.48,601.4 1 1
github.com/engine/server/ai/history_context.go:604.2,604.19 1 13
github.com/engine/server/ai/history_context.go:604.19,606.3 1 12
github.com/engine/server/ai/history_context.go:608.2,609.37 2 1
github.com/engine/server/ai/history_context.go:609.37,611.3 1 2
github.com/engine/server/ai/history_context.go:612.2,612.16 1 1
github.com/engine/server/ai/history_context.go:615.65,616.22 1 19
github.com/engine/server/ai/history_context.go:616.22,618.3 1 2
github.com/engine/server/ai/history_context.go:620.2,624.31 4 17
github.com/engine/server/ai/history_context.go:624.31,625.21 1 31
github.com/engine/server/ai/history_context.go:625.21,626.9 1 1
github.com/engine/server/ai/history_context.go:629.3,630.22 2 30
github.com/engine/server/ai/history_context.go:630.22,631.9 1 5
github.com/engine/server/ai/history_context.go:633.3,635.29 3 25
github.com/engine/server/ai/history_context.go:635.29,637.4 1 2
github.com/engine/server/ai/history_context.go:638.3,639.57 2 25
github.com/engine/server/ai/history_context.go:642.2,642.25 1 17
github.com/engine/server/ai/history_context.go:645.49,647.31 2 48
github.com/engine/server/ai/history_context.go:647.31,648.40 1 12
github.com/engine/server/ai/history_context.go:648.40,649.12 1 1
github.com/engine/server/ai/history_context.go:651.3,651.34 1 11
github.com/engine/server/ai/history_context.go:653.2,653.33 1 48
github.com/engine/server/ai/history_context.go:656.62,659.14 3 616
github.com/engine/server/ai/history_context.go:659.14,661.3 1 1
github.com/engine/server/ai/history_context.go:662.2,662.30 1 615
github.com/engine/server/ai/history_context.go:665.51,666.20 1 15
github.com/engine/server/ai/history_context.go:666.20,668.3 1 4
github.com/engine/server/ai/history_context.go:669.2,669.19 1 11
github.com/engine/server/ai/history_context.go:672.58,673.24 1 9
github.com/engine/server/ai/history_context.go:673.24,675.3 1 6
github.com/engine/server/ai/history_context.go:677.2,679.31 3 3
github.com/engine/server/ai/history_context.go:679.31,681.50 2 4
github.com/engine/server/ai/history_context.go:681.50,683.4 1 1
github.com/engine/server/ai/history_context.go:684.3,684.18 1 4
github.com/engine/server/ai/history_context.go:684.18,686.4 1 1
github.com/engine/server/ai/history_context.go:687.3,687.19 1 4
github.com/engine/server/ai/history_context.go:687.19,689.12 2 2
github.com/engine/server/ai/history_context.go:691.3,691.41 1 2
github.com/engine/server/ai/history_context.go:694.2,695.26 2 3
github.com/engine/server/ai/history_context.go:695.26,697.3 1 2
github.com/engine/server/ai/history_context.go:698.2,698.25 1 3
github.com/engine/server/ai/history_context.go:698.25,700.3 1 2
github.com/engine/server/ai/history_context.go:701.2,701.37 1 3
github.com/engine/server/ai/history_context.go:704.64,705.22 1 8
github.com/engine/server/ai/history_context.go:705.22,707.3 1 1
github.com/engine/server/ai/history_context.go:708.2,710.30 3 7
github.com/engine/server/ai/history_context.go:710.30,713.3 2 15
github.com/engine/server/ai/history_context.go:714.2,714.17 1 7
github.com/engine/server/ai/history_context.go:717.51,719.35 2 7
github.com/engine/server/ai/history_context.go:719.35,721.3 1 15
github.com/engine/server/ai/history_context.go:722.2,722.15 1 7
github.com/engine/server/ai/history_context.go:725.74,727.43 2 5
github.com/engine/server/ai/history_context.go:727.43,729.3 1 58
github.com/engine/server/ai/history_context.go:730.2,730.15 1 5
github.com/engine/server/ai/history_context.go:733.51,735.31 2 21
github.com/engine/server/ai/history_context.go:735.31,737.3 1 29
github.com/engine/server/ai/history_context.go:738.2,738.15 1 21
github.com/engine/server/ai/history_context.go:741.56,742.22 1 34
github.com/engine/server/ai/history_context.go:742.22,744.3 1 11
github.com/engine/server/ai/history_context.go:746.2,747.35 2 23
github.com/engine/server/ai/history_context.go:747.35,748.23 1 79
github.com/engine/server/ai/history_context.go:748.23,750.4 1 7
github.com/engine/server/ai/history_context.go:753.2,755.35 3 23
github.com/engine/server/ai/history_context.go:755.35,759.3 3 102
github.com/engine/server/ai/history_context.go:760.2,760.29 1 23
github.com/engine/server/ai/history_context.go:760.29,762.3 1 102
github.com/engine/server/ai/history_context.go:763.2,763.16 1 23
github.com/engine/server/ai/history_context.go:766.95,768.27 2 6
github.com/engine/server/ai/history_context.go:768.27,770.40 2 16
github.com/engine/server/ai/history_context.go:770.40,772.4 1 12
github.com/engine/server/ai/history_context.go:773.3,774.17 2 16
github.com/engine/server/ai/history_context.go:774.17,776.4 1 4
github.com/engine/server/ai/history_context.go:777.3,785.41 2 16
github.com/engine/server/ai/history_context.go:785.41,786.9 1 1
github.com/engine/server/ai/history_context.go:788.3,788.28 1 15
github.com/engine/server/ai/history_context.go:790.2,790.44 1 6
github.com/engine/server/ai/history_context.go:793.52,797.31 3 51
github.com/engine/server/ai/history_context.go:797.31,798.84 1 98
github.com/engine/server/ai/history_context.go:798.84,800.4 1 1573
github.com/engine/server/ai/history_context.go:800.6,802.18 2 175
github.com/engine/server/ai/history_context.go:802.18,803.13 1 1
github.com/engine/server/ai/history_context.go:805.4,805.59 1 174
github.com/engine/server/ai/history_context.go:805.59,806.13 1 10
github.com/engine/server/ai/history_context.go:808.4,808.65 1 164
github.com/engine/server/ai/history_context.go:808.65,809.13 1 11
github.com/engine/server/ai/history_context.go:811.4,811.31 1 153
github.com/engine/server/ai/history_context.go:811.31,812.13 1 15
github.com/engine/server/ai/history_context.go:814.4,815.31 2 138
github.com/engine/server/ai/history_context.go:819.2,819.14 1 51
github.com/engine/server/ai/history_context.go:822.104,827.79 4 535
github.com/engine/server/ai/history_context.go:827.79,829.3 1 18
github.com/engine/server/ai/history_context.go:831.2,831.34 1 535
github.com/engine/server/ai/history_context.go:831.34,832.40 1 1285
github.com/engine/server/ai/history_context.go:832.40,834.4 1 167
github.com/engine/server/ai/history_context.go:837.2,837.31 1 535
github.com/engine/server/ai/history_context.go:837.31,839.17 2 26
github.com/engine/server/ai/history_context.go:839.17,840.12 1 1
github.com/engine/server/ai/history_context.go:842.3,843.54 2 25
github.com/engine/server/ai/history_context.go:843.54,845.4 1 3
github.com/engine/server/ai/history_context.go:846.3,846.40 1 25
github.com/engine/server/ai/history_context.go:846.40,848.4 1 2
github.com/engine/server/ai/history_context.go:851.2,851.14 1 535
github.com/engine/server/ai/history_context.go:854.61,855.21 1 14
github.com/engine/server/ai/history_context.go:855.21,857.3 1 1
github.com/engine/server/ai/history_context.go:859.2,861.29 3 13
github.com/engine/server/ai/history_context.go:861.29,862.40 1 76
github.com/engine/server/ai/history_context.go:862.40,864.4 1 26
github.com/engine/server/ai/history_context.go:866.2,866.47 1 13
github.com/engine/server/ai/history_context.go:869.45,871.16 2 532
github.com/engine/server/ai/history_context.go:871.16,873.3 1 86
github.com/engine/server/ai/history_context.go:875.2,876.9 2 446
github.com/engine/server/ai/history_context.go:877.21,878.13 1 443
github.com/engine/server/ai/history_context.go:879.22,880.13 1 1
github.com/engine/server/ai/history_context.go:881.24,882.13 1 1
github.com/engine/server/ai/history_context.go:883.10,884.14 1 1
github.com/engine/server/ai/history_context.go:888.96,889.32 1 248
github.com/engine/server/ai/history_context.go:889.32,891.3 1 241
github.com/engine/server/ai/history_context.go:892.2,892.73 1 7
github.com/engine/server/ai/history_context.go:895.31,896.11 1 50
github.com/engine/server/ai/history_context.go:896.11,898.3 1 21
github.com/engine/server/ai/history_context.go:899.2,899.10 1 29
github.com/engine/server/ai/history_context.go:902.31,903.11 1 33
github.com/engine/server/ai/history_context.go:903.11,905.3 1 28
github.com/engine/server/ai/history_context.go:906.2,906.10 1 5
github.com/engine/server/ai/provider.go:30.40,31.14 1 15
github.com/engine/server/ai/provider.go:32.16,33.27 1 2
github.com/engine/server/ai/provider.go:34.16,35.27 1 9
github.com/engine/server/ai/provider.go:36.10,37.30 1 4
github.com/engine/server/ai/provider.go:53.3,61.2 2 8
github.com/engine/server/ai/provider.go:74.3,82.2 2 1
github.com/engine/server/ai/provider.go:95.3,98.2 2 1
github.com/engine/server/ai/safety.go:18.47,21.2 2 68
github.com/engine/server/ai/safety.go:23.75,24.41 1 41
github.com/engine/server/ai/safety.go:24.41,26.3 1 2
github.com/engine/server/ai/safety.go:28.2,30.32 3 39
github.com/engine/server/ai/safety.go:30.32,32.3 1 30
github.com/engine/server/ai/safety.go:34.2,37.74 3 39
github.com/engine/server/ai/safety.go:37.74,39.3 1 14
github.com/engine/server/ai/safety.go:40.2,40.28 1 25
github.com/engine/server/ai/safety.go:43.80,44.41 1 13
github.com/engine/server/ai/safety.go:44.41,46.3 1 1
github.com/engine/server/ai/safety.go:47.2,47.54 1 12
github.com/engine/server/ai/safety.go:50.76,52.16 2 6
github.com/engine/server/ai/safety.go:52.16,54.3 1 3
github.com/engine/server/ai/safety.go:55.2,56.17 2 3
github.com/engine/server/ai/safety.go:59.90,61.19 2 27
github.com/engine/server/ai/safety.go:61.19,63.3 1 1
github.com/engine/server/ai/safety.go:65.2,66.73 2 26
github.com/engine/server/ai/safety.go:66.73,68.3 1 2
github.com/engine/server/ai/safety.go:70.2,71.72 2 24
github.com/engine/server/ai/safety.go:71.72,72.49 1 9
github.com/engine/server/ai/safety.go:72.49,73.72 1 27
github.com/engine/server/ai/safety.go:73.72,75.5 1 9
github.com/engine/server/ai/safety.go:79.2,79.43 1 15
github.com/engine/server/ai/safety.go:79.43,80.38 1 335
github.com/engine/server/ai/safety.go:80.38,82.4 1 7
github.com/engine/server/ai/safety.go:85.2,85.22 1 8
github.com/engine/server/ai/secret_scan.go:51.41,56.49 4 15
github.com/engine/server/ai/secret_scan.go:56.49,58.40 1 564
github.com/engine/server/ai/secret_scan.go:58.40,61.12 3 10
github.com/engine/server/ai/secret_scan.go:63.3,63.36 1 554
github.com/engine/server/ai/secret_scan.go:63.36,68.12 4 10
github.com/engine/server/ai/secret_scan.go:72.3,72.70 1 544
github.com/engine/server/ai/secret_scan.go:72.70,73.37 1 534
github.com/engine/server/ai/secret_scan.go:73.37,75.5 1 531
github.com/engine/server/ai/secret_scan.go:76.4,76.12 1 534
github.com/engine/server/ai/secret_scan.go:78.3,81.37 3 10
github.com/engine/server/ai/secret_scan.go:81.37,82.39 1 160
github.com/engine/server/ai/secret_scan.go:82.39,84.80 1 8
github.com/engine/server/ai/secret_scan.go:84.80,86.6 1 8
github.com/engine/server/ai/secret_scan.go:87.5,92.7 1 8
github.com/engine/server/ai/secret_scan.go:97.2,97.16 1 15
github.com/engine/server/ai/secret_scan.go:101.52,102.23 1 3
github.com/engine/server/ai/secret_scan.go:102.23,104.3 1 1
github.com/engine/server/ai/secret_scan.go:105.2,107.28 3 2
github.com/engine/server/ai/secret_scan.go:107.28,110.3 1 2
github.com/engine/server/ai/secret_scan.go:111.2,113.20 3 2
github.com/engine/server/ai/session_summary.go:20.74,24.16 4 18
github.com/engine/server/ai/session_summary.go:24.16,26.3 1 5
github.com/engine/server/ai/session_summary.go:27.2,27.43 1 13
github.com/engine/server/ai/session_summary.go:30.47,34.29 4 133
github.com/engine/server/ai/session_summary.go:34.29,37.51 3 152
github.com/engine/server/ai/session_summary.go:37.51,38.12 1 8
github.com/engine/server/ai/session_summary.go:40.3,40.34 1 144
github.com/engine/server/ai/session_summary.go:42.2,42.76 1 133
github.com/engine/server/ai/session_summary.go:45.51,46.34 1 174
github.com/engine/server/ai/session_summary.go:46.34,48.3 1 133
github.com/engine/server/ai/session_summary.go:49.2,49.14 1 41
github.com/engine/server/ai/session_summary.go:49.14,51.3 1 1
github.com/engine/server/ai/session_summary.go:52.2,52.48 1 40
github.com/engine/server/ai/session_summary.go:55.51,58.31 3 13
github.com/engine/server/ai/session_summary.go:58.31,60.31 2 13
github.com/engine/server/ai/session_summary.go:60.31,61.12 1 2
github.com/engine/server/ai/session_summary.go:63.3,65.22 3 11
github.com/engine/server/ai/session_summary.go:65.22,66.9 1 1
github.com/engine/server/ai/session_summary.go:69.2,69.14 1 13
github.com/engine/server/ai/session_summary.go:72.62,77.23 4 9
github.com/engine/server/ai/session_summary.go:77.23,79.3 1 7
github.com/engine/server/ai/session_summary.go:80.2,80.24 1 9
github.com/engine/server/ai/session_summary.go:80.24,82.3 1 6
github.com/engine/server/ai/session_summary.go:83.2,83.37 1 9
github.com/engine/server/ai/session_summary.go:86.56,87.23 1 9
github.com/engine/server/ai/session_summary.go:87.23,89.3 1 1
github.com/engine/server/ai/session_summary.go:90.2,90.107 1 8
github.com/engine/server/ai/session_summary.go:90.107,92.3 1 1
github.com/engine/server/ai/session_summary.go:93.2,94.40 2 7
github.com/engine/server/ai/session_summary.go:94.40,96.3 1 6
github.com/engine/server/ai/session_summary.go:97.2,97.18 1 7
github.com/engine/server/ai/session_summary.go:100.60,103.2 2 1
github.com/engine/server/ai/session_summary.go:105.61,107.2 1 8
github.com/engine/server/ai/session_summary.go:109.114,111.83 2 9
github.com/engine/server/ai/session_summary.go:111.83,113.3 1 7
github.com/engine/server/ai/session_summary.go:113.8,113.94 1 2
github.com/engine/server/ai/session_summary.go:113.94,115.3 1 1
github.com/engine/server/ai/session_summary.go:116.2,116.89 1 9
github.com/engine/server/ai/session_summary.go:116.89,118.3 1 7
github.com/engine/server/ai/session_summary.go:119.2,119.63 1 9
github.com/engine/server/ai/session_summary.go:119.63,121.3 1 2
github.com/engine/server/ai/session_summary.go:122.2,122.78 1 9
github.com/engine/server/ai/test_loop.go:20.99,26.2 1 8
github.com/engine/server/ai/test_loop.go:29.106,30.43 1 3
github.com/engine/server/ai/test_loop.go:30.43,32.3 1 2
github.com/engine/server/ai/test_loop.go:34.2,39.4 1 1
github.com/engine/server/ai/test_loop.go:43.64,44.43 1 7
github.com/engine/server/ai/test_loop.go:44.43,46.3 1 2
github.com/engine/server/ai/test_loop.go:48.2,48.36 1 5
github.com/engine/server/ai/test_loop.go:53.64,54.43 1 5
github.com/engine/server/ai/test_loop.go:54.43,56.3 1 2
github.com/engine/server/ai/test_loop.go:58.2,62.20 3 3
github.com/engine/server/ai/test_loop.go:62.20,64.3 1 3
github.com/engine/server/ai/test_loop.go:65.2,81.27 4 3
github.com/engine/server/ai/test_loop.go:81.27,83.3 1 1
github.com/engine/server/ai/test_loop.go:84.2,85.26 2 3
github.com/engine/server/ai/test_loop.go:85.26,87.3 1 3
github.com/engine/server/ai/test_loop.go:88.2,89.47 2 3
github.com/engine/server/ai/test_loop.go:89.47,91.3 1 2
github.com/engine/server/ai/test_loop.go:92.2,103.15 3 3
github.com/engine/server/ai/test_loop.go:107.62,108.16 1 2
github.com/engine/server/ai/test_loop.go:108.16,110.3 1 1
github.com/engine/server/ai/test_loop.go:111.2,114.51 3 1
github.com/engine/server/ai/test_loop.go:114.51,125.3 1 1
github.com/engine/server/ai/test_loop.go:132.84,133.53 1 3
github.com/engine/server/ai/test_loop.go:133.53,136.52 2 2
github.com/engine/server/ai/test_loop.go:136.52,144.4 1 1
github.com/engine/server/ai/test_loop.go:146.3,146.21 1 2
github.com/engine/server/ai/test_loop.go:146.21,155.62 2 2
github.com/engine/server/ai/test_loop.go:155.62,160.5 1 1
github.com/engine/server/ai/test_loop.go:166.47,168.39 2 2
github.com/engine/server/ai/test_loop.go:168.39,170.3 1 1
github.com/engine/server/ai/test_loop.go:172.2,174.30 3 1
github.com/engine/server/ai/test_loop.go:174.30,177.3 1 1
github.com/engine/server/ai/test_loop.go:178.2,178.15 1 1
github.com/engine/server/ai/test_loop.go:182.87,183.32 1 4
github.com/engine/server/ai/test_loop.go:183.32,190.44 2 3
github.com/engine/server/ai/test_loop.go:190.44,195.4 1 1
github.com/engine/server/ai/test_loop.go:201.111,203.16 2 5
github.com/engine/server/ai/test_loop.go:203.16,205.3 1 1
github.com/engine/server/ai/test_loop.go:206.2,206.44 1 4
github.com/engine/server/ai/test_loop.go:206.44,208.3 1 1
github.com/engine/server/ai/test_loop.go:210.2,211.16 2 3
github.com/engine/server/ai/test_loop.go:211.16,213.3 1 1
github.com/engine/server/ai/test_loop.go:215.2,227.56 2 2
github.com/engine/server/ai/test_loop.go:237.68,239.2 1 2
github.com/engine/server/ai/test_orchestrator.go:19.38,25.2 1 13
github.com/engine/server/ai/test_orchestrator.go:28.46,33.23 3 21
github.com/engine/server/ai/test_orchestrator.go:33.23,35.3 1 7
github.com/engine/server/ai/test_orchestrator.go:38.2,38.25 1 21
github.com/engine/server/ai/test_orchestrator.go:38.25,40.3 1 1
github.com/engine/server/ai/test_orchestrator.go:44.50,52.2 1 8
github.com/engine/server/ai/test_orchestrator.go:64.36,68.43 2 54
github.com/engine/server/ai/test_orchestrator.go:68.43,69.28 1 345
github.com/engine/server/ai/test_orchestrator.go:69.28,71.4 1 10
github.com/engine/server/ai/test_orchestrator.go:75.2,75.39 1 44
github.com/engine/server/ai/test_orchestrator.go:75.39,76.26 1 543
github.com/engine/server/ai/test_orchestrator.go:76.26,78.4 1 22
github.com/engine/server/ai/test_orchestrator.go:82.2,82.40 1 22
github.com/engine/server/ai/test_orchestrator.go:82.40,83.39 1 312
github.com/engine/server/ai/test_orchestrator.go:83.39,85.4 1 6
github.com/engine/server/ai/test_orchestrator.go:87.2,87.14 1 16
github.com/engine/server/ai/test_orchestrator.go:91.38,93.42 2 28
github.com/engine/server/ai/test_orchestrator.go:93.42,94.39 1 72
github.com/engine/server/ai/test_orchestrator.go:94.39,96.4 1 7
github.com/engine/server/ai/test_orchestrator.go:98.2,98.14 1 21
github.com/engine/server/ai/test_orchestrator.go:102.41,103.39 1 7
github.com/engine/server/ai/test_orchestrator.go:103.39,104.26 1 31
github.com/engine/server/ai/test_orchestrator.go:104.26,106.4 1 5
github.com/engine/server/ai/test_orchestrator.go:108.2,108.14 1 2
github.com/engine/server/ai/test_orchestrator.go:113.38,115.23 2 6
github.com/engine/server/ai/test_orchestrator.go:115.23,117.32 2 4
github.com/engine/server/ai/test_orchestrator.go:117.32,119.4 1 6
github.com/engine/server/ai/test_orchestrator.go:120.3,120.14 1 4
github.com/engine/server/ai/test_orchestrator.go:122.2,122.11 1 2
github.com/engine/server/ai/test_orchestrator.go:127.40,129.41 2 16
github.com/engine/server/ai/test_orchestrator.go:129.41,130.27 1 93
github.com/engine/server/ai/test_orchestrator.go:130.27,132.4 1 5
github.com/engine/server/ai/test_orchestrator.go:134.2,134.41 1 11
github.com/engine/server/ai/test_orchestrator.go:134.41,135.27 1 65
github.com/engine/server/ai/test_orchestrator.go:135.27,137.4 1 3
github.com/engine/server/ai/test_orchestrator.go:139.2,139.38 1 8
github.com/engine/server/ai/test_orchestrator.go:139.38,140.27 1 26
github.com/engine/server/ai/test_orchestrator.go:140.27,142.4 1 3
github.com/engine/server/ai/test_orchestrator.go:144.2,144.41 1 5
github.com/engine/server/ai/test_orchestrator.go:144.41,145.27 1 19
github.com/engine/server/ai/test_orchestrator.go:145.27,147.4 1 2
github.com/engine/server/ai/test_orchestrator.go:149.2,149.44 1 3
github.com/engine/server/ai/test_orchestrator.go:149.44,150.27 1 9
github.com/engine/server/ai/test_orchestrator.go:150.27,152.4 1 2
github.com/engine/server/ai/test_orchestrator.go:154.2,154.18 1 1
github.com/engine/server/ai/test_orchestrator.go:268.64,271.44 1 11
github.com/engine/server/ai/test_orchestrator.go:271.44,273.4 1 6
github.com/engine/server/ai/test_orchestrator.go:279.79,290.2 2 6
github.com/engine/server/ai/test_orchestrator.go:303.68,310.29 4 7
github.com/engine/server/ai/test_orchestrator.go:310.29,311.60 1 18
github.com/engine/server/ai/test_orchestrator.go:311.60,314.17 2 2
github.com/engine/server/ai/test_orchestrator.go:314.17,316.5 1 1
github.com/engine/server/ai/test_orchestrator.go:317.4,318.24 2 2
github.com/engine/server/ai/test_orchestrator.go:318.24,320.5 1 1
github.com/engine/server/ai/test_orchestrator.go:321.4,321.33 1 2
github.com/engine/server/ai/test_orchestrator.go:321.33,322.33 1 6
github.com/engine/server/ai/test_orchestrator.go:322.33,324.6 1 6
github.com/engine/server/ai/test_orchestrator.go:326.4,326.9 1 2
github.com/engine/server/ai/test_orchestrator.go:330.2,330.29 1 7
github.com/engine/server/ai/test_orchestrator.go:330.29,333.16 2 5
github.com/engine/server/ai/test_orchestrator.go:333.16,335.4 1 5
github.com/engine/server/ai/test_orchestrator.go:336.3,336.32 1 5
github.com/engine/server/ai/test_orchestrator.go:339.2,339.42 1 7
github.com/engine/server/ai/test_orchestrator.go:350.58,356.2 1 9
github.com/engine/server/ai/test_orchestrator.go:359.52,361.2 1 9
github.com/engine/server/ai/test_orchestrator.go:364.68,367.2 2 4
github.com/engine/server/ai/test_orchestrator.go:370.75,376.26 5 5
github.com/engine/server/ai/test_orchestrator.go:376.26,378.3 1 4
github.com/engine/server/ai/test_orchestrator.go:378.8,380.3 1 1
github.com/engine/server/ai/test_orchestrator.go:382.2,387.24 5 5
github.com/engine/server/ai/test_orchestrator.go:398.56,407.2 2 1
github.com/engine/server/ai/test_orchestrator.go:410.57,417.35 5 2
github.com/engine/server/ai/test_orchestrator.go:417.35,418.69 1 7
github.com/engine/server/ai/test_orchestrator.go:418.69,420.9 2 1
github.com/engine/server/ai/test_orchestrator.go:425.2,426.58 2 2
github.com/engine/server/ai/test_orchestrator.go:426.58,428.3 1 234
github.com/engine/server/ai/test_orchestrator.go:430.2,430.29 1 2
github.com/engine/server/ai/test_orchestrator.go:430.29,432.43 1 36
github.com/engine/server/ai/test_orchestrator.go:432.43,434.4 1 26
github.com/engine/server/ai/test_orchestrator.go:441.2,442.34 2 2
github.com/engine/server/ai/test_orchestrator.go:442.34,443.37 1 26
github.com/engine/server/ai/test_orchestrator.go:443.37,445.4 1 6
github.com/engine/server/ai/test_orchestrator.go:449.2,449.43 1 2
github.com/engine/server/ai/test_orchestrator.go:453.37,463.2 2 32
github.com/engine/server/ai/worktree_session.go:14.58,18.2 3 21
github.com/engine/server/ai/worktree_session.go:20.35,23.2 2 38
github.com/engine/server/ai/worktree_session.go:26.49,29.18 2 13
github.com/engine/server/ai/worktree_session.go:29.18,31.3 1 1
github.com/engine/server/ai/worktree_session.go:32.2,32.45 1 13
github.com/engine/server/ai/worktree_session.go:40.72,44.43 2 8
github.com/engine/server/ai/worktree_session.go:44.43,46.3 1 2
github.com/engine/server/ai/worktree_session.go:49.2,49.68 1 6
github.com/engine/server/ai/worktree_session.go:49.68,52.3 1 1
github.com/engine/server/ai/worktree_session.go:54.2,59.75 3 5
github.com/engine/server/ai/worktree_session.go:59.75,62.3 1 1
github.com/engine/server/ai/worktree_session.go:64.2,64.20 1 4
github.com/engine/server/ai/worktree_session.go:71.75,74.43 2 7
github.com/engine/server/ai/worktree_session.go:74.43,77.3 1 1
github.com/engine/server/ai/worktree_session.go:79.2,81.11 2 6
github.com/engine/server/ai/worktree_session.go:81.11,83.62 2 4
github.com/engine/server/ai/worktree_session.go:83.62,85.4 1 1
github.com/engine/server/ai/worktree_session.go:86.3,87.67 1 3
github.com/engine/server/ai/worktree_session.go:87.67,89.4 1 1
github.com/engine/server/ai/worktree_session.go:92.2,92.63 1 4
github.com/engine/server/ai/worktree_session.go:92.63,94.3 1 1
github.com/engine/server/ai/worktree_session.go:96.2,96.12 1 3
github.com/engine/server/ai/worktree_session.go:100.57,102.2 1 7
