mode: atomic
github.com/engine/server/ai/context.go:62.13,64.2 1 1
github.com/engine/server/ai/context.go:70.25,71.6 1 1
github.com/engine/server/ai/context.go:71.6,74.3 2 1
github.com/engine/server/ai/context.go:78.19,83.21 4 2
github.com/engine/server/ai/context.go:83.21,85.3 1 2
github.com/engine/server/ai/context.go:88.2,89.17 2 2
github.com/engine/server/ai/context.go:89.17,91.3 1 1
github.com/engine/server/ai/context.go:93.2,99.16 3 1
github.com/engine/server/ai/context.go:99.16,101.3 1 1
github.com/engine/server/ai/context.go:104.52,106.17 2 28
github.com/engine/server/ai/context.go:106.17,108.3 1 2
github.com/engine/server/ai/context.go:109.2,110.70 1 26
github.com/engine/server/ai/context.go:110.70,112.3 1 11
github.com/engine/server/ai/context.go:113.2,113.40 1 15
github.com/engine/server/ai/context.go:113.40,115.3 1 6
github.com/engine/server/ai/context.go:116.2,116.33 1 9
github.com/engine/server/ai/context.go:116.33,118.3 1 8
github.com/engine/server/ai/context.go:119.2,119.20 1 1
github.com/engine/server/ai/context.go:122.51,123.39 1 22
github.com/engine/server/ai/context.go:123.39,125.3 1 5
github.com/engine/server/ai/context.go:126.2,126.45 1 17
github.com/engine/server/ai/context.go:126.45,127.44 1 120
github.com/engine/server/ai/context.go:127.44,129.4 1 12
github.com/engine/server/ai/context.go:131.2,131.14 1 5
github.com/engine/server/ai/context.go:134.68,135.62 1 24
github.com/engine/server/ai/context.go:136.39,137.62 1 16
github.com/engine/server/ai/context.go:138.18,139.41 1 7
github.com/engine/server/ai/context.go:140.10,141.41 1 1
github.com/engine/server/ai/context.go:145.54,146.18 1 5
github.com/engine/server/ai/context.go:147.16,148.28 1 2
github.com/engine/server/ai/context.go:149.16,150.28 1 1
github.com/engine/server/ai/context.go:151.10,152.31 1 2
github.com/engine/server/ai/context.go:156.54,158.56 2 16
github.com/engine/server/ai/context.go:158.56,160.3 1 1
github.com/engine/server/ai/context.go:161.2,161.44 1 15
github.com/engine/server/ai/context.go:164.43,166.22 2 30
github.com/engine/server/ai/context.go:166.22,168.3 1 2
github.com/engine/server/ai/context.go:169.2,169.9 1 28
github.com/engine/server/ai/context.go:170.61,171.64 1 3
github.com/engine/server/ai/context.go:172.44,173.47 1 3
github.com/engine/server/ai/context.go:174.10,175.20 1 22
github.com/engine/server/ai/context.go:179.47,181.81 2 8
github.com/engine/server/ai/context.go:181.81,183.3 1 3
github.com/engine/server/ai/context.go:184.2,184.80 1 5
github.com/engine/server/ai/context.go:184.80,186.3 1 2
github.com/engine/server/ai/context.go:187.2,187.11 1 3
github.com/engine/server/ai/context.go:190.74,192.16 2 22
github.com/engine/server/ai/context.go:192.16,194.3 1 6
github.com/engine/server/ai/context.go:195.2,197.38 2 16
github.com/engine/server/ai/context.go:197.38,199.3 1 2
github.com/engine/server/ai/context.go:201.2,202.68 2 14
github.com/engine/server/ai/context.go:202.68,204.3 1 1
github.com/engine/server/ai/context.go:205.2,206.29 2 13
github.com/engine/server/ai/context.go:206.29,208.19 2 11
github.com/engine/server/ai/context.go:208.19,209.12 1 1
github.com/engine/server/ai/context.go:211.3,211.79 1 10
github.com/engine/server/ai/context.go:211.79,213.4 1 9
github.com/engine/server/ai/context.go:215.2,215.11 1 4
github.com/engine/server/ai/context.go:246.44,247.23 1 60
github.com/engine/server/ai/context.go:247.23,249.3 1 46
github.com/engine/server/ai/context.go:250.2,250.9 1 14
github.com/engine/server/ai/context.go:251.20,252.14 1 9
github.com/engine/server/ai/context.go:253.10,254.15 1 5
github.com/engine/server/ai/context.go:307.39,309.2 1 42
github.com/engine/server/ai/context.go:311.77,317.2 1 28
github.com/engine/server/ai/context.go:553.57,555.33 2 1
github.com/engine/server/ai/context.go:555.33,557.3 1 28
github.com/engine/server/ai/context.go:558.2,558.10 1 1
github.com/engine/server/ai/context.go:565.39,567.42 2 147
github.com/engine/server/ai/context.go:567.42,568.43 1 441
github.com/engine/server/ai/context.go:568.43,570.4 1 441
github.com/engine/server/ai/context.go:572.2,572.12 1 147
github.com/engine/server/ai/context.go:578.64,589.33 5 5
github.com/engine/server/ai/context.go:589.33,592.27 3 140
github.com/engine/server/ai/context.go:592.27,593.37 1 336
github.com/engine/server/ai/context.go:593.37,595.5 1 39
github.com/engine/server/ai/context.go:597.3,597.16 1 140
github.com/engine/server/ai/context.go:597.16,599.4 1 32
github.com/engine/server/ai/context.go:603.2,603.36 1 5
github.com/engine/server/ai/context.go:603.36,604.67 1 28
github.com/engine/server/ai/context.go:604.67,606.4 1 6
github.com/engine/server/ai/context.go:609.2,609.23 1 5
github.com/engine/server/ai/context.go:609.23,611.3 1 1
github.com/engine/server/ai/context.go:614.2,615.36 2 4
github.com/engine/server/ai/context.go:615.36,617.3 1 18
github.com/engine/server/ai/context.go:618.2,619.28 2 4
github.com/engine/server/ai/context.go:619.28,620.33 1 32
github.com/engine/server/ai/context.go:620.33,624.4 3 23
github.com/engine/server/ai/context.go:627.2,629.28 3 4
github.com/engine/server/ai/context.go:629.28,631.3 1 32
github.com/engine/server/ai/context.go:632.2,632.20 1 4
github.com/engine/server/ai/context.go:632.20,634.3 1 3
github.com/engine/server/ai/context.go:634.8,636.3 1 1
github.com/engine/server/ai/context.go:637.2,637.20 1 4
github.com/engine/server/ai/context.go:641.94,643.2 1 10
github.com/engine/server/ai/context.go:645.101,647.2 1 116
github.com/engine/server/ai/context.go:649.96,650.33 1 126
github.com/engine/server/ai/context.go:650.33,653.3 2 170
github.com/engine/server/ai/context.go:654.2,654.37 1 126
github.com/engine/server/ai/context.go:654.37,657.3 2 3
github.com/engine/server/ai/context.go:658.2,658.35 1 126
github.com/engine/server/ai/context.go:658.35,661.3 2 7
github.com/engine/server/ai/context.go:663.2,663.14 1 126
github.com/engine/server/ai/context.go:664.22,665.54 1 1
github.com/engine/server/ai/context.go:667.19,669.17 2 6
github.com/engine/server/ai/context.go:669.17,671.4 1 4
github.com/engine/server/ai/context.go:672.3,673.17 2 2
github.com/engine/server/ai/context.go:673.17,675.4 1 1
github.com/engine/server/ai/context.go:676.3,676.27 1 1
github.com/engine/server/ai/context.go:678.20,680.17 2 4
github.com/engine/server/ai/context.go:680.17,682.4 1 1
github.com/engine/server/ai/context.go:683.3,683.62 1 3
github.com/engine/server/ai/context.go:683.62,685.4 1 1
github.com/engine/server/ai/context.go:686.3,686.30 1 2
github.com/engine/server/ai/context.go:686.30,688.4 1 1
github.com/engine/server/ai/context.go:689.3,689.40 1 2
github.com/engine/server/ai/context.go:691.24,693.17 2 3
github.com/engine/server/ai/context.go:693.17,695.4 1 1
github.com/engine/server/ai/context.go:696.3,697.17 2 2
github.com/engine/server/ai/context.go:697.17,699.4 1 1
github.com/engine/server/ai/context.go:700.3,700.36 1 1
github.com/engine/server/ai/context.go:702.15,704.102 2 9
github.com/engine/server/ai/context.go:704.102,705.34 1 3
github.com/engine/server/ai/context.go:705.34,707.5 1 1
github.com/engine/server/ai/context.go:708.4,709.18 2 2
github.com/engine/server/ai/context.go:709.18,711.5 1 1
github.com/engine/server/ai/context.go:712.4,712.16 1 1
github.com/engine/server/ai/context.go:712.16,714.5 1 1
github.com/engine/server/ai/context.go:716.3,717.16 2 6
github.com/engine/server/ai/context.go:717.16,719.4 1 5
github.com/engine/server/ai/context.go:720.3,721.17 2 6
github.com/engine/server/ai/context.go:721.17,723.4 1 1
github.com/engine/server/ai/context.go:726.3,727.18 2 5
github.com/engine/server/ai/context.go:727.18,729.4 1 1
github.com/engine/server/ai/context.go:730.3,734.19 5 5
github.com/engine/server/ai/context.go:734.19,736.4 1 2
github.com/engine/server/ai/context.go:737.3,737.32 1 5
github.com/engine/server/ai/context.go:737.32,739.4 1 1
github.com/engine/server/ai/context.go:740.3,740.45 1 5
github.com/engine/server/ai/context.go:742.22,744.16 2 2
github.com/engine/server/ai/context.go:744.16,746.4 1 1
github.com/engine/server/ai/context.go:747.3,748.17 2 2
github.com/engine/server/ai/context.go:748.17,750.4 1 1
github.com/engine/server/ai/context.go:751.3,752.23 2 1
github.com/engine/server/ai/context.go:754.20,757.26 3 1
github.com/engine/server/ai/context.go:759.18,761.21 2 5
github.com/engine/server/ai/context.go:761.21,763.18 2 4
github.com/engine/server/ai/context.go:763.18,765.5 1 2
github.com/engine/server/ai/context.go:766.4,766.31 1 2
github.com/engine/server/ai/context.go:768.3,769.21 2 3
github.com/engine/server/ai/context.go:771.20,773.88 1 6
github.com/engine/server/ai/context.go:773.88,774.53 1 6
github.com/engine/server/ai/context.go:774.53,777.5 2 1
github.com/engine/server/ai/context.go:779.3,779.33 1 5
github.com/engine/server/ai/context.go:779.33,781.4 1 1
github.com/engine/server/ai/context.go:782.3,788.17 2 4
github.com/engine/server/ai/context.go:788.17,790.4 1 1
github.com/engine/server/ai/context.go:791.3,791.15 1 3
github.com/engine/server/ai/context.go:791.15,793.4 1 1
github.com/engine/server/ai/context.go:794.3,795.17 2 2
github.com/engine/server/ai/context.go:795.17,797.4 1 1
github.com/engine/server/ai/context.go:798.3,798.37 1 1
github.com/engine/server/ai/context.go:800.19,802.17 2 3
github.com/engine/server/ai/context.go:802.17,804.4 1 1
github.com/engine/server/ai/context.go:805.3,805.30 1 2
github.com/engine/server/ai/context.go:805.30,807.4 1 1
github.com/engine/server/ai/context.go:808.3,808.34 1 2
github.com/engine/server/ai/context.go:810.25,811.47 1 1
github.com/engine/server/ai/context.go:813.24,814.29 1 6
github.com/engine/server/ai/context.go:814.29,816.4 1 5
github.com/engine/server/ai/context.go:817.3,819.26 3 1
github.com/engine/server/ai/context.go:821.24,822.17 1 5
github.com/engine/server/ai/context.go:822.17,824.4 1 1
github.com/engine/server/ai/context.go:825.3,826.18 2 4
github.com/engine/server/ai/context.go:826.18,828.4 1 1
github.com/engine/server/ai/context.go:829.3,832.29 4 3
github.com/engine/server/ai/context.go:832.29,834.4 1 1
github.com/engine/server/ai/context.go:835.3,837.71 3 3
github.com/engine/server/ai/context.go:839.19,841.17 2 4
github.com/engine/server/ai/context.go:841.17,843.4 1 1
github.com/engine/server/ai/context.go:844.3,845.39 2 3
github.com/engine/server/ai/context.go:845.39,846.40 1 1
github.com/engine/server/ai/context.go:846.40,847.36 1 1
github.com/engine/server/ai/context.go:847.36,849.6 1 1
github.com/engine/server/ai/context.go:852.3,852.30 1 2
github.com/engine/server/ai/context.go:852.30,854.4 1 1
github.com/engine/server/ai/context.go:855.3,855.38 1 2
github.com/engine/server/ai/context.go:857.19,859.17 2 2
github.com/engine/server/ai/context.go:859.17,861.4 1 1
github.com/engine/server/ai/context.go:862.3,862.30 1 1
github.com/engine/server/ai/context.go:862.30,864.4 1 1
github.com/engine/server/ai/context.go:865.3,865.39 1 1
github.com/engine/server/ai/context.go:867.18,874.30 4 2
github.com/engine/server/ai/context.go:874.30,876.4 1 1
github.com/engine/server/ai/context.go:879.3,885.126 2 1
github.com/engine/server/ai/context.go:887.28,891.18 4 5
github.com/engine/server/ai/context.go:891.18,893.4 1 3
github.com/engine/server/ai/context.go:894.3,895.17 2 5
github.com/engine/server/ai/context.go:895.17,897.4 1 2
github.com/engine/server/ai/context.go:898.3,899.17 2 3
github.com/engine/server/ai/context.go:899.17,901.4 1 1
github.com/engine/server/ai/context.go:902.3,903.32 2 2
github.com/engine/server/ai/context.go:903.32,905.35 2 1
github.com/engine/server/ai/context.go:905.35,907.5 1 1
github.com/engine/server/ai/context.go:908.4,908.98 1 1
github.com/engine/server/ai/context.go:910.3,910.20 1 2
github.com/engine/server/ai/context.go:910.20,912.4 1 1
github.com/engine/server/ai/context.go:913.3,913.28 1 1
github.com/engine/server/ai/context.go:915.26,920.15 5 4
github.com/engine/server/ai/context.go:920.15,922.4 1 1
github.com/engine/server/ai/context.go:923.3,924.17 2 3
github.com/engine/server/ai/context.go:924.17,926.4 1 1
github.com/engine/server/ai/context.go:927.3,928.17 2 2
github.com/engine/server/ai/context.go:928.17,930.4 1 1
github.com/engine/server/ai/context.go:931.3,931.132 1 1
github.com/engine/server/ai/context.go:933.28,939.15 6 4
github.com/engine/server/ai/context.go:939.15,941.4 1 1
github.com/engine/server/ai/context.go:942.3,943.17 2 3
github.com/engine/server/ai/context.go:943.17,945.4 1 1
github.com/engine/server/ai/context.go:946.3,946.57 1 2
github.com/engine/server/ai/context.go:946.57,948.4 1 1
github.com/engine/server/ai/context.go:949.3,949.53 1 1
github.com/engine/server/ai/context.go:951.29,956.18 5 4
github.com/engine/server/ai/context.go:956.18,958.4 1 1
github.com/engine/server/ai/context.go:959.3,960.17 2 3
github.com/engine/server/ai/context.go:960.17,962.4 1 1
github.com/engine/server/ai/context.go:963.3,964.17 2 2
github.com/engine/server/ai/context.go:964.17,966.4 1 1
github.com/engine/server/ai/context.go:967.3,967.93 1 1
github.com/engine/server/ai/context.go:969.24,975.29 6 6
github.com/engine/server/ai/context.go:975.29,977.4 1 2
github.com/engine/server/ai/context.go:978.3,979.17 2 4
github.com/engine/server/ai/context.go:979.17,981.4 1 2
github.com/engine/server/ai/context.go:982.3,983.17 2 2
github.com/engine/server/ai/context.go:983.17,985.4 1 1
github.com/engine/server/ai/context.go:986.3,986.66 1 1
github.com/engine/server/ai/context.go:988.18,989.33 1 7
github.com/engine/server/ai/context.go:989.33,991.4 1 2
github.com/engine/server/ai/context.go:992.3,994.19 3 5
github.com/engine/server/ai/context.go:994.19,996.4 1 3
github.com/engine/server/ai/context.go:997.3,1003.17 2 5
github.com/engine/server/ai/context.go:1003.17,1005.4 1 1
github.com/engine/server/ai/context.go:1006.3,1006.15 1 4
github.com/engine/server/ai/context.go:1006.15,1008.4 1 1
github.com/engine/server/ai/context.go:1009.3,1010.21 2 3
github.com/engine/server/ai/context.go:1010.21,1012.4 1 2
github.com/engine/server/ai/context.go:1013.3,1013.20 1 1
github.com/engine/server/ai/context.go:1015.18,1017.21 2 4
github.com/engine/server/ai/context.go:1017.21,1019.4 1 3
github.com/engine/server/ai/context.go:1020.3,1020.20 1 1
github.com/engine/server/ai/context.go:1022.20,1025.17 3 4
github.com/engine/server/ai/context.go:1025.17,1027.24 2 2
github.com/engine/server/ai/context.go:1027.24,1029.5 1 1
github.com/engine/server/ai/context.go:1030.4,1030.46 1 1
github.com/engine/server/ai/context.go:1032.3,1033.23 2 2
github.com/engine/server/ai/context.go:1033.23,1035.4 1 1
github.com/engine/server/ai/context.go:1036.3,1036.20 1 1
github.com/engine/server/ai/context.go:1038.22,1041.21 3 5
github.com/engine/server/ai/context.go:1041.21,1043.4 1 1
github.com/engine/server/ai/context.go:1044.3,1046.27 3 4
github.com/engine/server/ai/context.go:1046.27,1048.69 2 932
github.com/engine/server/ai/context.go:1048.69,1049.13 1 812
github.com/engine/server/ai/context.go:1051.4,1054.22 4 120
github.com/engine/server/ai/context.go:1054.22,1056.5 1 22
github.com/engine/server/ai/context.go:1057.4,1060.19 3 120
github.com/engine/server/ai/context.go:1060.19,1062.10 2 2
github.com/engine/server/ai/context.go:1065.3,1065.20 1 4
github.com/engine/server/ai/context.go:1065.20,1067.4 1 1
github.com/engine/server/ai/context.go:1068.3,1068.28 1 3
github.com/engine/server/ai/context.go:1070.22,1071.33 1 10
github.com/engine/server/ai/context.go:1071.33,1073.4 1 2
github.com/engine/server/ai/context.go:1074.3,1076.15 3 8
github.com/engine/server/ai/context.go:1076.15,1078.4 1 1
github.com/engine/server/ai/context.go:1079.3,1080.21 2 7
github.com/engine/server/ai/context.go:1080.21,1082.4 1 2
github.com/engine/server/ai/context.go:1083.3,1085.19 3 5
github.com/engine/server/ai/context.go:1085.19,1087.4 1 2
github.com/engine/server/ai/context.go:1088.3,1094.17 2 5
github.com/engine/server/ai/context.go:1094.17,1096.4 1 1
github.com/engine/server/ai/context.go:1097.3,1097.15 1 4
github.com/engine/server/ai/context.go:1097.15,1099.4 1 2
github.com/engine/server/ai/context.go:1100.3,1100.23 1 2
github.com/engine/server/ai/context.go:1100.23,1101.35 1 1
github.com/engine/server/ai/context.go:1101.35,1103.5 1 0
github.com/engine/server/ai/context.go:1104.9,1105.40 1 1
github.com/engine/server/ai/context.go:1105.40,1107.5 1 0
github.com/engine/server/ai/context.go:1109.3,1109.80 1 2
github.com/engine/server/ai/context.go:1111.18,1113.19 2 5
github.com/engine/server/ai/context.go:1113.19,1115.4 1 1
github.com/engine/server/ai/context.go:1116.3,1117.18 2 4
github.com/engine/server/ai/context.go:1117.18,1119.4 1 1
github.com/engine/server/ai/context.go:1120.3,1120.40 1 3
github.com/engine/server/ai/context.go:1120.40,1122.4 1 1
github.com/engine/server/ai/context.go:1123.3,1123.36 1 2
github.com/engine/server/ai/context.go:1125.20,1127.20 2 4
github.com/engine/server/ai/context.go:1127.20,1129.4 1 1
github.com/engine/server/ai/context.go:1130.3,1131.20 2 4
github.com/engine/server/ai/context.go:1131.20,1133.4 1 1
github.com/engine/server/ai/context.go:1134.3,1134.59 1 3
github.com/engine/server/ai/context.go:1134.59,1136.4 1 1
github.com/engine/server/ai/context.go:1137.3,1137.47 1 2
github.com/engine/server/ai/context.go:1139.10,1140.39 1 4
github.com/engine/server/ai/context.go:1145.47,1148.48 2 2
github.com/engine/server/ai/context.go:1148.48,1151.3 1 2
github.com/engine/server/ai/context.go:1153.2,1153.88 1 2
github.com/engine/server/ai/context.go:1153.88,1155.3 1 2
github.com/engine/server/ai/context.go:1157.2,1157.52 1 2
github.com/engine/server/ai/context.go:1157.52,1160.3 1 2
github.com/engine/server/ai/context.go:1162.2,1164.39 2 2
github.com/engine/server/ai/context.go:1167.56,1170.30 3 11
github.com/engine/server/ai/context.go:1170.30,1172.3 1 5
github.com/engine/server/ai/context.go:1173.2,1174.38 2 11
github.com/engine/server/ai/context.go:1174.38,1176.3 1 7
github.com/engine/server/ai/context.go:1177.2,1177.15 1 11
github.com/engine/server/ai/context.go:1181.49,1186.41 5 9
github.com/engine/server/ai/context.go:1186.41,1188.3 1 2
github.com/engine/server/ai/context.go:1189.2,1189.17 1 9
github.com/engine/server/ai/context.go:1189.17,1191.3 1 2
github.com/engine/server/ai/context.go:1193.2,1193.69 1 9
github.com/engine/server/ai/context.go:1193.69,1196.3 2 1
github.com/engine/server/ai/context.go:1197.2,1197.63 1 8
github.com/engine/server/ai/context.go:1197.63,1200.3 2 1
github.com/engine/server/ai/context.go:1203.2,1204.90 2 7
github.com/engine/server/ai/context.go:1204.90,1207.3 2 1
github.com/engine/server/ai/context.go:1208.2,1208.33 1 6
github.com/engine/server/ai/context.go:1208.33,1209.95 1 1
github.com/engine/server/ai/context.go:1209.95,1211.4 1 1
github.com/engine/server/ai/context.go:1214.2,1217.28 4 6
github.com/engine/server/ai/context.go:1217.28,1219.3 1 1
github.com/engine/server/ai/context.go:1220.2,1230.22 5 6
github.com/engine/server/ai/context.go:1230.22,1232.3 1 6
github.com/engine/server/ai/context.go:1233.2,1233.27 1 6
github.com/engine/server/ai/context.go:1233.27,1235.3 1 6
github.com/engine/server/ai/context.go:1238.2,1247.35 4 6
github.com/engine/server/ai/context.go:1247.35,1249.3 1 6
github.com/engine/server/ai/context.go:1250.2,1279.37 6 6
github.com/engine/server/ai/context.go:1279.37,1281.3 1 1
github.com/engine/server/ai/context.go:1282.2,1290.27 4 6
github.com/engine/server/ai/context.go:1290.27,1292.3 1 1
github.com/engine/server/ai/context.go:1293.2,1302.57 4 6
github.com/engine/server/ai/context.go:1302.57,1303.21 1 6
github.com/engine/server/ai/context.go:1303.21,1305.4 1 2
github.com/engine/server/ai/context.go:1306.3,1306.25 1 4
github.com/engine/server/ai/context.go:1307.69,1309.34 2 6
github.com/engine/server/ai/context.go:1309.34,1310.96 1 1
github.com/engine/server/ai/context.go:1310.96,1312.5 1 1
github.com/engine/server/ai/context.go:1315.2,1315.23 1 6
github.com/engine/server/ai/context.go:1326.3,1328.6 2 12
github.com/engine/server/ai/context.go:1328.6,1329.24 1 15
github.com/engine/server/ai/context.go:1329.24,1331.4 1 3
github.com/engine/server/ai/context.go:1333.3,1334.25 2 12
github.com/engine/server/ai/context.go:1334.25,1336.4 1 1
github.com/engine/server/ai/context.go:1338.3,1350.53 5 12
github.com/engine/server/ai/context.go:1350.53,1351.19 1 14
github.com/engine/server/ai/context.go:1351.19,1353.12 2 2
github.com/engine/server/ai/context.go:1354.23,1355.12 1 1
github.com/engine/server/ai/context.go:1356.29,1356.29 0 1
github.com/engine/server/ai/context.go:1359.4,1360.22 2 13
github.com/engine/server/ai/context.go:1360.22,1361.10 1 10
github.com/engine/server/ai/context.go:1364.4,1367.20 3 3
github.com/engine/server/ai/context.go:1367.20,1368.10 1 1
github.com/engine/server/ai/context.go:1371.3,1371.21 1 11
github.com/engine/server/ai/context.go:1371.21,1374.4 2 1
github.com/engine/server/ai/context.go:1376.3,1378.31 2 10
github.com/engine/server/ai/context.go:1378.31,1379.9 1 6
github.com/engine/server/ai/context.go:1382.3,1383.40 2 4
github.com/engine/server/ai/context.go:1383.40,1384.32 1 5
github.com/engine/server/ai/context.go:1384.32,1385.13 1 1
github.com/engine/server/ai/context.go:1387.4,1388.23 2 4
github.com/engine/server/ai/context.go:1388.23,1390.5 1 1
github.com/engine/server/ai/context.go:1392.4,1392.29 1 4
github.com/engine/server/ai/context.go:1392.29,1393.70 1 3
github.com/engine/server/ai/context.go:1393.70,1407.14 7 1
github.com/engine/server/ai/context.go:1411.4,1417.29 5 3
github.com/engine/server/ai/context.go:1417.29,1419.5 1 2
github.com/engine/server/ai/context.go:1421.4,1432.6 4 3
github.com/engine/server/ai/context.go:1435.3,1437.24 2 4
github.com/engine/server/ai/context.go:1437.24,1439.4 1 1
github.com/engine/server/ai/context.go:1449.35,1458.16 7 16
github.com/engine/server/ai/context.go:1458.16,1460.3 1 1
github.com/engine/server/ai/context.go:1461.2,1463.28 2 15
github.com/engine/server/ai/context.go:1463.28,1467.3 3 3
github.com/engine/server/ai/context.go:1469.2,1478.21 4 12
github.com/engine/server/ai/context.go:1478.21,1480.41 2 79
github.com/engine/server/ai/context.go:1480.41,1481.12 1 16
github.com/engine/server/ai/context.go:1483.3,1484.23 2 63
github.com/engine/server/ai/context.go:1484.23,1485.9 1 12
github.com/engine/server/ai/context.go:1488.3,1489.62 2 51
github.com/engine/server/ai/context.go:1489.62,1490.12 1 2
github.com/engine/server/ai/context.go:1493.3,1493.24 1 49
github.com/engine/server/ai/context.go:1494.30,1496.17 2 13
github.com/engine/server/ai/context.go:1496.17,1497.13 1 1
github.com/engine/server/ai/context.go:1499.4,1499.22 1 12
github.com/engine/server/ai/context.go:1500.16,1501.20 1 7
github.com/engine/server/ai/context.go:1502.20,1505.66 3 5
github.com/engine/server/ai/context.go:1508.30,1510.20 2 12
github.com/engine/server/ai/context.go:1510.20,1511.13 1 1
github.com/engine/server/ai/context.go:1513.4,1513.25 1 11
github.com/engine/server/ai/context.go:1514.22,1518.29 4 7
github.com/engine/server/ai/context.go:1519.28,1520.23 1 4
github.com/engine/server/ai/context.go:1520.23,1524.6 3 4
github.com/engine/server/ai/context.go:1527.29,1528.22 1 12
github.com/engine/server/ai/context.go:1528.22,1531.23 2 5
github.com/engine/server/ai/context.go:1531.23,1533.6 1 1
github.com/engine/server/ai/context.go:1534.5,1538.18 5 5
github.com/engine/server/ai/context.go:1539.10,1539.32 1 7
github.com/engine/server/ai/context.go:1539.32,1542.5 2 7
github.com/engine/server/ai/context.go:1544.24,1546.18 2 1
github.com/engine/server/ai/context.go:1546.18,1548.41 2 1
github.com/engine/server/ai/context.go:1548.41,1549.31 1 1
github.com/engine/server/ai/context.go:1549.31,1549.84 2 1
github.com/engine/server/ai/context.go:1550.6,1550.32 1 1
github.com/engine/server/ai/context.go:1550.32,1550.86 2 1
github.com/engine/server/ai/context.go:1551.6,1551.39 1 1
github.com/engine/server/ai/context.go:1555.24,1557.17 2 11
github.com/engine/server/ai/context.go:1557.17,1558.49 1 11
github.com/engine/server/ai/context.go:1558.49,1560.6 1 11
github.com/engine/server/ai/context.go:1565.2,1565.42 1 12
github.com/engine/server/ai/context.go:1569.21,1571.2 1 56
github.com/engine/server/ai/context.go:1602.56,1604.24 2 50
github.com/engine/server/ai/context.go:1604.24,1613.3 1 150
github.com/engine/server/ai/context.go:1614.2,1614.12 1 50
github.com/engine/server/ai/context.go:1626.3,1630.30 2 23
github.com/engine/server/ai/context.go:1630.30,1632.22 2 8
github.com/engine/server/ai/context.go:1632.22,1634.4 1 8
github.com/engine/server/ai/context.go:1637.2,1638.28 2 23
github.com/engine/server/ai/context.go:1638.28,1641.3 2 72
github.com/engine/server/ai/context.go:1643.2,1645.6 2 23
github.com/engine/server/ai/context.go:1645.6,1646.24 1 30
github.com/engine/server/ai/context.go:1646.24,1648.4 1 3
github.com/engine/server/ai/context.go:1651.3,1654.25 3 27
github.com/engine/server/ai/context.go:1654.25,1656.4 1 1
github.com/engine/server/ai/context.go:1658.3,1668.17 4 27
github.com/engine/server/ai/context.go:1668.17,1671.4 2 1
github.com/engine/server/ai/context.go:1672.3,1673.23 2 26
github.com/engine/server/ai/context.go:1673.23,1675.4 1 18
github.com/engine/server/ai/context.go:1677.3,1678.17 2 26
github.com/engine/server/ai/context.go:1678.17,1681.4 2 2
github.com/engine/server/ai/context.go:1682.3,1684.29 2 24
github.com/engine/server/ai/context.go:1684.29,1689.4 4 2
github.com/engine/server/ai/context.go:1692.3,1704.22 7 22
github.com/engine/server/ai/context.go:1704.22,1706.42 2 99
github.com/engine/server/ai/context.go:1706.42,1707.13 1 32
github.com/engine/server/ai/context.go:1709.4,1710.24 2 67
github.com/engine/server/ai/context.go:1710.24,1711.10 1 21
github.com/engine/server/ai/context.go:1713.4,1714.63 2 46
github.com/engine/server/ai/context.go:1714.63,1715.13 1 1
github.com/engine/server/ai/context.go:1717.4,1718.25 2 45
github.com/engine/server/ai/context.go:1718.25,1719.13 1 1
github.com/engine/server/ai/context.go:1721.4,1722.66 2 44
github.com/engine/server/ai/context.go:1722.66,1724.5 1 21
github.com/engine/server/ai/context.go:1725.4,1726.20 2 44
github.com/engine/server/ai/context.go:1726.20,1727.13 1 1
github.com/engine/server/ai/context.go:1729.4,1729.63 1 43
github.com/engine/server/ai/context.go:1729.63,1733.5 3 13
github.com/engine/server/ai/context.go:1734.4,1734.58 1 43
github.com/engine/server/ai/context.go:1734.58,1735.31 1 8
github.com/engine/server/ai/context.go:1735.31,1737.19 2 9
github.com/engine/server/ai/context.go:1737.19,1738.15 1 1
github.com/engine/server/ai/context.go:1740.6,1740.32 1 8
github.com/engine/server/ai/context.go:1740.32,1740.75 2 8
github.com/engine/server/ai/context.go:1741.6,1741.33 1 8
github.com/engine/server/ai/context.go:1741.33,1743.7 1 8
github.com/engine/server/ai/context.go:1744.6,1745.53 2 8
github.com/engine/server/ai/context.go:1745.53,1747.7 1 7
github.com/engine/server/ai/context.go:1748.6,1748.63 1 8
github.com/engine/server/ai/context.go:1748.63,1749.60 1 8
github.com/engine/server/ai/context.go:1749.60,1751.8 1 8
github.com/engine/server/ai/context.go:1752.7,1752.51 1 8
github.com/engine/server/ai/context.go:1752.51,1754.8 1 8
github.com/engine/server/ai/context.go:1759.3,1759.39 1 22
github.com/engine/server/ai/context.go:1759.39,1762.4 2 1
github.com/engine/server/ai/context.go:1765.3,1765.27 1 21
github.com/engine/server/ai/context.go:1765.27,1768.35 1 8
github.com/engine/server/ai/context.go:1768.35,1769.34 1 8
github.com/engine/server/ai/context.go:1769.34,1771.5 1 1
github.com/engine/server/ai/context.go:1774.3,1783.35 3 8
github.com/engine/server/ai/context.go:1783.35,1792.4 1 8
github.com/engine/server/ai/context.go:1793.3,1793.77 1 8
github.com/engine/server/ai/context.go:1794.9,1794.31 1 13
github.com/engine/server/ai/context.go:1794.31,1796.4 1 13
github.com/engine/server/ai/context.go:1798.3,1798.60 1 21
github.com/engine/server/ai/context.go:1798.60,1799.9 1 13
github.com/engine/server/ai/context.go:1805.3,1805.41 1 8
github.com/engine/server/ai/context.go:1805.41,1807.18 2 8
github.com/engine/server/ai/context.go:1807.18,1808.13 1 2
github.com/engine/server/ai/context.go:1811.4,1813.42 3 6
github.com/engine/server/ai/context.go:1813.42,1815.5 1 1
github.com/engine/server/ai/context.go:1816.4,1816.88 1 6
github.com/engine/server/ai/context.go:1816.88,1822.13 5 1
github.com/engine/server/ai/context.go:1825.4,1841.6 8 5
github.com/engine/server/ai/context.go:1844.3,1844.24 1 8
github.com/engine/server/ai/context.go:1844.24,1846.4 1 1
github.com/engine/server/ai/harness.go:36.72,38.44 2 9
github.com/engine/server/ai/harness.go:38.44,39.39 1 45
github.com/engine/server/ai/harness.go:39.39,41.4 1 7
github.com/engine/server/ai/harness.go:43.2,43.10 1 2
github.com/engine/server/ai/harness.go:63.73,74.2 4 5
github.com/engine/server/ai/harness.go:77.82,80.30 3 4
github.com/engine/server/ai/harness.go:80.30,84.3 3 4
github.com/engine/server/ai/harness.go:85.2,85.8 1 4
github.com/engine/server/ai/harness.go:89.41,91.25 2 2
github.com/engine/server/ai/harness.go:91.25,93.3 1 1
github.com/engine/server/ai/harness.go:94.2,94.90 1 1
github.com/engine/server/ai/harness.go:106.44,112.2 1 9
github.com/engine/server/ai/harness.go:116.46,118.22 2 7
github.com/engine/server/ai/harness.go:118.22,120.3 1 1
github.com/engine/server/ai/harness.go:121.2,121.12 1 7
github.com/engine/server/ai/harness.go:138.42,143.2 1 20
github.com/engine/server/ai/harness.go:147.64,150.29 3 7
github.com/engine/server/ai/harness.go:150.29,152.3 1 2
github.com/engine/server/ai/harness.go:153.2,153.17 1 5
github.com/engine/server/ai/harness.go:159.92,162.13 3 15
github.com/engine/server/ai/harness.go:162.13,164.67 2 13
github.com/engine/server/ai/harness.go:164.67,166.21 2 5
github.com/engine/server/ai/harness.go:166.21,168.5 1 2
github.com/engine/server/ai/harness.go:170.8,173.3 1 2
github.com/engine/server/ai/harness.go:177.51,182.2 4 1
github.com/engine/server/ai/harness.go:185.53,189.34 4 1
github.com/engine/server/ai/harness.go:189.34,191.3 1 1
github.com/engine/server/ai/harness.go:192.2,192.12 1 1
github.com/engine/server/ai/harness.go:207.46,209.2 1 1
github.com/engine/server/ai/harness.go:213.34,215.2 1 39
github.com/engine/server/ai/harness.go:218.71,220.29 2 16
github.com/engine/server/ai/harness.go:220.29,222.47 1 35
github.com/engine/server/ai/harness.go:222.47,224.4 1 34
github.com/engine/server/ai/harness.go:224.9,224.65 1 1
github.com/engine/server/ai/harness.go:224.65,225.40 1 1
github.com/engine/server/ai/harness.go:225.40,228.5 2 1
github.com/engine/server/ai/harness.go:230.3,230.13 1 35
github.com/engine/server/ai/harness.go:232.2,232.14 1 16
github.com/engine/server/ai/harness.go:238.106,239.6 1 8
github.com/engine/server/ai/harness.go:239.6,241.26 2 12
github.com/engine/server/ai/harness.go:241.26,243.4 1 7
github.com/engine/server/ai/harness.go:245.3,246.30 2 5
github.com/engine/server/ai/harness.go:246.30,247.26 1 7
github.com/engine/server/ai/harness.go:247.26,250.10 3 4
github.com/engine/server/ai/harness.go:253.3,253.15 1 5
github.com/engine/server/ai/harness.go:253.15,256.4 1 1
github.com/engine/server/ai/history_context.go:86.91,88.2 1 1
github.com/engine/server/ai/history_context.go:95.28,96.23 1 12
github.com/engine/server/ai/history_context.go:96.23,100.3 1 1
github.com/engine/server/ai/history_context.go:102.2,103.21 2 11
github.com/engine/server/ai/history_context.go:103.21,107.3 1 6
github.com/engine/server/ai/history_context.go:109.2,110.79 2 5
github.com/engine/server/ai/history_context.go:110.79,116.15 6 292
github.com/engine/server/ai/history_context.go:116.15,118.4 1 26
github.com/engine/server/ai/history_context.go:119.3,129.4 1 292
github.com/engine/server/ai/history_context.go:132.2,133.42 2 5
github.com/engine/server/ai/history_context.go:133.42,135.28 2 1
github.com/engine/server/ai/history_context.go:135.28,137.4 1 2
github.com/engine/server/ai/history_context.go:138.8,142.57 4 4
github.com/engine/server/ai/history_context.go:142.57,144.4 1 24
github.com/engine/server/ai/history_context.go:146.3,147.48 2 4
github.com/engine/server/ai/history_context.go:147.48,149.4 1 234
github.com/engine/server/ai/history_context.go:150.3,150.52 1 4
github.com/engine/server/ai/history_context.go:150.52,151.50 1 2124
github.com/engine/server/ai/history_context.go:151.50,153.5 1 2098
github.com/engine/server/ai/history_context.go:154.4,154.52 1 26
github.com/engine/server/ai/history_context.go:157.3,158.40 2 4
github.com/engine/server/ai/history_context.go:158.40,159.22 1 36
github.com/engine/server/ai/history_context.go:159.22,160.10 1 4
github.com/engine/server/ai/history_context.go:162.4,163.15 2 32
github.com/engine/server/ai/history_context.go:166.3,166.28 1 4
github.com/engine/server/ai/history_context.go:166.28,167.44 1 258
github.com/engine/server/ai/history_context.go:167.44,168.13 1 202
github.com/engine/server/ai/history_context.go:170.4,170.76 1 56
github.com/engine/server/ai/history_context.go:174.2,176.41 3 5
github.com/engine/server/ai/history_context.go:176.41,183.3 3 58
github.com/engine/server/ai/history_context.go:184.2,189.3 2 5
github.com/engine/server/ai/history_context.go:197.10,199.2 1 1
github.com/engine/server/ai/history_context.go:207.26,211.62 3 8
github.com/engine/server/ai/history_context.go:211.62,218.3 1 2
github.com/engine/server/ai/history_context.go:220.2,220.86 1 8
github.com/engine/server/ai/history_context.go:220.86,227.3 1 7
github.com/engine/server/ai/history_context.go:229.2,229.64 1 8
github.com/engine/server/ai/history_context.go:229.64,236.3 1 1
github.com/engine/server/ai/history_context.go:238.2,239.40 2 8
github.com/engine/server/ai/history_context.go:239.40,246.3 1 5
github.com/engine/server/ai/history_context.go:248.2,248.22 1 8
github.com/engine/server/ai/history_context.go:248.22,250.3 1 1
github.com/engine/server/ai/history_context.go:252.2,253.49 2 7
github.com/engine/server/ai/history_context.go:253.49,255.3 1 11
github.com/engine/server/ai/history_context.go:257.2,262.15 2 7
github.com/engine/server/ai/history_context.go:272.31,274.2 1 1
github.com/engine/server/ai/history_context.go:284.31,285.16 1 21
github.com/engine/server/ai/history_context.go:285.16,287.3 1 3
github.com/engine/server/ai/history_context.go:288.2,288.41 1 21
github.com/engine/server/ai/history_context.go:288.41,290.3 1 1
github.com/engine/server/ai/history_context.go:292.2,299.17 7 21
github.com/engine/server/ai/history_context.go:299.17,301.3 1 3
github.com/engine/server/ai/history_context.go:303.2,304.42 2 21
github.com/engine/server/ai/history_context.go:304.42,305.70 1 225
github.com/engine/server/ai/history_context.go:305.70,306.12 1 1
github.com/engine/server/ai/history_context.go:308.3,311.44 4 224
github.com/engine/server/ai/history_context.go:311.44,313.4 1 213
github.com/engine/server/ai/history_context.go:314.3,314.19 1 224
github.com/engine/server/ai/history_context.go:314.19,315.12 1 2
github.com/engine/server/ai/history_context.go:317.3,328.5 1 222
github.com/engine/server/ai/history_context.go:331.2,331.43 1 21
github.com/engine/server/ai/history_context.go:331.43,332.70 1 6
github.com/engine/server/ai/history_context.go:332.70,333.12 1 1
github.com/engine/server/ai/history_context.go:335.3,338.44 4 5
github.com/engine/server/ai/history_context.go:338.44,340.4 1 2
github.com/engine/server/ai/history_context.go:341.3,341.19 1 5
github.com/engine/server/ai/history_context.go:341.19,342.12 1 3
github.com/engine/server/ai/history_context.go:344.3,354.5 1 2
github.com/engine/server/ai/history_context.go:357.2,357.44 1 21
github.com/engine/server/ai/history_context.go:357.44,358.71 1 7
github.com/engine/server/ai/history_context.go:358.71,359.12 1 1
github.com/engine/server/ai/history_context.go:361.3,370.45 5 6
github.com/engine/server/ai/history_context.go:370.45,372.4 1 2
github.com/engine/server/ai/history_context.go:373.3,373.19 1 6
github.com/engine/server/ai/history_context.go:373.19,374.12 1 1
github.com/engine/server/ai/history_context.go:376.3,386.5 1 5
github.com/engine/server/ai/history_context.go:389.2,389.48 1 21
github.com/engine/server/ai/history_context.go:389.48,390.73 1 6
github.com/engine/server/ai/history_context.go:390.73,391.12 1 1
github.com/engine/server/ai/history_context.go:393.3,394.56 2 5
github.com/engine/server/ai/history_context.go:394.56,396.4 1 3
github.com/engine/server/ai/history_context.go:397.3,406.31 5 5
github.com/engine/server/ai/history_context.go:406.31,408.4 1 3
github.com/engine/server/ai/history_context.go:409.3,409.28 1 5
github.com/engine/server/ai/history_context.go:409.28,411.4 1 3
github.com/engine/server/ai/history_context.go:412.3,412.47 1 5
github.com/engine/server/ai/history_context.go:412.47,414.4 1 1
github.com/engine/server/ai/history_context.go:415.3,415.19 1 5
github.com/engine/server/ai/history_context.go:415.19,416.12 1 2
github.com/engine/server/ai/history_context.go:418.3,428.5 1 3
github.com/engine/server/ai/history_context.go:431.2,431.45 1 21
github.com/engine/server/ai/history_context.go:431.45,432.37 1 328
github.com/engine/server/ai/history_context.go:432.37,434.4 1 268
github.com/engine/server/ai/history_context.go:435.3,435.39 1 60
github.com/engine/server/ai/history_context.go:438.2,440.27 3 21
github.com/engine/server/ai/history_context.go:440.27,442.29 2 33
github.com/engine/server/ai/history_context.go:442.29,443.12 1 4
github.com/engine/server/ai/history_context.go:445.3,447.28 3 29
github.com/engine/server/ai/history_context.go:447.28,448.9 1 6
github.com/engine/server/ai/history_context.go:452.2,453.29 2 21
github.com/engine/server/ai/history_context.go:453.29,455.3 1 29
github.com/engine/server/ai/history_context.go:457.2,457.21 1 21
github.com/engine/server/ai/history_context.go:460.104,461.20 1 7
github.com/engine/server/ai/history_context.go:461.20,463.3 1 4
github.com/engine/server/ai/history_context.go:465.2,467.31 3 3
github.com/engine/server/ai/history_context.go:467.31,469.40 2 3
github.com/engine/server/ai/history_context.go:469.40,471.4 1 1
github.com/engine/server/ai/history_context.go:472.3,473.17 2 3
github.com/engine/server/ai/history_context.go:473.17,475.4 1 1
github.com/engine/server/ai/history_context.go:476.3,484.5 1 3
github.com/engine/server/ai/history_context.go:486.2,486.44 1 3
github.com/engine/server/ai/history_context.go:494.22,497.2 2 10
github.com/engine/server/ai/history_context.go:505.26,510.46 4 9
github.com/engine/server/ai/history_context.go:510.46,511.28 1 16
github.com/engine/server/ai/history_context.go:511.28,512.12 1 1
github.com/engine/server/ai/history_context.go:514.3,525.5 1 15
github.com/engine/server/ai/history_context.go:528.2,528.45 1 9
github.com/engine/server/ai/history_context.go:528.45,529.24 1 13
github.com/engine/server/ai/history_context.go:529.24,530.12 1 1
github.com/engine/server/ai/history_context.go:532.3,543.5 1 12
github.com/engine/server/ai/history_context.go:546.2,546.48 1 9
github.com/engine/server/ai/history_context.go:546.48,548.22 2 9
github.com/engine/server/ai/history_context.go:548.22,549.12 1 1
github.com/engine/server/ai/history_context.go:551.3,562.5 1 8
github.com/engine/server/ai/history_context.go:565.2,565.18 1 9
github.com/engine/server/ai/history_context.go:573.22,578.37 4 13
github.com/engine/server/ai/history_context.go:578.37,579.50 1 4
github.com/engine/server/ai/history_context.go:579.50,580.12 1 1
github.com/engine/server/ai/history_context.go:583.3,584.45 2 3
github.com/engine/server/ai/history_context.go:584.45,586.4 1 1
github.com/engine/server/ai/history_context.go:587.3,591.38 1 3
github.com/engine/server/ai/history_context.go:591.38,593.4 1 1
github.com/engine/server/ai/history_context.go:594.3,594.17 1 3
github.com/engine/server/ai/history_context.go:594.17,595.12 1 1
github.com/engine/server/ai/history_context.go:598.3,599.48 2 2
github.com/engine/server/ai/history_context.go:599.48,601.4 1 1
github.com/engine/server/ai/history_context.go:604.2,604.19 1 13
github.com/engine/server/ai/history_context.go:604.19,606.3 1 12
github.com/engine/server/ai/history_context.go:608.2,609.37 2 1
github.com/engine/server/ai/history_context.go:609.37,611.3 1 2
github.com/engine/server/ai/history_context.go:612.2,612.16 1 1
github.com/engine/server/ai/history_context.go:615.65,616.22 1 19
github.com/engine/server/ai/history_context.go:616.22,618.3 1 2
github.com/engine/server/ai/history_context.go:620.2,624.31 4 17
github.com/engine/server/ai/history_context.go:624.31,625.21 1 31
github.com/engine/server/ai/history_context.go:625.21,626.9 1 1
github.com/engine/server/ai/history_context.go:629.3,630.22 2 30
github.com/engine/server/ai/history_context.go:630.22,631.9 1 5
github.com/engine/server/ai/history_context.go:633.3,635.29 3 25
github.com/engine/server/ai/history_context.go:635.29,637.4 1 2
github.com/engine/server/ai/history_context.go:638.3,639.57 2 25
github.com/engine/server/ai/history_context.go:642.2,642.25 1 17
github.com/engine/server/ai/history_context.go:645.49,647.31 2 48
github.com/engine/server/ai/history_context.go:647.31,648.40 1 12
github.com/engine/server/ai/history_context.go:648.40,649.12 1 1
github.com/engine/server/ai/history_context.go:651.3,651.34 1 11
github.com/engine/server/ai/history_context.go:653.2,653.33 1 48
github.com/engine/server/ai/history_context.go:656.62,659.14 3 616
github.com/engine/server/ai/history_context.go:659.14,661.3 1 1
github.com/engine/server/ai/history_context.go:662.2,662.30 1 615
github.com/engine/server/ai/history_context.go:665.51,666.20 1 15
github.com/engine/server/ai/history_context.go:666.20,668.3 1 4
github.com/engine/server/ai/history_context.go:669.2,669.19 1 11
github.com/engine/server/ai/history_context.go:672.58,673.24 1 9
github.com/engine/server/ai/history_context.go:673.24,675.3 1 6
github.com/engine/server/ai/history_context.go:677.2,679.31 3 3
github.com/engine/server/ai/history_context.go:679.31,681.50 2 4
github.com/engine/server/ai/history_context.go:681.50,683.4 1 1
github.com/engine/server/ai/history_context.go:684.3,684.18 1 4
github.com/engine/server/ai/history_context.go:684.18,686.4 1 1
github.com/engine/server/ai/history_context.go:687.3,687.19 1 4
github.com/engine/server/ai/history_context.go:687.19,689.12 2 2
github.com/engine/server/ai/history_context.go:691.3,691.41 1 2
github.com/engine/server/ai/history_context.go:694.2,695.26 2 3
github.com/engine/server/ai/history_context.go:695.26,697.3 1 2
github.com/engine/server/ai/history_context.go:698.2,698.25 1 3
github.com/engine/server/ai/history_context.go:698.25,700.3 1 2
github.com/engine/server/ai/history_context.go:701.2,701.37 1 3
github.com/engine/server/ai/history_context.go:704.64,705.22 1 8
github.com/engine/server/ai/history_context.go:705.22,707.3 1 1
github.com/engine/server/ai/history_context.go:708.2,710.30 3 7
github.com/engine/server/ai/history_context.go:710.30,713.3 2 15
github.com/engine/server/ai/history_context.go:714.2,714.17 1 7
github.com/engine/server/ai/history_context.go:717.51,719.35 2 7
github.com/engine/server/ai/history_context.go:719.35,721.3 1 15
github.com/engine/server/ai/history_context.go:722.2,722.15 1 7
github.com/engine/server/ai/history_context.go:725.74,727.43 2 5
github.com/engine/server/ai/history_context.go:727.43,729.3 1 58
github.com/engine/server/ai/history_context.go:730.2,730.15 1 5
github.com/engine/server/ai/history_context.go:733.51,735.31 2 21
github.com/engine/server/ai/history_context.go:735.31,737.3 1 29
github.com/engine/server/ai/history_context.go:738.2,738.15 1 21
github.com/engine/server/ai/history_context.go:741.56,742.22 1 34
github.com/engine/server/ai/history_context.go:742.22,744.3 1 11
github.com/engine/server/ai/history_context.go:746.2,747.35 2 23
github.com/engine/server/ai/history_context.go:747.35,748.23 1 79
github.com/engine/server/ai/history_context.go:748.23,750.4 1 7
github.com/engine/server/ai/history_context.go:753.2,755.35 3 23
github.com/engine/server/ai/history_context.go:755.35,759.3 3 102
github.com/engine/server/ai/history_context.go:760.2,760.29 1 23
github.com/engine/server/ai/history_context.go:760.29,762.3 1 102
github.com/engine/server/ai/history_context.go:763.2,763.16 1 23
github.com/engine/server/ai/history_context.go:766.95,768.27 2 6
github.com/engine/server/ai/history_context.go:768.27,770.40 2 16
github.com/engine/server/ai/history_context.go:770.40,772.4 1 12
github.com/engine/server/ai/history_context.go:773.3,774.17 2 16
github.com/engine/server/ai/history_context.go:774.17,776.4 1 4
github.com/engine/server/ai/history_context.go:777.3,785.41 2 16
github.com/engine/server/ai/history_context.go:785.41,786.9 1 1
github.com/engine/server/ai/history_context.go:788.3,788.28 1 15
github.com/engine/server/ai/history_context.go:790.2,790.44 1 6
github.com/engine/server/ai/history_context.go:793.52,797.31 3 51
github.com/engine/server/ai/history_context.go:797.31,798.84 1 98
github.com/engine/server/ai/history_context.go:798.84,800.4 1 1573
github.com/engine/server/ai/history_context.go:800.6,802.18 2 175
github.com/engine/server/ai/history_context.go:802.18,803.13 1 1
github.com/engine/server/ai/history_context.go:805.4,805.59 1 174
github.com/engine/server/ai/history_context.go:805.59,806.13 1 10
github.com/engine/server/ai/history_context.go:808.4,808.65 1 164
github.com/engine/server/ai/history_context.go:808.65,809.13 1 11
github.com/engine/server/ai/history_context.go:811.4,811.31 1 153
github.com/engine/server/ai/history_context.go:811.31,812.13 1 15
github.com/engine/server/ai/history_context.go:814.4,815.31 2 138
github.com/engine/server/ai/history_context.go:819.2,819.14 1 51
github.com/engine/server/ai/history_context.go:822.104,827.79 4 535
github.com/engine/server/ai/history_context.go:827.79,829.3 1 18
github.com/engine/server/ai/history_context.go:831.2,831.34 1 535
github.com/engine/server/ai/history_context.go:831.34,832.40 1 1285
github.com/engine/server/ai/history_context.go:832.40,834.4 1 167
github.com/engine/server/ai/history_context.go:837.2,837.31 1 535
github.com/engine/server/ai/history_context.go:837.31,839.17 2 26
github.com/engine/server/ai/history_context.go:839.17,840.12 1 1
github.com/engine/server/ai/history_context.go:842.3,843.54 2 25
github.com/engine/server/ai/history_context.go:843.54,845.4 1 3
github.com/engine/server/ai/history_context.go:846.3,846.40 1 25
github.com/engine/server/ai/history_context.go:846.40,848.4 1 2
github.com/engine/server/ai/history_context.go:851.2,851.14 1 535
github.com/engine/server/ai/history_context.go:854.61,855.21 1 14
github.com/engine/server/ai/history_context.go:855.21,857.3 1 1
github.com/engine/server/ai/history_context.go:859.2,861.29 3 13
github.com/engine/server/ai/history_context.go:861.29,862.40 1 76
github.com/engine/server/ai/history_context.go:862.40,864.4 1 26
github.com/engine/server/ai/history_context.go:866.2,866.47 1 13
github.com/engine/server/ai/history_context.go:869.45,871.16 2 532
github.com/engine/server/ai/history_context.go:871.16,873.3 1 86
github.com/engine/server/ai/history_context.go:875.2,876.9 2 446
github.com/engine/server/ai/history_context.go:877.21,878.13 1 443
github.com/engine/server/ai/history_context.go:879.22,880.13 1 1
github.com/engine/server/ai/history_context.go:881.24,882.13 1 1
github.com/engine/server/ai/history_context.go:883.10,884.14 1 1
github.com/engine/server/ai/history_context.go:888.96,889.32 1 248
github.com/engine/server/ai/history_context.go:889.32,891.3 1 241
github.com/engine/server/ai/history_context.go:892.2,892.73 1 7
github.com/engine/server/ai/history_context.go:895.31,896.11 1 50
github.com/engine/server/ai/history_context.go:896.11,898.3 1 21
github.com/engine/server/ai/history_context.go:899.2,899.10 1 29
github.com/engine/server/ai/history_context.go:902.31,903.11 1 33
github.com/engine/server/ai/history_context.go:903.11,905.3 1 28
github.com/engine/server/ai/history_context.go:906.2,906.10 1 5
github.com/engine/server/ai/os_cmds_darwin.go:9.60,11.2 1 1
github.com/engine/server/ai/os_cmds_darwin.go:13.67,15.2 1 2
github.com/engine/server/ai/provider.go:30.40,31.14 1 15
github.com/engine/server/ai/provider.go:32.16,33.27 1 2
github.com/engine/server/ai/provider.go:34.16,35.27 1 9
github.com/engine/server/ai/provider.go:36.10,37.30 1 4
github.com/engine/server/ai/provider.go:53.3,61.2 2 8
github.com/engine/server/ai/provider.go:74.3,82.2 2 1
github.com/engine/server/ai/provider.go:95.3,98.2 2 1
github.com/engine/server/ai/safety.go:18.47,21.2 2 68
github.com/engine/server/ai/safety.go:23.75,24.41 1 41
github.com/engine/server/ai/safety.go:24.41,26.3 1 2
github.com/engine/server/ai/safety.go:28.2,30.32 3 39
github.com/engine/server/ai/safety.go:30.32,32.3 1 30
github.com/engine/server/ai/safety.go:34.2,37.74 3 39
github.com/engine/server/ai/safety.go:37.74,39.3 1 14
github.com/engine/server/ai/safety.go:40.2,40.28 1 25
github.com/engine/server/ai/safety.go:43.80,44.41 1 13
github.com/engine/server/ai/safety.go:44.41,46.3 1 1
github.com/engine/server/ai/safety.go:47.2,47.54 1 12
github.com/engine/server/ai/safety.go:50.76,52.16 2 6
github.com/engine/server/ai/safety.go:52.16,54.3 1 3
github.com/engine/server/ai/safety.go:55.2,56.17 2 3
github.com/engine/server/ai/safety.go:59.90,61.19 2 27
github.com/engine/server/ai/safety.go:61.19,63.3 1 1
github.com/engine/server/ai/safety.go:65.2,66.73 2 26
github.com/engine/server/ai/safety.go:66.73,68.3 1 2
github.com/engine/server/ai/safety.go:70.2,71.72 2 24
github.com/engine/server/ai/safety.go:71.72,72.49 1 9
github.com/engine/server/ai/safety.go:72.49,73.72 1 27
github.com/engine/server/ai/safety.go:73.72,75.5 1 9
github.com/engine/server/ai/safety.go:79.2,79.43 1 15
github.com/engine/server/ai/safety.go:79.43,80.38 1 335
github.com/engine/server/ai/safety.go:80.38,82.4 1 7
github.com/engine/server/ai/safety.go:85.2,85.22 1 8
github.com/engine/server/ai/secret_scan.go:51.41,56.49 4 15
github.com/engine/server/ai/secret_scan.go:56.49,58.40 1 564
github.com/engine/server/ai/secret_scan.go:58.40,61.12 3 10
github.com/engine/server/ai/secret_scan.go:63.3,63.36 1 554
github.com/engine/server/ai/secret_scan.go:63.36,68.12 4 10
github.com/engine/server/ai/secret_scan.go:72.3,72.70 1 544
github.com/engine/server/ai/secret_scan.go:72.70,73.37 1 534
github.com/engine/server/ai/secret_scan.go:73.37,75.5 1 531
github.com/engine/server/ai/secret_scan.go:76.4,76.12 1 534
github.com/engine/server/ai/secret_scan.go:78.3,81.37 3 10
github.com/engine/server/ai/secret_scan.go:81.37,82.39 1 160
github.com/engine/server/ai/secret_scan.go:82.39,84.80 1 8
github.com/engine/server/ai/secret_scan.go:84.80,86.6 1 8
github.com/engine/server/ai/secret_scan.go:87.5,92.7 1 8
github.com/engine/server/ai/secret_scan.go:97.2,97.16 1 15
github.com/engine/server/ai/secret_scan.go:101.52,102.23 1 3
github.com/engine/server/ai/secret_scan.go:102.23,104.3 1 1
github.com/engine/server/ai/secret_scan.go:105.2,107.28 3 2
github.com/engine/server/ai/secret_scan.go:107.28,110.3 1 2
github.com/engine/server/ai/secret_scan.go:111.2,113.20 3 2
github.com/engine/server/ai/session_summary.go:20.74,24.16 4 18
github.com/engine/server/ai/session_summary.go:24.16,26.3 1 5
github.com/engine/server/ai/session_summary.go:27.2,27.43 1 13
github.com/engine/server/ai/session_summary.go:30.47,34.29 4 133
github.com/engine/server/ai/session_summary.go:34.29,37.51 3 152
github.com/engine/server/ai/session_summary.go:37.51,38.12 1 8
github.com/engine/server/ai/session_summary.go:40.3,40.34 1 144
github.com/engine/server/ai/session_summary.go:42.2,42.76 1 133
github.com/engine/server/ai/session_summary.go:45.51,46.34 1 174
github.com/engine/server/ai/session_summary.go:46.34,48.3 1 133
github.com/engine/server/ai/session_summary.go:49.2,49.14 1 41
github.com/engine/server/ai/session_summary.go:49.14,51.3 1 1
github.com/engine/server/ai/session_summary.go:52.2,52.48 1 40
github.com/engine/server/ai/session_summary.go:55.51,58.31 3 13
github.com/engine/server/ai/session_summary.go:58.31,60.31 2 13
github.com/engine/server/ai/session_summary.go:60.31,61.12 1 2
github.com/engine/server/ai/session_summary.go:63.3,65.22 3 11
github.com/engine/server/ai/session_summary.go:65.22,66.9 1 1
github.com/engine/server/ai/session_summary.go:69.2,69.14 1 13
github.com/engine/server/ai/session_summary.go:72.62,77.23 4 9
github.com/engine/server/ai/session_summary.go:77.23,79.3 1 7
github.com/engine/server/ai/session_summary.go:80.2,80.24 1 9
github.com/engine/server/ai/session_summary.go:80.24,82.3 1 6
github.com/engine/server/ai/session_summary.go:83.2,83.37 1 9
github.com/engine/server/ai/session_summary.go:86.56,87.23 1 9
github.com/engine/server/ai/session_summary.go:87.23,89.3 1 1
github.com/engine/server/ai/session_summary.go:90.2,90.107 1 8
github.com/engine/server/ai/session_summary.go:90.107,92.3 1 1
github.com/engine/server/ai/session_summary.go:93.2,94.40 2 7
github.com/engine/server/ai/session_summary.go:94.40,96.3 1 6
github.com/engine/server/ai/session_summary.go:97.2,97.18 1 7
github.com/engine/server/ai/session_summary.go:100.60,103.2 2 1
github.com/engine/server/ai/session_summary.go:105.61,107.2 1 8
github.com/engine/server/ai/session_summary.go:109.114,111.83 2 9
github.com/engine/server/ai/session_summary.go:111.83,113.3 1 7
github.com/engine/server/ai/session_summary.go:113.8,113.94 1 2
github.com/engine/server/ai/session_summary.go:113.94,115.3 1 1
github.com/engine/server/ai/session_summary.go:116.2,116.89 1 9
github.com/engine/server/ai/session_summary.go:116.89,118.3 1 7
github.com/engine/server/ai/session_summary.go:119.2,119.63 1 9
github.com/engine/server/ai/session_summary.go:119.63,121.3 1 2
github.com/engine/server/ai/session_summary.go:122.2,122.78 1 9
github.com/engine/server/ai/test_loop.go:20.99,26.2 1 8
github.com/engine/server/ai/test_loop.go:29.106,30.43 1 3
github.com/engine/server/ai/test_loop.go:30.43,32.3 1 2
github.com/engine/server/ai/test_loop.go:34.2,39.4 1 1
github.com/engine/server/ai/test_loop.go:43.64,44.43 1 7
github.com/engine/server/ai/test_loop.go:44.43,46.3 1 2
github.com/engine/server/ai/test_loop.go:48.2,48.36 1 5
github.com/engine/server/ai/test_loop.go:53.64,54.43 1 5
github.com/engine/server/ai/test_loop.go:54.43,56.3 1 2
github.com/engine/server/ai/test_loop.go:58.2,62.20 3 3
github.com/engine/server/ai/test_loop.go:62.20,64.3 1 3
github.com/engine/server/ai/test_loop.go:65.2,81.27 4 3
github.com/engine/server/ai/test_loop.go:81.27,83.3 1 1
github.com/engine/server/ai/test_loop.go:84.2,85.26 2 3
github.com/engine/server/ai/test_loop.go:85.26,87.3 1 3
github.com/engine/server/ai/test_loop.go:88.2,89.47 2 3
github.com/engine/server/ai/test_loop.go:89.47,91.3 1 2
github.com/engine/server/ai/test_loop.go:92.2,103.15 3 3
github.com/engine/server/ai/test_loop.go:107.62,108.16 1 2
github.com/engine/server/ai/test_loop.go:108.16,110.3 1 1
github.com/engine/server/ai/test_loop.go:111.2,114.51 3 1
github.com/engine/server/ai/test_loop.go:114.51,125.3 1 1
github.com/engine/server/ai/test_loop.go:132.84,133.53 1 3
github.com/engine/server/ai/test_loop.go:133.53,136.52 2 2
github.com/engine/server/ai/test_loop.go:136.52,144.4 1 1
github.com/engine/server/ai/test_loop.go:146.3,146.21 1 2
github.com/engine/server/ai/test_loop.go:146.21,155.62 2 2
github.com/engine/server/ai/test_loop.go:155.62,160.5 1 1
github.com/engine/server/ai/test_loop.go:166.47,168.39 2 2
github.com/engine/server/ai/test_loop.go:168.39,170.3 1 1
github.com/engine/server/ai/test_loop.go:172.2,174.30 3 1
github.com/engine/server/ai/test_loop.go:174.30,177.3 1 1
github.com/engine/server/ai/test_loop.go:178.2,178.15 1 1
github.com/engine/server/ai/test_loop.go:182.87,183.32 1 4
github.com/engine/server/ai/test_loop.go:183.32,190.44 2 3
github.com/engine/server/ai/test_loop.go:190.44,195.4 1 1
github.com/engine/server/ai/test_loop.go:201.111,203.16 2 5
github.com/engine/server/ai/test_loop.go:203.16,205.3 1 1
github.com/engine/server/ai/test_loop.go:206.2,206.44 1 4
github.com/engine/server/ai/test_loop.go:206.44,208.3 1 1
github.com/engine/server/ai/test_loop.go:210.2,211.16 2 3
github.com/engine/server/ai/test_loop.go:211.16,213.3 1 1
github.com/engine/server/ai/test_loop.go:215.2,227.56 2 2
github.com/engine/server/ai/test_loop.go:237.68,239.2 1 2
github.com/engine/server/ai/test_orchestrator.go:19.38,25.2 1 13
github.com/engine/server/ai/test_orchestrator.go:28.46,33.23 3 21
github.com/engine/server/ai/test_orchestrator.go:33.23,35.3 1 7
github.com/engine/server/ai/test_orchestrator.go:38.2,38.25 1 21
github.com/engine/server/ai/test_orchestrator.go:38.25,40.3 1 1
github.com/engine/server/ai/test_orchestrator.go:44.50,52.2 1 8
github.com/engine/server/ai/test_orchestrator.go:64.36,68.43 2 54
github.com/engine/server/ai/test_orchestrator.go:68.43,69.28 1 345
github.com/engine/server/ai/test_orchestrator.go:69.28,71.4 1 10
github.com/engine/server/ai/test_orchestrator.go:75.2,75.39 1 44
github.com/engine/server/ai/test_orchestrator.go:75.39,76.26 1 543
github.com/engine/server/ai/test_orchestrator.go:76.26,78.4 1 22
github.com/engine/server/ai/test_orchestrator.go:82.2,82.40 1 22
github.com/engine/server/ai/test_orchestrator.go:82.40,83.39 1 312
github.com/engine/server/ai/test_orchestrator.go:83.39,85.4 1 6
github.com/engine/server/ai/test_orchestrator.go:87.2,87.14 1 16
github.com/engine/server/ai/test_orchestrator.go:91.38,93.42 2 28
github.com/engine/server/ai/test_orchestrator.go:93.42,94.39 1 72
github.com/engine/server/ai/test_orchestrator.go:94.39,96.4 1 7
github.com/engine/server/ai/test_orchestrator.go:98.2,98.14 1 21
github.com/engine/server/ai/test_orchestrator.go:102.41,103.39 1 7
github.com/engine/server/ai/test_orchestrator.go:103.39,104.26 1 31
github.com/engine/server/ai/test_orchestrator.go:104.26,106.4 1 5
github.com/engine/server/ai/test_orchestrator.go:108.2,108.14 1 2
github.com/engine/server/ai/test_orchestrator.go:113.38,115.23 2 6
github.com/engine/server/ai/test_orchestrator.go:115.23,117.32 2 4
github.com/engine/server/ai/test_orchestrator.go:117.32,119.4 1 6
github.com/engine/server/ai/test_orchestrator.go:120.3,120.14 1 4
github.com/engine/server/ai/test_orchestrator.go:122.2,122.11 1 2
github.com/engine/server/ai/test_orchestrator.go:127.40,129.41 2 16
github.com/engine/server/ai/test_orchestrator.go:129.41,130.27 1 93
github.com/engine/server/ai/test_orchestrator.go:130.27,132.4 1 5
github.com/engine/server/ai/test_orchestrator.go:134.2,134.41 1 11
github.com/engine/server/ai/test_orchestrator.go:134.41,135.27 1 65
github.com/engine/server/ai/test_orchestrator.go:135.27,137.4 1 3
github.com/engine/server/ai/test_orchestrator.go:139.2,139.38 1 8
github.com/engine/server/ai/test_orchestrator.go:139.38,140.27 1 26
github.com/engine/server/ai/test_orchestrator.go:140.27,142.4 1 3
github.com/engine/server/ai/test_orchestrator.go:144.2,144.41 1 5
github.com/engine/server/ai/test_orchestrator.go:144.41,145.27 1 19
github.com/engine/server/ai/test_orchestrator.go:145.27,147.4 1 2
github.com/engine/server/ai/test_orchestrator.go:149.2,149.44 1 3
github.com/engine/server/ai/test_orchestrator.go:149.44,150.27 1 9
github.com/engine/server/ai/test_orchestrator.go:150.27,152.4 1 2
github.com/engine/server/ai/test_orchestrator.go:154.2,154.18 1 1
github.com/engine/server/ai/test_orchestrator.go:268.64,271.44 1 11
github.com/engine/server/ai/test_orchestrator.go:271.44,273.4 1 6
github.com/engine/server/ai/test_orchestrator.go:279.79,290.2 2 6
github.com/engine/server/ai/test_orchestrator.go:303.68,310.29 4 7
github.com/engine/server/ai/test_orchestrator.go:310.29,311.60 1 18
github.com/engine/server/ai/test_orchestrator.go:311.60,314.17 2 2
github.com/engine/server/ai/test_orchestrator.go:314.17,316.5 1 1
github.com/engine/server/ai/test_orchestrator.go:317.4,318.24 2 2
github.com/engine/server/ai/test_orchestrator.go:318.24,320.5 1 1
github.com/engine/server/ai/test_orchestrator.go:321.4,321.33 1 2
github.com/engine/server/ai/test_orchestrator.go:321.33,322.33 1 6
github.com/engine/server/ai/test_orchestrator.go:322.33,324.6 1 6
github.com/engine/server/ai/test_orchestrator.go:326.4,326.9 1 2
github.com/engine/server/ai/test_orchestrator.go:330.2,330.29 1 7
github.com/engine/server/ai/test_orchestrator.go:330.29,333.16 2 5
github.com/engine/server/ai/test_orchestrator.go:333.16,335.4 1 5
github.com/engine/server/ai/test_orchestrator.go:336.3,336.32 1 5
github.com/engine/server/ai/test_orchestrator.go:339.2,339.42 1 7
github.com/engine/server/ai/test_orchestrator.go:350.58,356.2 1 9
github.com/engine/server/ai/test_orchestrator.go:359.52,361.2 1 9
github.com/engine/server/ai/test_orchestrator.go:364.68,367.2 2 4
github.com/engine/server/ai/test_orchestrator.go:370.75,376.26 5 5
github.com/engine/server/ai/test_orchestrator.go:376.26,378.3 1 4
github.com/engine/server/ai/test_orchestrator.go:378.8,380.3 1 1
github.com/engine/server/ai/test_orchestrator.go:382.2,387.24 5 5
github.com/engine/server/ai/test_orchestrator.go:398.56,407.2 2 1
github.com/engine/server/ai/test_orchestrator.go:410.57,417.35 5 2
github.com/engine/server/ai/test_orchestrator.go:417.35,418.69 1 7
github.com/engine/server/ai/test_orchestrator.go:418.69,420.9 2 1
github.com/engine/server/ai/test_orchestrator.go:425.2,426.58 2 2
github.com/engine/server/ai/test_orchestrator.go:426.58,428.3 1 234
github.com/engine/server/ai/test_orchestrator.go:430.2,430.29 1 2
github.com/engine/server/ai/test_orchestrator.go:430.29,432.43 1 36
github.com/engine/server/ai/test_orchestrator.go:432.43,434.4 1 26
github.com/engine/server/ai/test_orchestrator.go:441.2,442.34 2 2
github.com/engine/server/ai/test_orchestrator.go:442.34,443.37 1 26
github.com/engine/server/ai/test_orchestrator.go:443.37,445.4 1 6
github.com/engine/server/ai/test_orchestrator.go:449.2,449.43 1 2
github.com/engine/server/ai/test_orchestrator.go:453.37,463.2 2 32
github.com/engine/server/ai/worktree_session.go:14.58,18.2 3 21
github.com/engine/server/ai/worktree_session.go:20.35,23.2 2 38
github.com/engine/server/ai/worktree_session.go:26.49,29.18 2 13
github.com/engine/server/ai/worktree_session.go:29.18,31.3 1 1
github.com/engine/server/ai/worktree_session.go:32.2,32.45 1 13
github.com/engine/server/ai/worktree_session.go:40.72,44.43 2 8
github.com/engine/server/ai/worktree_session.go:44.43,46.3 1 2
github.com/engine/server/ai/worktree_session.go:49.2,49.68 1 6
github.com/engine/server/ai/worktree_session.go:49.68,52.3 1 1
github.com/engine/server/ai/worktree_session.go:54.2,59.75 3 5
github.com/engine/server/ai/worktree_session.go:59.75,62.3 1 1
github.com/engine/server/ai/worktree_session.go:64.2,64.20 1 4
github.com/engine/server/ai/worktree_session.go:71.75,74.43 2 7
github.com/engine/server/ai/worktree_session.go:74.43,77.3 1 1
github.com/engine/server/ai/worktree_session.go:79.2,81.11 2 6
github.com/engine/server/ai/worktree_session.go:81.11,83.62 2 4
github.com/engine/server/ai/worktree_session.go:83.62,85.4 1 1
github.com/engine/server/ai/worktree_session.go:86.3,87.67 1 3
github.com/engine/server/ai/worktree_session.go:87.67,89.4 1 1
github.com/engine/server/ai/worktree_session.go:92.2,92.63 1 4
github.com/engine/server/ai/worktree_session.go:92.63,94.3 1 1
github.com/engine/server/ai/worktree_session.go:96.2,96.12 1 3
github.com/engine/server/ai/worktree_session.go:100.57,102.2 1 7
