mode: atomic
github.com/engine/server/ai/context.go:58.13,60.2 1 1
github.com/engine/server/ai/context.go:66.25,67.6 1 1
github.com/engine/server/ai/context.go:67.6,70.3 2 1
github.com/engine/server/ai/context.go:74.19,79.21 4 2
github.com/engine/server/ai/context.go:79.21,81.3 1 2
github.com/engine/server/ai/context.go:84.2,85.17 2 2
github.com/engine/server/ai/context.go:85.17,87.3 1 1
github.com/engine/server/ai/context.go:89.2,95.16 3 1
github.com/engine/server/ai/context.go:95.16,97.3 1 1
github.com/engine/server/ai/context.go:100.52,102.17 2 28
github.com/engine/server/ai/context.go:102.17,104.3 1 2
github.com/engine/server/ai/context.go:105.2,106.70 1 26
github.com/engine/server/ai/context.go:106.70,108.3 1 11
github.com/engine/server/ai/context.go:109.2,109.40 1 15
github.com/engine/server/ai/context.go:109.40,111.3 1 6
github.com/engine/server/ai/context.go:112.2,112.33 1 9
github.com/engine/server/ai/context.go:112.33,114.3 1 8
github.com/engine/server/ai/context.go:115.2,115.20 1 1
github.com/engine/server/ai/context.go:118.51,119.39 1 22
github.com/engine/server/ai/context.go:119.39,121.3 1 5
github.com/engine/server/ai/context.go:122.2,122.45 1 17
github.com/engine/server/ai/context.go:122.45,123.44 1 120
github.com/engine/server/ai/context.go:123.44,125.4 1 12
github.com/engine/server/ai/context.go:127.2,127.14 1 5
github.com/engine/server/ai/context.go:130.68,131.62 1 22
github.com/engine/server/ai/context.go:132.39,133.62 1 14
github.com/engine/server/ai/context.go:134.18,135.41 1 7
github.com/engine/server/ai/context.go:136.10,137.41 1 1
github.com/engine/server/ai/context.go:141.54,142.18 1 5
github.com/engine/server/ai/context.go:143.16,144.28 1 2
github.com/engine/server/ai/context.go:145.16,146.28 1 1
github.com/engine/server/ai/context.go:147.10,148.31 1 2
github.com/engine/server/ai/context.go:152.54,154.56 2 15
github.com/engine/server/ai/context.go:154.56,156.3 1 1
github.com/engine/server/ai/context.go:157.2,157.44 1 14
github.com/engine/server/ai/context.go:160.43,162.22 2 29
github.com/engine/server/ai/context.go:162.22,164.3 1 2
github.com/engine/server/ai/context.go:165.2,165.9 1 27
github.com/engine/server/ai/context.go:166.61,167.64 1 3
github.com/engine/server/ai/context.go:168.44,169.47 1 3
github.com/engine/server/ai/context.go:170.10,171.20 1 21
github.com/engine/server/ai/context.go:175.47,177.81 2 8
github.com/engine/server/ai/context.go:177.81,179.3 1 3
github.com/engine/server/ai/context.go:180.2,180.80 1 5
github.com/engine/server/ai/context.go:180.80,182.3 1 2
github.com/engine/server/ai/context.go:183.2,183.11 1 3
github.com/engine/server/ai/context.go:186.74,188.16 2 22
github.com/engine/server/ai/context.go:188.16,190.3 1 6
github.com/engine/server/ai/context.go:191.2,193.38 2 16
github.com/engine/server/ai/context.go:193.38,195.3 1 2
github.com/engine/server/ai/context.go:197.2,198.68 2 14
github.com/engine/server/ai/context.go:198.68,200.3 1 1
github.com/engine/server/ai/context.go:201.2,202.29 2 13
github.com/engine/server/ai/context.go:202.29,204.19 2 11
github.com/engine/server/ai/context.go:204.19,205.12 1 1
github.com/engine/server/ai/context.go:207.3,207.79 1 10
github.com/engine/server/ai/context.go:207.79,209.4 1 9
github.com/engine/server/ai/context.go:211.2,211.11 1 4
github.com/engine/server/ai/context.go:242.44,243.23 1 59
github.com/engine/server/ai/context.go:243.23,245.3 1 45
github.com/engine/server/ai/context.go:246.2,246.9 1 14
github.com/engine/server/ai/context.go:247.20,248.14 1 9
github.com/engine/server/ai/context.go:249.10,250.15 1 5
github.com/engine/server/ai/context.go:303.39,305.2 1 42
github.com/engine/server/ai/context.go:307.77,313.2 1 28
github.com/engine/server/ai/context.go:549.57,551.33 2 1
github.com/engine/server/ai/context.go:551.33,553.3 1 28
github.com/engine/server/ai/context.go:554.2,554.10 1 1
github.com/engine/server/ai/context.go:561.39,563.42 2 131
github.com/engine/server/ai/context.go:563.42,564.43 1 393
github.com/engine/server/ai/context.go:564.43,566.4 1 393
github.com/engine/server/ai/context.go:568.2,568.12 1 131
github.com/engine/server/ai/context.go:574.64,585.33 5 5
github.com/engine/server/ai/context.go:585.33,588.27 3 140
github.com/engine/server/ai/context.go:588.27,589.37 1 336
github.com/engine/server/ai/context.go:589.37,591.5 1 39
github.com/engine/server/ai/context.go:593.3,593.16 1 140
github.com/engine/server/ai/context.go:593.16,595.4 1 32
github.com/engine/server/ai/context.go:599.2,599.36 1 5
github.com/engine/server/ai/context.go:599.36,600.67 1 28
github.com/engine/server/ai/context.go:600.67,602.4 1 6
github.com/engine/server/ai/context.go:605.2,605.23 1 5
github.com/engine/server/ai/context.go:605.23,607.3 1 1
github.com/engine/server/ai/context.go:610.2,611.36 2 4
github.com/engine/server/ai/context.go:611.36,613.3 1 18
github.com/engine/server/ai/context.go:614.2,615.28 2 4
github.com/engine/server/ai/context.go:615.28,616.33 1 32
github.com/engine/server/ai/context.go:616.33,620.4 3 23
github.com/engine/server/ai/context.go:623.2,625.28 3 4
github.com/engine/server/ai/context.go:625.28,627.3 1 32
github.com/engine/server/ai/context.go:628.2,628.20 1 4
github.com/engine/server/ai/context.go:628.20,630.3 1 3
github.com/engine/server/ai/context.go:630.8,632.3 1 1
github.com/engine/server/ai/context.go:633.2,633.20 1 4
github.com/engine/server/ai/context.go:637.94,639.2 1 10
github.com/engine/server/ai/context.go:641.101,643.2 1 101
github.com/engine/server/ai/context.go:645.96,646.33 1 111
github.com/engine/server/ai/context.go:646.33,649.3 2 146
github.com/engine/server/ai/context.go:650.2,650.37 1 111
github.com/engine/server/ai/context.go:650.37,653.3 2 3
github.com/engine/server/ai/context.go:654.2,654.35 1 111
github.com/engine/server/ai/context.go:654.35,657.3 2 7
github.com/engine/server/ai/context.go:659.2,659.14 1 111
github.com/engine/server/ai/context.go:660.22,661.54 1 1
github.com/engine/server/ai/context.go:663.19,665.17 2 6
github.com/engine/server/ai/context.go:665.17,667.4 1 4
github.com/engine/server/ai/context.go:668.3,669.17 2 2
github.com/engine/server/ai/context.go:669.17,671.4 1 1
github.com/engine/server/ai/context.go:672.3,672.27 1 1
github.com/engine/server/ai/context.go:674.20,676.17 2 4
github.com/engine/server/ai/context.go:676.17,678.4 1 1
github.com/engine/server/ai/context.go:679.3,679.62 1 3
github.com/engine/server/ai/context.go:679.62,681.4 1 1
github.com/engine/server/ai/context.go:682.3,682.30 1 2
github.com/engine/server/ai/context.go:682.30,684.4 1 1
github.com/engine/server/ai/context.go:685.3,685.40 1 2
github.com/engine/server/ai/context.go:687.24,689.17 2 3
github.com/engine/server/ai/context.go:689.17,691.4 1 1
github.com/engine/server/ai/context.go:692.3,693.17 2 2
github.com/engine/server/ai/context.go:693.17,695.4 1 1
github.com/engine/server/ai/context.go:696.3,696.36 1 1
github.com/engine/server/ai/context.go:698.15,700.102 2 9
github.com/engine/server/ai/context.go:700.102,701.34 1 3
github.com/engine/server/ai/context.go:701.34,703.5 1 1
github.com/engine/server/ai/context.go:704.4,705.18 2 2
github.com/engine/server/ai/context.go:705.18,707.5 1 1
github.com/engine/server/ai/context.go:708.4,708.16 1 1
github.com/engine/server/ai/context.go:708.16,710.5 1 1
github.com/engine/server/ai/context.go:712.3,713.16 2 6
github.com/engine/server/ai/context.go:713.16,715.4 1 5
github.com/engine/server/ai/context.go:716.3,717.17 2 6
github.com/engine/server/ai/context.go:717.17,719.4 1 1
github.com/engine/server/ai/context.go:722.3,723.18 2 5
github.com/engine/server/ai/context.go:723.18,725.4 1 1
github.com/engine/server/ai/context.go:726.3,730.19 5 5
github.com/engine/server/ai/context.go:730.19,732.4 1 2
github.com/engine/server/ai/context.go:733.3,733.32 1 5
github.com/engine/server/ai/context.go:733.32,735.4 1 1
github.com/engine/server/ai/context.go:736.3,736.45 1 5
github.com/engine/server/ai/context.go:738.22,740.16 2 2
github.com/engine/server/ai/context.go:740.16,742.4 1 1
github.com/engine/server/ai/context.go:743.3,744.17 2 2
github.com/engine/server/ai/context.go:744.17,746.4 1 1
github.com/engine/server/ai/context.go:747.3,748.23 2 1
github.com/engine/server/ai/context.go:750.20,753.26 3 1
github.com/engine/server/ai/context.go:755.18,757.21 2 5
github.com/engine/server/ai/context.go:757.21,759.18 2 4
github.com/engine/server/ai/context.go:759.18,761.5 1 2
github.com/engine/server/ai/context.go:762.4,762.31 1 2
github.com/engine/server/ai/context.go:764.3,765.17 2 3
github.com/engine/server/ai/context.go:765.17,767.4 1 0
github.com/engine/server/ai/context.go:768.3,768.21 1 3
github.com/engine/server/ai/context.go:770.20,772.88 1 6
github.com/engine/server/ai/context.go:772.88,773.53 1 6
github.com/engine/server/ai/context.go:773.53,776.5 2 1
github.com/engine/server/ai/context.go:778.3,778.33 1 5
github.com/engine/server/ai/context.go:778.33,780.4 1 1
github.com/engine/server/ai/context.go:781.3,787.17 2 4
github.com/engine/server/ai/context.go:787.17,789.4 1 1
github.com/engine/server/ai/context.go:790.3,790.15 1 3
github.com/engine/server/ai/context.go:790.15,792.4 1 1
github.com/engine/server/ai/context.go:793.3,794.17 2 2
github.com/engine/server/ai/context.go:794.17,796.4 1 1
github.com/engine/server/ai/context.go:797.3,797.37 1 1
github.com/engine/server/ai/context.go:799.19,801.17 2 2
github.com/engine/server/ai/context.go:801.17,803.4 1 0
github.com/engine/server/ai/context.go:804.3,804.30 1 2
github.com/engine/server/ai/context.go:804.30,806.4 1 1
github.com/engine/server/ai/context.go:807.3,807.34 1 2
github.com/engine/server/ai/context.go:809.25,810.47 1 1
github.com/engine/server/ai/context.go:812.24,813.29 1 6
github.com/engine/server/ai/context.go:813.29,815.4 1 5
github.com/engine/server/ai/context.go:816.3,818.26 3 1
github.com/engine/server/ai/context.go:820.24,821.17 1 5
github.com/engine/server/ai/context.go:821.17,823.4 1 1
github.com/engine/server/ai/context.go:824.3,825.18 2 4
github.com/engine/server/ai/context.go:825.18,827.4 1 1
github.com/engine/server/ai/context.go:828.3,831.29 4 3
github.com/engine/server/ai/context.go:831.29,833.4 1 1
github.com/engine/server/ai/context.go:834.3,836.17 3 3
github.com/engine/server/ai/context.go:836.17,838.4 1 0
github.com/engine/server/ai/context.go:839.3,839.71 1 3
github.com/engine/server/ai/context.go:841.19,843.17 2 4
github.com/engine/server/ai/context.go:843.17,845.4 1 1
github.com/engine/server/ai/context.go:846.3,847.39 2 3
github.com/engine/server/ai/context.go:847.39,848.40 1 1
github.com/engine/server/ai/context.go:848.40,849.36 1 1
github.com/engine/server/ai/context.go:849.36,851.6 1 1
github.com/engine/server/ai/context.go:854.3,854.30 1 2
github.com/engine/server/ai/context.go:854.30,856.4 1 1
github.com/engine/server/ai/context.go:857.3,857.38 1 2
github.com/engine/server/ai/context.go:859.19,861.17 2 2
github.com/engine/server/ai/context.go:861.17,863.4 1 1
github.com/engine/server/ai/context.go:864.3,864.30 1 1
github.com/engine/server/ai/context.go:864.30,866.4 1 1
github.com/engine/server/ai/context.go:867.3,867.39 1 1
github.com/engine/server/ai/context.go:869.18,876.30 4 2
github.com/engine/server/ai/context.go:876.30,878.4 1 1
github.com/engine/server/ai/context.go:881.3,887.126 2 1
github.com/engine/server/ai/context.go:889.28,893.18 4 4
github.com/engine/server/ai/context.go:893.18,895.4 1 2
github.com/engine/server/ai/context.go:896.3,897.17 2 4
github.com/engine/server/ai/context.go:897.17,899.4 1 2
github.com/engine/server/ai/context.go:900.3,901.17 2 2
github.com/engine/server/ai/context.go:901.17,903.4 1 0
github.com/engine/server/ai/context.go:904.3,905.32 2 2
github.com/engine/server/ai/context.go:905.32,907.35 2 1
github.com/engine/server/ai/context.go:907.35,909.5 1 1
github.com/engine/server/ai/context.go:910.4,910.98 1 1
github.com/engine/server/ai/context.go:912.3,912.20 1 2
github.com/engine/server/ai/context.go:912.20,914.4 1 1
github.com/engine/server/ai/context.go:915.3,915.28 1 1
github.com/engine/server/ai/context.go:917.26,922.15 5 3
github.com/engine/server/ai/context.go:922.15,924.4 1 1
github.com/engine/server/ai/context.go:925.3,926.17 2 2
github.com/engine/server/ai/context.go:926.17,928.4 1 1
github.com/engine/server/ai/context.go:929.3,930.17 2 1
github.com/engine/server/ai/context.go:930.17,932.4 1 0
github.com/engine/server/ai/context.go:933.3,933.132 1 1
github.com/engine/server/ai/context.go:935.28,941.15 6 3
github.com/engine/server/ai/context.go:941.15,943.4 1 1
github.com/engine/server/ai/context.go:944.3,945.17 2 2
github.com/engine/server/ai/context.go:945.17,947.4 1 1
github.com/engine/server/ai/context.go:948.3,948.57 1 1
github.com/engine/server/ai/context.go:948.57,950.4 1 0
github.com/engine/server/ai/context.go:951.3,951.53 1 1
github.com/engine/server/ai/context.go:953.29,958.18 5 3
github.com/engine/server/ai/context.go:958.18,960.4 1 1
github.com/engine/server/ai/context.go:961.3,962.17 2 2
github.com/engine/server/ai/context.go:962.17,964.4 1 1
github.com/engine/server/ai/context.go:965.3,966.17 2 1
github.com/engine/server/ai/context.go:966.17,968.4 1 0
github.com/engine/server/ai/context.go:969.3,969.93 1 1
github.com/engine/server/ai/context.go:971.24,977.29 6 5
github.com/engine/server/ai/context.go:977.29,979.4 1 2
github.com/engine/server/ai/context.go:980.3,981.17 2 3
github.com/engine/server/ai/context.go:981.17,983.4 1 2
github.com/engine/server/ai/context.go:984.3,985.17 2 1
github.com/engine/server/ai/context.go:985.17,987.4 1 0
github.com/engine/server/ai/context.go:988.3,988.66 1 1
github.com/engine/server/ai/context.go:990.18,991.33 1 6
github.com/engine/server/ai/context.go:991.33,993.4 1 2
github.com/engine/server/ai/context.go:994.3,996.19 3 4
github.com/engine/server/ai/context.go:996.19,998.4 1 3
github.com/engine/server/ai/context.go:999.3,1005.17 2 4
github.com/engine/server/ai/context.go:1005.17,1007.4 1 1
github.com/engine/server/ai/context.go:1008.3,1008.15 1 3
github.com/engine/server/ai/context.go:1008.15,1010.4 1 1
github.com/engine/server/ai/context.go:1011.3,1012.21 2 2
github.com/engine/server/ai/context.go:1012.21,1014.4 1 2
github.com/engine/server/ai/context.go:1015.3,1015.20 1 0
github.com/engine/server/ai/context.go:1017.18,1019.21 2 3
github.com/engine/server/ai/context.go:1019.21,1021.4 1 3
github.com/engine/server/ai/context.go:1022.3,1022.20 1 0
github.com/engine/server/ai/context.go:1024.20,1027.17 3 4
github.com/engine/server/ai/context.go:1027.17,1029.24 2 2
github.com/engine/server/ai/context.go:1029.24,1031.5 1 1
github.com/engine/server/ai/context.go:1032.4,1032.46 1 1
github.com/engine/server/ai/context.go:1034.3,1035.23 2 2
github.com/engine/server/ai/context.go:1035.23,1037.4 1 1
github.com/engine/server/ai/context.go:1038.3,1038.20 1 1
github.com/engine/server/ai/context.go:1040.22,1043.21 3 4
github.com/engine/server/ai/context.go:1043.21,1045.4 1 0
github.com/engine/server/ai/context.go:1046.3,1048.27 3 4
github.com/engine/server/ai/context.go:1048.27,1050.69 2 850
github.com/engine/server/ai/context.go:1050.69,1051.13 1 725
github.com/engine/server/ai/context.go:1053.4,1056.22 4 125
github.com/engine/server/ai/context.go:1056.22,1058.5 1 27
github.com/engine/server/ai/context.go:1059.4,1062.19 3 125
github.com/engine/server/ai/context.go:1062.19,1064.10 2 2
github.com/engine/server/ai/context.go:1067.3,1067.20 1 4
github.com/engine/server/ai/context.go:1067.20,1069.4 1 1
github.com/engine/server/ai/context.go:1070.3,1070.28 1 3
github.com/engine/server/ai/context.go:1072.22,1073.33 1 9
github.com/engine/server/ai/context.go:1073.33,1075.4 1 2
github.com/engine/server/ai/context.go:1076.3,1078.15 3 7
github.com/engine/server/ai/context.go:1078.15,1080.4 1 1
github.com/engine/server/ai/context.go:1081.3,1082.21 2 6
github.com/engine/server/ai/context.go:1082.21,1084.4 1 1
github.com/engine/server/ai/context.go:1085.3,1087.19 3 5
github.com/engine/server/ai/context.go:1087.19,1089.4 1 2
github.com/engine/server/ai/context.go:1090.3,1096.17 2 5
github.com/engine/server/ai/context.go:1096.17,1098.4 1 1
github.com/engine/server/ai/context.go:1099.3,1099.15 1 4
github.com/engine/server/ai/context.go:1099.15,1101.4 1 2
github.com/engine/server/ai/context.go:1102.3,1102.23 1 2
github.com/engine/server/ai/context.go:1102.23,1103.35 1 1
github.com/engine/server/ai/context.go:1103.35,1105.5 1 0
github.com/engine/server/ai/context.go:1106.9,1107.40 1 1
github.com/engine/server/ai/context.go:1107.40,1109.5 1 0
github.com/engine/server/ai/context.go:1111.3,1111.80 1 2
github.com/engine/server/ai/context.go:1113.18,1115.19 2 2
github.com/engine/server/ai/context.go:1115.19,1117.4 1 1
github.com/engine/server/ai/context.go:1118.3,1119.23 2 1
github.com/engine/server/ai/context.go:1120.17,1121.43 1 1
github.com/engine/server/ai/context.go:1122.16,1123.47 1 0
github.com/engine/server/ai/context.go:1124.11,1125.74 1 0
github.com/engine/server/ai/context.go:1127.3,1127.40 1 1
github.com/engine/server/ai/context.go:1127.40,1129.4 1 0
github.com/engine/server/ai/context.go:1130.3,1130.36 1 1
github.com/engine/server/ai/context.go:1132.20,1134.20 2 2
github.com/engine/server/ai/context.go:1134.20,1136.4 1 1
github.com/engine/server/ai/context.go:1137.3,1138.23 2 2
github.com/engine/server/ai/context.go:1139.17,1140.56 1 2
github.com/engine/server/ai/context.go:1141.16,1142.42 1 0
github.com/engine/server/ai/context.go:1143.11,1144.76 1 0
github.com/engine/server/ai/context.go:1146.3,1146.59 1 2
github.com/engine/server/ai/context.go:1146.59,1148.4 1 0
github.com/engine/server/ai/context.go:1149.3,1149.47 1 2
github.com/engine/server/ai/context.go:1151.10,1152.39 1 4
github.com/engine/server/ai/context.go:1157.47,1160.48 2 2
github.com/engine/server/ai/context.go:1160.48,1163.3 1 2
github.com/engine/server/ai/context.go:1165.2,1165.88 1 2
github.com/engine/server/ai/context.go:1165.88,1167.3 1 2
github.com/engine/server/ai/context.go:1169.2,1169.52 1 2
github.com/engine/server/ai/context.go:1169.52,1172.3 1 2
github.com/engine/server/ai/context.go:1174.2,1176.39 2 2
github.com/engine/server/ai/context.go:1179.56,1182.30 3 11
github.com/engine/server/ai/context.go:1182.30,1184.3 1 5
github.com/engine/server/ai/context.go:1185.2,1186.38 2 11
github.com/engine/server/ai/context.go:1186.38,1188.3 1 7
github.com/engine/server/ai/context.go:1189.2,1189.15 1 11
github.com/engine/server/ai/context.go:1193.49,1198.41 5 7
github.com/engine/server/ai/context.go:1198.41,1200.3 1 2
github.com/engine/server/ai/context.go:1201.2,1201.17 1 7
github.com/engine/server/ai/context.go:1201.17,1203.3 1 2
github.com/engine/server/ai/context.go:1205.2,1205.69 1 7
github.com/engine/server/ai/context.go:1205.69,1208.3 2 1
github.com/engine/server/ai/context.go:1209.2,1209.63 1 6
github.com/engine/server/ai/context.go:1209.63,1212.3 2 1
github.com/engine/server/ai/context.go:1215.2,1216.91 2 5
github.com/engine/server/ai/context.go:1216.91,1219.3 2 0
github.com/engine/server/ai/context.go:1220.2,1220.33 1 5
github.com/engine/server/ai/context.go:1220.33,1221.95 1 1
github.com/engine/server/ai/context.go:1221.95,1223.4 1 1
github.com/engine/server/ai/context.go:1226.2,1229.28 4 5
github.com/engine/server/ai/context.go:1229.28,1231.3 1 1
github.com/engine/server/ai/context.go:1232.2,1242.22 5 5
github.com/engine/server/ai/context.go:1242.22,1244.3 1 5
github.com/engine/server/ai/context.go:1245.2,1245.27 1 5
github.com/engine/server/ai/context.go:1245.27,1247.3 1 5
github.com/engine/server/ai/context.go:1250.2,1259.35 4 5
github.com/engine/server/ai/context.go:1259.35,1261.3 1 5
github.com/engine/server/ai/context.go:1262.2,1291.37 6 5
github.com/engine/server/ai/context.go:1291.37,1293.3 1 0
github.com/engine/server/ai/context.go:1294.2,1302.27 4 5
github.com/engine/server/ai/context.go:1302.27,1304.3 1 1
github.com/engine/server/ai/context.go:1305.2,1314.57 4 5
github.com/engine/server/ai/context.go:1314.57,1315.21 1 5
github.com/engine/server/ai/context.go:1315.21,1317.4 1 2
github.com/engine/server/ai/context.go:1318.3,1318.25 1 3
github.com/engine/server/ai/context.go:1319.69,1321.34 2 5
github.com/engine/server/ai/context.go:1321.34,1322.96 1 1
github.com/engine/server/ai/context.go:1322.96,1324.5 1 1
github.com/engine/server/ai/context.go:1327.2,1327.23 1 5
github.com/engine/server/ai/context.go:1338.3,1340.6 2 12
github.com/engine/server/ai/context.go:1340.6,1341.24 1 15
github.com/engine/server/ai/context.go:1341.24,1343.4 1 3
github.com/engine/server/ai/context.go:1345.3,1346.25 2 12
github.com/engine/server/ai/context.go:1346.25,1348.4 1 1
github.com/engine/server/ai/context.go:1350.3,1362.53 5 12
github.com/engine/server/ai/context.go:1362.53,1363.19 1 14
github.com/engine/server/ai/context.go:1363.19,1365.12 2 2
github.com/engine/server/ai/context.go:1366.23,1367.12 1 1
github.com/engine/server/ai/context.go:1368.29,1368.29 0 1
github.com/engine/server/ai/context.go:1371.4,1372.22 2 13
github.com/engine/server/ai/context.go:1372.22,1373.10 1 10
github.com/engine/server/ai/context.go:1376.4,1379.20 3 3
github.com/engine/server/ai/context.go:1379.20,1380.10 1 1
github.com/engine/server/ai/context.go:1383.3,1383.21 1 11
github.com/engine/server/ai/context.go:1383.21,1386.4 2 1
github.com/engine/server/ai/context.go:1388.3,1390.31 2 10
github.com/engine/server/ai/context.go:1390.31,1391.9 1 6
github.com/engine/server/ai/context.go:1394.3,1395.40 2 4
github.com/engine/server/ai/context.go:1395.40,1396.32 1 5
github.com/engine/server/ai/context.go:1396.32,1397.13 1 1
github.com/engine/server/ai/context.go:1399.4,1400.23 2 4
github.com/engine/server/ai/context.go:1400.23,1402.5 1 1
github.com/engine/server/ai/context.go:1404.4,1404.29 1 4
github.com/engine/server/ai/context.go:1404.29,1405.70 1 3
github.com/engine/server/ai/context.go:1405.70,1419.14 7 1
github.com/engine/server/ai/context.go:1423.4,1429.29 5 3
github.com/engine/server/ai/context.go:1429.29,1431.5 1 2
github.com/engine/server/ai/context.go:1433.4,1444.6 4 3
github.com/engine/server/ai/context.go:1447.3,1449.24 2 4
github.com/engine/server/ai/context.go:1449.24,1451.4 1 1
github.com/engine/server/ai/context.go:1461.35,1465.16 3 16
github.com/engine/server/ai/context.go:1465.16,1467.3 1 0
github.com/engine/server/ai/context.go:1468.2,1473.16 5 16
github.com/engine/server/ai/context.go:1473.16,1475.3 1 1
github.com/engine/server/ai/context.go:1476.2,1478.28 2 15
github.com/engine/server/ai/context.go:1478.28,1482.3 3 3
github.com/engine/server/ai/context.go:1484.2,1493.21 4 12
github.com/engine/server/ai/context.go:1493.21,1495.41 2 79
github.com/engine/server/ai/context.go:1495.41,1496.12 1 16
github.com/engine/server/ai/context.go:1498.3,1499.23 2 63
github.com/engine/server/ai/context.go:1499.23,1500.9 1 12
github.com/engine/server/ai/context.go:1503.3,1504.62 2 51
github.com/engine/server/ai/context.go:1504.62,1505.12 1 2
github.com/engine/server/ai/context.go:1508.3,1508.24 1 49
github.com/engine/server/ai/context.go:1509.30,1511.17 2 13
github.com/engine/server/ai/context.go:1511.17,1512.13 1 1
github.com/engine/server/ai/context.go:1514.4,1514.22 1 12
github.com/engine/server/ai/context.go:1515.16,1516.20 1 7
github.com/engine/server/ai/context.go:1517.20,1520.66 3 5
github.com/engine/server/ai/context.go:1523.30,1525.20 2 12
github.com/engine/server/ai/context.go:1525.20,1526.13 1 1
github.com/engine/server/ai/context.go:1528.4,1528.25 1 11
github.com/engine/server/ai/context.go:1529.22,1533.29 4 7
github.com/engine/server/ai/context.go:1534.28,1535.23 1 4
github.com/engine/server/ai/context.go:1535.23,1539.6 3 4
github.com/engine/server/ai/context.go:1542.29,1543.22 1 12
github.com/engine/server/ai/context.go:1543.22,1546.23 2 5
github.com/engine/server/ai/context.go:1546.23,1548.6 1 1
github.com/engine/server/ai/context.go:1549.5,1553.18 5 5
github.com/engine/server/ai/context.go:1554.10,1554.32 1 7
github.com/engine/server/ai/context.go:1554.32,1557.5 2 7
github.com/engine/server/ai/context.go:1559.24,1561.18 2 1
github.com/engine/server/ai/context.go:1561.18,1563.41 2 1
github.com/engine/server/ai/context.go:1563.41,1564.31 1 1
github.com/engine/server/ai/context.go:1564.31,1564.84 2 1
github.com/engine/server/ai/context.go:1565.6,1565.32 1 1
github.com/engine/server/ai/context.go:1565.32,1565.86 2 1
github.com/engine/server/ai/context.go:1566.6,1566.39 1 1
github.com/engine/server/ai/context.go:1570.24,1572.17 2 11
github.com/engine/server/ai/context.go:1572.17,1573.49 1 11
github.com/engine/server/ai/context.go:1573.49,1575.6 1 11
github.com/engine/server/ai/context.go:1580.2,1580.42 1 12
github.com/engine/server/ai/context.go:1584.21,1586.2 1 50
github.com/engine/server/ai/context.go:1617.56,1619.24 2 48
github.com/engine/server/ai/context.go:1619.24,1628.3 1 144
github.com/engine/server/ai/context.go:1629.2,1629.12 1 48
github.com/engine/server/ai/context.go:1641.3,1645.30 2 22
github.com/engine/server/ai/context.go:1645.30,1647.22 2 7
github.com/engine/server/ai/context.go:1647.22,1649.4 1 7
github.com/engine/server/ai/context.go:1652.2,1653.28 2 22
github.com/engine/server/ai/context.go:1653.28,1656.3 2 71
github.com/engine/server/ai/context.go:1658.2,1660.6 2 22
github.com/engine/server/ai/context.go:1660.6,1661.24 1 29
github.com/engine/server/ai/context.go:1661.24,1663.4 1 3
github.com/engine/server/ai/context.go:1666.3,1669.25 3 26
github.com/engine/server/ai/context.go:1669.25,1671.4 1 1
github.com/engine/server/ai/context.go:1673.3,1683.17 4 26
github.com/engine/server/ai/context.go:1683.17,1686.4 2 1
github.com/engine/server/ai/context.go:1687.3,1688.23 2 25
github.com/engine/server/ai/context.go:1688.23,1690.4 1 18
github.com/engine/server/ai/context.go:1692.3,1693.17 2 25
github.com/engine/server/ai/context.go:1693.17,1696.4 2 1
github.com/engine/server/ai/context.go:1697.3,1699.29 2 24
github.com/engine/server/ai/context.go:1699.29,1704.4 4 2
github.com/engine/server/ai/context.go:1707.3,1719.22 7 22
github.com/engine/server/ai/context.go:1719.22,1721.42 2 99
github.com/engine/server/ai/context.go:1721.42,1722.13 1 32
github.com/engine/server/ai/context.go:1724.4,1725.24 2 67
github.com/engine/server/ai/context.go:1725.24,1726.10 1 21
github.com/engine/server/ai/context.go:1728.4,1729.63 2 46
github.com/engine/server/ai/context.go:1729.63,1730.13 1 1
github.com/engine/server/ai/context.go:1732.4,1733.25 2 45
github.com/engine/server/ai/context.go:1733.25,1734.13 1 1
github.com/engine/server/ai/context.go:1736.4,1737.66 2 44
github.com/engine/server/ai/context.go:1737.66,1739.5 1 21
github.com/engine/server/ai/context.go:1740.4,1741.20 2 44
github.com/engine/server/ai/context.go:1741.20,1742.13 1 1
github.com/engine/server/ai/context.go:1744.4,1744.63 1 43
github.com/engine/server/ai/context.go:1744.63,1748.5 3 13
github.com/engine/server/ai/context.go:1749.4,1749.58 1 43
github.com/engine/server/ai/context.go:1749.58,1750.31 1 8
github.com/engine/server/ai/context.go:1750.31,1752.19 2 9
github.com/engine/server/ai/context.go:1752.19,1753.15 1 1
github.com/engine/server/ai/context.go:1755.6,1755.32 1 8
github.com/engine/server/ai/context.go:1755.32,1755.75 2 8
github.com/engine/server/ai/context.go:1756.6,1756.33 1 8
github.com/engine/server/ai/context.go:1756.33,1758.7 1 8
github.com/engine/server/ai/context.go:1759.6,1760.53 2 8
github.com/engine/server/ai/context.go:1760.53,1762.7 1 7
github.com/engine/server/ai/context.go:1763.6,1763.63 1 8
github.com/engine/server/ai/context.go:1763.63,1764.60 1 8
github.com/engine/server/ai/context.go:1764.60,1766.8 1 8
github.com/engine/server/ai/context.go:1767.7,1767.51 1 8
github.com/engine/server/ai/context.go:1767.51,1769.8 1 8
github.com/engine/server/ai/context.go:1774.3,1774.39 1 22
github.com/engine/server/ai/context.go:1774.39,1777.4 2 1
github.com/engine/server/ai/context.go:1780.3,1780.27 1 21
github.com/engine/server/ai/context.go:1780.27,1783.35 1 8
github.com/engine/server/ai/context.go:1783.35,1784.34 1 8
github.com/engine/server/ai/context.go:1784.34,1786.5 1 1
github.com/engine/server/ai/context.go:1789.3,1798.35 3 8
github.com/engine/server/ai/context.go:1798.35,1799.18 1 8
github.com/engine/server/ai/context.go:1799.18,1800.13 1 0
github.com/engine/server/ai/context.go:1802.4,1809.6 1 8
github.com/engine/server/ai/context.go:1811.3,1811.77 1 8
github.com/engine/server/ai/context.go:1812.9,1812.31 1 13
github.com/engine/server/ai/context.go:1812.31,1814.4 1 13
github.com/engine/server/ai/context.go:1816.3,1816.60 1 21
github.com/engine/server/ai/context.go:1816.60,1817.9 1 13
github.com/engine/server/ai/context.go:1823.3,1823.41 1 8
github.com/engine/server/ai/context.go:1823.41,1825.18 2 8
github.com/engine/server/ai/context.go:1825.18,1826.13 1 2
github.com/engine/server/ai/context.go:1829.4,1831.42 3 6
github.com/engine/server/ai/context.go:1831.42,1833.5 1 1
github.com/engine/server/ai/context.go:1834.4,1834.88 1 6
github.com/engine/server/ai/context.go:1834.88,1840.13 5 1
github.com/engine/server/ai/context.go:1843.4,1859.6 8 5
github.com/engine/server/ai/context.go:1862.3,1862.24 1 8
github.com/engine/server/ai/context.go:1862.24,1864.4 1 1
github.com/engine/server/ai/harness.go:36.72,38.44 2 9
github.com/engine/server/ai/harness.go:38.44,39.39 1 48
github.com/engine/server/ai/harness.go:39.39,41.4 1 7
github.com/engine/server/ai/harness.go:43.2,43.10 1 2
github.com/engine/server/ai/harness.go:63.73,74.2 4 5
github.com/engine/server/ai/harness.go:77.82,80.30 3 4
github.com/engine/server/ai/harness.go:80.30,84.3 3 4
github.com/engine/server/ai/harness.go:85.2,85.8 1 4
github.com/engine/server/ai/harness.go:89.41,91.25 2 2
github.com/engine/server/ai/harness.go:91.25,93.3 1 1
github.com/engine/server/ai/harness.go:94.2,94.90 1 1
github.com/engine/server/ai/harness.go:106.44,112.2 1 9
github.com/engine/server/ai/harness.go:116.46,118.22 2 7
github.com/engine/server/ai/harness.go:118.22,120.3 1 1
github.com/engine/server/ai/harness.go:121.2,121.12 1 7
github.com/engine/server/ai/harness.go:138.42,143.2 1 19
github.com/engine/server/ai/harness.go:147.64,150.29 3 7
github.com/engine/server/ai/harness.go:150.29,152.3 1 2
github.com/engine/server/ai/harness.go:153.2,153.17 1 5
github.com/engine/server/ai/harness.go:159.92,162.13 3 15
github.com/engine/server/ai/harness.go:162.13,164.67 2 13
github.com/engine/server/ai/harness.go:164.67,166.21 2 5
github.com/engine/server/ai/harness.go:166.21,168.5 1 2
github.com/engine/server/ai/harness.go:170.8,173.3 1 2
github.com/engine/server/ai/harness.go:177.51,182.2 4 1
github.com/engine/server/ai/harness.go:185.53,189.34 4 1
github.com/engine/server/ai/harness.go:189.34,191.3 1 1
github.com/engine/server/ai/harness.go:192.2,192.12 1 1
github.com/engine/server/ai/harness.go:207.46,209.2 1 1
github.com/engine/server/ai/harness.go:213.34,215.2 1 39
github.com/engine/server/ai/harness.go:218.71,220.29 2 16
github.com/engine/server/ai/harness.go:220.29,222.47 1 35
github.com/engine/server/ai/harness.go:222.47,224.4 1 34
github.com/engine/server/ai/harness.go:224.9,224.65 1 1
github.com/engine/server/ai/harness.go:224.65,225.40 1 1
github.com/engine/server/ai/harness.go:225.40,228.5 2 1
github.com/engine/server/ai/harness.go:230.3,230.13 1 35
github.com/engine/server/ai/harness.go:232.2,232.14 1 16
github.com/engine/server/ai/harness.go:238.106,239.6 1 8
github.com/engine/server/ai/harness.go:239.6,241.26 2 12
github.com/engine/server/ai/harness.go:241.26,243.4 1 7
github.com/engine/server/ai/harness.go:245.3,246.30 2 5
github.com/engine/server/ai/harness.go:246.30,247.26 1 7
github.com/engine/server/ai/harness.go:247.26,250.10 3 4
github.com/engine/server/ai/harness.go:253.3,253.15 1 5
github.com/engine/server/ai/harness.go:253.15,256.4 1 1
github.com/engine/server/ai/history_context.go:86.91,88.2 1 1
github.com/engine/server/ai/history_context.go:95.28,96.23 1 11
github.com/engine/server/ai/history_context.go:96.23,100.3 1 1
github.com/engine/server/ai/history_context.go:102.2,103.21 2 10
github.com/engine/server/ai/history_context.go:103.21,107.3 1 5
github.com/engine/server/ai/history_context.go:109.2,110.79 2 5
github.com/engine/server/ai/history_context.go:110.79,116.15 6 292
github.com/engine/server/ai/history_context.go:116.15,118.4 1 26
github.com/engine/server/ai/history_context.go:119.3,129.4 1 292
github.com/engine/server/ai/history_context.go:132.2,133.42 2 5
github.com/engine/server/ai/history_context.go:133.42,135.28 2 1
github.com/engine/server/ai/history_context.go:135.28,137.4 1 2
github.com/engine/server/ai/history_context.go:138.8,142.57 4 4
github.com/engine/server/ai/history_context.go:142.57,144.4 1 24
github.com/engine/server/ai/history_context.go:146.3,147.48 2 4
github.com/engine/server/ai/history_context.go:147.48,149.4 1 234
github.com/engine/server/ai/history_context.go:150.3,150.52 1 4
github.com/engine/server/ai/history_context.go:150.52,151.50 1 2124
github.com/engine/server/ai/history_context.go:151.50,153.5 1 2098
github.com/engine/server/ai/history_context.go:154.4,154.52 1 26
github.com/engine/server/ai/history_context.go:157.3,158.40 2 4
github.com/engine/server/ai/history_context.go:158.40,159.22 1 36
github.com/engine/server/ai/history_context.go:159.22,160.10 1 4
github.com/engine/server/ai/history_context.go:162.4,163.15 2 32
github.com/engine/server/ai/history_context.go:166.3,166.28 1 4
github.com/engine/server/ai/history_context.go:166.28,167.44 1 258
github.com/engine/server/ai/history_context.go:167.44,168.13 1 202
github.com/engine/server/ai/history_context.go:170.4,170.76 1 56
github.com/engine/server/ai/history_context.go:174.2,176.41 3 5
github.com/engine/server/ai/history_context.go:176.41,183.3 3 58
github.com/engine/server/ai/history_context.go:184.2,189.3 2 5
github.com/engine/server/ai/history_context.go:197.10,199.2 1 1
github.com/engine/server/ai/history_context.go:207.26,211.62 3 7
github.com/engine/server/ai/history_context.go:211.62,218.3 1 2
github.com/engine/server/ai/history_context.go:220.2,220.86 1 7
github.com/engine/server/ai/history_context.go:220.86,227.3 1 6
github.com/engine/server/ai/history_context.go:229.2,229.64 1 7
github.com/engine/server/ai/history_context.go:229.64,236.3 1 1
github.com/engine/server/ai/history_context.go:238.2,239.40 2 7
github.com/engine/server/ai/history_context.go:239.40,246.3 1 4
github.com/engine/server/ai/history_context.go:248.2,248.22 1 7
github.com/engine/server/ai/history_context.go:248.22,250.3 1 1
github.com/engine/server/ai/history_context.go:252.2,253.49 2 6
github.com/engine/server/ai/history_context.go:253.49,255.3 1 10
github.com/engine/server/ai/history_context.go:257.2,262.15 2 6
github.com/engine/server/ai/history_context.go:272.31,274.2 1 1
github.com/engine/server/ai/history_context.go:284.31,285.16 1 20
github.com/engine/server/ai/history_context.go:285.16,287.3 1 3
github.com/engine/server/ai/history_context.go:288.2,288.41 1 20
github.com/engine/server/ai/history_context.go:288.41,290.3 1 1
github.com/engine/server/ai/history_context.go:292.2,299.17 7 20
github.com/engine/server/ai/history_context.go:299.17,301.3 1 3
github.com/engine/server/ai/history_context.go:303.2,304.42 2 20
github.com/engine/server/ai/history_context.go:304.42,305.70 1 224
github.com/engine/server/ai/history_context.go:305.70,306.12 1 1
github.com/engine/server/ai/history_context.go:308.3,311.44 4 223
github.com/engine/server/ai/history_context.go:311.44,313.4 1 212
github.com/engine/server/ai/history_context.go:314.3,314.19 1 223
github.com/engine/server/ai/history_context.go:314.19,315.12 1 2
github.com/engine/server/ai/history_context.go:317.3,328.5 1 221
github.com/engine/server/ai/history_context.go:331.2,331.43 1 20
github.com/engine/server/ai/history_context.go:331.43,332.70 1 6
github.com/engine/server/ai/history_context.go:332.70,333.12 1 1
github.com/engine/server/ai/history_context.go:335.3,338.44 4 5
github.com/engine/server/ai/history_context.go:338.44,340.4 1 2
github.com/engine/server/ai/history_context.go:341.3,341.19 1 5
github.com/engine/server/ai/history_context.go:341.19,342.12 1 3
github.com/engine/server/ai/history_context.go:344.3,354.5 1 2
github.com/engine/server/ai/history_context.go:357.2,357.44 1 20
github.com/engine/server/ai/history_context.go:357.44,358.71 1 7
github.com/engine/server/ai/history_context.go:358.71,359.12 1 1
github.com/engine/server/ai/history_context.go:361.3,370.45 5 6
github.com/engine/server/ai/history_context.go:370.45,372.4 1 2
github.com/engine/server/ai/history_context.go:373.3,373.19 1 6
github.com/engine/server/ai/history_context.go:373.19,374.12 1 1
github.com/engine/server/ai/history_context.go:376.3,386.5 1 5
github.com/engine/server/ai/history_context.go:389.2,389.48 1 20
github.com/engine/server/ai/history_context.go:389.48,390.73 1 6
github.com/engine/server/ai/history_context.go:390.73,391.12 1 1
github.com/engine/server/ai/history_context.go:393.3,394.56 2 5
github.com/engine/server/ai/history_context.go:394.56,396.4 1 3
github.com/engine/server/ai/history_context.go:397.3,406.31 5 5
github.com/engine/server/ai/history_context.go:406.31,408.4 1 3
github.com/engine/server/ai/history_context.go:409.3,409.28 1 5
github.com/engine/server/ai/history_context.go:409.28,411.4 1 3
github.com/engine/server/ai/history_context.go:412.3,412.47 1 5
github.com/engine/server/ai/history_context.go:412.47,414.4 1 1
github.com/engine/server/ai/history_context.go:415.3,415.19 1 5
github.com/engine/server/ai/history_context.go:415.19,416.12 1 2
github.com/engine/server/ai/history_context.go:418.3,428.5 1 3
github.com/engine/server/ai/history_context.go:431.2,431.45 1 20
github.com/engine/server/ai/history_context.go:431.45,432.37 1 306
github.com/engine/server/ai/history_context.go:432.37,434.4 1 252
github.com/engine/server/ai/history_context.go:435.3,435.39 1 54
github.com/engine/server/ai/history_context.go:438.2,440.27 3 20
github.com/engine/server/ai/history_context.go:440.27,442.29 2 32
github.com/engine/server/ai/history_context.go:442.29,443.12 1 4
github.com/engine/server/ai/history_context.go:445.3,447.28 3 28
github.com/engine/server/ai/history_context.go:447.28,448.9 1 6
github.com/engine/server/ai/history_context.go:452.2,453.29 2 20
github.com/engine/server/ai/history_context.go:453.29,455.3 1 28
github.com/engine/server/ai/history_context.go:457.2,457.21 1 20
github.com/engine/server/ai/history_context.go:460.104,461.20 1 7
github.com/engine/server/ai/history_context.go:461.20,463.3 1 4
github.com/engine/server/ai/history_context.go:465.2,467.31 3 3
github.com/engine/server/ai/history_context.go:467.31,469.40 2 3
github.com/engine/server/ai/history_context.go:469.40,471.4 1 1
github.com/engine/server/ai/history_context.go:472.3,473.17 2 3
github.com/engine/server/ai/history_context.go:473.17,475.4 1 1
github.com/engine/server/ai/history_context.go:476.3,484.5 1 3
github.com/engine/server/ai/history_context.go:486.2,486.44 1 3
github.com/engine/server/ai/history_context.go:494.22,497.2 2 9
github.com/engine/server/ai/history_context.go:505.26,510.46 4 8
github.com/engine/server/ai/history_context.go:510.46,511.28 1 16
github.com/engine/server/ai/history_context.go:511.28,512.12 1 1
github.com/engine/server/ai/history_context.go:514.3,525.5 1 15
github.com/engine/server/ai/history_context.go:528.2,528.45 1 8
github.com/engine/server/ai/history_context.go:528.45,529.24 1 11
github.com/engine/server/ai/history_context.go:529.24,530.12 1 1
github.com/engine/server/ai/history_context.go:532.3,543.5 1 10
github.com/engine/server/ai/history_context.go:546.2,546.48 1 8
github.com/engine/server/ai/history_context.go:546.48,548.22 2 8
github.com/engine/server/ai/history_context.go:548.22,549.12 1 1
github.com/engine/server/ai/history_context.go:551.3,562.5 1 7
github.com/engine/server/ai/history_context.go:565.2,565.18 1 8
github.com/engine/server/ai/history_context.go:573.22,578.37 4 12
github.com/engine/server/ai/history_context.go:578.37,579.50 1 4
github.com/engine/server/ai/history_context.go:579.50,580.12 1 1
github.com/engine/server/ai/history_context.go:583.3,584.45 2 3
github.com/engine/server/ai/history_context.go:584.45,586.4 1 1
github.com/engine/server/ai/history_context.go:587.3,591.38 1 3
github.com/engine/server/ai/history_context.go:591.38,593.4 1 1
github.com/engine/server/ai/history_context.go:594.3,594.17 1 3
github.com/engine/server/ai/history_context.go:594.17,595.12 1 1
github.com/engine/server/ai/history_context.go:598.3,599.48 2 2
github.com/engine/server/ai/history_context.go:599.48,601.4 1 1
github.com/engine/server/ai/history_context.go:604.2,604.19 1 12
github.com/engine/server/ai/history_context.go:604.19,606.3 1 11
github.com/engine/server/ai/history_context.go:608.2,609.37 2 1
github.com/engine/server/ai/history_context.go:609.37,611.3 1 2
github.com/engine/server/ai/history_context.go:612.2,612.16 1 1
github.com/engine/server/ai/history_context.go:615.65,616.22 1 18
github.com/engine/server/ai/history_context.go:616.22,618.3 1 2
github.com/engine/server/ai/history_context.go:620.2,624.31 4 16
github.com/engine/server/ai/history_context.go:624.31,625.21 1 29
github.com/engine/server/ai/history_context.go:625.21,626.9 1 1
github.com/engine/server/ai/history_context.go:629.3,630.22 2 28
github.com/engine/server/ai/history_context.go:630.22,631.9 1 5
github.com/engine/server/ai/history_context.go:633.3,635.29 3 23
github.com/engine/server/ai/history_context.go:635.29,637.4 1 2
github.com/engine/server/ai/history_context.go:638.3,639.57 2 23
github.com/engine/server/ai/history_context.go:642.2,642.25 1 16
github.com/engine/server/ai/history_context.go:645.49,647.31 2 45
github.com/engine/server/ai/history_context.go:647.31,648.40 1 12
github.com/engine/server/ai/history_context.go:648.40,649.12 1 1
github.com/engine/server/ai/history_context.go:651.3,651.34 1 11
github.com/engine/server/ai/history_context.go:653.2,653.33 1 45
github.com/engine/server/ai/history_context.go:656.62,659.14 3 611
github.com/engine/server/ai/history_context.go:659.14,661.3 1 1
github.com/engine/server/ai/history_context.go:662.2,662.30 1 610
github.com/engine/server/ai/history_context.go:665.51,666.20 1 13
github.com/engine/server/ai/history_context.go:666.20,668.3 1 4
github.com/engine/server/ai/history_context.go:669.2,669.19 1 9
github.com/engine/server/ai/history_context.go:672.58,673.24 1 8
github.com/engine/server/ai/history_context.go:673.24,675.3 1 5
github.com/engine/server/ai/history_context.go:677.2,679.31 3 3
github.com/engine/server/ai/history_context.go:679.31,681.50 2 4
github.com/engine/server/ai/history_context.go:681.50,683.4 1 1
github.com/engine/server/ai/history_context.go:684.3,684.18 1 4
github.com/engine/server/ai/history_context.go:684.18,686.4 1 1
github.com/engine/server/ai/history_context.go:687.3,687.19 1 4
github.com/engine/server/ai/history_context.go:687.19,689.12 2 2
github.com/engine/server/ai/history_context.go:691.3,691.41 1 2
github.com/engine/server/ai/history_context.go:694.2,695.26 2 3
github.com/engine/server/ai/history_context.go:695.26,697.3 1 2
github.com/engine/server/ai/history_context.go:698.2,698.25 1 3
github.com/engine/server/ai/history_context.go:698.25,700.3 1 2
github.com/engine/server/ai/history_context.go:701.2,701.37 1 3
github.com/engine/server/ai/history_context.go:704.64,705.22 1 7
github.com/engine/server/ai/history_context.go:705.22,707.3 1 1
github.com/engine/server/ai/history_context.go:708.2,710.30 3 6
github.com/engine/server/ai/history_context.go:710.30,713.3 2 13
github.com/engine/server/ai/history_context.go:714.2,714.17 1 6
github.com/engine/server/ai/history_context.go:717.51,719.35 2 6
github.com/engine/server/ai/history_context.go:719.35,721.3 1 13
github.com/engine/server/ai/history_context.go:722.2,722.15 1 6
github.com/engine/server/ai/history_context.go:725.74,727.43 2 5
github.com/engine/server/ai/history_context.go:727.43,729.3 1 58
github.com/engine/server/ai/history_context.go:730.2,730.15 1 5
github.com/engine/server/ai/history_context.go:733.51,735.31 2 20
github.com/engine/server/ai/history_context.go:735.31,737.3 1 28
github.com/engine/server/ai/history_context.go:738.2,738.15 1 20
github.com/engine/server/ai/history_context.go:741.56,742.22 1 32
github.com/engine/server/ai/history_context.go:742.22,744.3 1 11
github.com/engine/server/ai/history_context.go:746.2,747.35 2 21
github.com/engine/server/ai/history_context.go:747.35,748.23 1 78
github.com/engine/server/ai/history_context.go:748.23,750.4 1 6
github.com/engine/server/ai/history_context.go:753.2,755.35 3 21
github.com/engine/server/ai/history_context.go:755.35,759.3 3 99
github.com/engine/server/ai/history_context.go:760.2,760.29 1 21
github.com/engine/server/ai/history_context.go:760.29,762.3 1 99
github.com/engine/server/ai/history_context.go:763.2,763.16 1 21
github.com/engine/server/ai/history_context.go:766.95,768.27 2 5
github.com/engine/server/ai/history_context.go:768.27,770.40 2 15
github.com/engine/server/ai/history_context.go:770.40,772.4 1 11
github.com/engine/server/ai/history_context.go:773.3,774.17 2 15
github.com/engine/server/ai/history_context.go:774.17,776.4 1 4
github.com/engine/server/ai/history_context.go:777.3,785.41 2 15
github.com/engine/server/ai/history_context.go:785.41,786.9 1 1
github.com/engine/server/ai/history_context.go:788.3,788.28 1 14
github.com/engine/server/ai/history_context.go:790.2,790.44 1 5
github.com/engine/server/ai/history_context.go:793.52,797.31 3 48
github.com/engine/server/ai/history_context.go:797.31,798.84 1 92
github.com/engine/server/ai/history_context.go:798.84,800.4 1 1554
github.com/engine/server/ai/history_context.go:800.6,802.18 2 172
github.com/engine/server/ai/history_context.go:802.18,803.13 1 1
github.com/engine/server/ai/history_context.go:805.4,805.59 1 171
github.com/engine/server/ai/history_context.go:805.59,806.13 1 10
github.com/engine/server/ai/history_context.go:808.4,808.65 1 161
github.com/engine/server/ai/history_context.go:808.65,809.13 1 11
github.com/engine/server/ai/history_context.go:811.4,811.31 1 150
github.com/engine/server/ai/history_context.go:811.31,812.13 1 15
github.com/engine/server/ai/history_context.go:814.4,815.31 2 135
github.com/engine/server/ai/history_context.go:819.2,819.14 1 48
github.com/engine/server/ai/history_context.go:822.104,827.79 4 534
github.com/engine/server/ai/history_context.go:827.79,829.3 1 18
github.com/engine/server/ai/history_context.go:831.2,831.34 1 534
github.com/engine/server/ai/history_context.go:831.34,832.40 1 1284
github.com/engine/server/ai/history_context.go:832.40,834.4 1 166
github.com/engine/server/ai/history_context.go:837.2,837.31 1 534
github.com/engine/server/ai/history_context.go:837.31,839.17 2 26
github.com/engine/server/ai/history_context.go:839.17,840.12 1 1
github.com/engine/server/ai/history_context.go:842.3,843.54 2 25
github.com/engine/server/ai/history_context.go:843.54,845.4 1 3
github.com/engine/server/ai/history_context.go:846.3,846.40 1 25
github.com/engine/server/ai/history_context.go:846.40,848.4 1 2
github.com/engine/server/ai/history_context.go:851.2,851.14 1 534
github.com/engine/server/ai/history_context.go:854.61,855.21 1 13
github.com/engine/server/ai/history_context.go:855.21,857.3 1 1
github.com/engine/server/ai/history_context.go:859.2,861.29 3 12
github.com/engine/server/ai/history_context.go:861.29,862.40 1 75
github.com/engine/server/ai/history_context.go:862.40,864.4 1 26
github.com/engine/server/ai/history_context.go:866.2,866.47 1 12
github.com/engine/server/ai/history_context.go:869.45,871.16 2 531
github.com/engine/server/ai/history_context.go:871.16,873.3 1 86
github.com/engine/server/ai/history_context.go:875.2,876.9 2 445
github.com/engine/server/ai/history_context.go:877.21,878.13 1 442
github.com/engine/server/ai/history_context.go:879.22,880.13 1 1
github.com/engine/server/ai/history_context.go:881.24,882.13 1 1
github.com/engine/server/ai/history_context.go:883.10,884.14 1 1
github.com/engine/server/ai/history_context.go:888.96,889.32 1 247
github.com/engine/server/ai/history_context.go:889.32,891.3 1 240
github.com/engine/server/ai/history_context.go:892.2,892.73 1 7
github.com/engine/server/ai/history_context.go:895.31,896.11 1 47
github.com/engine/server/ai/history_context.go:896.11,898.3 1 20
github.com/engine/server/ai/history_context.go:899.2,899.10 1 27
github.com/engine/server/ai/history_context.go:902.31,903.11 1 31
github.com/engine/server/ai/history_context.go:903.11,905.3 1 26
github.com/engine/server/ai/history_context.go:906.2,906.10 1 5
github.com/engine/server/ai/provider.go:30.40,31.14 1 14
github.com/engine/server/ai/provider.go:32.16,33.27 1 2
github.com/engine/server/ai/provider.go:34.16,35.27 1 8
github.com/engine/server/ai/provider.go:36.10,37.30 1 4
github.com/engine/server/ai/provider.go:53.3,61.2 2 7
github.com/engine/server/ai/provider.go:74.3,82.2 2 1
github.com/engine/server/ai/provider.go:95.3,98.2 2 1
github.com/engine/server/ai/safety.go:18.47,21.2 2 67
github.com/engine/server/ai/safety.go:23.75,24.41 1 40
github.com/engine/server/ai/safety.go:24.41,26.3 1 2
github.com/engine/server/ai/safety.go:28.2,30.32 3 38
github.com/engine/server/ai/safety.go:30.32,32.3 1 29
github.com/engine/server/ai/safety.go:34.2,37.74 3 38
github.com/engine/server/ai/safety.go:37.74,39.3 1 13
github.com/engine/server/ai/safety.go:40.2,40.28 1 25
github.com/engine/server/ai/safety.go:43.80,44.41 1 13
github.com/engine/server/ai/safety.go:44.41,46.3 1 1
github.com/engine/server/ai/safety.go:47.2,47.54 1 12
github.com/engine/server/ai/safety.go:50.76,52.16 2 6
github.com/engine/server/ai/safety.go:52.16,54.3 1 3
github.com/engine/server/ai/safety.go:55.2,56.17 2 3
github.com/engine/server/ai/safety.go:59.90,61.19 2 27
github.com/engine/server/ai/safety.go:61.19,63.3 1 1
github.com/engine/server/ai/safety.go:65.2,66.73 2 26
github.com/engine/server/ai/safety.go:66.73,68.3 1 2
github.com/engine/server/ai/safety.go:70.2,71.72 2 24
github.com/engine/server/ai/safety.go:71.72,72.49 1 9
github.com/engine/server/ai/safety.go:72.49,73.72 1 27
github.com/engine/server/ai/safety.go:73.72,75.5 1 9
github.com/engine/server/ai/safety.go:79.2,79.43 1 15
github.com/engine/server/ai/safety.go:79.43,80.38 1 335
github.com/engine/server/ai/safety.go:80.38,82.4 1 7
github.com/engine/server/ai/safety.go:85.2,85.22 1 8
github.com/engine/server/ai/secret_scan.go:51.41,56.49 4 15
github.com/engine/server/ai/secret_scan.go:56.49,58.40 1 564
github.com/engine/server/ai/secret_scan.go:58.40,61.12 3 10
github.com/engine/server/ai/secret_scan.go:63.3,63.36 1 554
github.com/engine/server/ai/secret_scan.go:63.36,68.12 4 10
github.com/engine/server/ai/secret_scan.go:72.3,72.70 1 544
github.com/engine/server/ai/secret_scan.go:72.70,73.37 1 534
github.com/engine/server/ai/secret_scan.go:73.37,75.5 1 531
github.com/engine/server/ai/secret_scan.go:76.4,76.12 1 534
github.com/engine/server/ai/secret_scan.go:78.3,81.37 3 10
github.com/engine/server/ai/secret_scan.go:81.37,82.39 1 160
github.com/engine/server/ai/secret_scan.go:82.39,84.80 1 8
github.com/engine/server/ai/secret_scan.go:84.80,86.6 1 8
github.com/engine/server/ai/secret_scan.go:87.5,92.7 1 8
github.com/engine/server/ai/secret_scan.go:97.2,97.16 1 15
github.com/engine/server/ai/secret_scan.go:101.52,102.23 1 3
github.com/engine/server/ai/secret_scan.go:102.23,104.3 1 1
github.com/engine/server/ai/secret_scan.go:105.2,107.28 3 2
github.com/engine/server/ai/secret_scan.go:107.28,110.3 1 2
github.com/engine/server/ai/secret_scan.go:111.2,113.20 3 2
github.com/engine/server/ai/session_summary.go:20.74,24.16 4 16
github.com/engine/server/ai/session_summary.go:24.16,26.3 1 5
github.com/engine/server/ai/session_summary.go:27.2,27.43 1 11
github.com/engine/server/ai/session_summary.go:30.47,34.29 4 123
github.com/engine/server/ai/session_summary.go:34.29,37.51 3 141
github.com/engine/server/ai/session_summary.go:37.51,38.12 1 7
github.com/engine/server/ai/session_summary.go:40.3,40.34 1 134
github.com/engine/server/ai/session_summary.go:42.2,42.76 1 123
github.com/engine/server/ai/session_summary.go:45.51,46.34 1 161
github.com/engine/server/ai/session_summary.go:46.34,48.3 1 121
github.com/engine/server/ai/session_summary.go:49.2,49.14 1 40
github.com/engine/server/ai/session_summary.go:49.14,51.3 1 1
github.com/engine/server/ai/session_summary.go:52.2,52.48 1 39
github.com/engine/server/ai/session_summary.go:55.51,58.31 3 12
github.com/engine/server/ai/session_summary.go:58.31,60.31 2 13
github.com/engine/server/ai/session_summary.go:60.31,61.12 1 2
github.com/engine/server/ai/session_summary.go:63.3,65.22 3 11
github.com/engine/server/ai/session_summary.go:65.22,66.9 1 1
github.com/engine/server/ai/session_summary.go:69.2,69.14 1 12
github.com/engine/server/ai/session_summary.go:72.62,77.23 4 8
github.com/engine/server/ai/session_summary.go:77.23,79.3 1 6
github.com/engine/server/ai/session_summary.go:80.2,80.24 1 8
github.com/engine/server/ai/session_summary.go:80.24,82.3 1 5
github.com/engine/server/ai/session_summary.go:83.2,83.37 1 8
github.com/engine/server/ai/session_summary.go:86.56,87.23 1 8
github.com/engine/server/ai/session_summary.go:87.23,89.3 1 1
github.com/engine/server/ai/session_summary.go:90.2,90.107 1 7
github.com/engine/server/ai/session_summary.go:90.107,92.3 1 1
github.com/engine/server/ai/session_summary.go:93.2,94.40 2 6
github.com/engine/server/ai/session_summary.go:94.40,96.3 1 5
github.com/engine/server/ai/session_summary.go:97.2,97.18 1 6
github.com/engine/server/ai/session_summary.go:100.60,103.2 2 1
github.com/engine/server/ai/session_summary.go:105.61,107.2 1 7
github.com/engine/server/ai/session_summary.go:109.114,111.83 2 8
github.com/engine/server/ai/session_summary.go:111.83,113.3 1 6
github.com/engine/server/ai/session_summary.go:113.8,113.94 1 2
github.com/engine/server/ai/session_summary.go:113.94,115.3 1 1
github.com/engine/server/ai/session_summary.go:116.2,116.89 1 8
github.com/engine/server/ai/session_summary.go:116.89,118.3 1 7
github.com/engine/server/ai/session_summary.go:119.2,119.63 1 8
github.com/engine/server/ai/session_summary.go:119.63,121.3 1 2
github.com/engine/server/ai/session_summary.go:122.2,122.78 1 8
github.com/engine/server/ai/test_loop.go:20.99,26.2 1 8
github.com/engine/server/ai/test_loop.go:29.106,30.43 1 3
github.com/engine/server/ai/test_loop.go:30.43,32.3 1 2
github.com/engine/server/ai/test_loop.go:34.2,39.4 1 1
github.com/engine/server/ai/test_loop.go:43.64,44.43 1 7
github.com/engine/server/ai/test_loop.go:44.43,46.3 1 2
github.com/engine/server/ai/test_loop.go:48.2,48.36 1 5
github.com/engine/server/ai/test_loop.go:53.64,54.43 1 5
github.com/engine/server/ai/test_loop.go:54.43,56.3 1 2
github.com/engine/server/ai/test_loop.go:58.2,62.20 3 3
github.com/engine/server/ai/test_loop.go:62.20,64.3 1 3
github.com/engine/server/ai/test_loop.go:65.2,81.27 4 3
github.com/engine/server/ai/test_loop.go:81.27,83.3 1 1
github.com/engine/server/ai/test_loop.go:84.2,85.26 2 3
github.com/engine/server/ai/test_loop.go:85.26,87.3 1 3
github.com/engine/server/ai/test_loop.go:88.2,89.47 2 3
github.com/engine/server/ai/test_loop.go:89.47,91.3 1 2
github.com/engine/server/ai/test_loop.go:92.2,103.15 3 3
github.com/engine/server/ai/test_loop.go:107.62,108.16 1 2
github.com/engine/server/ai/test_loop.go:108.16,110.3 1 1
github.com/engine/server/ai/test_loop.go:111.2,114.51 3 1
github.com/engine/server/ai/test_loop.go:114.51,125.3 1 1
github.com/engine/server/ai/test_loop.go:132.84,133.53 1 3
github.com/engine/server/ai/test_loop.go:133.53,136.52 2 2
github.com/engine/server/ai/test_loop.go:136.52,144.4 1 1
github.com/engine/server/ai/test_loop.go:146.3,146.21 1 2
github.com/engine/server/ai/test_loop.go:146.21,155.62 2 2
github.com/engine/server/ai/test_loop.go:155.62,160.5 1 1
github.com/engine/server/ai/test_loop.go:166.47,168.39 2 2
github.com/engine/server/ai/test_loop.go:168.39,170.3 1 1
github.com/engine/server/ai/test_loop.go:172.2,174.30 3 1
github.com/engine/server/ai/test_loop.go:174.30,177.3 1 1
github.com/engine/server/ai/test_loop.go:178.2,178.15 1 1
github.com/engine/server/ai/test_loop.go:182.87,183.32 1 4
github.com/engine/server/ai/test_loop.go:183.32,190.44 2 3
github.com/engine/server/ai/test_loop.go:190.44,195.4 1 1
github.com/engine/server/ai/test_loop.go:201.111,203.16 2 5
github.com/engine/server/ai/test_loop.go:203.16,205.3 1 1
github.com/engine/server/ai/test_loop.go:206.2,206.44 1 4
github.com/engine/server/ai/test_loop.go:206.44,208.3 1 1
github.com/engine/server/ai/test_loop.go:210.2,211.16 2 3
github.com/engine/server/ai/test_loop.go:211.16,213.3 1 1
github.com/engine/server/ai/test_loop.go:215.2,227.56 2 2
github.com/engine/server/ai/test_loop.go:237.68,239.2 1 2
github.com/engine/server/ai/test_orchestrator.go:19.38,25.2 1 13
github.com/engine/server/ai/test_orchestrator.go:28.46,33.23 3 21
github.com/engine/server/ai/test_orchestrator.go:33.23,35.3 1 7
github.com/engine/server/ai/test_orchestrator.go:38.2,38.25 1 21
github.com/engine/server/ai/test_orchestrator.go:38.25,40.3 1 1
github.com/engine/server/ai/test_orchestrator.go:44.50,52.2 1 8
github.com/engine/server/ai/test_orchestrator.go:64.36,68.43 2 54
github.com/engine/server/ai/test_orchestrator.go:68.43,69.28 1 345
github.com/engine/server/ai/test_orchestrator.go:69.28,71.4 1 10
github.com/engine/server/ai/test_orchestrator.go:75.2,75.39 1 44
github.com/engine/server/ai/test_orchestrator.go:75.39,76.26 1 543
github.com/engine/server/ai/test_orchestrator.go:76.26,78.4 1 22
github.com/engine/server/ai/test_orchestrator.go:82.2,82.40 1 22
github.com/engine/server/ai/test_orchestrator.go:82.40,83.39 1 312
github.com/engine/server/ai/test_orchestrator.go:83.39,85.4 1 6
github.com/engine/server/ai/test_orchestrator.go:87.2,87.14 1 16
github.com/engine/server/ai/test_orchestrator.go:91.38,93.42 2 28
github.com/engine/server/ai/test_orchestrator.go:93.42,94.39 1 72
github.com/engine/server/ai/test_orchestrator.go:94.39,96.4 1 7
github.com/engine/server/ai/test_orchestrator.go:98.2,98.14 1 21
github.com/engine/server/ai/test_orchestrator.go:102.41,103.39 1 7
github.com/engine/server/ai/test_orchestrator.go:103.39,104.26 1 31
github.com/engine/server/ai/test_orchestrator.go:104.26,106.4 1 5
github.com/engine/server/ai/test_orchestrator.go:108.2,108.14 1 2
github.com/engine/server/ai/test_orchestrator.go:113.38,115.23 2 6
github.com/engine/server/ai/test_orchestrator.go:115.23,117.32 2 4
github.com/engine/server/ai/test_orchestrator.go:117.32,119.4 1 6
github.com/engine/server/ai/test_orchestrator.go:120.3,120.14 1 4
github.com/engine/server/ai/test_orchestrator.go:122.2,122.11 1 2
github.com/engine/server/ai/test_orchestrator.go:127.40,129.41 2 16
github.com/engine/server/ai/test_orchestrator.go:129.41,130.27 1 93
github.com/engine/server/ai/test_orchestrator.go:130.27,132.4 1 5
github.com/engine/server/ai/test_orchestrator.go:134.2,134.41 1 11
github.com/engine/server/ai/test_orchestrator.go:134.41,135.27 1 65
github.com/engine/server/ai/test_orchestrator.go:135.27,137.4 1 3
github.com/engine/server/ai/test_orchestrator.go:139.2,139.38 1 8
github.com/engine/server/ai/test_orchestrator.go:139.38,140.27 1 26
github.com/engine/server/ai/test_orchestrator.go:140.27,142.4 1 3
github.com/engine/server/ai/test_orchestrator.go:144.2,144.41 1 5
github.com/engine/server/ai/test_orchestrator.go:144.41,145.27 1 19
github.com/engine/server/ai/test_orchestrator.go:145.27,147.4 1 2
github.com/engine/server/ai/test_orchestrator.go:149.2,149.44 1 3
github.com/engine/server/ai/test_orchestrator.go:149.44,150.27 1 9
github.com/engine/server/ai/test_orchestrator.go:150.27,152.4 1 2
github.com/engine/server/ai/test_orchestrator.go:154.2,154.18 1 1
github.com/engine/server/ai/test_orchestrator.go:268.64,271.44 1 11
github.com/engine/server/ai/test_orchestrator.go:271.44,273.4 1 6
github.com/engine/server/ai/test_orchestrator.go:279.79,290.2 2 6
github.com/engine/server/ai/test_orchestrator.go:303.68,310.29 4 7
github.com/engine/server/ai/test_orchestrator.go:310.29,311.60 1 18
github.com/engine/server/ai/test_orchestrator.go:311.60,314.17 2 2
github.com/engine/server/ai/test_orchestrator.go:314.17,316.5 1 1
github.com/engine/server/ai/test_orchestrator.go:317.4,318.24 2 2
github.com/engine/server/ai/test_orchestrator.go:318.24,320.5 1 1
github.com/engine/server/ai/test_orchestrator.go:321.4,321.33 1 2
github.com/engine/server/ai/test_orchestrator.go:321.33,322.33 1 6
github.com/engine/server/ai/test_orchestrator.go:322.33,324.6 1 6
github.com/engine/server/ai/test_orchestrator.go:326.4,326.9 1 2
github.com/engine/server/ai/test_orchestrator.go:330.2,330.29 1 7
github.com/engine/server/ai/test_orchestrator.go:330.29,333.16 2 5
github.com/engine/server/ai/test_orchestrator.go:333.16,335.4 1 5
github.com/engine/server/ai/test_orchestrator.go:336.3,336.32 1 5
github.com/engine/server/ai/test_orchestrator.go:339.2,339.42 1 7
github.com/engine/server/ai/test_orchestrator.go:350.58,356.2 1 9
github.com/engine/server/ai/test_orchestrator.go:359.52,361.2 1 9
github.com/engine/server/ai/test_orchestrator.go:364.68,367.2 2 4
github.com/engine/server/ai/test_orchestrator.go:370.75,376.26 5 5
github.com/engine/server/ai/test_orchestrator.go:376.26,378.3 1 4
github.com/engine/server/ai/test_orchestrator.go:378.8,380.3 1 1
github.com/engine/server/ai/test_orchestrator.go:382.2,387.24 5 5
github.com/engine/server/ai/test_orchestrator.go:398.56,407.2 2 1
github.com/engine/server/ai/test_orchestrator.go:410.57,417.35 5 2
github.com/engine/server/ai/test_orchestrator.go:417.35,418.69 1 7
github.com/engine/server/ai/test_orchestrator.go:418.69,420.9 2 1
github.com/engine/server/ai/test_orchestrator.go:425.2,426.58 2 2
github.com/engine/server/ai/test_orchestrator.go:426.58,428.3 1 234
github.com/engine/server/ai/test_orchestrator.go:430.2,430.29 1 2
github.com/engine/server/ai/test_orchestrator.go:430.29,432.43 1 36
github.com/engine/server/ai/test_orchestrator.go:432.43,434.4 1 26
github.com/engine/server/ai/test_orchestrator.go:441.2,442.34 2 2
github.com/engine/server/ai/test_orchestrator.go:442.34,443.37 1 26
github.com/engine/server/ai/test_orchestrator.go:443.37,445.4 1 6
github.com/engine/server/ai/test_orchestrator.go:449.2,449.43 1 2
github.com/engine/server/ai/test_orchestrator.go:453.37,463.2 2 32
github.com/engine/server/ai/worktree_session.go:14.58,18.2 3 21
github.com/engine/server/ai/worktree_session.go:20.35,23.2 2 38
github.com/engine/server/ai/worktree_session.go:26.49,29.18 2 13
github.com/engine/server/ai/worktree_session.go:29.18,31.3 1 1
github.com/engine/server/ai/worktree_session.go:32.2,32.45 1 13
github.com/engine/server/ai/worktree_session.go:40.72,44.43 2 8
github.com/engine/server/ai/worktree_session.go:44.43,46.3 1 2
github.com/engine/server/ai/worktree_session.go:49.2,49.68 1 6
github.com/engine/server/ai/worktree_session.go:49.68,52.3 1 1
github.com/engine/server/ai/worktree_session.go:54.2,59.75 3 5
github.com/engine/server/ai/worktree_session.go:59.75,62.3 1 1
github.com/engine/server/ai/worktree_session.go:64.2,64.20 1 4
github.com/engine/server/ai/worktree_session.go:71.75,74.43 2 7
github.com/engine/server/ai/worktree_session.go:74.43,77.3 1 1
github.com/engine/server/ai/worktree_session.go:79.2,81.11 2 6
github.com/engine/server/ai/worktree_session.go:81.11,83.62 2 4
github.com/engine/server/ai/worktree_session.go:83.62,85.4 1 1
github.com/engine/server/ai/worktree_session.go:86.3,87.67 1 3
github.com/engine/server/ai/worktree_session.go:87.67,89.4 1 1
github.com/engine/server/ai/worktree_session.go:92.2,92.63 1 4
github.com/engine/server/ai/worktree_session.go:92.63,94.3 1 1
github.com/engine/server/ai/worktree_session.go:96.2,96.12 1 3
github.com/engine/server/ai/worktree_session.go:100.57,102.2 1 7
