mode: atomic
github.com/engine/server/ai/context.go:58.48,60.50 2 0
github.com/engine/server/ai/context.go:60.50,62.3 1 0
github.com/engine/server/ai/context.go:63.2,63.12 1 0
github.com/engine/server/ai/context.go:70.13,72.2 1 1
github.com/engine/server/ai/context.go:78.25,79.6 1 1
github.com/engine/server/ai/context.go:79.6,82.3 2 1
github.com/engine/server/ai/context.go:86.19,91.21 4 2
github.com/engine/server/ai/context.go:91.21,93.3 1 2
github.com/engine/server/ai/context.go:96.2,97.17 2 2
github.com/engine/server/ai/context.go:97.17,99.3 1 1
github.com/engine/server/ai/context.go:101.2,107.16 3 1
github.com/engine/server/ai/context.go:107.16,109.3 1 1
github.com/engine/server/ai/context.go:112.52,114.17 2 28
github.com/engine/server/ai/context.go:114.17,116.3 1 2
github.com/engine/server/ai/context.go:117.2,118.70 1 26
github.com/engine/server/ai/context.go:118.70,120.3 1 11
github.com/engine/server/ai/context.go:121.2,121.40 1 15
github.com/engine/server/ai/context.go:121.40,123.3 1 6
github.com/engine/server/ai/context.go:124.2,124.33 1 9
github.com/engine/server/ai/context.go:124.33,126.3 1 8
github.com/engine/server/ai/context.go:127.2,127.20 1 1
github.com/engine/server/ai/context.go:130.51,131.39 1 22
github.com/engine/server/ai/context.go:131.39,133.3 1 5
github.com/engine/server/ai/context.go:134.2,134.45 1 17
github.com/engine/server/ai/context.go:134.45,135.44 1 120
github.com/engine/server/ai/context.go:135.44,137.4 1 12
github.com/engine/server/ai/context.go:139.2,139.14 1 5
github.com/engine/server/ai/context.go:142.68,143.62 1 24
github.com/engine/server/ai/context.go:144.39,145.62 1 16
github.com/engine/server/ai/context.go:146.18,147.41 1 7
github.com/engine/server/ai/context.go:148.10,149.41 1 1
github.com/engine/server/ai/context.go:153.54,154.18 1 5
github.com/engine/server/ai/context.go:155.16,156.28 1 2
github.com/engine/server/ai/context.go:157.16,158.28 1 1
github.com/engine/server/ai/context.go:159.10,160.31 1 2
github.com/engine/server/ai/context.go:164.54,166.56 2 16
github.com/engine/server/ai/context.go:166.56,168.3 1 1
github.com/engine/server/ai/context.go:169.2,169.44 1 15
github.com/engine/server/ai/context.go:172.43,174.22 2 30
github.com/engine/server/ai/context.go:174.22,176.3 1 2
github.com/engine/server/ai/context.go:177.2,177.9 1 28
github.com/engine/server/ai/context.go:178.61,179.64 1 3
github.com/engine/server/ai/context.go:180.44,181.47 1 3
github.com/engine/server/ai/context.go:182.10,183.20 1 22
github.com/engine/server/ai/context.go:187.47,189.81 2 8
github.com/engine/server/ai/context.go:189.81,191.3 1 3
github.com/engine/server/ai/context.go:192.2,192.80 1 5
github.com/engine/server/ai/context.go:192.80,194.3 1 2
github.com/engine/server/ai/context.go:195.2,195.11 1 3
github.com/engine/server/ai/context.go:198.74,200.16 2 22
github.com/engine/server/ai/context.go:200.16,202.3 1 6
github.com/engine/server/ai/context.go:203.2,205.38 2 16
github.com/engine/server/ai/context.go:205.38,207.3 1 2
github.com/engine/server/ai/context.go:209.2,210.68 2 14
github.com/engine/server/ai/context.go:210.68,212.3 1 1
github.com/engine/server/ai/context.go:213.2,214.29 2 13
github.com/engine/server/ai/context.go:214.29,216.19 2 11
github.com/engine/server/ai/context.go:216.19,217.12 1 1
github.com/engine/server/ai/context.go:219.3,219.79 1 10
github.com/engine/server/ai/context.go:219.79,221.4 1 9
github.com/engine/server/ai/context.go:223.2,223.11 1 4
github.com/engine/server/ai/context.go:257.44,258.23 1 65
github.com/engine/server/ai/context.go:258.23,260.3 1 51
github.com/engine/server/ai/context.go:261.2,261.9 1 14
github.com/engine/server/ai/context.go:262.20,263.14 1 9
github.com/engine/server/ai/context.go:264.10,265.15 1 5
github.com/engine/server/ai/context.go:318.39,320.2 1 44
github.com/engine/server/ai/context.go:322.77,328.2 1 29
github.com/engine/server/ai/context.go:573.57,575.33 2 1
github.com/engine/server/ai/context.go:575.33,577.3 1 29
github.com/engine/server/ai/context.go:578.2,578.10 1 1
github.com/engine/server/ai/context.go:585.39,587.42 2 157
github.com/engine/server/ai/context.go:587.42,588.43 1 471
github.com/engine/server/ai/context.go:588.43,590.4 1 471
github.com/engine/server/ai/context.go:592.2,592.12 1 157
github.com/engine/server/ai/context.go:598.64,609.33 5 5
github.com/engine/server/ai/context.go:609.33,612.27 3 145
github.com/engine/server/ai/context.go:612.27,613.37 1 348
github.com/engine/server/ai/context.go:613.37,615.5 1 40
github.com/engine/server/ai/context.go:617.3,617.16 1 145
github.com/engine/server/ai/context.go:617.16,619.4 1 33
github.com/engine/server/ai/context.go:623.2,623.36 1 5
github.com/engine/server/ai/context.go:623.36,624.67 1 29
github.com/engine/server/ai/context.go:624.67,626.4 1 6
github.com/engine/server/ai/context.go:629.2,629.23 1 5
github.com/engine/server/ai/context.go:629.23,631.3 1 1
github.com/engine/server/ai/context.go:634.2,635.36 2 4
github.com/engine/server/ai/context.go:635.36,637.3 1 18
github.com/engine/server/ai/context.go:638.2,639.28 2 4
github.com/engine/server/ai/context.go:639.28,640.33 1 33
github.com/engine/server/ai/context.go:640.33,644.4 3 24
github.com/engine/server/ai/context.go:647.2,649.28 3 4
github.com/engine/server/ai/context.go:649.28,651.3 1 33
github.com/engine/server/ai/context.go:652.2,652.20 1 4
github.com/engine/server/ai/context.go:652.20,654.3 1 3
github.com/engine/server/ai/context.go:654.8,656.3 1 1
github.com/engine/server/ai/context.go:657.2,657.20 1 4
github.com/engine/server/ai/context.go:661.94,663.2 1 12
github.com/engine/server/ai/context.go:665.101,667.2 1 125
github.com/engine/server/ai/context.go:669.96,670.33 1 137
github.com/engine/server/ai/context.go:670.33,673.3 2 187
github.com/engine/server/ai/context.go:674.2,674.37 1 137
github.com/engine/server/ai/context.go:674.37,677.3 2 3
github.com/engine/server/ai/context.go:678.2,678.35 1 137
github.com/engine/server/ai/context.go:678.35,681.3 2 7
github.com/engine/server/ai/context.go:683.2,683.14 1 137
github.com/engine/server/ai/context.go:684.22,685.54 1 1
github.com/engine/server/ai/context.go:687.19,689.17 2 6
github.com/engine/server/ai/context.go:689.17,691.4 1 4
github.com/engine/server/ai/context.go:692.3,693.17 2 2
github.com/engine/server/ai/context.go:693.17,695.4 1 1
github.com/engine/server/ai/context.go:696.3,696.27 1 1
github.com/engine/server/ai/context.go:698.20,700.17 2 4
github.com/engine/server/ai/context.go:700.17,702.4 1 1
github.com/engine/server/ai/context.go:703.3,703.62 1 3
github.com/engine/server/ai/context.go:703.62,705.4 1 1
github.com/engine/server/ai/context.go:706.3,706.30 1 2
github.com/engine/server/ai/context.go:706.30,708.4 1 1
github.com/engine/server/ai/context.go:709.3,709.40 1 2
github.com/engine/server/ai/context.go:711.24,713.17 2 3
github.com/engine/server/ai/context.go:713.17,715.4 1 1
github.com/engine/server/ai/context.go:716.3,717.17 2 2
github.com/engine/server/ai/context.go:717.17,719.4 1 1
github.com/engine/server/ai/context.go:720.3,720.36 1 1
github.com/engine/server/ai/context.go:722.15,724.102 2 9
github.com/engine/server/ai/context.go:724.102,725.34 1 3
github.com/engine/server/ai/context.go:725.34,727.5 1 1
github.com/engine/server/ai/context.go:728.4,729.18 2 2
github.com/engine/server/ai/context.go:729.18,731.5 1 1
github.com/engine/server/ai/context.go:732.4,732.16 1 1
github.com/engine/server/ai/context.go:732.16,734.5 1 1
github.com/engine/server/ai/context.go:736.3,737.16 2 6
github.com/engine/server/ai/context.go:737.16,739.4 1 5
github.com/engine/server/ai/context.go:740.3,741.17 2 6
github.com/engine/server/ai/context.go:741.17,743.4 1 1
github.com/engine/server/ai/context.go:746.3,747.18 2 5
github.com/engine/server/ai/context.go:747.18,749.4 1 1
github.com/engine/server/ai/context.go:750.3,754.19 5 5
github.com/engine/server/ai/context.go:754.19,756.4 1 2
github.com/engine/server/ai/context.go:757.3,757.32 1 5
github.com/engine/server/ai/context.go:757.32,759.4 1 1
github.com/engine/server/ai/context.go:760.3,760.45 1 5
github.com/engine/server/ai/context.go:762.22,764.16 2 2
github.com/engine/server/ai/context.go:764.16,766.4 1 1
github.com/engine/server/ai/context.go:767.3,768.17 2 2
github.com/engine/server/ai/context.go:768.17,770.4 1 1
github.com/engine/server/ai/context.go:771.3,772.23 2 1
github.com/engine/server/ai/context.go:774.20,777.26 3 1
github.com/engine/server/ai/context.go:779.18,781.21 2 5
github.com/engine/server/ai/context.go:781.21,783.18 2 4
github.com/engine/server/ai/context.go:783.18,785.5 1 2
github.com/engine/server/ai/context.go:786.4,786.31 1 2
github.com/engine/server/ai/context.go:788.3,789.21 2 3
github.com/engine/server/ai/context.go:791.20,793.88 1 6
github.com/engine/server/ai/context.go:793.88,794.53 1 6
github.com/engine/server/ai/context.go:794.53,797.5 2 1
github.com/engine/server/ai/context.go:799.3,799.33 1 5
github.com/engine/server/ai/context.go:799.33,801.4 1 1
github.com/engine/server/ai/context.go:802.3,808.17 2 4
github.com/engine/server/ai/context.go:808.17,810.4 1 1
github.com/engine/server/ai/context.go:811.3,811.15 1 3
github.com/engine/server/ai/context.go:811.15,813.4 1 1
github.com/engine/server/ai/context.go:814.3,815.17 2 2
github.com/engine/server/ai/context.go:815.17,817.4 1 1
github.com/engine/server/ai/context.go:818.3,818.37 1 1
github.com/engine/server/ai/context.go:820.19,822.17 2 3
github.com/engine/server/ai/context.go:822.17,824.4 1 1
github.com/engine/server/ai/context.go:825.3,825.30 1 2
github.com/engine/server/ai/context.go:825.30,827.4 1 1
github.com/engine/server/ai/context.go:828.3,828.34 1 2
github.com/engine/server/ai/context.go:830.25,831.47 1 1
github.com/engine/server/ai/context.go:833.24,834.29 1 6
github.com/engine/server/ai/context.go:834.29,836.4 1 5
github.com/engine/server/ai/context.go:837.3,839.26 3 1
github.com/engine/server/ai/context.go:841.24,842.17 1 5
github.com/engine/server/ai/context.go:842.17,844.4 1 1
github.com/engine/server/ai/context.go:845.3,846.18 2 4
github.com/engine/server/ai/context.go:846.18,848.4 1 1
github.com/engine/server/ai/context.go:849.3,852.29 4 3
github.com/engine/server/ai/context.go:852.29,854.4 1 1
github.com/engine/server/ai/context.go:855.3,857.71 3 3
github.com/engine/server/ai/context.go:859.19,861.17 2 4
github.com/engine/server/ai/context.go:861.17,863.4 1 1
github.com/engine/server/ai/context.go:864.3,865.39 2 3
github.com/engine/server/ai/context.go:865.39,866.40 1 1
github.com/engine/server/ai/context.go:866.40,867.36 1 1
github.com/engine/server/ai/context.go:867.36,869.6 1 1
github.com/engine/server/ai/context.go:872.3,872.30 1 2
github.com/engine/server/ai/context.go:872.30,874.4 1 1
github.com/engine/server/ai/context.go:875.3,875.38 1 2
github.com/engine/server/ai/context.go:877.19,879.17 2 2
github.com/engine/server/ai/context.go:879.17,881.4 1 1
github.com/engine/server/ai/context.go:882.3,882.30 1 1
github.com/engine/server/ai/context.go:882.30,884.4 1 1
github.com/engine/server/ai/context.go:885.3,885.39 1 1
github.com/engine/server/ai/context.go:887.18,894.30 4 2
github.com/engine/server/ai/context.go:894.30,896.4 1 1
github.com/engine/server/ai/context.go:899.3,905.126 2 1
github.com/engine/server/ai/context.go:907.28,911.18 4 5
github.com/engine/server/ai/context.go:911.18,913.4 1 3
github.com/engine/server/ai/context.go:914.3,915.17 2 5
github.com/engine/server/ai/context.go:915.17,917.4 1 2
github.com/engine/server/ai/context.go:918.3,919.17 2 3
github.com/engine/server/ai/context.go:919.17,921.4 1 1
github.com/engine/server/ai/context.go:922.3,923.32 2 2
github.com/engine/server/ai/context.go:923.32,925.35 2 1
github.com/engine/server/ai/context.go:925.35,927.5 1 1
github.com/engine/server/ai/context.go:928.4,928.98 1 1
github.com/engine/server/ai/context.go:930.3,930.20 1 2
github.com/engine/server/ai/context.go:930.20,932.4 1 1
github.com/engine/server/ai/context.go:933.3,933.28 1 1
github.com/engine/server/ai/context.go:935.26,940.15 5 4
github.com/engine/server/ai/context.go:940.15,942.4 1 1
github.com/engine/server/ai/context.go:943.3,944.17 2 3
github.com/engine/server/ai/context.go:944.17,946.4 1 1
github.com/engine/server/ai/context.go:947.3,948.17 2 2
github.com/engine/server/ai/context.go:948.17,950.4 1 1
github.com/engine/server/ai/context.go:951.3,951.132 1 1
github.com/engine/server/ai/context.go:953.28,959.15 6 4
github.com/engine/server/ai/context.go:959.15,961.4 1 1
github.com/engine/server/ai/context.go:962.3,963.17 2 3
github.com/engine/server/ai/context.go:963.17,965.4 1 1
github.com/engine/server/ai/context.go:966.3,966.57 1 2
github.com/engine/server/ai/context.go:966.57,968.4 1 1
github.com/engine/server/ai/context.go:969.3,969.53 1 1
github.com/engine/server/ai/context.go:971.29,976.18 5 4
github.com/engine/server/ai/context.go:976.18,978.4 1 1
github.com/engine/server/ai/context.go:979.3,980.17 2 3
github.com/engine/server/ai/context.go:980.17,982.4 1 1
github.com/engine/server/ai/context.go:983.3,984.17 2 2
github.com/engine/server/ai/context.go:984.17,986.4 1 1
github.com/engine/server/ai/context.go:987.3,987.93 1 1
github.com/engine/server/ai/context.go:989.24,995.29 6 6
github.com/engine/server/ai/context.go:995.29,997.4 1 2
github.com/engine/server/ai/context.go:998.3,999.17 2 4
github.com/engine/server/ai/context.go:999.17,1001.4 1 2
github.com/engine/server/ai/context.go:1002.3,1003.17 2 2
github.com/engine/server/ai/context.go:1003.17,1005.4 1 1
github.com/engine/server/ai/context.go:1006.3,1006.66 1 1
github.com/engine/server/ai/context.go:1008.18,1009.33 1 7
github.com/engine/server/ai/context.go:1009.33,1011.4 1 2
github.com/engine/server/ai/context.go:1012.3,1014.19 3 5
github.com/engine/server/ai/context.go:1014.19,1016.4 1 3
github.com/engine/server/ai/context.go:1017.3,1023.17 2 5
github.com/engine/server/ai/context.go:1023.17,1025.4 1 1
github.com/engine/server/ai/context.go:1026.3,1026.15 1 4
github.com/engine/server/ai/context.go:1026.15,1028.4 1 1
github.com/engine/server/ai/context.go:1029.3,1030.21 2 3
github.com/engine/server/ai/context.go:1030.21,1032.4 1 2
github.com/engine/server/ai/context.go:1033.3,1033.20 1 1
github.com/engine/server/ai/context.go:1035.18,1037.21 2 4
github.com/engine/server/ai/context.go:1037.21,1039.4 1 3
github.com/engine/server/ai/context.go:1040.3,1040.20 1 1
github.com/engine/server/ai/context.go:1042.20,1045.17 3 4
github.com/engine/server/ai/context.go:1045.17,1047.24 2 2
github.com/engine/server/ai/context.go:1047.24,1049.5 1 1
github.com/engine/server/ai/context.go:1050.4,1050.46 1 1
github.com/engine/server/ai/context.go:1052.3,1053.23 2 2
github.com/engine/server/ai/context.go:1053.23,1055.4 1 1
github.com/engine/server/ai/context.go:1056.3,1056.20 1 1
github.com/engine/server/ai/context.go:1058.22,1061.21 3 5
github.com/engine/server/ai/context.go:1061.21,1063.4 1 1
github.com/engine/server/ai/context.go:1064.3,1066.27 3 4
github.com/engine/server/ai/context.go:1066.27,1068.69 2 1080
github.com/engine/server/ai/context.go:1068.69,1069.13 1 957
github.com/engine/server/ai/context.go:1071.4,1074.22 4 123
github.com/engine/server/ai/context.go:1074.22,1076.5 1 25
github.com/engine/server/ai/context.go:1077.4,1080.19 3 123
github.com/engine/server/ai/context.go:1080.19,1082.10 2 2
github.com/engine/server/ai/context.go:1085.3,1085.20 1 4
github.com/engine/server/ai/context.go:1085.20,1087.4 1 1
github.com/engine/server/ai/context.go:1088.3,1088.28 1 3
github.com/engine/server/ai/context.go:1090.22,1091.33 1 12
github.com/engine/server/ai/context.go:1091.33,1093.4 1 2
github.com/engine/server/ai/context.go:1094.3,1096.15 3 10
github.com/engine/server/ai/context.go:1096.15,1098.4 1 1
github.com/engine/server/ai/context.go:1099.3,1100.21 2 9
github.com/engine/server/ai/context.go:1100.21,1102.4 1 2
github.com/engine/server/ai/context.go:1103.3,1105.19 3 7
github.com/engine/server/ai/context.go:1105.19,1107.4 1 2
github.com/engine/server/ai/context.go:1108.3,1114.17 2 7
github.com/engine/server/ai/context.go:1114.17,1116.4 1 1
github.com/engine/server/ai/context.go:1117.3,1117.15 1 6
github.com/engine/server/ai/context.go:1117.15,1119.4 1 2
github.com/engine/server/ai/context.go:1120.3,1120.23 1 4
github.com/engine/server/ai/context.go:1120.23,1121.35 1 2
github.com/engine/server/ai/context.go:1121.35,1123.5 1 1
github.com/engine/server/ai/context.go:1124.9,1125.40 1 2
github.com/engine/server/ai/context.go:1125.40,1127.5 1 1
github.com/engine/server/ai/context.go:1129.3,1129.80 1 2
github.com/engine/server/ai/context.go:1131.18,1133.19 2 5
github.com/engine/server/ai/context.go:1133.19,1135.4 1 1
github.com/engine/server/ai/context.go:1136.3,1137.18 2 4
github.com/engine/server/ai/context.go:1137.18,1139.4 1 1
github.com/engine/server/ai/context.go:1140.3,1140.40 1 3
github.com/engine/server/ai/context.go:1140.40,1142.4 1 1
github.com/engine/server/ai/context.go:1143.3,1143.36 1 2
github.com/engine/server/ai/context.go:1145.20,1147.20 2 4
github.com/engine/server/ai/context.go:1147.20,1149.4 1 1
github.com/engine/server/ai/context.go:1150.3,1151.20 2 4
github.com/engine/server/ai/context.go:1151.20,1153.4 1 1
github.com/engine/server/ai/context.go:1154.3,1154.59 1 3
github.com/engine/server/ai/context.go:1154.59,1156.4 1 1
github.com/engine/server/ai/context.go:1157.3,1157.47 1 2
github.com/engine/server/ai/context.go:1159.19,1161.16 2 9
github.com/engine/server/ai/context.go:1161.16,1163.4 1 3
github.com/engine/server/ai/context.go:1164.3,1165.17 2 6
github.com/engine/server/ai/context.go:1165.17,1168.26 3 2
github.com/engine/server/ai/context.go:1168.26,1171.5 2 1
github.com/engine/server/ai/context.go:1172.4,1172.48 1 2
github.com/engine/server/ai/context.go:1174.3,1174.42 1 6
github.com/engine/server/ai/context.go:1174.42,1176.4 1 2
github.com/engine/server/ai/context.go:1177.3,1177.64 1 4
github.com/engine/server/ai/context.go:1177.64,1179.4 1 1
github.com/engine/server/ai/context.go:1180.3,1180.48 1 3
github.com/engine/server/ai/context.go:1180.48,1182.4 1 1
github.com/engine/server/ai/context.go:1183.3,1183.37 1 2
github.com/engine/server/ai/context.go:1185.10,1186.39 1 4
github.com/engine/server/ai/context.go:1191.47,1194.48 2 2
github.com/engine/server/ai/context.go:1194.48,1197.3 1 2
github.com/engine/server/ai/context.go:1199.2,1199.88 1 2
github.com/engine/server/ai/context.go:1199.88,1201.3 1 2
github.com/engine/server/ai/context.go:1203.2,1203.52 1 2
github.com/engine/server/ai/context.go:1203.52,1206.3 1 2
github.com/engine/server/ai/context.go:1208.2,1210.39 2 2
github.com/engine/server/ai/context.go:1213.56,1216.30 3 11
github.com/engine/server/ai/context.go:1216.30,1218.3 1 5
github.com/engine/server/ai/context.go:1219.2,1220.38 2 11
github.com/engine/server/ai/context.go:1220.38,1222.3 1 7
github.com/engine/server/ai/context.go:1223.2,1223.15 1 11
github.com/engine/server/ai/context.go:1227.49,1232.41 5 9
github.com/engine/server/ai/context.go:1232.41,1234.3 1 2
github.com/engine/server/ai/context.go:1235.2,1235.17 1 9
github.com/engine/server/ai/context.go:1235.17,1237.3 1 2
github.com/engine/server/ai/context.go:1239.2,1239.69 1 9
github.com/engine/server/ai/context.go:1239.69,1242.3 2 1
github.com/engine/server/ai/context.go:1243.2,1243.63 1 8
github.com/engine/server/ai/context.go:1243.63,1246.3 2 1
github.com/engine/server/ai/context.go:1249.2,1250.90 2 7
github.com/engine/server/ai/context.go:1250.90,1253.3 2 1
github.com/engine/server/ai/context.go:1254.2,1254.33 1 6
github.com/engine/server/ai/context.go:1254.33,1255.95 1 1
github.com/engine/server/ai/context.go:1255.95,1257.4 1 1
github.com/engine/server/ai/context.go:1260.2,1263.28 4 6
github.com/engine/server/ai/context.go:1263.28,1265.3 1 1
github.com/engine/server/ai/context.go:1266.2,1276.22 5 6
github.com/engine/server/ai/context.go:1276.22,1278.3 1 6
github.com/engine/server/ai/context.go:1279.2,1279.27 1 6
github.com/engine/server/ai/context.go:1279.27,1281.3 1 6
github.com/engine/server/ai/context.go:1284.2,1293.35 4 6
github.com/engine/server/ai/context.go:1293.35,1295.3 1 6
github.com/engine/server/ai/context.go:1296.2,1325.37 6 6
github.com/engine/server/ai/context.go:1325.37,1327.3 1 1
github.com/engine/server/ai/context.go:1328.2,1336.27 4 6
github.com/engine/server/ai/context.go:1336.27,1338.3 1 1
github.com/engine/server/ai/context.go:1339.2,1348.57 4 6
github.com/engine/server/ai/context.go:1348.57,1349.21 1 6
github.com/engine/server/ai/context.go:1349.21,1351.4 1 2
github.com/engine/server/ai/context.go:1352.3,1352.25 1 4
github.com/engine/server/ai/context.go:1353.69,1355.34 2 6
github.com/engine/server/ai/context.go:1355.34,1356.96 1 1
github.com/engine/server/ai/context.go:1356.96,1358.5 1 1
github.com/engine/server/ai/context.go:1361.2,1361.23 1 6
github.com/engine/server/ai/context.go:1372.3,1374.6 2 13
github.com/engine/server/ai/context.go:1374.6,1375.24 1 18
github.com/engine/server/ai/context.go:1375.24,1377.4 1 3
github.com/engine/server/ai/context.go:1379.3,1380.25 2 15
github.com/engine/server/ai/context.go:1380.25,1382.4 1 1
github.com/engine/server/ai/context.go:1384.3,1396.53 5 15
github.com/engine/server/ai/context.go:1396.53,1397.19 1 17
github.com/engine/server/ai/context.go:1397.19,1399.12 2 2
github.com/engine/server/ai/context.go:1400.23,1401.12 1 1
github.com/engine/server/ai/context.go:1402.29,1402.29 0 1
github.com/engine/server/ai/context.go:1405.4,1406.22 2 16
github.com/engine/server/ai/context.go:1406.22,1407.10 1 13
github.com/engine/server/ai/context.go:1410.4,1413.20 3 3
github.com/engine/server/ai/context.go:1413.20,1414.10 1 1
github.com/engine/server/ai/context.go:1417.3,1417.21 1 14
github.com/engine/server/ai/context.go:1417.21,1420.4 2 1
github.com/engine/server/ai/context.go:1422.3,1424.31 2 13
github.com/engine/server/ai/context.go:1424.31,1425.9 1 7
github.com/engine/server/ai/context.go:1428.3,1429.40 2 6
github.com/engine/server/ai/context.go:1429.40,1430.32 1 7
github.com/engine/server/ai/context.go:1430.32,1431.13 1 1
github.com/engine/server/ai/context.go:1433.4,1434.23 2 6
github.com/engine/server/ai/context.go:1434.23,1436.5 1 1
github.com/engine/server/ai/context.go:1438.4,1438.29 1 6
github.com/engine/server/ai/context.go:1438.29,1439.70 1 5
github.com/engine/server/ai/context.go:1439.70,1453.14 7 1
github.com/engine/server/ai/context.go:1457.4,1463.29 5 5
github.com/engine/server/ai/context.go:1463.29,1464.72 1 4
github.com/engine/server/ai/context.go:1464.72,1465.28 1 1
github.com/engine/server/ai/context.go:1465.28,1467.7 1 1
github.com/engine/server/ai/context.go:1468.6,1468.30 1 1
github.com/engine/server/ai/context.go:1468.30,1470.7 1 1
github.com/engine/server/ai/context.go:1474.4,1485.6 4 5
github.com/engine/server/ai/context.go:1488.3,1490.24 2 6
github.com/engine/server/ai/context.go:1490.24,1492.4 1 1
github.com/engine/server/ai/context.go:1502.35,1511.16 7 19
github.com/engine/server/ai/context.go:1511.16,1513.3 1 1
github.com/engine/server/ai/context.go:1514.2,1516.28 2 18
github.com/engine/server/ai/context.go:1516.28,1520.3 3 3
github.com/engine/server/ai/context.go:1522.2,1531.21 4 15
github.com/engine/server/ai/context.go:1531.21,1533.41 2 94
github.com/engine/server/ai/context.go:1533.41,1534.12 1 16
github.com/engine/server/ai/context.go:1536.3,1537.23 2 78
github.com/engine/server/ai/context.go:1537.23,1538.9 1 15
github.com/engine/server/ai/context.go:1541.3,1542.62 2 63
github.com/engine/server/ai/context.go:1542.62,1543.12 1 2
github.com/engine/server/ai/context.go:1546.3,1546.24 1 61
github.com/engine/server/ai/context.go:1547.30,1549.17 2 16
github.com/engine/server/ai/context.go:1549.17,1550.13 1 1
github.com/engine/server/ai/context.go:1552.4,1552.22 1 15
github.com/engine/server/ai/context.go:1553.16,1554.20 1 8
github.com/engine/server/ai/context.go:1555.20,1558.66 3 7
github.com/engine/server/ai/context.go:1561.30,1563.20 2 15
github.com/engine/server/ai/context.go:1563.20,1564.13 1 1
github.com/engine/server/ai/context.go:1566.4,1566.25 1 14
github.com/engine/server/ai/context.go:1567.22,1571.29 4 8
github.com/engine/server/ai/context.go:1572.28,1573.23 1 6
github.com/engine/server/ai/context.go:1573.23,1577.6 3 6
github.com/engine/server/ai/context.go:1580.29,1581.22 1 15
github.com/engine/server/ai/context.go:1581.22,1584.23 2 7
github.com/engine/server/ai/context.go:1584.23,1586.6 1 1
github.com/engine/server/ai/context.go:1587.5,1591.18 5 7
github.com/engine/server/ai/context.go:1592.10,1592.32 1 8
github.com/engine/server/ai/context.go:1592.32,1595.5 2 8
github.com/engine/server/ai/context.go:1597.24,1599.18 2 1
github.com/engine/server/ai/context.go:1599.18,1601.41 2 1
github.com/engine/server/ai/context.go:1601.41,1602.31 1 1
github.com/engine/server/ai/context.go:1602.31,1602.84 2 1
github.com/engine/server/ai/context.go:1603.6,1603.32 1 1
github.com/engine/server/ai/context.go:1603.32,1603.86 2 1
github.com/engine/server/ai/context.go:1604.6,1604.39 1 1
github.com/engine/server/ai/context.go:1608.24,1610.17 2 14
github.com/engine/server/ai/context.go:1610.17,1611.49 1 14
github.com/engine/server/ai/context.go:1611.49,1613.6 1 14
github.com/engine/server/ai/context.go:1618.2,1618.42 1 15
github.com/engine/server/ai/context.go:1622.21,1624.2 1 58
github.com/engine/server/ai/context.go:1655.56,1657.24 2 50
github.com/engine/server/ai/context.go:1657.24,1666.3 1 150
github.com/engine/server/ai/context.go:1667.2,1667.12 1 50
github.com/engine/server/ai/context.go:1679.3,1683.30 2 23
github.com/engine/server/ai/context.go:1683.30,1685.22 2 8
github.com/engine/server/ai/context.go:1685.22,1687.4 1 8
github.com/engine/server/ai/context.go:1690.2,1691.28 2 23
github.com/engine/server/ai/context.go:1691.28,1694.3 2 72
github.com/engine/server/ai/context.go:1696.2,1698.6 2 23
github.com/engine/server/ai/context.go:1698.6,1699.24 1 30
github.com/engine/server/ai/context.go:1699.24,1701.4 1 3
github.com/engine/server/ai/context.go:1704.3,1707.25 3 27
github.com/engine/server/ai/context.go:1707.25,1709.4 1 1
github.com/engine/server/ai/context.go:1711.3,1721.17 4 27
github.com/engine/server/ai/context.go:1721.17,1724.4 2 1
github.com/engine/server/ai/context.go:1725.3,1726.23 2 26
github.com/engine/server/ai/context.go:1726.23,1728.4 1 18
github.com/engine/server/ai/context.go:1730.3,1731.17 2 26
github.com/engine/server/ai/context.go:1731.17,1734.4 2 2
github.com/engine/server/ai/context.go:1735.3,1737.29 2 24
github.com/engine/server/ai/context.go:1737.29,1742.4 4 2
github.com/engine/server/ai/context.go:1745.3,1757.22 7 22
github.com/engine/server/ai/context.go:1757.22,1759.42 2 99
github.com/engine/server/ai/context.go:1759.42,1760.13 1 32
github.com/engine/server/ai/context.go:1762.4,1763.24 2 67
github.com/engine/server/ai/context.go:1763.24,1764.10 1 21
github.com/engine/server/ai/context.go:1766.4,1767.63 2 46
github.com/engine/server/ai/context.go:1767.63,1768.13 1 1
github.com/engine/server/ai/context.go:1770.4,1771.25 2 45
github.com/engine/server/ai/context.go:1771.25,1772.13 1 1
github.com/engine/server/ai/context.go:1774.4,1775.66 2 44
github.com/engine/server/ai/context.go:1775.66,1777.5 1 21
github.com/engine/server/ai/context.go:1778.4,1779.20 2 44
github.com/engine/server/ai/context.go:1779.20,1780.13 1 1
github.com/engine/server/ai/context.go:1782.4,1782.63 1 43
github.com/engine/server/ai/context.go:1782.63,1786.5 3 13
github.com/engine/server/ai/context.go:1787.4,1787.58 1 43
github.com/engine/server/ai/context.go:1787.58,1788.31 1 8
github.com/engine/server/ai/context.go:1788.31,1790.19 2 9
github.com/engine/server/ai/context.go:1790.19,1791.15 1 1
github.com/engine/server/ai/context.go:1793.6,1793.32 1 8
github.com/engine/server/ai/context.go:1793.32,1793.75 2 8
github.com/engine/server/ai/context.go:1794.6,1794.33 1 8
github.com/engine/server/ai/context.go:1794.33,1796.7 1 8
github.com/engine/server/ai/context.go:1797.6,1798.53 2 8
github.com/engine/server/ai/context.go:1798.53,1800.7 1 7
github.com/engine/server/ai/context.go:1801.6,1801.63 1 8
github.com/engine/server/ai/context.go:1801.63,1802.60 1 8
github.com/engine/server/ai/context.go:1802.60,1804.8 1 8
github.com/engine/server/ai/context.go:1805.7,1805.51 1 8
github.com/engine/server/ai/context.go:1805.51,1807.8 1 8
github.com/engine/server/ai/context.go:1812.3,1812.39 1 22
github.com/engine/server/ai/context.go:1812.39,1815.4 2 1
github.com/engine/server/ai/context.go:1818.3,1818.27 1 21
github.com/engine/server/ai/context.go:1818.27,1821.35 1 8
github.com/engine/server/ai/context.go:1821.35,1822.34 1 8
github.com/engine/server/ai/context.go:1822.34,1824.5 1 1
github.com/engine/server/ai/context.go:1827.3,1836.35 3 8
github.com/engine/server/ai/context.go:1836.35,1845.4 1 8
github.com/engine/server/ai/context.go:1846.3,1846.77 1 8
github.com/engine/server/ai/context.go:1847.9,1847.31 1 13
github.com/engine/server/ai/context.go:1847.31,1849.4 1 13
github.com/engine/server/ai/context.go:1851.3,1851.60 1 21
github.com/engine/server/ai/context.go:1851.60,1852.9 1 13
github.com/engine/server/ai/context.go:1858.3,1858.41 1 8
github.com/engine/server/ai/context.go:1858.41,1860.18 2 8
github.com/engine/server/ai/context.go:1860.18,1861.13 1 2
github.com/engine/server/ai/context.go:1864.4,1866.42 3 6
github.com/engine/server/ai/context.go:1866.42,1868.5 1 1
github.com/engine/server/ai/context.go:1869.4,1869.88 1 6
github.com/engine/server/ai/context.go:1869.88,1875.13 5 1
github.com/engine/server/ai/context.go:1878.4,1894.6 8 5
github.com/engine/server/ai/context.go:1897.3,1897.24 1 8
github.com/engine/server/ai/context.go:1897.24,1899.4 1 1
github.com/engine/server/ai/harness.go:36.72,38.44 2 9
github.com/engine/server/ai/harness.go:38.44,39.39 1 64
github.com/engine/server/ai/harness.go:39.39,41.4 1 7
github.com/engine/server/ai/harness.go:43.2,43.10 1 2
github.com/engine/server/ai/harness.go:63.73,74.2 4 5
github.com/engine/server/ai/harness.go:77.82,80.30 3 4
github.com/engine/server/ai/harness.go:80.30,84.3 3 4
github.com/engine/server/ai/harness.go:85.2,85.8 1 4
github.com/engine/server/ai/harness.go:89.41,91.25 2 2
github.com/engine/server/ai/harness.go:91.25,93.3 1 1
github.com/engine/server/ai/harness.go:94.2,94.90 1 1
github.com/engine/server/ai/harness.go:106.44,112.2 1 9
github.com/engine/server/ai/harness.go:116.46,118.22 2 7
github.com/engine/server/ai/harness.go:118.22,120.3 1 1
github.com/engine/server/ai/harness.go:121.2,121.12 1 7
github.com/engine/server/ai/harness.go:138.42,143.2 1 22
github.com/engine/server/ai/harness.go:147.64,150.29 3 9
github.com/engine/server/ai/harness.go:150.29,152.3 1 2
github.com/engine/server/ai/harness.go:153.2,153.17 1 7
github.com/engine/server/ai/harness.go:159.92,162.13 3 19
github.com/engine/server/ai/harness.go:162.13,164.67 2 17
github.com/engine/server/ai/harness.go:164.67,166.21 2 7
github.com/engine/server/ai/harness.go:166.21,168.5 1 4
github.com/engine/server/ai/harness.go:170.8,173.3 1 2
github.com/engine/server/ai/harness.go:177.51,182.2 4 1
github.com/engine/server/ai/harness.go:185.53,189.34 4 1
github.com/engine/server/ai/harness.go:189.34,191.3 1 1
github.com/engine/server/ai/harness.go:192.2,192.12 1 1
github.com/engine/server/ai/harness.go:207.46,209.2 1 1
github.com/engine/server/ai/harness.go:213.34,215.2 1 39
github.com/engine/server/ai/harness.go:218.71,220.29 2 16
github.com/engine/server/ai/harness.go:220.29,222.47 1 35
github.com/engine/server/ai/harness.go:222.47,224.4 1 34
github.com/engine/server/ai/harness.go:224.9,224.65 1 1
github.com/engine/server/ai/harness.go:224.65,225.40 1 1
github.com/engine/server/ai/harness.go:225.40,228.5 2 1
github.com/engine/server/ai/harness.go:230.3,230.13 1 35
github.com/engine/server/ai/harness.go:232.2,232.14 1 16
github.com/engine/server/ai/harness.go:238.106,239.6 1 8
github.com/engine/server/ai/harness.go:239.6,241.26 2 12
github.com/engine/server/ai/harness.go:241.26,243.4 1 7
github.com/engine/server/ai/harness.go:245.3,246.30 2 5
github.com/engine/server/ai/harness.go:246.30,247.26 1 7
github.com/engine/server/ai/harness.go:247.26,250.10 3 4
github.com/engine/server/ai/harness.go:253.3,253.15 1 5
github.com/engine/server/ai/harness.go:253.15,256.4 1 1
github.com/engine/server/ai/history_context.go:86.91,88.2 1 1
github.com/engine/server/ai/history_context.go:95.28,96.23 1 12
github.com/engine/server/ai/history_context.go:96.23,100.3 1 1
github.com/engine/server/ai/history_context.go:102.2,103.21 2 11
github.com/engine/server/ai/history_context.go:103.21,107.3 1 6
github.com/engine/server/ai/history_context.go:109.2,110.79 2 5
github.com/engine/server/ai/history_context.go:110.79,116.15 6 292
github.com/engine/server/ai/history_context.go:116.15,118.4 1 26
github.com/engine/server/ai/history_context.go:119.3,129.4 1 292
github.com/engine/server/ai/history_context.go:132.2,133.42 2 5
github.com/engine/server/ai/history_context.go:133.42,135.28 2 1
github.com/engine/server/ai/history_context.go:135.28,137.4 1 2
github.com/engine/server/ai/history_context.go:138.8,142.57 4 4
github.com/engine/server/ai/history_context.go:142.57,144.4 1 24
github.com/engine/server/ai/history_context.go:146.3,147.48 2 4
github.com/engine/server/ai/history_context.go:147.48,149.4 1 234
github.com/engine/server/ai/history_context.go:150.3,150.52 1 4
github.com/engine/server/ai/history_context.go:150.52,151.50 1 2124
github.com/engine/server/ai/history_context.go:151.50,153.5 1 2098
github.com/engine/server/ai/history_context.go:154.4,154.52 1 26
github.com/engine/server/ai/history_context.go:157.3,158.40 2 4
github.com/engine/server/ai/history_context.go:158.40,159.22 1 36
github.com/engine/server/ai/history_context.go:159.22,160.10 1 4
github.com/engine/server/ai/history_context.go:162.4,163.15 2 32
github.com/engine/server/ai/history_context.go:166.3,166.28 1 4
github.com/engine/server/ai/history_context.go:166.28,167.44 1 258
github.com/engine/server/ai/history_context.go:167.44,168.13 1 202
github.com/engine/server/ai/history_context.go:170.4,170.76 1 56
github.com/engine/server/ai/history_context.go:174.2,176.41 3 5
github.com/engine/server/ai/history_context.go:176.41,183.3 3 58
github.com/engine/server/ai/history_context.go:184.2,189.3 2 5
github.com/engine/server/ai/history_context.go:197.10,199.2 1 1
github.com/engine/server/ai/history_context.go:207.26,211.62 3 8
github.com/engine/server/ai/history_context.go:211.62,218.3 1 2
github.com/engine/server/ai/history_context.go:220.2,220.86 1 8
github.com/engine/server/ai/history_context.go:220.86,227.3 1 7
github.com/engine/server/ai/history_context.go:229.2,229.64 1 8
github.com/engine/server/ai/history_context.go:229.64,236.3 1 1
github.com/engine/server/ai/history_context.go:238.2,239.40 2 8
github.com/engine/server/ai/history_context.go:239.40,246.3 1 5
github.com/engine/server/ai/history_context.go:248.2,248.22 1 8
github.com/engine/server/ai/history_context.go:248.22,250.3 1 1
github.com/engine/server/ai/history_context.go:252.2,253.49 2 7
github.com/engine/server/ai/history_context.go:253.49,255.3 1 11
github.com/engine/server/ai/history_context.go:257.2,262.15 2 7
github.com/engine/server/ai/history_context.go:272.31,274.2 1 1
github.com/engine/server/ai/history_context.go:284.31,285.16 1 21
github.com/engine/server/ai/history_context.go:285.16,287.3 1 3
github.com/engine/server/ai/history_context.go:288.2,288.41 1 21
github.com/engine/server/ai/history_context.go:288.41,290.3 1 1
github.com/engine/server/ai/history_context.go:292.2,299.17 7 21
github.com/engine/server/ai/history_context.go:299.17,301.3 1 3
github.com/engine/server/ai/history_context.go:303.2,304.42 2 21
github.com/engine/server/ai/history_context.go:304.42,305.70 1 225
github.com/engine/server/ai/history_context.go:305.70,306.12 1 1
github.com/engine/server/ai/history_context.go:308.3,311.44 4 224
github.com/engine/server/ai/history_context.go:311.44,313.4 1 213
github.com/engine/server/ai/history_context.go:314.3,314.19 1 224
github.com/engine/server/ai/history_context.go:314.19,315.12 1 2
github.com/engine/server/ai/history_context.go:317.3,328.5 1 222
github.com/engine/server/ai/history_context.go:331.2,331.43 1 21
github.com/engine/server/ai/history_context.go:331.43,332.70 1 6
github.com/engine/server/ai/history_context.go:332.70,333.12 1 1
github.com/engine/server/ai/history_context.go:335.3,338.44 4 5
github.com/engine/server/ai/history_context.go:338.44,340.4 1 2
github.com/engine/server/ai/history_context.go:341.3,341.19 1 5
github.com/engine/server/ai/history_context.go:341.19,342.12 1 3
github.com/engine/server/ai/history_context.go:344.3,354.5 1 2
github.com/engine/server/ai/history_context.go:357.2,357.44 1 21
github.com/engine/server/ai/history_context.go:357.44,358.71 1 7
github.com/engine/server/ai/history_context.go:358.71,359.12 1 1
github.com/engine/server/ai/history_context.go:361.3,370.45 5 6
github.com/engine/server/ai/history_context.go:370.45,372.4 1 2
github.com/engine/server/ai/history_context.go:373.3,373.19 1 6
github.com/engine/server/ai/history_context.go:373.19,374.12 1 1
github.com/engine/server/ai/history_context.go:376.3,386.5 1 5
github.com/engine/server/ai/history_context.go:389.2,389.48 1 21
github.com/engine/server/ai/history_context.go:389.48,390.73 1 6
github.com/engine/server/ai/history_context.go:390.73,391.12 1 1
github.com/engine/server/ai/history_context.go:393.3,394.56 2 5
github.com/engine/server/ai/history_context.go:394.56,396.4 1 3
github.com/engine/server/ai/history_context.go:397.3,406.31 5 5
github.com/engine/server/ai/history_context.go:406.31,408.4 1 3
github.com/engine/server/ai/history_context.go:409.3,409.28 1 5
github.com/engine/server/ai/history_context.go:409.28,411.4 1 3
github.com/engine/server/ai/history_context.go:412.3,412.47 1 5
github.com/engine/server/ai/history_context.go:412.47,414.4 1 1
github.com/engine/server/ai/history_context.go:415.3,415.19 1 5
github.com/engine/server/ai/history_context.go:415.19,416.12 1 2
github.com/engine/server/ai/history_context.go:418.3,428.5 1 3
github.com/engine/server/ai/history_context.go:431.2,431.45 1 21
github.com/engine/server/ai/history_context.go:431.45,432.37 1 306
github.com/engine/server/ai/history_context.go:432.37,434.4 1 252
github.com/engine/server/ai/history_context.go:435.3,435.39 1 54
github.com/engine/server/ai/history_context.go:438.2,440.27 3 21
github.com/engine/server/ai/history_context.go:440.27,442.29 2 33
github.com/engine/server/ai/history_context.go:442.29,443.12 1 4
github.com/engine/server/ai/history_context.go:445.3,447.28 3 29
github.com/engine/server/ai/history_context.go:447.28,448.9 1 6
github.com/engine/server/ai/history_context.go:452.2,453.29 2 21
github.com/engine/server/ai/history_context.go:453.29,455.3 1 29
github.com/engine/server/ai/history_context.go:457.2,457.21 1 21
github.com/engine/server/ai/history_context.go:460.104,461.20 1 7
github.com/engine/server/ai/history_context.go:461.20,463.3 1 4
github.com/engine/server/ai/history_context.go:465.2,467.31 3 3
github.com/engine/server/ai/history_context.go:467.31,469.40 2 3
github.com/engine/server/ai/history_context.go:469.40,471.4 1 1
github.com/engine/server/ai/history_context.go:472.3,473.17 2 3
github.com/engine/server/ai/history_context.go:473.17,475.4 1 1
github.com/engine/server/ai/history_context.go:476.3,484.5 1 3
github.com/engine/server/ai/history_context.go:486.2,486.44 1 3
github.com/engine/server/ai/history_context.go:494.22,497.2 2 10
github.com/engine/server/ai/history_context.go:505.26,510.46 4 9
github.com/engine/server/ai/history_context.go:510.46,511.28 1 16
github.com/engine/server/ai/history_context.go:511.28,512.12 1 1
github.com/engine/server/ai/history_context.go:514.3,525.5 1 15
github.com/engine/server/ai/history_context.go:528.2,528.45 1 9
github.com/engine/server/ai/history_context.go:528.45,529.24 1 13
github.com/engine/server/ai/history_context.go:529.24,530.12 1 1
github.com/engine/server/ai/history_context.go:532.3,543.5 1 12
github.com/engine/server/ai/history_context.go:546.2,546.48 1 9
github.com/engine/server/ai/history_context.go:546.48,548.22 2 9
github.com/engine/server/ai/history_context.go:548.22,549.12 1 1
github.com/engine/server/ai/history_context.go:551.3,562.5 1 8
github.com/engine/server/ai/history_context.go:565.2,565.18 1 9
github.com/engine/server/ai/history_context.go:573.22,578.37 4 13
github.com/engine/server/ai/history_context.go:578.37,579.50 1 4
github.com/engine/server/ai/history_context.go:579.50,580.12 1 1
github.com/engine/server/ai/history_context.go:583.3,584.45 2 3
github.com/engine/server/ai/history_context.go:584.45,586.4 1 1
github.com/engine/server/ai/history_context.go:587.3,591.38 1 3
github.com/engine/server/ai/history_context.go:591.38,593.4 1 1
github.com/engine/server/ai/history_context.go:594.3,594.17 1 3
github.com/engine/server/ai/history_context.go:594.17,595.12 1 1
github.com/engine/server/ai/history_context.go:598.3,599.48 2 2
github.com/engine/server/ai/history_context.go:599.48,601.4 1 1
github.com/engine/server/ai/history_context.go:604.2,604.19 1 13
github.com/engine/server/ai/history_context.go:604.19,606.3 1 12
github.com/engine/server/ai/history_context.go:608.2,609.37 2 1
github.com/engine/server/ai/history_context.go:609.37,611.3 1 2
github.com/engine/server/ai/history_context.go:612.2,612.16 1 1
github.com/engine/server/ai/history_context.go:615.65,616.22 1 19
github.com/engine/server/ai/history_context.go:616.22,618.3 1 2
github.com/engine/server/ai/history_context.go:620.2,624.31 4 17
github.com/engine/server/ai/history_context.go:624.31,625.21 1 31
github.com/engine/server/ai/history_context.go:625.21,626.9 1 1
github.com/engine/server/ai/history_context.go:629.3,630.22 2 30
github.com/engine/server/ai/history_context.go:630.22,631.9 1 5
github.com/engine/server/ai/history_context.go:633.3,635.29 3 25
github.com/engine/server/ai/history_context.go:635.29,637.4 1 2
github.com/engine/server/ai/history_context.go:638.3,639.57 2 25
github.com/engine/server/ai/history_context.go:642.2,642.25 1 17
github.com/engine/server/ai/history_context.go:645.49,647.31 2 48
github.com/engine/server/ai/history_context.go:647.31,648.40 1 12
github.com/engine/server/ai/history_context.go:648.40,649.12 1 1
github.com/engine/server/ai/history_context.go:651.3,651.34 1 11
github.com/engine/server/ai/history_context.go:653.2,653.33 1 48
github.com/engine/server/ai/history_context.go:656.62,659.14 3 616
github.com/engine/server/ai/history_context.go:659.14,661.3 1 1
github.com/engine/server/ai/history_context.go:662.2,662.30 1 615
github.com/engine/server/ai/history_context.go:665.51,666.20 1 15
github.com/engine/server/ai/history_context.go:666.20,668.3 1 4
github.com/engine/server/ai/history_context.go:669.2,669.19 1 11
github.com/engine/server/ai/history_context.go:672.58,673.24 1 9
github.com/engine/server/ai/history_context.go:673.24,675.3 1 6
github.com/engine/server/ai/history_context.go:677.2,679.31 3 3
github.com/engine/server/ai/history_context.go:679.31,681.50 2 4
github.com/engine/server/ai/history_context.go:681.50,683.4 1 1
github.com/engine/server/ai/history_context.go:684.3,684.18 1 4
github.com/engine/server/ai/history_context.go:684.18,686.4 1 1
github.com/engine/server/ai/history_context.go:687.3,687.19 1 4
github.com/engine/server/ai/history_context.go:687.19,689.12 2 2
github.com/engine/server/ai/history_context.go:691.3,691.41 1 2
github.com/engine/server/ai/history_context.go:694.2,695.26 2 3
github.com/engine/server/ai/history_context.go:695.26,697.3 1 2
github.com/engine/server/ai/history_context.go:698.2,698.25 1 3
github.com/engine/server/ai/history_context.go:698.25,700.3 1 2
github.com/engine/server/ai/history_context.go:701.2,701.37 1 3
github.com/engine/server/ai/history_context.go:704.64,705.22 1 8
github.com/engine/server/ai/history_context.go:705.22,707.3 1 1
github.com/engine/server/ai/history_context.go:708.2,710.30 3 7
github.com/engine/server/ai/history_context.go:710.30,713.3 2 15
github.com/engine/server/ai/history_context.go:714.2,714.17 1 7
github.com/engine/server/ai/history_context.go:717.51,719.35 2 7
github.com/engine/server/ai/history_context.go:719.35,721.3 1 15
github.com/engine/server/ai/history_context.go:722.2,722.15 1 7
github.com/engine/server/ai/history_context.go:725.74,727.43 2 5
github.com/engine/server/ai/history_context.go:727.43,729.3 1 58
github.com/engine/server/ai/history_context.go:730.2,730.15 1 5
github.com/engine/server/ai/history_context.go:733.51,735.31 2 21
github.com/engine/server/ai/history_context.go:735.31,737.3 1 29
github.com/engine/server/ai/history_context.go:738.2,738.15 1 21
github.com/engine/server/ai/history_context.go:741.56,742.22 1 34
github.com/engine/server/ai/history_context.go:742.22,744.3 1 11
github.com/engine/server/ai/history_context.go:746.2,747.35 2 23
github.com/engine/server/ai/history_context.go:747.35,748.23 1 79
github.com/engine/server/ai/history_context.go:748.23,750.4 1 7
github.com/engine/server/ai/history_context.go:753.2,755.35 3 23
github.com/engine/server/ai/history_context.go:755.35,759.3 3 102
github.com/engine/server/ai/history_context.go:760.2,760.29 1 23
github.com/engine/server/ai/history_context.go:760.29,762.3 1 102
github.com/engine/server/ai/history_context.go:763.2,763.16 1 23
github.com/engine/server/ai/history_context.go:766.95,768.27 2 6
github.com/engine/server/ai/history_context.go:768.27,770.40 2 16
github.com/engine/server/ai/history_context.go:770.40,772.4 1 12
github.com/engine/server/ai/history_context.go:773.3,774.17 2 16
github.com/engine/server/ai/history_context.go:774.17,776.4 1 4
github.com/engine/server/ai/history_context.go:777.3,785.41 2 16
github.com/engine/server/ai/history_context.go:785.41,786.9 1 1
github.com/engine/server/ai/history_context.go:788.3,788.28 1 15
github.com/engine/server/ai/history_context.go:790.2,790.44 1 6
github.com/engine/server/ai/history_context.go:793.52,797.31 3 51
github.com/engine/server/ai/history_context.go:797.31,798.84 1 98
github.com/engine/server/ai/history_context.go:798.84,800.4 1 1573
github.com/engine/server/ai/history_context.go:800.6,802.18 2 175
github.com/engine/server/ai/history_context.go:802.18,803.13 1 1
github.com/engine/server/ai/history_context.go:805.4,805.59 1 174
github.com/engine/server/ai/history_context.go:805.59,806.13 1 10
github.com/engine/server/ai/history_context.go:808.4,808.65 1 164
github.com/engine/server/ai/history_context.go:808.65,809.13 1 11
github.com/engine/server/ai/history_context.go:811.4,811.31 1 153
github.com/engine/server/ai/history_context.go:811.31,812.13 1 15
github.com/engine/server/ai/history_context.go:814.4,815.31 2 138
github.com/engine/server/ai/history_context.go:819.2,819.14 1 51
github.com/engine/server/ai/history_context.go:822.104,827.79 4 535
github.com/engine/server/ai/history_context.go:827.79,829.3 1 18
github.com/engine/server/ai/history_context.go:831.2,831.34 1 535
github.com/engine/server/ai/history_context.go:831.34,832.40 1 1285
github.com/engine/server/ai/history_context.go:832.40,834.4 1 167
github.com/engine/server/ai/history_context.go:837.2,837.31 1 535
github.com/engine/server/ai/history_context.go:837.31,839.17 2 26
github.com/engine/server/ai/history_context.go:839.17,840.12 1 1
github.com/engine/server/ai/history_context.go:842.3,843.54 2 25
github.com/engine/server/ai/history_context.go:843.54,845.4 1 3
github.com/engine/server/ai/history_context.go:846.3,846.40 1 25
github.com/engine/server/ai/history_context.go:846.40,848.4 1 2
github.com/engine/server/ai/history_context.go:851.2,851.14 1 535
github.com/engine/server/ai/history_context.go:854.61,855.21 1 14
github.com/engine/server/ai/history_context.go:855.21,857.3 1 1
github.com/engine/server/ai/history_context.go:859.2,861.29 3 13
github.com/engine/server/ai/history_context.go:861.29,862.40 1 76
github.com/engine/server/ai/history_context.go:862.40,864.4 1 26
github.com/engine/server/ai/history_context.go:866.2,866.47 1 13
github.com/engine/server/ai/history_context.go:869.45,871.16 2 532
github.com/engine/server/ai/history_context.go:871.16,873.3 1 86
github.com/engine/server/ai/history_context.go:875.2,876.9 2 446
github.com/engine/server/ai/history_context.go:877.21,878.13 1 443
github.com/engine/server/ai/history_context.go:879.22,880.13 1 1
github.com/engine/server/ai/history_context.go:881.24,882.13 1 1
github.com/engine/server/ai/history_context.go:883.10,884.14 1 1
github.com/engine/server/ai/history_context.go:888.96,889.32 1 248
github.com/engine/server/ai/history_context.go:889.32,891.3 1 241
github.com/engine/server/ai/history_context.go:892.2,892.73 1 7
github.com/engine/server/ai/history_context.go:895.31,896.11 1 50
github.com/engine/server/ai/history_context.go:896.11,898.3 1 21
github.com/engine/server/ai/history_context.go:899.2,899.10 1 29
github.com/engine/server/ai/history_context.go:902.31,903.11 1 33
github.com/engine/server/ai/history_context.go:903.11,905.3 1 28
github.com/engine/server/ai/history_context.go:906.2,906.10 1 5
github.com/engine/server/ai/os_cmds_darwin.go:9.60,11.2 1 1
github.com/engine/server/ai/os_cmds_darwin.go:13.67,15.2 1 2
github.com/engine/server/ai/provider.go:30.40,31.14 1 15
github.com/engine/server/ai/provider.go:32.16,33.27 1 2
github.com/engine/server/ai/provider.go:34.16,35.27 1 9
github.com/engine/server/ai/provider.go:36.10,37.30 1 4
github.com/engine/server/ai/provider.go:53.3,61.2 2 8
github.com/engine/server/ai/provider.go:74.3,82.2 2 1
github.com/engine/server/ai/provider.go:95.3,98.2 2 1
github.com/engine/server/ai/safety.go:18.47,21.2 2 68
github.com/engine/server/ai/safety.go:23.75,24.41 1 41
github.com/engine/server/ai/safety.go:24.41,26.3 1 2
github.com/engine/server/ai/safety.go:28.2,30.32 3 39
github.com/engine/server/ai/safety.go:30.32,32.3 1 30
github.com/engine/server/ai/safety.go:34.2,37.74 3 39
github.com/engine/server/ai/safety.go:37.74,39.3 1 14
github.com/engine/server/ai/safety.go:40.2,40.28 1 25
github.com/engine/server/ai/safety.go:43.80,44.41 1 13
github.com/engine/server/ai/safety.go:44.41,46.3 1 1
github.com/engine/server/ai/safety.go:47.2,47.54 1 12
github.com/engine/server/ai/safety.go:50.76,52.16 2 6
github.com/engine/server/ai/safety.go:52.16,54.3 1 3
github.com/engine/server/ai/safety.go:55.2,56.17 2 3
github.com/engine/server/ai/safety.go:59.90,61.19 2 27
github.com/engine/server/ai/safety.go:61.19,63.3 1 1
github.com/engine/server/ai/safety.go:65.2,66.73 2 26
github.com/engine/server/ai/safety.go:66.73,68.3 1 2
github.com/engine/server/ai/safety.go:70.2,71.72 2 24
github.com/engine/server/ai/safety.go:71.72,72.49 1 9
github.com/engine/server/ai/safety.go:72.49,73.72 1 27
github.com/engine/server/ai/safety.go:73.72,75.5 1 9
github.com/engine/server/ai/safety.go:79.2,79.43 1 15
github.com/engine/server/ai/safety.go:79.43,80.38 1 335
github.com/engine/server/ai/safety.go:80.38,82.4 1 7
github.com/engine/server/ai/safety.go:85.2,85.22 1 8
github.com/engine/server/ai/secret_scan.go:51.41,56.49 4 15
github.com/engine/server/ai/secret_scan.go:56.49,58.40 1 564
github.com/engine/server/ai/secret_scan.go:58.40,61.12 3 10
github.com/engine/server/ai/secret_scan.go:63.3,63.36 1 554
github.com/engine/server/ai/secret_scan.go:63.36,68.12 4 10
github.com/engine/server/ai/secret_scan.go:72.3,72.70 1 544
github.com/engine/server/ai/secret_scan.go:72.70,73.37 1 534
github.com/engine/server/ai/secret_scan.go:73.37,75.5 1 531
github.com/engine/server/ai/secret_scan.go:76.4,76.12 1 534
github.com/engine/server/ai/secret_scan.go:78.3,81.37 3 10
github.com/engine/server/ai/secret_scan.go:81.37,82.39 1 160
github.com/engine/server/ai/secret_scan.go:82.39,84.80 1 8
github.com/engine/server/ai/secret_scan.go:84.80,86.6 1 8
github.com/engine/server/ai/secret_scan.go:87.5,92.7 1 8
github.com/engine/server/ai/secret_scan.go:97.2,97.16 1 15
github.com/engine/server/ai/secret_scan.go:101.52,102.23 1 3
github.com/engine/server/ai/secret_scan.go:102.23,104.3 1 1
github.com/engine/server/ai/secret_scan.go:105.2,107.28 3 2
github.com/engine/server/ai/secret_scan.go:107.28,110.3 1 2
github.com/engine/server/ai/secret_scan.go:111.2,113.20 3 2
github.com/engine/server/ai/session_summary.go:20.74,24.16 4 18
github.com/engine/server/ai/session_summary.go:24.16,26.3 1 5
github.com/engine/server/ai/session_summary.go:27.2,27.43 1 13
github.com/engine/server/ai/session_summary.go:30.47,34.29 4 133
github.com/engine/server/ai/session_summary.go:34.29,37.51 3 152
github.com/engine/server/ai/session_summary.go:37.51,38.12 1 8
github.com/engine/server/ai/session_summary.go:40.3,40.34 1 144
github.com/engine/server/ai/session_summary.go:42.2,42.76 1 133
github.com/engine/server/ai/session_summary.go:45.51,46.34 1 174
github.com/engine/server/ai/session_summary.go:46.34,48.3 1 133
github.com/engine/server/ai/session_summary.go:49.2,49.14 1 41
github.com/engine/server/ai/session_summary.go:49.14,51.3 1 1
github.com/engine/server/ai/session_summary.go:52.2,52.48 1 40
github.com/engine/server/ai/session_summary.go:55.51,58.31 3 13
github.com/engine/server/ai/session_summary.go:58.31,60.31 2 13
github.com/engine/server/ai/session_summary.go:60.31,61.12 1 2
github.com/engine/server/ai/session_summary.go:63.3,65.22 3 11
github.com/engine/server/ai/session_summary.go:65.22,66.9 1 1
github.com/engine/server/ai/session_summary.go:69.2,69.14 1 13
github.com/engine/server/ai/session_summary.go:72.62,77.23 4 9
github.com/engine/server/ai/session_summary.go:77.23,79.3 1 7
github.com/engine/server/ai/session_summary.go:80.2,80.24 1 9
github.com/engine/server/ai/session_summary.go:80.24,82.3 1 6
github.com/engine/server/ai/session_summary.go:83.2,83.37 1 9
github.com/engine/server/ai/session_summary.go:86.56,87.23 1 9
github.com/engine/server/ai/session_summary.go:87.23,89.3 1 1
github.com/engine/server/ai/session_summary.go:90.2,90.107 1 8
github.com/engine/server/ai/session_summary.go:90.107,92.3 1 1
github.com/engine/server/ai/session_summary.go:93.2,94.40 2 7
github.com/engine/server/ai/session_summary.go:94.40,96.3 1 6
github.com/engine/server/ai/session_summary.go:97.2,97.18 1 7
github.com/engine/server/ai/session_summary.go:100.60,103.2 2 1
github.com/engine/server/ai/session_summary.go:105.61,107.2 1 8
github.com/engine/server/ai/session_summary.go:109.114,111.83 2 9
github.com/engine/server/ai/session_summary.go:111.83,113.3 1 7
github.com/engine/server/ai/session_summary.go:113.8,113.94 1 2
github.com/engine/server/ai/session_summary.go:113.94,115.3 1 1
github.com/engine/server/ai/session_summary.go:116.2,116.89 1 9
github.com/engine/server/ai/session_summary.go:116.89,118.3 1 7
github.com/engine/server/ai/session_summary.go:119.2,119.63 1 9
github.com/engine/server/ai/session_summary.go:119.63,121.3 1 2
github.com/engine/server/ai/session_summary.go:122.2,122.78 1 9
github.com/engine/server/ai/test_loop.go:20.99,26.2 1 8
github.com/engine/server/ai/test_loop.go:29.106,30.43 1 3
github.com/engine/server/ai/test_loop.go:30.43,32.3 1 2
github.com/engine/server/ai/test_loop.go:34.2,39.4 1 1
github.com/engine/server/ai/test_loop.go:43.64,44.43 1 7
github.com/engine/server/ai/test_loop.go:44.43,46.3 1 2
github.com/engine/server/ai/test_loop.go:48.2,48.36 1 5
github.com/engine/server/ai/test_loop.go:53.64,54.43 1 5
github.com/engine/server/ai/test_loop.go:54.43,56.3 1 2
github.com/engine/server/ai/test_loop.go:58.2,62.20 3 3
github.com/engine/server/ai/test_loop.go:62.20,64.3 1 3
github.com/engine/server/ai/test_loop.go:65.2,81.27 4 3
github.com/engine/server/ai/test_loop.go:81.27,83.3 1 1
github.com/engine/server/ai/test_loop.go:84.2,85.26 2 3
github.com/engine/server/ai/test_loop.go:85.26,87.3 1 3
github.com/engine/server/ai/test_loop.go:88.2,89.47 2 3
github.com/engine/server/ai/test_loop.go:89.47,91.3 1 2
github.com/engine/server/ai/test_loop.go:92.2,103.15 3 3
github.com/engine/server/ai/test_loop.go:107.62,108.16 1 2
github.com/engine/server/ai/test_loop.go:108.16,110.3 1 1
github.com/engine/server/ai/test_loop.go:111.2,114.51 3 1
github.com/engine/server/ai/test_loop.go:114.51,125.3 1 1
github.com/engine/server/ai/test_loop.go:132.84,133.53 1 3
github.com/engine/server/ai/test_loop.go:133.53,136.52 2 2
github.com/engine/server/ai/test_loop.go:136.52,144.4 1 1
github.com/engine/server/ai/test_loop.go:146.3,146.21 1 2
github.com/engine/server/ai/test_loop.go:146.21,155.62 2 2
github.com/engine/server/ai/test_loop.go:155.62,160.5 1 1
github.com/engine/server/ai/test_loop.go:166.47,168.39 2 2
github.com/engine/server/ai/test_loop.go:168.39,170.3 1 1
github.com/engine/server/ai/test_loop.go:172.2,174.30 3 1
github.com/engine/server/ai/test_loop.go:174.30,177.3 1 1
github.com/engine/server/ai/test_loop.go:178.2,178.15 1 1
github.com/engine/server/ai/test_loop.go:182.87,183.32 1 4
github.com/engine/server/ai/test_loop.go:183.32,190.44 2 3
github.com/engine/server/ai/test_loop.go:190.44,195.4 1 1
github.com/engine/server/ai/test_loop.go:201.111,203.16 2 5
github.com/engine/server/ai/test_loop.go:203.16,205.3 1 1
github.com/engine/server/ai/test_loop.go:206.2,206.44 1 4
github.com/engine/server/ai/test_loop.go:206.44,208.3 1 1
github.com/engine/server/ai/test_loop.go:210.2,211.16 2 3
github.com/engine/server/ai/test_loop.go:211.16,213.3 1 1
github.com/engine/server/ai/test_loop.go:215.2,227.56 2 2
github.com/engine/server/ai/test_loop.go:237.68,239.2 1 2
github.com/engine/server/ai/test_orchestrator.go:19.38,25.2 1 13
github.com/engine/server/ai/test_orchestrator.go:28.46,33.23 3 21
github.com/engine/server/ai/test_orchestrator.go:33.23,35.3 1 7
github.com/engine/server/ai/test_orchestrator.go:38.2,38.25 1 21
github.com/engine/server/ai/test_orchestrator.go:38.25,40.3 1 1
github.com/engine/server/ai/test_orchestrator.go:44.50,52.2 1 8
github.com/engine/server/ai/test_orchestrator.go:64.36,68.43 2 54
github.com/engine/server/ai/test_orchestrator.go:68.43,69.28 1 345
github.com/engine/server/ai/test_orchestrator.go:69.28,71.4 1 10
github.com/engine/server/ai/test_orchestrator.go:75.2,75.39 1 44
github.com/engine/server/ai/test_orchestrator.go:75.39,76.26 1 543
github.com/engine/server/ai/test_orchestrator.go:76.26,78.4 1 22
github.com/engine/server/ai/test_orchestrator.go:82.2,82.40 1 22
github.com/engine/server/ai/test_orchestrator.go:82.40,83.39 1 312
github.com/engine/server/ai/test_orchestrator.go:83.39,85.4 1 6
github.com/engine/server/ai/test_orchestrator.go:87.2,87.14 1 16
github.com/engine/server/ai/test_orchestrator.go:91.38,93.42 2 28
github.com/engine/server/ai/test_orchestrator.go:93.42,94.39 1 72
github.com/engine/server/ai/test_orchestrator.go:94.39,96.4 1 7
github.com/engine/server/ai/test_orchestrator.go:98.2,98.14 1 21
github.com/engine/server/ai/test_orchestrator.go:102.41,103.39 1 7
github.com/engine/server/ai/test_orchestrator.go:103.39,104.26 1 31
github.com/engine/server/ai/test_orchestrator.go:104.26,106.4 1 5
github.com/engine/server/ai/test_orchestrator.go:108.2,108.14 1 2
github.com/engine/server/ai/test_orchestrator.go:113.38,115.23 2 6
github.com/engine/server/ai/test_orchestrator.go:115.23,117.32 2 4
github.com/engine/server/ai/test_orchestrator.go:117.32,119.4 1 6
github.com/engine/server/ai/test_orchestrator.go:120.3,120.14 1 4
github.com/engine/server/ai/test_orchestrator.go:122.2,122.11 1 2
github.com/engine/server/ai/test_orchestrator.go:127.40,129.41 2 16
github.com/engine/server/ai/test_orchestrator.go:129.41,130.27 1 93
github.com/engine/server/ai/test_orchestrator.go:130.27,132.4 1 5
github.com/engine/server/ai/test_orchestrator.go:134.2,134.41 1 11
github.com/engine/server/ai/test_orchestrator.go:134.41,135.27 1 65
github.com/engine/server/ai/test_orchestrator.go:135.27,137.4 1 3
github.com/engine/server/ai/test_orchestrator.go:139.2,139.38 1 8
github.com/engine/server/ai/test_orchestrator.go:139.38,140.27 1 26
github.com/engine/server/ai/test_orchestrator.go:140.27,142.4 1 3
github.com/engine/server/ai/test_orchestrator.go:144.2,144.41 1 5
github.com/engine/server/ai/test_orchestrator.go:144.41,145.27 1 19
github.com/engine/server/ai/test_orchestrator.go:145.27,147.4 1 2
github.com/engine/server/ai/test_orchestrator.go:149.2,149.44 1 3
github.com/engine/server/ai/test_orchestrator.go:149.44,150.27 1 9
github.com/engine/server/ai/test_orchestrator.go:150.27,152.4 1 2
github.com/engine/server/ai/test_orchestrator.go:154.2,154.18 1 1
github.com/engine/server/ai/test_orchestrator.go:268.64,271.44 1 11
github.com/engine/server/ai/test_orchestrator.go:271.44,273.4 1 6
github.com/engine/server/ai/test_orchestrator.go:279.79,290.2 2 6
github.com/engine/server/ai/test_orchestrator.go:303.68,310.29 4 7
github.com/engine/server/ai/test_orchestrator.go:310.29,311.60 1 18
github.com/engine/server/ai/test_orchestrator.go:311.60,314.17 2 2
github.com/engine/server/ai/test_orchestrator.go:314.17,316.5 1 1
github.com/engine/server/ai/test_orchestrator.go:317.4,318.24 2 2
github.com/engine/server/ai/test_orchestrator.go:318.24,320.5 1 1
github.com/engine/server/ai/test_orchestrator.go:321.4,321.33 1 2
github.com/engine/server/ai/test_orchestrator.go:321.33,322.33 1 6
github.com/engine/server/ai/test_orchestrator.go:322.33,324.6 1 6
github.com/engine/server/ai/test_orchestrator.go:326.4,326.9 1 2
github.com/engine/server/ai/test_orchestrator.go:330.2,330.29 1 7
github.com/engine/server/ai/test_orchestrator.go:330.29,333.16 2 5
github.com/engine/server/ai/test_orchestrator.go:333.16,335.4 1 5
github.com/engine/server/ai/test_orchestrator.go:336.3,336.32 1 5
github.com/engine/server/ai/test_orchestrator.go:339.2,339.42 1 7
github.com/engine/server/ai/test_orchestrator.go:350.58,356.2 1 9
github.com/engine/server/ai/test_orchestrator.go:359.52,361.2 1 9
github.com/engine/server/ai/test_orchestrator.go:364.68,367.2 2 4
github.com/engine/server/ai/test_orchestrator.go:370.75,376.26 5 5
github.com/engine/server/ai/test_orchestrator.go:376.26,378.3 1 4
github.com/engine/server/ai/test_orchestrator.go:378.8,380.3 1 1
github.com/engine/server/ai/test_orchestrator.go:382.2,387.24 5 5
github.com/engine/server/ai/test_orchestrator.go:398.56,407.2 2 1
github.com/engine/server/ai/test_orchestrator.go:410.57,417.35 5 2
github.com/engine/server/ai/test_orchestrator.go:417.35,418.69 1 7
github.com/engine/server/ai/test_orchestrator.go:418.69,420.9 2 1
github.com/engine/server/ai/test_orchestrator.go:425.2,426.58 2 2
github.com/engine/server/ai/test_orchestrator.go:426.58,428.3 1 234
github.com/engine/server/ai/test_orchestrator.go:430.2,430.29 1 2
github.com/engine/server/ai/test_orchestrator.go:430.29,432.43 1 36
github.com/engine/server/ai/test_orchestrator.go:432.43,434.4 1 26
github.com/engine/server/ai/test_orchestrator.go:441.2,442.34 2 2
github.com/engine/server/ai/test_orchestrator.go:442.34,443.37 1 26
github.com/engine/server/ai/test_orchestrator.go:443.37,445.4 1 6
github.com/engine/server/ai/test_orchestrator.go:449.2,449.43 1 2
github.com/engine/server/ai/test_orchestrator.go:453.37,463.2 2 32
github.com/engine/server/ai/worktree_session.go:14.58,18.2 3 21
github.com/engine/server/ai/worktree_session.go:20.35,23.2 2 38
github.com/engine/server/ai/worktree_session.go:26.49,29.18 2 13
github.com/engine/server/ai/worktree_session.go:29.18,31.3 1 1
github.com/engine/server/ai/worktree_session.go:32.2,32.45 1 13
github.com/engine/server/ai/worktree_session.go:40.72,44.43 2 8
github.com/engine/server/ai/worktree_session.go:44.43,46.3 1 2
github.com/engine/server/ai/worktree_session.go:49.2,49.68 1 6
github.com/engine/server/ai/worktree_session.go:49.68,52.3 1 1
github.com/engine/server/ai/worktree_session.go:54.2,59.75 3 5
github.com/engine/server/ai/worktree_session.go:59.75,62.3 1 1
github.com/engine/server/ai/worktree_session.go:64.2,64.20 1 4
github.com/engine/server/ai/worktree_session.go:71.75,74.43 2 7
github.com/engine/server/ai/worktree_session.go:74.43,77.3 1 1
github.com/engine/server/ai/worktree_session.go:79.2,81.11 2 6
github.com/engine/server/ai/worktree_session.go:81.11,83.62 2 4
github.com/engine/server/ai/worktree_session.go:83.62,85.4 1 1
github.com/engine/server/ai/worktree_session.go:86.3,87.67 1 3
github.com/engine/server/ai/worktree_session.go:87.67,89.4 1 1
github.com/engine/server/ai/worktree_session.go:92.2,92.63 1 4
github.com/engine/server/ai/worktree_session.go:92.63,94.3 1 1
github.com/engine/server/ai/worktree_session.go:96.2,96.12 1 3
github.com/engine/server/ai/worktree_session.go:100.57,102.2 1 7
