mode: set
github.com/engine/server/ai/context.go:57.13,59.2 1 1
github.com/engine/server/ai/context.go:65.25,66.6 1 1
github.com/engine/server/ai/context.go:66.6,73.22 5 1
github.com/engine/server/ai/context.go:73.22,75.4 1 0
github.com/engine/server/ai/context.go:78.3,79.18 2 0
github.com/engine/server/ai/context.go:79.18,80.12 1 0
github.com/engine/server/ai/context.go:83.3,89.17 3 0
github.com/engine/server/ai/context.go:89.17,91.4 1 0
github.com/engine/server/ai/context.go:95.52,97.17 2 1
github.com/engine/server/ai/context.go:97.17,99.3 1 1
github.com/engine/server/ai/context.go:100.2,101.70 1 1
github.com/engine/server/ai/context.go:101.70,103.3 1 1
github.com/engine/server/ai/context.go:104.2,104.40 1 1
github.com/engine/server/ai/context.go:104.40,106.3 1 1
github.com/engine/server/ai/context.go:107.2,107.33 1 1
github.com/engine/server/ai/context.go:107.33,109.3 1 1
github.com/engine/server/ai/context.go:110.2,110.20 1 1
github.com/engine/server/ai/context.go:113.51,114.39 1 1
github.com/engine/server/ai/context.go:114.39,116.3 1 1
github.com/engine/server/ai/context.go:117.2,117.45 1 1
github.com/engine/server/ai/context.go:117.45,118.44 1 1
github.com/engine/server/ai/context.go:118.44,120.4 1 1
github.com/engine/server/ai/context.go:122.2,122.14 1 1
github.com/engine/server/ai/context.go:125.68,126.62 1 1
github.com/engine/server/ai/context.go:127.39,128.62 1 1
github.com/engine/server/ai/context.go:129.18,130.41 1 1
github.com/engine/server/ai/context.go:131.10,132.41 1 1
github.com/engine/server/ai/context.go:136.54,137.18 1 1
github.com/engine/server/ai/context.go:138.16,139.28 1 1
github.com/engine/server/ai/context.go:140.16,141.28 1 1
github.com/engine/server/ai/context.go:142.10,143.31 1 1
github.com/engine/server/ai/context.go:147.54,149.9 2 1
github.com/engine/server/ai/context.go:150.58,151.20 1 1
github.com/engine/server/ai/context.go:152.44,153.42 1 0
github.com/engine/server/ai/context.go:154.10,155.45 1 1
github.com/engine/server/ai/context.go:159.43,161.22 2 1
github.com/engine/server/ai/context.go:161.22,163.3 1 1
github.com/engine/server/ai/context.go:164.2,164.9 1 1
github.com/engine/server/ai/context.go:165.61,166.64 1 1
github.com/engine/server/ai/context.go:167.44,168.47 1 1
github.com/engine/server/ai/context.go:169.10,170.20 1 1
github.com/engine/server/ai/context.go:174.47,176.81 2 1
github.com/engine/server/ai/context.go:176.81,178.3 1 1
github.com/engine/server/ai/context.go:179.2,179.80 1 1
github.com/engine/server/ai/context.go:179.80,181.3 1 1
github.com/engine/server/ai/context.go:182.2,182.11 1 1
github.com/engine/server/ai/context.go:185.74,187.16 2 1
github.com/engine/server/ai/context.go:187.16,189.3 1 1
github.com/engine/server/ai/context.go:190.2,192.38 2 1
github.com/engine/server/ai/context.go:192.38,194.3 1 1
github.com/engine/server/ai/context.go:196.2,197.68 2 1
github.com/engine/server/ai/context.go:197.68,199.3 1 1
github.com/engine/server/ai/context.go:200.2,201.29 2 1
github.com/engine/server/ai/context.go:201.29,203.19 2 1
github.com/engine/server/ai/context.go:203.19,204.12 1 1
github.com/engine/server/ai/context.go:206.3,206.79 1 1
github.com/engine/server/ai/context.go:206.79,208.4 1 1
github.com/engine/server/ai/context.go:210.2,210.11 1 1
github.com/engine/server/ai/context.go:241.44,242.23 1 1
github.com/engine/server/ai/context.go:242.23,244.3 1 1
github.com/engine/server/ai/context.go:245.2,245.9 1 1
github.com/engine/server/ai/context.go:246.20,247.14 1 1
github.com/engine/server/ai/context.go:248.10,249.15 1 1
github.com/engine/server/ai/context.go:302.39,304.2 1 1
github.com/engine/server/ai/context.go:306.77,312.2 1 1
github.com/engine/server/ai/context.go:548.57,550.33 2 1
github.com/engine/server/ai/context.go:550.33,552.3 1 1
github.com/engine/server/ai/context.go:553.2,553.10 1 1
github.com/engine/server/ai/context.go:560.39,562.42 2 1
github.com/engine/server/ai/context.go:562.42,563.43 1 1
github.com/engine/server/ai/context.go:563.43,565.4 1 1
github.com/engine/server/ai/context.go:567.2,567.12 1 1
github.com/engine/server/ai/context.go:573.64,584.33 5 1
github.com/engine/server/ai/context.go:584.33,587.27 3 1
github.com/engine/server/ai/context.go:587.27,588.37 1 1
github.com/engine/server/ai/context.go:588.37,590.5 1 1
github.com/engine/server/ai/context.go:592.3,592.16 1 1
github.com/engine/server/ai/context.go:592.16,594.4 1 1
github.com/engine/server/ai/context.go:598.2,598.36 1 1
github.com/engine/server/ai/context.go:598.36,599.67 1 1
github.com/engine/server/ai/context.go:599.67,601.4 1 1
github.com/engine/server/ai/context.go:604.2,604.23 1 1
github.com/engine/server/ai/context.go:604.23,606.3 1 1
github.com/engine/server/ai/context.go:609.2,610.36 2 1
github.com/engine/server/ai/context.go:610.36,612.3 1 1
github.com/engine/server/ai/context.go:613.2,614.28 2 1
github.com/engine/server/ai/context.go:614.28,615.33 1 1
github.com/engine/server/ai/context.go:615.33,619.4 3 1
github.com/engine/server/ai/context.go:622.2,624.28 3 1
github.com/engine/server/ai/context.go:624.28,626.3 1 1
github.com/engine/server/ai/context.go:627.2,627.20 1 1
github.com/engine/server/ai/context.go:627.20,629.3 1 1
github.com/engine/server/ai/context.go:629.8,631.3 1 1
github.com/engine/server/ai/context.go:632.2,632.20 1 1
github.com/engine/server/ai/context.go:636.94,638.2 1 1
github.com/engine/server/ai/context.go:640.101,642.2 1 1
github.com/engine/server/ai/context.go:644.96,645.33 1 1
github.com/engine/server/ai/context.go:645.33,648.3 2 1
github.com/engine/server/ai/context.go:649.2,649.37 1 1
github.com/engine/server/ai/context.go:649.37,652.3 2 1
github.com/engine/server/ai/context.go:653.2,653.35 1 1
github.com/engine/server/ai/context.go:653.35,656.3 2 1
github.com/engine/server/ai/context.go:658.2,658.14 1 1
github.com/engine/server/ai/context.go:659.22,660.54 1 1
github.com/engine/server/ai/context.go:662.19,664.17 2 1
github.com/engine/server/ai/context.go:664.17,666.4 1 1
github.com/engine/server/ai/context.go:667.3,668.17 2 1
github.com/engine/server/ai/context.go:668.17,670.4 1 0
github.com/engine/server/ai/context.go:671.3,671.27 1 1
github.com/engine/server/ai/context.go:673.20,675.17 2 1
github.com/engine/server/ai/context.go:675.17,677.4 1 0
github.com/engine/server/ai/context.go:678.3,678.62 1 1
github.com/engine/server/ai/context.go:678.62,680.4 1 0
github.com/engine/server/ai/context.go:681.3,681.30 1 1
github.com/engine/server/ai/context.go:681.30,683.4 1 1
github.com/engine/server/ai/context.go:684.3,684.40 1 1
github.com/engine/server/ai/context.go:686.24,688.17 2 1
github.com/engine/server/ai/context.go:688.17,690.4 1 0
github.com/engine/server/ai/context.go:691.3,692.17 2 1
github.com/engine/server/ai/context.go:692.17,694.4 1 0
github.com/engine/server/ai/context.go:695.3,695.36 1 1
github.com/engine/server/ai/context.go:697.15,699.102 2 1
github.com/engine/server/ai/context.go:699.102,700.34 1 1
github.com/engine/server/ai/context.go:700.34,702.5 1 1
github.com/engine/server/ai/context.go:703.4,704.18 2 1
github.com/engine/server/ai/context.go:704.18,706.5 1 1
github.com/engine/server/ai/context.go:707.4,707.16 1 1
github.com/engine/server/ai/context.go:707.16,709.5 1 1
github.com/engine/server/ai/context.go:711.3,712.16 2 1
github.com/engine/server/ai/context.go:712.16,714.4 1 1
github.com/engine/server/ai/context.go:715.3,716.17 2 1
github.com/engine/server/ai/context.go:716.17,718.4 1 0
github.com/engine/server/ai/context.go:721.3,722.18 2 1
github.com/engine/server/ai/context.go:722.18,724.4 1 0
github.com/engine/server/ai/context.go:725.3,729.19 5 1
github.com/engine/server/ai/context.go:729.19,731.4 1 1
github.com/engine/server/ai/context.go:732.3,732.32 1 1
github.com/engine/server/ai/context.go:732.32,734.4 1 0
github.com/engine/server/ai/context.go:735.3,735.45 1 1
github.com/engine/server/ai/context.go:737.22,739.16 2 1
github.com/engine/server/ai/context.go:739.16,741.4 1 1
github.com/engine/server/ai/context.go:742.3,743.17 2 1
github.com/engine/server/ai/context.go:743.17,745.4 1 0
github.com/engine/server/ai/context.go:746.3,747.23 2 1
github.com/engine/server/ai/context.go:749.20,751.17 2 1
github.com/engine/server/ai/context.go:751.17,753.4 1 0
github.com/engine/server/ai/context.go:754.3,755.26 2 1
github.com/engine/server/ai/context.go:757.18,759.21 2 1
github.com/engine/server/ai/context.go:759.21,761.18 2 1
github.com/engine/server/ai/context.go:761.18,763.5 1 1
github.com/engine/server/ai/context.go:764.4,764.31 1 1
github.com/engine/server/ai/context.go:766.3,767.17 2 1
github.com/engine/server/ai/context.go:767.17,769.4 1 0
github.com/engine/server/ai/context.go:770.3,770.21 1 1
github.com/engine/server/ai/context.go:772.20,774.88 1 1
github.com/engine/server/ai/context.go:774.88,775.53 1 1
github.com/engine/server/ai/context.go:775.53,778.5 2 0
github.com/engine/server/ai/context.go:780.3,780.33 1 1
github.com/engine/server/ai/context.go:780.33,782.4 1 1
github.com/engine/server/ai/context.go:783.3,789.17 2 1
github.com/engine/server/ai/context.go:789.17,791.4 1 1
github.com/engine/server/ai/context.go:792.3,792.15 1 1
github.com/engine/server/ai/context.go:792.15,794.4 1 1
github.com/engine/server/ai/context.go:795.3,796.17 2 0
github.com/engine/server/ai/context.go:796.17,798.4 1 0
github.com/engine/server/ai/context.go:799.3,799.37 1 0
github.com/engine/server/ai/context.go:801.19,803.17 2 1
github.com/engine/server/ai/context.go:803.17,805.4 1 0
github.com/engine/server/ai/context.go:806.3,806.30 1 1
github.com/engine/server/ai/context.go:806.30,808.4 1 1
github.com/engine/server/ai/context.go:809.3,809.34 1 1
github.com/engine/server/ai/context.go:811.25,812.47 1 1
github.com/engine/server/ai/context.go:814.24,815.29 1 1
github.com/engine/server/ai/context.go:815.29,817.4 1 1
github.com/engine/server/ai/context.go:818.3,820.26 3 1
github.com/engine/server/ai/context.go:822.24,823.17 1 1
github.com/engine/server/ai/context.go:823.17,825.4 1 0
github.com/engine/server/ai/context.go:826.3,827.18 2 1
github.com/engine/server/ai/context.go:827.18,829.4 1 1
github.com/engine/server/ai/context.go:830.3,833.29 4 1
github.com/engine/server/ai/context.go:833.29,835.4 1 0
github.com/engine/server/ai/context.go:836.3,837.17 2 1
github.com/engine/server/ai/context.go:837.17,839.4 1 0
github.com/engine/server/ai/context.go:840.3,841.17 2 1
github.com/engine/server/ai/context.go:841.17,843.4 1 0
github.com/engine/server/ai/context.go:844.3,844.71 1 1
github.com/engine/server/ai/context.go:846.19,848.17 2 1
github.com/engine/server/ai/context.go:848.17,850.4 1 0
github.com/engine/server/ai/context.go:851.3,852.39 2 1
github.com/engine/server/ai/context.go:852.39,853.40 1 1
github.com/engine/server/ai/context.go:853.40,854.36 1 1
github.com/engine/server/ai/context.go:854.36,856.6 1 1
github.com/engine/server/ai/context.go:859.3,859.30 1 1
github.com/engine/server/ai/context.go:859.30,861.4 1 1
github.com/engine/server/ai/context.go:862.3,862.38 1 1
github.com/engine/server/ai/context.go:864.19,866.17 2 1
github.com/engine/server/ai/context.go:866.17,868.4 1 0
github.com/engine/server/ai/context.go:869.3,869.30 1 1
github.com/engine/server/ai/context.go:869.30,871.4 1 1
github.com/engine/server/ai/context.go:872.3,872.39 1 1
github.com/engine/server/ai/context.go:874.18,881.30 4 1
github.com/engine/server/ai/context.go:881.30,883.4 1 1
github.com/engine/server/ai/context.go:886.3,892.126 2 1
github.com/engine/server/ai/context.go:894.28,898.18 4 1
github.com/engine/server/ai/context.go:898.18,900.4 1 1
github.com/engine/server/ai/context.go:901.3,902.17 2 1
github.com/engine/server/ai/context.go:902.17,904.4 1 1
github.com/engine/server/ai/context.go:905.3,906.17 2 1
github.com/engine/server/ai/context.go:906.17,908.4 1 0
github.com/engine/server/ai/context.go:909.3,910.32 2 1
github.com/engine/server/ai/context.go:910.32,912.35 2 1
github.com/engine/server/ai/context.go:912.35,914.5 1 1
github.com/engine/server/ai/context.go:915.4,915.98 1 1
github.com/engine/server/ai/context.go:917.3,917.20 1 1
github.com/engine/server/ai/context.go:917.20,919.4 1 1
github.com/engine/server/ai/context.go:920.3,920.28 1 1
github.com/engine/server/ai/context.go:922.26,927.15 5 1
github.com/engine/server/ai/context.go:927.15,929.4 1 1
github.com/engine/server/ai/context.go:930.3,931.17 2 1
github.com/engine/server/ai/context.go:931.17,933.4 1 0
github.com/engine/server/ai/context.go:934.3,935.17 2 1
github.com/engine/server/ai/context.go:935.17,937.4 1 0
github.com/engine/server/ai/context.go:938.3,938.132 1 1
github.com/engine/server/ai/context.go:940.28,946.15 6 1
github.com/engine/server/ai/context.go:946.15,948.4 1 1
github.com/engine/server/ai/context.go:949.3,950.17 2 1
github.com/engine/server/ai/context.go:950.17,952.4 1 0
github.com/engine/server/ai/context.go:953.3,953.57 1 1
github.com/engine/server/ai/context.go:953.57,955.4 1 0
github.com/engine/server/ai/context.go:956.3,956.53 1 1
github.com/engine/server/ai/context.go:958.29,963.18 5 1
github.com/engine/server/ai/context.go:963.18,965.4 1 1
github.com/engine/server/ai/context.go:966.3,967.17 2 1
github.com/engine/server/ai/context.go:967.17,969.4 1 0
github.com/engine/server/ai/context.go:970.3,971.17 2 1
github.com/engine/server/ai/context.go:971.17,973.4 1 0
github.com/engine/server/ai/context.go:974.3,974.93 1 1
github.com/engine/server/ai/context.go:976.24,982.29 6 1
github.com/engine/server/ai/context.go:982.29,984.4 1 1
github.com/engine/server/ai/context.go:985.3,986.17 2 1
github.com/engine/server/ai/context.go:986.17,988.4 1 1
github.com/engine/server/ai/context.go:989.3,990.17 2 1
github.com/engine/server/ai/context.go:990.17,992.4 1 0
github.com/engine/server/ai/context.go:993.3,993.66 1 1
github.com/engine/server/ai/context.go:995.18,996.33 1 1
github.com/engine/server/ai/context.go:996.33,998.4 1 1
github.com/engine/server/ai/context.go:999.3,1001.19 3 1
github.com/engine/server/ai/context.go:1001.19,1003.4 1 1
github.com/engine/server/ai/context.go:1004.3,1010.17 2 1
github.com/engine/server/ai/context.go:1010.17,1012.4 1 1
github.com/engine/server/ai/context.go:1013.3,1013.15 1 1
github.com/engine/server/ai/context.go:1013.15,1015.4 1 1
github.com/engine/server/ai/context.go:1016.3,1017.21 2 0
github.com/engine/server/ai/context.go:1017.21,1019.4 1 0
github.com/engine/server/ai/context.go:1020.3,1020.20 1 0
github.com/engine/server/ai/context.go:1022.18,1024.21 2 1
github.com/engine/server/ai/context.go:1024.21,1026.4 1 1
github.com/engine/server/ai/context.go:1027.3,1027.20 1 0
github.com/engine/server/ai/context.go:1029.20,1032.17 3 1
github.com/engine/server/ai/context.go:1032.17,1034.24 2 1
github.com/engine/server/ai/context.go:1034.24,1036.5 1 1
github.com/engine/server/ai/context.go:1037.4,1037.46 1 0
github.com/engine/server/ai/context.go:1039.3,1040.23 2 1
github.com/engine/server/ai/context.go:1040.23,1042.4 1 1
github.com/engine/server/ai/context.go:1043.3,1043.20 1 0
github.com/engine/server/ai/context.go:1045.22,1048.21 3 1
github.com/engine/server/ai/context.go:1048.21,1050.4 1 0
github.com/engine/server/ai/context.go:1051.3,1053.27 3 1
github.com/engine/server/ai/context.go:1053.27,1055.69 2 1
github.com/engine/server/ai/context.go:1055.69,1056.13 1 1
github.com/engine/server/ai/context.go:1058.4,1061.22 4 1
github.com/engine/server/ai/context.go:1061.22,1063.5 1 1
github.com/engine/server/ai/context.go:1064.4,1067.19 3 1
github.com/engine/server/ai/context.go:1067.19,1069.10 2 1
github.com/engine/server/ai/context.go:1072.3,1072.20 1 1
github.com/engine/server/ai/context.go:1072.20,1074.4 1 0
github.com/engine/server/ai/context.go:1075.3,1075.28 1 1
github.com/engine/server/ai/context.go:1077.22,1078.33 1 1
github.com/engine/server/ai/context.go:1078.33,1080.4 1 1
github.com/engine/server/ai/context.go:1081.3,1083.15 3 1
github.com/engine/server/ai/context.go:1083.15,1085.4 1 0
github.com/engine/server/ai/context.go:1086.3,1087.21 2 1
github.com/engine/server/ai/context.go:1087.21,1089.4 1 0
github.com/engine/server/ai/context.go:1090.3,1092.19 3 1
github.com/engine/server/ai/context.go:1092.19,1094.4 1 1
github.com/engine/server/ai/context.go:1095.3,1101.17 2 1
github.com/engine/server/ai/context.go:1101.17,1103.4 1 1
github.com/engine/server/ai/context.go:1104.3,1104.15 1 1
github.com/engine/server/ai/context.go:1104.15,1106.4 1 1
github.com/engine/server/ai/context.go:1107.3,1107.23 1 1
github.com/engine/server/ai/context.go:1107.23,1108.35 1 1
github.com/engine/server/ai/context.go:1108.35,1110.5 1 0
github.com/engine/server/ai/context.go:1111.9,1112.40 1 1
github.com/engine/server/ai/context.go:1112.40,1114.5 1 0
github.com/engine/server/ai/context.go:1116.3,1116.80 1 1
github.com/engine/server/ai/context.go:1118.18,1120.19 2 1
github.com/engine/server/ai/context.go:1120.19,1122.4 1 1
github.com/engine/server/ai/context.go:1123.3,1124.23 2 1
github.com/engine/server/ai/context.go:1125.17,1126.43 1 1
github.com/engine/server/ai/context.go:1127.16,1128.47 1 0
github.com/engine/server/ai/context.go:1129.11,1130.74 1 0
github.com/engine/server/ai/context.go:1132.3,1132.40 1 1
github.com/engine/server/ai/context.go:1132.40,1134.4 1 0
github.com/engine/server/ai/context.go:1135.3,1135.36 1 1
github.com/engine/server/ai/context.go:1137.20,1139.20 2 1
github.com/engine/server/ai/context.go:1139.20,1141.4 1 0
github.com/engine/server/ai/context.go:1142.3,1143.23 2 1
github.com/engine/server/ai/context.go:1144.17,1145.56 1 1
github.com/engine/server/ai/context.go:1146.16,1147.42 1 0
github.com/engine/server/ai/context.go:1148.11,1149.76 1 0
github.com/engine/server/ai/context.go:1151.3,1151.59 1 1
github.com/engine/server/ai/context.go:1151.59,1153.4 1 0
github.com/engine/server/ai/context.go:1154.3,1154.47 1 1
github.com/engine/server/ai/context.go:1156.10,1157.39 1 1
github.com/engine/server/ai/context.go:1162.47,1165.48 2 1
github.com/engine/server/ai/context.go:1165.48,1168.3 1 1
github.com/engine/server/ai/context.go:1170.2,1170.88 1 1
github.com/engine/server/ai/context.go:1170.88,1172.3 1 1
github.com/engine/server/ai/context.go:1174.2,1174.52 1 1
github.com/engine/server/ai/context.go:1174.52,1177.3 1 1
github.com/engine/server/ai/context.go:1179.2,1181.39 2 1
github.com/engine/server/ai/context.go:1184.56,1187.30 3 1
github.com/engine/server/ai/context.go:1187.30,1189.3 1 1
github.com/engine/server/ai/context.go:1190.2,1191.38 2 1
github.com/engine/server/ai/context.go:1191.38,1193.3 1 1
github.com/engine/server/ai/context.go:1194.2,1194.15 1 1
github.com/engine/server/ai/context.go:1198.49,1203.41 5 1
github.com/engine/server/ai/context.go:1203.41,1205.3 1 1
github.com/engine/server/ai/context.go:1206.2,1206.17 1 1
github.com/engine/server/ai/context.go:1206.17,1208.3 1 0
github.com/engine/server/ai/context.go:1210.2,1210.69 1 1
github.com/engine/server/ai/context.go:1210.69,1213.3 2 0
github.com/engine/server/ai/context.go:1214.2,1214.63 1 1
github.com/engine/server/ai/context.go:1214.63,1217.3 2 0
github.com/engine/server/ai/context.go:1220.2,1221.91 2 1
github.com/engine/server/ai/context.go:1221.91,1224.3 2 0
github.com/engine/server/ai/context.go:1225.2,1225.33 1 1
github.com/engine/server/ai/context.go:1225.33,1226.95 1 1
github.com/engine/server/ai/context.go:1226.95,1228.4 1 1
github.com/engine/server/ai/context.go:1231.2,1234.28 4 1
github.com/engine/server/ai/context.go:1234.28,1236.3 1 0
github.com/engine/server/ai/context.go:1237.2,1238.16 2 1
github.com/engine/server/ai/context.go:1238.16,1240.3 1 0
github.com/engine/server/ai/context.go:1243.2,1250.22 4 1
github.com/engine/server/ai/context.go:1250.22,1252.3 1 1
github.com/engine/server/ai/context.go:1253.2,1253.27 1 1
github.com/engine/server/ai/context.go:1253.27,1255.3 1 1
github.com/engine/server/ai/context.go:1258.2,1267.35 4 1
github.com/engine/server/ai/context.go:1267.35,1269.3 1 1
github.com/engine/server/ai/context.go:1270.2,1299.37 6 1
github.com/engine/server/ai/context.go:1299.37,1301.3 1 0
github.com/engine/server/ai/context.go:1302.2,1310.27 4 1
github.com/engine/server/ai/context.go:1310.27,1312.3 1 0
github.com/engine/server/ai/context.go:1313.2,1322.57 4 1
github.com/engine/server/ai/context.go:1322.57,1323.21 1 1
github.com/engine/server/ai/context.go:1323.21,1325.4 1 0
github.com/engine/server/ai/context.go:1326.3,1326.25 1 1
github.com/engine/server/ai/context.go:1327.69,1329.34 2 1
github.com/engine/server/ai/context.go:1329.34,1330.96 1 1
github.com/engine/server/ai/context.go:1330.96,1332.5 1 1
github.com/engine/server/ai/context.go:1335.2,1335.23 1 1
github.com/engine/server/ai/context.go:1346.3,1348.6 2 1
github.com/engine/server/ai/context.go:1348.6,1349.24 1 1
github.com/engine/server/ai/context.go:1349.24,1351.4 1 1
github.com/engine/server/ai/context.go:1353.3,1354.25 2 1
github.com/engine/server/ai/context.go:1354.25,1356.4 1 0
github.com/engine/server/ai/context.go:1358.3,1370.53 5 1
github.com/engine/server/ai/context.go:1370.53,1371.19 1 1
github.com/engine/server/ai/context.go:1371.19,1373.12 2 1
github.com/engine/server/ai/context.go:1374.23,1375.12 1 0
github.com/engine/server/ai/context.go:1376.29,1376.29 0 1
github.com/engine/server/ai/context.go:1379.4,1380.22 2 1
github.com/engine/server/ai/context.go:1380.22,1381.10 1 1
github.com/engine/server/ai/context.go:1384.4,1387.20 3 1
github.com/engine/server/ai/context.go:1387.20,1388.10 1 1
github.com/engine/server/ai/context.go:1391.3,1391.21 1 1
github.com/engine/server/ai/context.go:1391.21,1394.4 2 1
github.com/engine/server/ai/context.go:1396.3,1398.31 2 1
github.com/engine/server/ai/context.go:1398.31,1399.9 1 1
github.com/engine/server/ai/context.go:1402.3,1403.40 2 1
github.com/engine/server/ai/context.go:1403.40,1404.32 1 1
github.com/engine/server/ai/context.go:1404.32,1405.13 1 0
github.com/engine/server/ai/context.go:1407.4,1408.23 2 1
github.com/engine/server/ai/context.go:1408.23,1410.5 1 0
github.com/engine/server/ai/context.go:1412.4,1412.29 1 1
github.com/engine/server/ai/context.go:1412.29,1413.70 1 1
github.com/engine/server/ai/context.go:1413.70,1427.14 7 1
github.com/engine/server/ai/context.go:1431.4,1437.29 5 1
github.com/engine/server/ai/context.go:1437.29,1439.5 1 1
github.com/engine/server/ai/context.go:1441.4,1452.6 4 1
github.com/engine/server/ai/context.go:1455.3,1457.24 2 1
github.com/engine/server/ai/context.go:1457.24,1459.4 1 0
github.com/engine/server/ai/context.go:1469.35,1473.16 3 1
github.com/engine/server/ai/context.go:1473.16,1475.3 1 0
github.com/engine/server/ai/context.go:1476.2,1481.16 5 1
github.com/engine/server/ai/context.go:1481.16,1483.3 1 0
github.com/engine/server/ai/context.go:1484.2,1486.28 2 1
github.com/engine/server/ai/context.go:1486.28,1490.3 3 1
github.com/engine/server/ai/context.go:1492.2,1501.21 4 1
github.com/engine/server/ai/context.go:1501.21,1503.41 2 1
github.com/engine/server/ai/context.go:1503.41,1504.12 1 0
github.com/engine/server/ai/context.go:1506.3,1507.23 2 1
github.com/engine/server/ai/context.go:1507.23,1508.9 1 1
github.com/engine/server/ai/context.go:1511.3,1512.62 2 1
github.com/engine/server/ai/context.go:1512.62,1513.12 1 1
github.com/engine/server/ai/context.go:1516.3,1516.24 1 1
github.com/engine/server/ai/context.go:1517.30,1519.17 2 1
github.com/engine/server/ai/context.go:1519.17,1520.13 1 0
github.com/engine/server/ai/context.go:1522.4,1522.22 1 1
github.com/engine/server/ai/context.go:1523.16,1524.20 1 1
github.com/engine/server/ai/context.go:1525.20,1528.66 3 1
github.com/engine/server/ai/context.go:1531.30,1533.20 2 1
github.com/engine/server/ai/context.go:1533.20,1534.13 1 0
github.com/engine/server/ai/context.go:1536.4,1536.25 1 1
github.com/engine/server/ai/context.go:1537.22,1541.29 4 1
github.com/engine/server/ai/context.go:1542.28,1543.23 1 1
github.com/engine/server/ai/context.go:1543.23,1547.6 3 1
github.com/engine/server/ai/context.go:1550.29,1551.22 1 1
github.com/engine/server/ai/context.go:1551.22,1554.23 2 1
github.com/engine/server/ai/context.go:1554.23,1556.6 1 1
github.com/engine/server/ai/context.go:1557.5,1561.18 5 1
github.com/engine/server/ai/context.go:1562.10,1562.32 1 1
github.com/engine/server/ai/context.go:1562.32,1565.5 2 1
github.com/engine/server/ai/context.go:1567.24,1569.18 2 1
github.com/engine/server/ai/context.go:1569.18,1571.41 2 1
github.com/engine/server/ai/context.go:1571.41,1572.31 1 1
github.com/engine/server/ai/context.go:1572.31,1572.84 2 1
github.com/engine/server/ai/context.go:1573.6,1573.32 1 1
github.com/engine/server/ai/context.go:1573.32,1573.86 2 1
github.com/engine/server/ai/context.go:1574.6,1574.39 1 1
github.com/engine/server/ai/context.go:1578.24,1580.17 2 1
github.com/engine/server/ai/context.go:1580.17,1581.49 1 1
github.com/engine/server/ai/context.go:1581.49,1583.6 1 1
github.com/engine/server/ai/context.go:1588.2,1588.42 1 1
github.com/engine/server/ai/context.go:1592.21,1594.2 1 1
github.com/engine/server/ai/context.go:1625.56,1627.24 2 1
github.com/engine/server/ai/context.go:1627.24,1636.3 1 1
github.com/engine/server/ai/context.go:1637.2,1637.12 1 1
github.com/engine/server/ai/context.go:1649.3,1653.30 2 1
github.com/engine/server/ai/context.go:1653.30,1655.22 2 1
github.com/engine/server/ai/context.go:1655.22,1657.4 1 1
github.com/engine/server/ai/context.go:1660.2,1661.28 2 1
github.com/engine/server/ai/context.go:1661.28,1664.3 2 1
github.com/engine/server/ai/context.go:1666.2,1668.6 2 1
github.com/engine/server/ai/context.go:1668.6,1669.24 1 1
github.com/engine/server/ai/context.go:1669.24,1671.4 1 1
github.com/engine/server/ai/context.go:1674.3,1677.25 3 1
github.com/engine/server/ai/context.go:1677.25,1679.4 1 0
github.com/engine/server/ai/context.go:1681.3,1691.17 4 1
github.com/engine/server/ai/context.go:1691.17,1694.4 2 0
github.com/engine/server/ai/context.go:1695.3,1696.23 2 1
github.com/engine/server/ai/context.go:1696.23,1698.4 1 1
github.com/engine/server/ai/context.go:1700.3,1701.17 2 1
github.com/engine/server/ai/context.go:1701.17,1704.4 2 0
github.com/engine/server/ai/context.go:1705.3,1707.29 2 1
github.com/engine/server/ai/context.go:1707.29,1712.4 4 1
github.com/engine/server/ai/context.go:1715.3,1727.22 7 1
github.com/engine/server/ai/context.go:1727.22,1729.42 2 1
github.com/engine/server/ai/context.go:1729.42,1730.13 1 1
github.com/engine/server/ai/context.go:1732.4,1733.24 2 1
github.com/engine/server/ai/context.go:1733.24,1734.10 1 1
github.com/engine/server/ai/context.go:1736.4,1737.63 2 1
github.com/engine/server/ai/context.go:1737.63,1738.13 1 0
github.com/engine/server/ai/context.go:1740.4,1741.25 2 1
github.com/engine/server/ai/context.go:1741.25,1742.13 1 0
github.com/engine/server/ai/context.go:1744.4,1745.66 2 1
github.com/engine/server/ai/context.go:1745.66,1747.5 1 1
github.com/engine/server/ai/context.go:1748.4,1749.20 2 1
github.com/engine/server/ai/context.go:1749.20,1750.13 1 0
github.com/engine/server/ai/context.go:1752.4,1752.63 1 1
github.com/engine/server/ai/context.go:1752.63,1756.5 3 1
github.com/engine/server/ai/context.go:1757.4,1757.58 1 1
github.com/engine/server/ai/context.go:1757.58,1758.31 1 1
github.com/engine/server/ai/context.go:1758.31,1760.19 2 1
github.com/engine/server/ai/context.go:1760.19,1761.15 1 0
github.com/engine/server/ai/context.go:1763.6,1763.32 1 1
github.com/engine/server/ai/context.go:1763.32,1763.75 2 1
github.com/engine/server/ai/context.go:1764.6,1764.33 1 1
github.com/engine/server/ai/context.go:1764.33,1766.7 1 1
github.com/engine/server/ai/context.go:1767.6,1768.53 2 1
github.com/engine/server/ai/context.go:1768.53,1770.7 1 1
github.com/engine/server/ai/context.go:1771.6,1771.63 1 1
github.com/engine/server/ai/context.go:1771.63,1772.60 1 1
github.com/engine/server/ai/context.go:1772.60,1774.8 1 1
github.com/engine/server/ai/context.go:1775.7,1775.51 1 1
github.com/engine/server/ai/context.go:1775.51,1777.8 1 1
github.com/engine/server/ai/context.go:1782.3,1782.39 1 1
github.com/engine/server/ai/context.go:1782.39,1785.4 2 0
github.com/engine/server/ai/context.go:1788.3,1788.27 1 1
github.com/engine/server/ai/context.go:1788.27,1791.35 1 1
github.com/engine/server/ai/context.go:1791.35,1792.34 1 1
github.com/engine/server/ai/context.go:1792.34,1794.5 1 0
github.com/engine/server/ai/context.go:1797.3,1806.35 3 1
github.com/engine/server/ai/context.go:1806.35,1815.4 1 1
github.com/engine/server/ai/context.go:1816.3,1816.77 1 1
github.com/engine/server/ai/context.go:1817.9,1817.31 1 1
github.com/engine/server/ai/context.go:1817.31,1819.4 1 1
github.com/engine/server/ai/context.go:1821.3,1821.60 1 1
github.com/engine/server/ai/context.go:1821.60,1822.9 1 1
github.com/engine/server/ai/context.go:1828.3,1828.41 1 1
github.com/engine/server/ai/context.go:1828.41,1830.18 2 1
github.com/engine/server/ai/context.go:1830.18,1831.13 1 0
github.com/engine/server/ai/context.go:1834.4,1836.42 3 1
github.com/engine/server/ai/context.go:1836.42,1838.5 1 0
github.com/engine/server/ai/context.go:1839.4,1839.88 1 1
github.com/engine/server/ai/context.go:1839.88,1845.13 5 0
github.com/engine/server/ai/context.go:1848.4,1864.6 8 1
github.com/engine/server/ai/context.go:1867.3,1867.24 1 1
github.com/engine/server/ai/context.go:1867.24,1869.4 1 0
github.com/engine/server/ai/harness.go:36.72,38.44 2 1
github.com/engine/server/ai/harness.go:38.44,39.39 1 1
github.com/engine/server/ai/harness.go:39.39,41.4 1 1
github.com/engine/server/ai/harness.go:43.2,43.10 1 1
github.com/engine/server/ai/harness.go:63.73,74.2 4 1
github.com/engine/server/ai/harness.go:77.82,80.30 3 1
github.com/engine/server/ai/harness.go:80.30,84.3 3 1
github.com/engine/server/ai/harness.go:85.2,85.8 1 1
github.com/engine/server/ai/harness.go:89.41,91.25 2 1
github.com/engine/server/ai/harness.go:91.25,93.3 1 1
github.com/engine/server/ai/harness.go:94.2,94.90 1 1
github.com/engine/server/ai/harness.go:106.44,112.2 1 1
github.com/engine/server/ai/harness.go:116.46,118.22 2 1
github.com/engine/server/ai/harness.go:118.22,120.3 1 1
github.com/engine/server/ai/harness.go:121.2,121.12 1 1
github.com/engine/server/ai/harness.go:138.42,143.2 1 1
github.com/engine/server/ai/harness.go:147.64,150.29 3 1
github.com/engine/server/ai/harness.go:150.29,152.3 1 1
github.com/engine/server/ai/harness.go:153.2,153.17 1 1
github.com/engine/server/ai/harness.go:159.92,162.13 3 1
github.com/engine/server/ai/harness.go:162.13,164.67 2 1
github.com/engine/server/ai/harness.go:164.67,166.21 2 1
github.com/engine/server/ai/harness.go:166.21,168.5 1 1
github.com/engine/server/ai/harness.go:170.8,173.3 1 1
github.com/engine/server/ai/harness.go:177.51,182.2 4 1
github.com/engine/server/ai/harness.go:185.53,189.34 4 1
github.com/engine/server/ai/harness.go:189.34,191.3 1 1
github.com/engine/server/ai/harness.go:192.2,192.12 1 1
github.com/engine/server/ai/harness.go:207.46,209.2 1 1
github.com/engine/server/ai/harness.go:213.34,215.2 1 1
github.com/engine/server/ai/harness.go:218.71,220.29 2 1
github.com/engine/server/ai/harness.go:220.29,222.47 1 1
github.com/engine/server/ai/harness.go:222.47,224.4 1 1
github.com/engine/server/ai/harness.go:224.9,224.65 1 1
github.com/engine/server/ai/harness.go:224.65,225.40 1 1
github.com/engine/server/ai/harness.go:225.40,228.5 2 1
github.com/engine/server/ai/harness.go:230.3,230.13 1 1
github.com/engine/server/ai/harness.go:232.2,232.14 1 1
github.com/engine/server/ai/harness.go:238.106,239.6 1 1
github.com/engine/server/ai/harness.go:239.6,241.26 2 1
github.com/engine/server/ai/harness.go:241.26,243.4 1 1
github.com/engine/server/ai/harness.go:245.3,246.30 2 1
github.com/engine/server/ai/harness.go:246.30,247.26 1 1
github.com/engine/server/ai/harness.go:247.26,250.10 3 1
github.com/engine/server/ai/harness.go:253.3,253.15 1 1
github.com/engine/server/ai/harness.go:253.15,256.4 1 1
github.com/engine/server/ai/history_context.go:86.91,88.2 1 1
github.com/engine/server/ai/history_context.go:95.28,96.23 1 1
github.com/engine/server/ai/history_context.go:96.23,100.3 1 0
github.com/engine/server/ai/history_context.go:102.2,103.21 2 1
github.com/engine/server/ai/history_context.go:103.21,107.3 1 1
github.com/engine/server/ai/history_context.go:109.2,110.79 2 1
github.com/engine/server/ai/history_context.go:110.79,116.15 6 1
github.com/engine/server/ai/history_context.go:116.15,118.4 1 1
github.com/engine/server/ai/history_context.go:119.3,129.4 1 1
github.com/engine/server/ai/history_context.go:132.2,133.42 2 1
github.com/engine/server/ai/history_context.go:133.42,135.28 2 0
github.com/engine/server/ai/history_context.go:135.28,137.4 1 0
github.com/engine/server/ai/history_context.go:138.8,142.57 4 1
github.com/engine/server/ai/history_context.go:142.57,144.4 1 1
github.com/engine/server/ai/history_context.go:146.3,147.48 2 1
github.com/engine/server/ai/history_context.go:147.48,149.4 1 1
github.com/engine/server/ai/history_context.go:150.3,150.52 1 1
github.com/engine/server/ai/history_context.go:150.52,151.50 1 1
github.com/engine/server/ai/history_context.go:151.50,153.5 1 1
github.com/engine/server/ai/history_context.go:154.4,154.52 1 1
github.com/engine/server/ai/history_context.go:157.3,158.40 2 1
github.com/engine/server/ai/history_context.go:158.40,159.22 1 1
github.com/engine/server/ai/history_context.go:159.22,160.10 1 1
github.com/engine/server/ai/history_context.go:162.4,163.15 2 1
github.com/engine/server/ai/history_context.go:166.3,166.28 1 1
github.com/engine/server/ai/history_context.go:166.28,167.44 1 1
github.com/engine/server/ai/history_context.go:167.44,168.13 1 1
github.com/engine/server/ai/history_context.go:170.4,170.76 1 1
github.com/engine/server/ai/history_context.go:174.2,176.41 3 1
github.com/engine/server/ai/history_context.go:176.41,183.3 3 1
github.com/engine/server/ai/history_context.go:184.2,189.3 2 1
github.com/engine/server/ai/history_context.go:197.10,199.2 1 1
github.com/engine/server/ai/history_context.go:207.26,211.62 3 1
github.com/engine/server/ai/history_context.go:211.62,218.3 1 1
github.com/engine/server/ai/history_context.go:220.2,220.86 1 1
github.com/engine/server/ai/history_context.go:220.86,227.3 1 1
github.com/engine/server/ai/history_context.go:229.2,229.64 1 1
github.com/engine/server/ai/history_context.go:229.64,236.3 1 1
github.com/engine/server/ai/history_context.go:238.2,239.40 2 1
github.com/engine/server/ai/history_context.go:239.40,246.3 1 1
github.com/engine/server/ai/history_context.go:248.2,248.22 1 1
github.com/engine/server/ai/history_context.go:248.22,250.3 1 0
github.com/engine/server/ai/history_context.go:252.2,253.49 2 1
github.com/engine/server/ai/history_context.go:253.49,255.3 1 1
github.com/engine/server/ai/history_context.go:257.2,262.15 2 1
github.com/engine/server/ai/history_context.go:272.31,274.2 1 1
github.com/engine/server/ai/history_context.go:284.31,285.16 1 1
github.com/engine/server/ai/history_context.go:285.16,287.3 1 1
github.com/engine/server/ai/history_context.go:288.2,288.41 1 1
github.com/engine/server/ai/history_context.go:288.41,290.3 1 0
github.com/engine/server/ai/history_context.go:292.2,294.16 3 1
github.com/engine/server/ai/history_context.go:294.16,296.3 1 0
github.com/engine/server/ai/history_context.go:297.2,298.16 2 1
github.com/engine/server/ai/history_context.go:298.16,300.3 1 0
github.com/engine/server/ai/history_context.go:301.2,302.16 2 1
github.com/engine/server/ai/history_context.go:302.16,304.3 1 0
github.com/engine/server/ai/history_context.go:305.2,306.16 2 1
github.com/engine/server/ai/history_context.go:306.16,308.3 1 0
github.com/engine/server/ai/history_context.go:310.2,311.17 2 1
github.com/engine/server/ai/history_context.go:311.17,313.3 1 1
github.com/engine/server/ai/history_context.go:315.2,316.42 2 1
github.com/engine/server/ai/history_context.go:316.42,317.70 1 1
github.com/engine/server/ai/history_context.go:317.70,318.12 1 0
github.com/engine/server/ai/history_context.go:320.3,323.44 4 1
github.com/engine/server/ai/history_context.go:323.44,325.4 1 1
github.com/engine/server/ai/history_context.go:326.3,326.19 1 1
github.com/engine/server/ai/history_context.go:326.19,327.12 1 0
github.com/engine/server/ai/history_context.go:329.3,340.5 1 1
github.com/engine/server/ai/history_context.go:343.2,343.43 1 1
github.com/engine/server/ai/history_context.go:343.43,344.70 1 1
github.com/engine/server/ai/history_context.go:344.70,345.12 1 0
github.com/engine/server/ai/history_context.go:347.3,350.44 4 1
github.com/engine/server/ai/history_context.go:350.44,352.4 1 1
github.com/engine/server/ai/history_context.go:353.3,353.19 1 1
github.com/engine/server/ai/history_context.go:353.19,354.12 1 1
github.com/engine/server/ai/history_context.go:356.3,366.5 1 1
github.com/engine/server/ai/history_context.go:369.2,369.44 1 1
github.com/engine/server/ai/history_context.go:369.44,370.71 1 1
github.com/engine/server/ai/history_context.go:370.71,371.12 1 0
github.com/engine/server/ai/history_context.go:373.3,382.45 5 1
github.com/engine/server/ai/history_context.go:382.45,384.4 1 1
github.com/engine/server/ai/history_context.go:385.3,385.19 1 1
github.com/engine/server/ai/history_context.go:385.19,386.12 1 0
github.com/engine/server/ai/history_context.go:388.3,398.5 1 1
github.com/engine/server/ai/history_context.go:401.2,401.48 1 1
github.com/engine/server/ai/history_context.go:401.48,402.73 1 1
github.com/engine/server/ai/history_context.go:402.73,403.12 1 0
github.com/engine/server/ai/history_context.go:405.3,406.56 2 1
github.com/engine/server/ai/history_context.go:406.56,408.4 1 1
github.com/engine/server/ai/history_context.go:409.3,418.31 5 1
github.com/engine/server/ai/history_context.go:418.31,420.4 1 1
github.com/engine/server/ai/history_context.go:421.3,421.28 1 1
github.com/engine/server/ai/history_context.go:421.28,423.4 1 1
github.com/engine/server/ai/history_context.go:424.3,424.47 1 1
github.com/engine/server/ai/history_context.go:424.47,426.4 1 0
github.com/engine/server/ai/history_context.go:427.3,427.19 1 1
github.com/engine/server/ai/history_context.go:427.19,428.12 1 0
github.com/engine/server/ai/history_context.go:430.3,440.5 1 1
github.com/engine/server/ai/history_context.go:443.2,443.45 1 1
github.com/engine/server/ai/history_context.go:443.45,444.37 1 1
github.com/engine/server/ai/history_context.go:444.37,446.4 1 0
github.com/engine/server/ai/history_context.go:447.3,447.39 1 1
github.com/engine/server/ai/history_context.go:450.2,452.27 3 1
github.com/engine/server/ai/history_context.go:452.27,454.29 2 1
github.com/engine/server/ai/history_context.go:454.29,455.12 1 0
github.com/engine/server/ai/history_context.go:457.3,459.28 3 1
github.com/engine/server/ai/history_context.go:459.28,460.9 1 1
github.com/engine/server/ai/history_context.go:464.2,465.29 2 1
github.com/engine/server/ai/history_context.go:465.29,467.3 1 1
github.com/engine/server/ai/history_context.go:469.2,469.21 1 1
github.com/engine/server/ai/history_context.go:472.104,473.20 1 1
github.com/engine/server/ai/history_context.go:473.20,475.3 1 1
github.com/engine/server/ai/history_context.go:477.2,479.31 3 1
github.com/engine/server/ai/history_context.go:479.31,481.40 2 1
github.com/engine/server/ai/history_context.go:481.40,483.4 1 1
github.com/engine/server/ai/history_context.go:484.3,485.17 2 1
github.com/engine/server/ai/history_context.go:485.17,487.4 1 1
github.com/engine/server/ai/history_context.go:488.3,496.5 1 1
github.com/engine/server/ai/history_context.go:498.2,498.44 1 1
github.com/engine/server/ai/history_context.go:506.31,508.16 2 1
github.com/engine/server/ai/history_context.go:508.16,510.3 1 0
github.com/engine/server/ai/history_context.go:511.2,511.89 1 1
github.com/engine/server/ai/history_context.go:520.26,525.46 4 1
github.com/engine/server/ai/history_context.go:525.46,526.28 1 1
github.com/engine/server/ai/history_context.go:526.28,527.12 1 1
github.com/engine/server/ai/history_context.go:529.3,540.5 1 1
github.com/engine/server/ai/history_context.go:543.2,543.45 1 1
github.com/engine/server/ai/history_context.go:543.45,544.24 1 1
github.com/engine/server/ai/history_context.go:544.24,545.12 1 1
github.com/engine/server/ai/history_context.go:547.3,558.5 1 1
github.com/engine/server/ai/history_context.go:561.2,561.48 1 1
github.com/engine/server/ai/history_context.go:561.48,563.22 2 1
github.com/engine/server/ai/history_context.go:563.22,564.12 1 1
github.com/engine/server/ai/history_context.go:566.3,577.5 1 1
github.com/engine/server/ai/history_context.go:580.2,580.18 1 1
github.com/engine/server/ai/history_context.go:588.22,593.37 4 1
github.com/engine/server/ai/history_context.go:593.37,594.50 1 1
github.com/engine/server/ai/history_context.go:594.50,595.12 1 0
github.com/engine/server/ai/history_context.go:598.3,599.45 2 1
github.com/engine/server/ai/history_context.go:599.45,601.4 1 1
github.com/engine/server/ai/history_context.go:602.3,606.38 1 1
github.com/engine/server/ai/history_context.go:606.38,608.4 1 1
github.com/engine/server/ai/history_context.go:609.3,609.17 1 1
github.com/engine/server/ai/history_context.go:609.17,610.12 1 0
github.com/engine/server/ai/history_context.go:613.3,614.48 2 1
github.com/engine/server/ai/history_context.go:614.48,616.4 1 1
github.com/engine/server/ai/history_context.go:619.2,619.19 1 1
github.com/engine/server/ai/history_context.go:619.19,621.3 1 1
github.com/engine/server/ai/history_context.go:623.2,624.37 2 1
github.com/engine/server/ai/history_context.go:624.37,626.3 1 1
github.com/engine/server/ai/history_context.go:627.2,627.16 1 1
github.com/engine/server/ai/history_context.go:630.65,631.22 1 1
github.com/engine/server/ai/history_context.go:631.22,633.3 1 1
github.com/engine/server/ai/history_context.go:635.2,639.31 4 1
github.com/engine/server/ai/history_context.go:639.31,640.21 1 1
github.com/engine/server/ai/history_context.go:640.21,641.9 1 0
github.com/engine/server/ai/history_context.go:644.3,645.22 2 1
github.com/engine/server/ai/history_context.go:645.22,646.9 1 1
github.com/engine/server/ai/history_context.go:648.3,649.17 2 1
github.com/engine/server/ai/history_context.go:649.17,650.12 1 0
github.com/engine/server/ai/history_context.go:653.3,654.29 2 1
github.com/engine/server/ai/history_context.go:654.29,656.28 2 0
github.com/engine/server/ai/history_context.go:656.28,657.10 1 0
github.com/engine/server/ai/history_context.go:659.4,659.109 1 0
github.com/engine/server/ai/history_context.go:661.3,661.37 1 1
github.com/engine/server/ai/history_context.go:661.37,662.12 1 0
github.com/engine/server/ai/history_context.go:664.3,665.57 2 1
github.com/engine/server/ai/history_context.go:668.2,668.25 1 1
github.com/engine/server/ai/history_context.go:671.49,673.31 2 1
github.com/engine/server/ai/history_context.go:673.31,674.40 1 1
github.com/engine/server/ai/history_context.go:674.40,675.12 1 0
github.com/engine/server/ai/history_context.go:677.3,677.34 1 1
github.com/engine/server/ai/history_context.go:679.2,679.33 1 1
github.com/engine/server/ai/history_context.go:682.62,685.14 3 1
github.com/engine/server/ai/history_context.go:685.14,687.3 1 0
github.com/engine/server/ai/history_context.go:688.2,688.30 1 1
github.com/engine/server/ai/history_context.go:691.51,692.20 1 1
github.com/engine/server/ai/history_context.go:692.20,694.3 1 1
github.com/engine/server/ai/history_context.go:695.2,695.19 1 1
github.com/engine/server/ai/history_context.go:698.58,699.24 1 1
github.com/engine/server/ai/history_context.go:699.24,701.3 1 1
github.com/engine/server/ai/history_context.go:703.2,705.31 3 1
github.com/engine/server/ai/history_context.go:705.31,707.50 2 1
github.com/engine/server/ai/history_context.go:707.50,709.4 1 0
github.com/engine/server/ai/history_context.go:710.3,710.18 1 1
github.com/engine/server/ai/history_context.go:710.18,712.4 1 1
github.com/engine/server/ai/history_context.go:713.3,713.19 1 1
github.com/engine/server/ai/history_context.go:713.19,715.12 2 1
github.com/engine/server/ai/history_context.go:717.3,717.41 1 1
github.com/engine/server/ai/history_context.go:720.2,721.26 2 1
github.com/engine/server/ai/history_context.go:721.26,723.3 1 1
github.com/engine/server/ai/history_context.go:724.2,724.25 1 1
github.com/engine/server/ai/history_context.go:724.25,726.3 1 1
github.com/engine/server/ai/history_context.go:727.2,727.37 1 1
github.com/engine/server/ai/history_context.go:730.64,731.22 1 1
github.com/engine/server/ai/history_context.go:731.22,733.3 1 0
github.com/engine/server/ai/history_context.go:734.2,736.30 3 1
github.com/engine/server/ai/history_context.go:736.30,739.3 2 1
github.com/engine/server/ai/history_context.go:740.2,740.17 1 1
github.com/engine/server/ai/history_context.go:743.51,745.35 2 1
github.com/engine/server/ai/history_context.go:745.35,747.3 1 1
github.com/engine/server/ai/history_context.go:748.2,748.15 1 1
github.com/engine/server/ai/history_context.go:751.74,753.43 2 1
github.com/engine/server/ai/history_context.go:753.43,755.3 1 1
github.com/engine/server/ai/history_context.go:756.2,756.15 1 1
github.com/engine/server/ai/history_context.go:759.51,761.31 2 1
github.com/engine/server/ai/history_context.go:761.31,763.3 1 1
github.com/engine/server/ai/history_context.go:764.2,764.15 1 1
github.com/engine/server/ai/history_context.go:767.56,768.22 1 1
github.com/engine/server/ai/history_context.go:768.22,770.3 1 1
github.com/engine/server/ai/history_context.go:772.2,773.35 2 1
github.com/engine/server/ai/history_context.go:773.35,774.23 1 1
github.com/engine/server/ai/history_context.go:774.23,776.4 1 1
github.com/engine/server/ai/history_context.go:779.2,781.35 3 1
github.com/engine/server/ai/history_context.go:781.35,785.3 3 1
github.com/engine/server/ai/history_context.go:786.2,786.16 1 1
github.com/engine/server/ai/history_context.go:786.16,788.3 1 0
github.com/engine/server/ai/history_context.go:789.2,789.29 1 1
github.com/engine/server/ai/history_context.go:789.29,791.3 1 1
github.com/engine/server/ai/history_context.go:792.2,792.16 1 1
github.com/engine/server/ai/history_context.go:795.95,797.27 2 1
github.com/engine/server/ai/history_context.go:797.27,799.40 2 1
github.com/engine/server/ai/history_context.go:799.40,801.4 1 1
github.com/engine/server/ai/history_context.go:802.3,803.17 2 1
github.com/engine/server/ai/history_context.go:803.17,805.4 1 1
github.com/engine/server/ai/history_context.go:806.3,814.41 2 1
github.com/engine/server/ai/history_context.go:814.41,815.9 1 0
github.com/engine/server/ai/history_context.go:817.3,817.28 1 1
github.com/engine/server/ai/history_context.go:819.2,819.44 1 1
github.com/engine/server/ai/history_context.go:822.52,826.31 3 1
github.com/engine/server/ai/history_context.go:826.31,827.84 1 1
github.com/engine/server/ai/history_context.go:827.84,829.4 1 1
github.com/engine/server/ai/history_context.go:829.6,831.18 2 1
github.com/engine/server/ai/history_context.go:831.18,832.13 1 0
github.com/engine/server/ai/history_context.go:834.4,834.59 1 1
github.com/engine/server/ai/history_context.go:834.59,835.13 1 1
github.com/engine/server/ai/history_context.go:837.4,837.65 1 1
github.com/engine/server/ai/history_context.go:837.65,838.13 1 1
github.com/engine/server/ai/history_context.go:840.4,840.31 1 1
github.com/engine/server/ai/history_context.go:840.31,841.13 1 1
github.com/engine/server/ai/history_context.go:843.4,844.31 2 1
github.com/engine/server/ai/history_context.go:848.2,848.14 1 1
github.com/engine/server/ai/history_context.go:851.104,856.79 4 1
github.com/engine/server/ai/history_context.go:856.79,858.3 1 1
github.com/engine/server/ai/history_context.go:860.2,860.34 1 1
github.com/engine/server/ai/history_context.go:860.34,861.40 1 1
github.com/engine/server/ai/history_context.go:861.40,863.4 1 1
github.com/engine/server/ai/history_context.go:866.2,866.31 1 1
github.com/engine/server/ai/history_context.go:866.31,868.17 2 1
github.com/engine/server/ai/history_context.go:868.17,869.12 1 0
github.com/engine/server/ai/history_context.go:871.3,872.54 2 1
github.com/engine/server/ai/history_context.go:872.54,874.4 1 0
github.com/engine/server/ai/history_context.go:875.3,875.40 1 1
github.com/engine/server/ai/history_context.go:875.40,877.4 1 0
github.com/engine/server/ai/history_context.go:880.2,880.14 1 1
github.com/engine/server/ai/history_context.go:883.61,884.21 1 1
github.com/engine/server/ai/history_context.go:884.21,886.3 1 0
github.com/engine/server/ai/history_context.go:888.2,890.29 3 1
github.com/engine/server/ai/history_context.go:890.29,891.40 1 1
github.com/engine/server/ai/history_context.go:891.40,893.4 1 1
github.com/engine/server/ai/history_context.go:895.2,895.47 1 1
github.com/engine/server/ai/history_context.go:898.45,900.16 2 1
github.com/engine/server/ai/history_context.go:900.16,902.3 1 1
github.com/engine/server/ai/history_context.go:904.2,905.9 2 1
github.com/engine/server/ai/history_context.go:906.21,907.13 1 1
github.com/engine/server/ai/history_context.go:908.22,909.13 1 1
github.com/engine/server/ai/history_context.go:910.24,911.13 1 1
github.com/engine/server/ai/history_context.go:912.10,913.14 1 1
github.com/engine/server/ai/history_context.go:917.96,918.32 1 1
github.com/engine/server/ai/history_context.go:918.32,920.3 1 1
github.com/engine/server/ai/history_context.go:921.2,921.73 1 1
github.com/engine/server/ai/history_context.go:924.31,925.11 1 1
github.com/engine/server/ai/history_context.go:925.11,927.3 1 1
github.com/engine/server/ai/history_context.go:928.2,928.10 1 1
github.com/engine/server/ai/history_context.go:931.31,932.11 1 1
github.com/engine/server/ai/history_context.go:932.11,934.3 1 1
github.com/engine/server/ai/history_context.go:935.2,935.10 1 1
github.com/engine/server/ai/provider.go:30.40,31.14 1 1
github.com/engine/server/ai/provider.go:32.16,33.27 1 1
github.com/engine/server/ai/provider.go:34.16,35.27 1 1
github.com/engine/server/ai/provider.go:36.10,37.30 1 1
github.com/engine/server/ai/provider.go:53.3,61.2 2 1
github.com/engine/server/ai/provider.go:74.3,82.2 2 1
github.com/engine/server/ai/provider.go:95.3,98.2 2 1
github.com/engine/server/ai/safety.go:18.47,19.55 1 1
github.com/engine/server/ai/safety.go:19.55,21.3 1 1
github.com/engine/server/ai/safety.go:22.2,22.36 1 0
github.com/engine/server/ai/safety.go:25.75,26.41 1 1
github.com/engine/server/ai/safety.go:26.41,28.3 1 1
github.com/engine/server/ai/safety.go:30.2,32.32 3 1
github.com/engine/server/ai/safety.go:32.32,34.3 1 1
github.com/engine/server/ai/safety.go:36.2,37.16 2 1
github.com/engine/server/ai/safety.go:37.16,39.3 1 0
github.com/engine/server/ai/safety.go:40.2,43.16 3 1
github.com/engine/server/ai/safety.go:43.16,45.3 1 0
github.com/engine/server/ai/safety.go:46.2,46.74 1 1
github.com/engine/server/ai/safety.go:46.74,48.3 1 1
github.com/engine/server/ai/safety.go:49.2,49.28 1 1
github.com/engine/server/ai/safety.go:52.80,53.41 1 1
github.com/engine/server/ai/safety.go:53.41,55.3 1 1
github.com/engine/server/ai/safety.go:56.2,56.54 1 1
github.com/engine/server/ai/safety.go:59.76,61.16 2 1
github.com/engine/server/ai/safety.go:61.16,63.3 1 1
github.com/engine/server/ai/safety.go:64.2,65.16 2 1
github.com/engine/server/ai/safety.go:65.16,67.3 1 0
github.com/engine/server/ai/safety.go:68.2,68.17 1 1
github.com/engine/server/ai/safety.go:71.90,73.19 2 1
github.com/engine/server/ai/safety.go:73.19,75.3 1 1
github.com/engine/server/ai/safety.go:77.2,78.73 2 1
github.com/engine/server/ai/safety.go:78.73,80.3 1 1
github.com/engine/server/ai/safety.go:82.2,83.72 2 1
github.com/engine/server/ai/safety.go:83.72,84.49 1 1
github.com/engine/server/ai/safety.go:84.49,85.72 1 1
github.com/engine/server/ai/safety.go:85.72,87.5 1 1
github.com/engine/server/ai/safety.go:91.2,91.43 1 1
github.com/engine/server/ai/safety.go:91.43,92.38 1 1
github.com/engine/server/ai/safety.go:92.38,94.4 1 1
github.com/engine/server/ai/safety.go:97.2,97.22 1 1
github.com/engine/server/ai/secret_scan.go:51.41,56.49 4 1
github.com/engine/server/ai/secret_scan.go:56.49,58.40 1 1
github.com/engine/server/ai/secret_scan.go:58.40,61.12 3 1
github.com/engine/server/ai/secret_scan.go:63.3,63.36 1 1
github.com/engine/server/ai/secret_scan.go:63.36,68.12 4 1
github.com/engine/server/ai/secret_scan.go:72.3,72.70 1 1
github.com/engine/server/ai/secret_scan.go:72.70,73.37 1 1
github.com/engine/server/ai/secret_scan.go:73.37,75.5 1 1
github.com/engine/server/ai/secret_scan.go:76.4,76.12 1 1
github.com/engine/server/ai/secret_scan.go:78.3,81.37 3 1
github.com/engine/server/ai/secret_scan.go:81.37,82.39 1 1
github.com/engine/server/ai/secret_scan.go:82.39,84.80 1 1
github.com/engine/server/ai/secret_scan.go:84.80,85.21 1 1
github.com/engine/server/ai/secret_scan.go:85.21,87.7 1 0
github.com/engine/server/ai/secret_scan.go:88.6,88.65 1 1
github.com/engine/server/ai/secret_scan.go:90.5,95.7 1 1
github.com/engine/server/ai/secret_scan.go:100.2,100.16 1 1
github.com/engine/server/ai/secret_scan.go:104.52,105.23 1 1
github.com/engine/server/ai/secret_scan.go:105.23,107.3 1 1
github.com/engine/server/ai/secret_scan.go:108.2,110.28 3 1
github.com/engine/server/ai/secret_scan.go:110.28,113.3 1 1
github.com/engine/server/ai/secret_scan.go:114.2,116.20 3 1
github.com/engine/server/ai/session_summary.go:20.74,24.16 4 1
github.com/engine/server/ai/session_summary.go:24.16,26.3 1 1
github.com/engine/server/ai/session_summary.go:27.2,27.43 1 1
github.com/engine/server/ai/session_summary.go:30.47,34.29 4 1
github.com/engine/server/ai/session_summary.go:34.29,37.51 3 1
github.com/engine/server/ai/session_summary.go:37.51,38.12 1 1
github.com/engine/server/ai/session_summary.go:40.3,40.34 1 1
github.com/engine/server/ai/session_summary.go:42.2,42.76 1 1
github.com/engine/server/ai/session_summary.go:45.51,46.34 1 1
github.com/engine/server/ai/session_summary.go:46.34,48.3 1 1
github.com/engine/server/ai/session_summary.go:49.2,49.14 1 1
github.com/engine/server/ai/session_summary.go:49.14,51.3 1 1
github.com/engine/server/ai/session_summary.go:52.2,52.48 1 1
github.com/engine/server/ai/session_summary.go:55.51,58.31 3 1
github.com/engine/server/ai/session_summary.go:58.31,60.31 2 1
github.com/engine/server/ai/session_summary.go:60.31,61.12 1 1
github.com/engine/server/ai/session_summary.go:63.3,65.22 3 1
github.com/engine/server/ai/session_summary.go:65.22,66.9 1 1
github.com/engine/server/ai/session_summary.go:69.2,69.14 1 1
github.com/engine/server/ai/session_summary.go:72.62,77.23 4 1
github.com/engine/server/ai/session_summary.go:77.23,79.3 1 1
github.com/engine/server/ai/session_summary.go:80.2,80.24 1 1
github.com/engine/server/ai/session_summary.go:80.24,82.3 1 1
github.com/engine/server/ai/session_summary.go:83.2,83.37 1 1
github.com/engine/server/ai/session_summary.go:86.56,87.23 1 1
github.com/engine/server/ai/session_summary.go:87.23,89.3 1 1
github.com/engine/server/ai/session_summary.go:90.2,90.107 1 1
github.com/engine/server/ai/session_summary.go:90.107,92.3 1 1
github.com/engine/server/ai/session_summary.go:93.2,94.40 2 1
github.com/engine/server/ai/session_summary.go:94.40,96.3 1 1
github.com/engine/server/ai/session_summary.go:97.2,97.18 1 1
github.com/engine/server/ai/session_summary.go:100.60,103.2 2 1
github.com/engine/server/ai/session_summary.go:105.61,107.2 1 1
github.com/engine/server/ai/session_summary.go:109.114,111.83 2 1
github.com/engine/server/ai/session_summary.go:111.83,113.3 1 1
github.com/engine/server/ai/session_summary.go:113.8,113.94 1 1
github.com/engine/server/ai/session_summary.go:113.94,115.3 1 1
github.com/engine/server/ai/session_summary.go:116.2,116.89 1 1
github.com/engine/server/ai/session_summary.go:116.89,118.3 1 1
github.com/engine/server/ai/session_summary.go:119.2,119.63 1 1
github.com/engine/server/ai/session_summary.go:119.63,121.3 1 1
github.com/engine/server/ai/session_summary.go:122.2,122.78 1 1
github.com/engine/server/ai/test_loop.go:20.99,26.2 1 1
github.com/engine/server/ai/test_loop.go:29.106,30.43 1 1
github.com/engine/server/ai/test_loop.go:30.43,32.3 1 1
github.com/engine/server/ai/test_loop.go:34.2,39.4 1 1
github.com/engine/server/ai/test_loop.go:43.64,44.43 1 1
github.com/engine/server/ai/test_loop.go:44.43,46.3 1 1
github.com/engine/server/ai/test_loop.go:48.2,48.36 1 1
github.com/engine/server/ai/test_loop.go:53.64,54.43 1 1
github.com/engine/server/ai/test_loop.go:54.43,56.3 1 1
github.com/engine/server/ai/test_loop.go:58.2,62.20 3 1
github.com/engine/server/ai/test_loop.go:62.20,64.3 1 1
github.com/engine/server/ai/test_loop.go:65.2,81.27 4 1
github.com/engine/server/ai/test_loop.go:81.27,83.3 1 0
github.com/engine/server/ai/test_loop.go:84.2,85.26 2 1
github.com/engine/server/ai/test_loop.go:85.26,87.3 1 1
github.com/engine/server/ai/test_loop.go:88.2,89.47 2 1
github.com/engine/server/ai/test_loop.go:89.47,91.3 1 1
github.com/engine/server/ai/test_loop.go:92.2,103.15 3 1
github.com/engine/server/ai/test_loop.go:107.62,108.16 1 1
github.com/engine/server/ai/test_loop.go:108.16,110.3 1 1
github.com/engine/server/ai/test_loop.go:111.2,114.51 3 1
github.com/engine/server/ai/test_loop.go:114.51,125.3 1 1
github.com/engine/server/ai/test_loop.go:132.84,133.53 1 1
github.com/engine/server/ai/test_loop.go:133.53,136.52 2 1
github.com/engine/server/ai/test_loop.go:136.52,144.4 1 1
github.com/engine/server/ai/test_loop.go:146.3,146.21 1 1
github.com/engine/server/ai/test_loop.go:146.21,155.62 2 1
github.com/engine/server/ai/test_loop.go:155.62,160.5 1 1
github.com/engine/server/ai/test_loop.go:166.47,168.39 2 1
github.com/engine/server/ai/test_loop.go:168.39,170.3 1 1
github.com/engine/server/ai/test_loop.go:172.2,174.30 3 1
github.com/engine/server/ai/test_loop.go:174.30,177.3 1 1
github.com/engine/server/ai/test_loop.go:178.2,178.15 1 1
github.com/engine/server/ai/test_loop.go:182.87,183.32 1 1
github.com/engine/server/ai/test_loop.go:183.32,190.44 2 1
github.com/engine/server/ai/test_loop.go:190.44,195.4 1 1
github.com/engine/server/ai/test_loop.go:201.111,203.16 2 1
github.com/engine/server/ai/test_loop.go:203.16,205.3 1 1
github.com/engine/server/ai/test_loop.go:206.2,206.44 1 1
github.com/engine/server/ai/test_loop.go:206.44,208.3 1 0
github.com/engine/server/ai/test_loop.go:210.2,211.16 2 1
github.com/engine/server/ai/test_loop.go:211.16,213.3 1 1
github.com/engine/server/ai/test_loop.go:215.2,227.56 2 1
github.com/engine/server/ai/test_loop.go:237.68,239.2 1 1
github.com/engine/server/ai/test_orchestrator.go:19.38,25.2 1 1
github.com/engine/server/ai/test_orchestrator.go:28.46,33.23 3 1
github.com/engine/server/ai/test_orchestrator.go:33.23,35.3 1 1
github.com/engine/server/ai/test_orchestrator.go:38.2,38.25 1 1
github.com/engine/server/ai/test_orchestrator.go:38.25,40.3 1 1
github.com/engine/server/ai/test_orchestrator.go:44.50,52.2 1 1
github.com/engine/server/ai/test_orchestrator.go:64.36,68.43 2 1
github.com/engine/server/ai/test_orchestrator.go:68.43,69.28 1 1
github.com/engine/server/ai/test_orchestrator.go:69.28,71.4 1 1
github.com/engine/server/ai/test_orchestrator.go:75.2,75.39 1 1
github.com/engine/server/ai/test_orchestrator.go:75.39,76.26 1 1
github.com/engine/server/ai/test_orchestrator.go:76.26,78.4 1 1
github.com/engine/server/ai/test_orchestrator.go:82.2,82.40 1 1
github.com/engine/server/ai/test_orchestrator.go:82.40,83.39 1 1
github.com/engine/server/ai/test_orchestrator.go:83.39,85.4 1 1
github.com/engine/server/ai/test_orchestrator.go:87.2,87.14 1 1
github.com/engine/server/ai/test_orchestrator.go:91.38,93.42 2 1
github.com/engine/server/ai/test_orchestrator.go:93.42,94.39 1 1
github.com/engine/server/ai/test_orchestrator.go:94.39,96.4 1 1
github.com/engine/server/ai/test_orchestrator.go:98.2,98.41 1 1
github.com/engine/server/ai/test_orchestrator.go:98.41,99.26 1 1
github.com/engine/server/ai/test_orchestrator.go:99.26,101.4 1 0
github.com/engine/server/ai/test_orchestrator.go:103.2,103.14 1 1
github.com/engine/server/ai/test_orchestrator.go:107.41,108.39 1 1
github.com/engine/server/ai/test_orchestrator.go:108.39,109.26 1 1
github.com/engine/server/ai/test_orchestrator.go:109.26,111.4 1 1
github.com/engine/server/ai/test_orchestrator.go:113.2,113.14 1 1
github.com/engine/server/ai/test_orchestrator.go:118.38,120.23 2 1
github.com/engine/server/ai/test_orchestrator.go:120.23,122.32 2 1
github.com/engine/server/ai/test_orchestrator.go:122.32,124.4 1 1
github.com/engine/server/ai/test_orchestrator.go:125.3,125.14 1 1
github.com/engine/server/ai/test_orchestrator.go:127.2,127.11 1 1
github.com/engine/server/ai/test_orchestrator.go:132.40,134.41 2 1
github.com/engine/server/ai/test_orchestrator.go:134.41,135.27 1 1
github.com/engine/server/ai/test_orchestrator.go:135.27,137.4 1 1
github.com/engine/server/ai/test_orchestrator.go:139.2,139.41 1 1
github.com/engine/server/ai/test_orchestrator.go:139.41,140.27 1 1
github.com/engine/server/ai/test_orchestrator.go:140.27,142.4 1 1
github.com/engine/server/ai/test_orchestrator.go:144.2,144.38 1 1
github.com/engine/server/ai/test_orchestrator.go:144.38,145.27 1 1
github.com/engine/server/ai/test_orchestrator.go:145.27,147.4 1 1
github.com/engine/server/ai/test_orchestrator.go:149.2,149.41 1 1
github.com/engine/server/ai/test_orchestrator.go:149.41,150.27 1 1
github.com/engine/server/ai/test_orchestrator.go:150.27,152.4 1 1
github.com/engine/server/ai/test_orchestrator.go:154.2,154.44 1 1
github.com/engine/server/ai/test_orchestrator.go:154.44,155.27 1 1
github.com/engine/server/ai/test_orchestrator.go:155.27,157.4 1 1
github.com/engine/server/ai/test_orchestrator.go:159.2,159.18 1 1
github.com/engine/server/ai/test_orchestrator.go:279.64,282.44 1 1
github.com/engine/server/ai/test_orchestrator.go:282.44,284.4 1 1
github.com/engine/server/ai/test_orchestrator.go:290.79,301.2 2 1
github.com/engine/server/ai/test_orchestrator.go:314.68,321.29 4 1
github.com/engine/server/ai/test_orchestrator.go:321.29,322.60 1 1
github.com/engine/server/ai/test_orchestrator.go:322.60,325.17 2 1
github.com/engine/server/ai/test_orchestrator.go:325.17,327.5 1 1
github.com/engine/server/ai/test_orchestrator.go:328.4,329.24 2 1
github.com/engine/server/ai/test_orchestrator.go:329.24,331.5 1 1
github.com/engine/server/ai/test_orchestrator.go:332.4,332.33 1 1
github.com/engine/server/ai/test_orchestrator.go:332.33,333.33 1 1
github.com/engine/server/ai/test_orchestrator.go:333.33,335.6 1 1
github.com/engine/server/ai/test_orchestrator.go:337.4,337.9 1 1
github.com/engine/server/ai/test_orchestrator.go:341.2,341.29 1 1
github.com/engine/server/ai/test_orchestrator.go:341.29,344.16 2 1
github.com/engine/server/ai/test_orchestrator.go:344.16,346.4 1 1
github.com/engine/server/ai/test_orchestrator.go:347.3,347.32 1 1
github.com/engine/server/ai/test_orchestrator.go:350.2,350.42 1 1
github.com/engine/server/ai/test_orchestrator.go:361.58,367.2 1 1
github.com/engine/server/ai/test_orchestrator.go:370.52,372.2 1 1
github.com/engine/server/ai/test_orchestrator.go:375.68,378.2 2 1
github.com/engine/server/ai/test_orchestrator.go:381.75,387.26 5 1
github.com/engine/server/ai/test_orchestrator.go:387.26,389.3 1 1
github.com/engine/server/ai/test_orchestrator.go:389.8,391.3 1 1
github.com/engine/server/ai/test_orchestrator.go:393.2,398.24 5 1
github.com/engine/server/ai/test_orchestrator.go:409.56,418.2 2 1
github.com/engine/server/ai/test_orchestrator.go:421.57,428.35 5 1
github.com/engine/server/ai/test_orchestrator.go:428.35,429.69 1 1
github.com/engine/server/ai/test_orchestrator.go:429.69,431.9 2 1
github.com/engine/server/ai/test_orchestrator.go:436.2,437.58 2 1
github.com/engine/server/ai/test_orchestrator.go:437.58,439.3 1 1
github.com/engine/server/ai/test_orchestrator.go:441.2,441.29 1 1
github.com/engine/server/ai/test_orchestrator.go:441.29,443.43 1 1
github.com/engine/server/ai/test_orchestrator.go:443.43,445.4 1 1
github.com/engine/server/ai/test_orchestrator.go:452.2,453.34 2 1
github.com/engine/server/ai/test_orchestrator.go:453.34,454.37 1 1
github.com/engine/server/ai/test_orchestrator.go:454.37,456.4 1 1
github.com/engine/server/ai/test_orchestrator.go:460.2,460.43 1 1
github.com/engine/server/ai/test_orchestrator.go:464.37,474.2 2 1
github.com/engine/server/ai/worktree_session.go:14.58,18.2 3 1
github.com/engine/server/ai/worktree_session.go:20.35,23.2 2 1
github.com/engine/server/ai/worktree_session.go:26.49,29.18 2 1
github.com/engine/server/ai/worktree_session.go:29.18,31.3 1 1
github.com/engine/server/ai/worktree_session.go:32.2,32.45 1 1
github.com/engine/server/ai/worktree_session.go:40.72,44.43 2 1
github.com/engine/server/ai/worktree_session.go:44.43,46.3 1 1
github.com/engine/server/ai/worktree_session.go:49.2,49.68 1 1
github.com/engine/server/ai/worktree_session.go:49.68,52.3 1 1
github.com/engine/server/ai/worktree_session.go:54.2,57.65 2 1
github.com/engine/server/ai/worktree_session.go:57.65,59.3 1 0
github.com/engine/server/ai/worktree_session.go:61.2,61.75 1 1
github.com/engine/server/ai/worktree_session.go:61.75,64.3 1 0
github.com/engine/server/ai/worktree_session.go:66.2,66.20 1 1
github.com/engine/server/ai/worktree_session.go:73.75,76.43 2 1
github.com/engine/server/ai/worktree_session.go:76.43,79.3 1 1
github.com/engine/server/ai/worktree_session.go:81.2,83.11 2 1
github.com/engine/server/ai/worktree_session.go:83.11,85.62 2 1
github.com/engine/server/ai/worktree_session.go:85.62,87.4 1 0
github.com/engine/server/ai/worktree_session.go:88.3,89.67 1 1
github.com/engine/server/ai/worktree_session.go:89.67,91.4 1 0
github.com/engine/server/ai/worktree_session.go:94.2,94.63 1 1
github.com/engine/server/ai/worktree_session.go:94.63,96.3 1 0
github.com/engine/server/ai/worktree_session.go:98.2,98.12 1 1
github.com/engine/server/ai/worktree_session.go:102.57,104.2 1 1
github.com/engine/server/discord/service.go:75.53,85.16 3 1
github.com/engine/server/discord/service.go:85.16,87.3 1 1
github.com/engine/server/discord/service.go:88.2,88.12 1 1
github.com/engine/server/discord/service.go:88.12,90.3 1 1
github.com/engine/server/discord/service.go:91.2,93.18 2 1
github.com/engine/server/discord/service.go:93.18,95.3 1 1
github.com/engine/server/discord/service.go:96.2,96.24 1 1
github.com/engine/server/discord/service.go:96.24,98.3 1 1
github.com/engine/server/discord/service.go:99.2,99.23 1 1
github.com/engine/server/discord/service.go:99.23,101.3 1 1
github.com/engine/server/discord/service.go:102.2,102.32 1 1
github.com/engine/server/discord/service.go:102.32,104.3 1 1
github.com/engine/server/discord/service.go:105.2,105.59 1 1
github.com/engine/server/discord/service.go:105.59,107.3 1 0
github.com/engine/server/discord/service.go:108.2,108.17 1 1
github.com/engine/server/discord/service.go:111.70,114.16 3 1
github.com/engine/server/discord/service.go:114.16,115.25 1 1
github.com/engine/server/discord/service.go:115.25,117.4 1 1
github.com/engine/server/discord/service.go:118.3,118.73 1 0
github.com/engine/server/discord/service.go:121.2,122.51 2 1
github.com/engine/server/discord/service.go:122.51,124.3 1 1
github.com/engine/server/discord/service.go:125.2,125.23 1 1
github.com/engine/server/discord/service.go:128.53,129.26 1 1
github.com/engine/server/discord/service.go:129.26,131.3 1 1
github.com/engine/server/discord/service.go:132.2,132.61 1 1
github.com/engine/server/discord/service.go:132.61,134.3 1 1
github.com/engine/server/discord/service.go:135.2,135.60 1 1
github.com/engine/server/discord/service.go:135.60,137.3 1 1
github.com/engine/server/discord/service.go:138.2,138.35 1 1
github.com/engine/server/discord/service.go:138.35,140.3 1 1
github.com/engine/server/discord/service.go:141.2,141.66 1 1
github.com/engine/server/discord/service.go:141.66,143.3 1 1
github.com/engine/server/discord/service.go:144.2,144.71 1 1
github.com/engine/server/discord/service.go:144.71,146.3 1 1
github.com/engine/server/discord/service.go:147.2,147.64 1 1
github.com/engine/server/discord/service.go:147.64,149.3 1 0
github.com/engine/server/discord/service.go:152.37,153.69 1 1
github.com/engine/server/discord/service.go:153.69,155.3 1 1
github.com/engine/server/discord/service.go:156.2,156.84 1 1
github.com/engine/server/discord/service.go:156.84,158.3 1 1
github.com/engine/server/discord/service.go:159.2,159.83 1 1
github.com/engine/server/discord/service.go:159.83,161.3 1 1
github.com/engine/server/discord/service.go:162.2,162.91 1 1
github.com/engine/server/discord/service.go:162.91,164.3 1 1
github.com/engine/server/discord/service.go:165.2,165.81 1 1
github.com/engine/server/discord/service.go:165.81,167.3 1 1
github.com/engine/server/discord/service.go:168.2,168.90 1 1
github.com/engine/server/discord/service.go:168.90,170.3 1 1
github.com/engine/server/discord/service.go:171.2,171.76 1 1
github.com/engine/server/discord/service.go:171.76,173.3 1 0
github.com/engine/server/discord/service.go:176.49,178.17 2 1
github.com/engine/server/discord/service.go:178.17,180.3 1 1
github.com/engine/server/discord/service.go:181.2,181.15 1 1
github.com/engine/server/discord/service.go:182.32,183.20 1 1
github.com/engine/server/discord/service.go:184.33,185.21 1 1
github.com/engine/server/discord/service.go:186.10,187.22 1 1
github.com/engine/server/discord/service.go:191.48,193.2 1 1
github.com/engine/server/discord/service.go:196.67,205.17 2 1
github.com/engine/server/discord/service.go:205.17,206.39 1 1
github.com/engine/server/discord/service.go:206.39,208.4 1 0
github.com/engine/server/discord/service.go:210.2,210.15 1 1
github.com/engine/server/discord/service.go:214.33,215.20 1 1
github.com/engine/server/discord/service.go:215.20,217.3 1 1
github.com/engine/server/discord/service.go:219.2,220.16 2 1
github.com/engine/server/discord/service.go:220.16,222.3 1 0
github.com/engine/server/discord/service.go:224.2,228.34 4 1
github.com/engine/server/discord/service.go:228.34,230.3 1 1
github.com/engine/server/discord/service.go:231.2,233.12 3 0
github.com/engine/server/discord/service.go:237.33,238.17 1 1
github.com/engine/server/discord/service.go:238.17,240.3 1 1
github.com/engine/server/discord/service.go:241.2,241.21 1 1
github.com/engine/server/discord/service.go:244.69,245.52 1 1
github.com/engine/server/discord/service.go:245.52,247.3 1 1
github.com/engine/server/discord/service.go:250.79,251.49 1 1
github.com/engine/server/discord/service.go:251.49,253.3 1 1
github.com/engine/server/discord/service.go:254.2,254.51 1 1
github.com/engine/server/discord/service.go:254.51,256.3 1 1
github.com/engine/server/discord/service.go:257.2,257.35 1 1
github.com/engine/server/discord/service.go:257.35,259.3 1 1
github.com/engine/server/discord/service.go:264.2,267.9 3 1
github.com/engine/server/discord/service.go:267.9,269.3 1 1
github.com/engine/server/discord/service.go:271.2,271.13 1 1
github.com/engine/server/discord/service.go:272.14,273.26 1 1
github.com/engine/server/discord/service.go:274.17,275.34 1 0
github.com/engine/server/discord/service.go:276.18,277.30 1 1
github.com/engine/server/discord/service.go:278.16,279.33 1 1
github.com/engine/server/discord/service.go:280.18,281.35 1 1
github.com/engine/server/discord/service.go:282.20,283.37 1 1
github.com/engine/server/discord/service.go:284.15,285.37 1 1
github.com/engine/server/discord/service.go:286.16,287.38 1 1
github.com/engine/server/discord/service.go:288.13,289.30 1 1
github.com/engine/server/discord/service.go:290.16,291.33 1 1
github.com/engine/server/discord/service.go:292.17,293.34 1 1
github.com/engine/server/discord/service.go:294.10,295.53 1 1
github.com/engine/server/discord/service.go:299.83,300.20 1 1
github.com/engine/server/discord/service.go:300.20,303.3 2 1
github.com/engine/server/discord/service.go:305.2,306.13 2 1
github.com/engine/server/discord/service.go:307.13,308.20 1 1
github.com/engine/server/discord/service.go:308.20,311.4 2 1
github.com/engine/server/discord/service.go:312.3,312.80 1 1
github.com/engine/server/discord/service.go:312.80,314.4 1 1
github.com/engine/server/discord/service.go:315.14,316.30 1 1
github.com/engine/server/discord/service.go:317.16,318.20 1 1
github.com/engine/server/discord/service.go:318.20,321.4 2 1
github.com/engine/server/discord/service.go:322.3,322.63 1 1
github.com/engine/server/discord/service.go:322.63,324.4 1 1
github.com/engine/server/discord/service.go:325.10,326.73 1 1
github.com/engine/server/discord/service.go:330.77,332.17 2 1
github.com/engine/server/discord/service.go:332.17,334.3 1 1
github.com/engine/server/discord/service.go:335.2,336.16 2 1
github.com/engine/server/discord/service.go:336.16,338.3 1 0
github.com/engine/server/discord/service.go:339.2,339.56 1 1
github.com/engine/server/discord/service.go:339.56,341.3 1 1
github.com/engine/server/discord/service.go:343.2,346.16 4 1
github.com/engine/server/discord/service.go:346.16,348.3 1 0
github.com/engine/server/discord/service.go:350.2,358.38 4 1
github.com/engine/server/discord/service.go:358.38,360.3 1 0
github.com/engine/server/discord/service.go:362.2,365.12 4 1
github.com/engine/server/discord/service.go:368.68,370.15 2 1
github.com/engine/server/discord/service.go:370.15,372.3 1 1
github.com/engine/server/discord/service.go:374.2,375.9 2 1
github.com/engine/server/discord/service.go:375.9,377.3 1 1
github.com/engine/server/discord/service.go:379.2,382.38 4 1
github.com/engine/server/discord/service.go:382.38,384.3 1 0
github.com/engine/server/discord/service.go:386.2,387.12 2 1
github.com/engine/server/discord/service.go:390.50,393.37 3 1
github.com/engine/server/discord/service.go:393.37,395.3 1 1
github.com/engine/server/discord/service.go:396.2,398.24 2 1
github.com/engine/server/discord/service.go:398.24,401.3 2 1
github.com/engine/server/discord/service.go:403.2,403.43 1 1
github.com/engine/server/discord/service.go:403.43,403.97 1 1
github.com/engine/server/discord/service.go:404.2,406.29 3 1
github.com/engine/server/discord/service.go:406.29,408.15 2 1
github.com/engine/server/discord/service.go:408.15,410.4 1 1
github.com/engine/server/discord/service.go:411.3,411.85 1 1
github.com/engine/server/discord/service.go:413.2,413.31 1 1
github.com/engine/server/discord/service.go:416.82,418.9 2 1
github.com/engine/server/discord/service.go:418.9,421.3 2 1
github.com/engine/server/discord/service.go:423.2,424.16 2 1
github.com/engine/server/discord/service.go:424.16,427.3 2 0
github.com/engine/server/discord/service.go:428.2,439.26 2 1
github.com/engine/server/discord/service.go:442.84,444.9 2 1
github.com/engine/server/discord/service.go:444.9,447.3 2 1
github.com/engine/server/discord/service.go:449.2,450.16 2 1
github.com/engine/server/discord/service.go:450.16,453.3 2 0
github.com/engine/server/discord/service.go:454.2,454.24 1 1
github.com/engine/server/discord/service.go:454.24,457.3 2 1
github.com/engine/server/discord/service.go:459.2,460.15 2 1
github.com/engine/server/discord/service.go:460.15,462.3 1 1
github.com/engine/server/discord/service.go:463.2,465.29 3 1
github.com/engine/server/discord/service.go:465.29,468.20 3 1
github.com/engine/server/discord/service.go:468.20,470.4 1 1
github.com/engine/server/discord/service.go:471.3,471.25 1 1
github.com/engine/server/discord/service.go:471.25,473.4 1 0
github.com/engine/server/discord/service.go:474.3,474.101 1 1
github.com/engine/server/discord/service.go:476.2,476.33 1 1
github.com/engine/server/discord/service.go:479.86,481.9 2 1
github.com/engine/server/discord/service.go:481.9,484.3 2 1
github.com/engine/server/discord/service.go:486.2,487.37 2 1
github.com/engine/server/discord/service.go:487.37,490.3 2 1
github.com/engine/server/discord/service.go:491.2,492.107 2 0
github.com/engine/server/discord/service.go:495.92,497.9 2 1
github.com/engine/server/discord/service.go:497.9,500.3 2 1
github.com/engine/server/discord/service.go:502.2,507.38 6 1
github.com/engine/server/discord/service.go:507.38,510.3 2 0
github.com/engine/server/discord/service.go:512.2,512.11 1 1
github.com/engine/server/discord/service.go:512.11,514.3 1 1
github.com/engine/server/discord/service.go:514.8,516.3 1 1
github.com/engine/server/discord/service.go:519.79,520.20 1 1
github.com/engine/server/discord/service.go:520.20,523.3 2 1
github.com/engine/server/discord/service.go:525.2,526.9 2 1
github.com/engine/server/discord/service.go:526.9,529.3 2 1
github.com/engine/server/discord/service.go:530.2,530.37 1 1
github.com/engine/server/discord/service.go:530.37,533.3 2 0
github.com/engine/server/discord/service.go:534.2,534.20 1 1
github.com/engine/server/discord/service.go:534.20,537.3 2 1
github.com/engine/server/discord/service.go:543.2,544.16 2 1
github.com/engine/server/discord/service.go:544.16,547.3 2 1
github.com/engine/server/discord/service.go:548.2,551.25 3 0
github.com/engine/server/discord/service.go:551.25,555.3 3 0
github.com/engine/server/discord/service.go:556.2,560.12 4 0
github.com/engine/server/discord/service.go:560.12,561.16 1 0
github.com/engine/server/discord/service.go:561.16,565.4 3 0
github.com/engine/server/discord/service.go:567.3,578.45 6 0
github.com/engine/server/discord/service.go:578.45,579.49 1 0
github.com/engine/server/discord/service.go:579.49,581.6 1 0
github.com/engine/server/discord/service.go:582.5,584.19 3 0
github.com/engine/server/discord/service.go:586.53,586.54 0 0
github.com/engine/server/discord/service.go:587.61,587.62 0 0
github.com/engine/server/discord/service.go:588.39,588.75 1 0
github.com/engine/server/discord/service.go:589.43,589.44 0 0
github.com/engine/server/discord/service.go:590.78,596.5 5 0
github.com/engine/server/discord/service.go:599.3,599.39 1 0
github.com/engine/server/discord/service.go:599.39,602.4 2 0
github.com/engine/server/discord/service.go:604.3,607.19 4 0
github.com/engine/server/discord/service.go:607.19,609.4 1 0
github.com/engine/server/discord/service.go:611.3,611.72 1 0
github.com/engine/server/discord/service.go:611.72,613.4 1 0
github.com/engine/server/discord/service.go:621.128,622.17 1 1
github.com/engine/server/discord/service.go:622.17,624.3 1 1
github.com/engine/server/discord/service.go:627.2,628.45 2 1
github.com/engine/server/discord/service.go:628.45,631.69 3 1
github.com/engine/server/discord/service.go:631.69,633.4 1 1
github.com/engine/server/discord/service.go:634.3,635.17 2 1
github.com/engine/server/discord/service.go:635.17,637.4 1 0
github.com/engine/server/discord/service.go:638.3,638.34 1 1
github.com/engine/server/discord/service.go:642.2,644.16 3 0
github.com/engine/server/discord/service.go:644.16,646.3 1 0
github.com/engine/server/discord/service.go:647.2,648.16 2 0
github.com/engine/server/discord/service.go:648.16,650.3 1 0
github.com/engine/server/discord/service.go:653.2,654.34 2 0
github.com/engine/server/discord/service.go:657.96,660.66 3 1
github.com/engine/server/discord/service.go:660.66,662.3 1 0
github.com/engine/server/discord/service.go:663.2,663.74 1 1
github.com/engine/server/discord/service.go:663.74,665.3 1 0
github.com/engine/server/discord/service.go:666.2,666.90 1 1
github.com/engine/server/discord/service.go:666.90,668.3 1 0
github.com/engine/server/discord/service.go:669.2,669.16 1 1
github.com/engine/server/discord/service.go:672.82,673.20 1 1
github.com/engine/server/discord/service.go:673.20,676.3 2 1
github.com/engine/server/discord/service.go:677.2,679.8 3 1
github.com/engine/server/discord/service.go:679.8,681.3 1 1
github.com/engine/server/discord/service.go:682.2,684.16 3 1
github.com/engine/server/discord/service.go:684.16,687.3 2 1
github.com/engine/server/discord/service.go:688.2,688.20 1 0
github.com/engine/server/discord/service.go:688.20,691.3 2 0
github.com/engine/server/discord/service.go:692.2,694.25 3 0
github.com/engine/server/discord/service.go:694.25,701.3 1 0
github.com/engine/server/discord/service.go:702.2,702.67 1 0
github.com/engine/server/discord/service.go:705.83,707.20 2 1
github.com/engine/server/discord/service.go:707.20,708.59 1 1
github.com/engine/server/discord/service.go:708.59,710.4 1 1
github.com/engine/server/discord/service.go:712.2,715.17 4 1
github.com/engine/server/discord/service.go:715.17,716.84 1 0
github.com/engine/server/discord/service.go:716.84,718.4 1 0
github.com/engine/server/discord/service.go:720.2,720.69 1 1
github.com/engine/server/discord/service.go:720.69,722.3 1 1
github.com/engine/server/discord/service.go:723.2,724.16 2 1
github.com/engine/server/discord/service.go:724.16,727.3 2 0
github.com/engine/server/discord/service.go:728.2,728.20 1 1
github.com/engine/server/discord/service.go:728.20,731.3 2 1
github.com/engine/server/discord/service.go:732.2,734.38 3 1
github.com/engine/server/discord/service.go:734.38,741.3 2 1
github.com/engine/server/discord/service.go:742.2,742.67 1 1
github.com/engine/server/discord/service.go:747.61,752.21 5 1
github.com/engine/server/discord/service.go:752.21,755.3 2 1
github.com/engine/server/discord/service.go:756.2,757.74 2 1
github.com/engine/server/discord/service.go:757.74,759.3 1 1
github.com/engine/server/discord/service.go:760.2,771.4 1 1
github.com/engine/server/discord/service.go:774.82,780.21 6 1
github.com/engine/server/discord/service.go:780.21,782.3 1 1
github.com/engine/server/discord/service.go:783.2,792.4 1 1
github.com/engine/server/discord/service.go:798.70,799.55 1 1
github.com/engine/server/discord/service.go:799.55,801.3 1 1
github.com/engine/server/discord/service.go:802.2,802.34 1 1
github.com/engine/server/discord/service.go:802.34,804.3 1 1
github.com/engine/server/discord/service.go:805.2,805.67 1 1
github.com/engine/server/discord/service.go:805.67,808.3 2 1
github.com/engine/server/discord/service.go:809.2,809.51 1 1
github.com/engine/server/discord/service.go:814.73,815.55 1 1
github.com/engine/server/discord/service.go:815.55,817.3 1 1
github.com/engine/server/discord/service.go:818.2,819.29 2 1
github.com/engine/server/discord/service.go:819.29,821.3 1 1
github.com/engine/server/discord/service.go:822.2,822.18 1 1
github.com/engine/server/discord/service.go:822.18,824.3 1 1
github.com/engine/server/discord/service.go:825.2,825.18 1 1
github.com/engine/server/discord/service.go:828.94,829.39 1 1
github.com/engine/server/discord/service.go:829.39,830.75 1 1
github.com/engine/server/discord/service.go:830.75,832.4 1 1
github.com/engine/server/discord/service.go:835.2,835.40 1 1
github.com/engine/server/discord/service.go:835.40,838.38 3 1
github.com/engine/server/discord/service.go:838.38,839.32 1 1
github.com/engine/server/discord/service.go:839.32,841.5 1 1
github.com/engine/server/discord/service.go:844.2,844.15 1 1
github.com/engine/server/discord/service.go:847.43,851.2 1 1
github.com/engine/server/discord/service.go:853.44,856.23 3 1
github.com/engine/server/discord/service.go:856.23,858.3 1 1
github.com/engine/server/discord/service.go:859.2,859.19 1 1
github.com/engine/server/discord/service.go:859.19,861.3 1 1
github.com/engine/server/discord/service.go:862.2,862.40 1 1
github.com/engine/server/discord/service.go:865.48,867.43 2 1
github.com/engine/server/discord/service.go:867.43,868.25 1 1
github.com/engine/server/discord/service.go:868.25,870.4 1 1
github.com/engine/server/discord/service.go:871.3,871.24 1 1
github.com/engine/server/discord/service.go:873.2,873.12 1 1
github.com/engine/server/discord/service.go:873.12,875.3 1 1
github.com/engine/server/discord/service.go:876.2,876.15 1 1
github.com/engine/server/discord/service.go:879.34,881.16 2 1
github.com/engine/server/discord/service.go:881.16,883.3 1 1
github.com/engine/server/discord/service.go:884.2,884.32 1 1
github.com/engine/server/discord/service.go:887.49,888.35 1 1
github.com/engine/server/discord/service.go:888.35,889.25 1 1
github.com/engine/server/discord/service.go:889.25,891.4 1 1
github.com/engine/server/discord/service.go:892.3,892.16 1 1
github.com/engine/server/discord/service.go:894.2,894.13 1 1
github.com/engine/server/discord/service.go:897.41,898.31 1 1
github.com/engine/server/discord/service.go:898.31,900.3 1 1
github.com/engine/server/discord/service.go:901.2,901.29 1 1
github.com/engine/server/discord/service.go:904.100,905.55 1 1
github.com/engine/server/discord/service.go:905.55,907.3 1 1
github.com/engine/server/discord/service.go:908.2,908.20 1 1
github.com/engine/server/discord/service.go:908.20,910.3 1 1
github.com/engine/server/discord/service.go:911.2,912.14 2 1
github.com/engine/server/discord/service.go:915.100,916.55 1 1
github.com/engine/server/discord/service.go:916.55,918.3 1 1
github.com/engine/server/discord/service.go:919.2,919.19 1 1
github.com/engine/server/discord/service.go:919.19,921.3 1 1
github.com/engine/server/discord/service.go:922.2,923.9 2 1
github.com/engine/server/discord/service.go:923.9,925.3 1 1
github.com/engine/server/discord/service.go:926.2,926.45 1 1
github.com/engine/server/discord/service.go:929.84,930.40 1 1
github.com/engine/server/discord/service.go:930.40,932.3 1 1
github.com/engine/server/discord/service.go:934.2,936.37 3 1
github.com/engine/server/discord/service.go:936.37,937.31 1 1
github.com/engine/server/discord/service.go:937.31,939.4 1 1
github.com/engine/server/discord/service.go:942.2,942.17 1 1
github.com/engine/server/discord/service.go:942.17,944.3 1 1
github.com/engine/server/discord/service.go:946.2,947.69 2 1
github.com/engine/server/discord/service.go:947.69,949.3 1 0
github.com/engine/server/discord/service.go:950.2,950.37 1 1
github.com/engine/server/discord/service.go:950.37,951.33 1 1
github.com/engine/server/discord/service.go:951.33,953.4 1 1
github.com/engine/server/discord/service.go:955.2,955.32 1 0
github.com/engine/server/discord/service.go:958.82,962.40 4 1
github.com/engine/server/discord/service.go:962.40,963.120 1 1
github.com/engine/server/discord/service.go:963.120,965.4 1 1
github.com/engine/server/discord/service.go:967.2,967.36 1 1
github.com/engine/server/discord/service.go:970.58,974.22 4 1
github.com/engine/server/discord/service.go:974.22,975.53 1 1
github.com/engine/server/discord/service.go:975.53,977.4 1 1
github.com/engine/server/discord/service.go:980.2,981.16 2 1
github.com/engine/server/discord/service.go:981.16,983.3 1 1
github.com/engine/server/discord/service.go:984.2,984.30 1 1
github.com/engine/server/discord/service.go:984.30,985.87 1 0
github.com/engine/server/discord/service.go:985.87,991.4 5 0
github.com/engine/server/discord/service.go:994.2,995.16 2 1
github.com/engine/server/discord/service.go:995.16,997.3 1 0
github.com/engine/server/discord/service.go:998.2,1001.38 4 1
github.com/engine/server/discord/service.go:1001.38,1003.3 1 0
github.com/engine/server/discord/service.go:1004.2,1005.19 2 1
github.com/engine/server/discord/service.go:1008.81,1010.16 2 1
github.com/engine/server/discord/service.go:1010.16,1012.3 1 0
github.com/engine/server/discord/service.go:1013.2,1013.30 1 1
github.com/engine/server/discord/service.go:1013.30,1014.67 1 1
github.com/engine/server/discord/service.go:1014.67,1016.4 1 1
github.com/engine/server/discord/service.go:1018.2,1018.85 1 1
github.com/engine/server/discord/service.go:1021.47,1022.55 1 1
github.com/engine/server/discord/service.go:1022.55,1024.3 1 1
github.com/engine/server/discord/service.go:1025.2,1025.34 1 1
github.com/engine/server/discord/service.go:1025.34,1027.3 1 1
github.com/engine/server/discord/service.go:1028.2,1028.67 1 1
github.com/engine/server/discord/service.go:1028.67,1031.3 2 1
github.com/engine/server/discord/service.go:1032.2,1032.49 1 1
github.com/engine/server/discord/service.go:1035.46,1053.2 2 1
github.com/engine/server/discord/service.go:1055.38,1057.2 1 1
github.com/engine/server/discord/service.go:1059.37,1062.16 3 1
github.com/engine/server/discord/service.go:1062.16,1063.25 1 1
github.com/engine/server/discord/service.go:1063.25,1065.4 1 1
github.com/engine/server/discord/service.go:1066.3,1066.51 1 0
github.com/engine/server/discord/service.go:1068.2,1069.50 2 1
github.com/engine/server/discord/service.go:1069.50,1071.3 1 1
github.com/engine/server/discord/service.go:1072.2,1072.24 1 1
github.com/engine/server/discord/service.go:1072.24,1074.3 1 1
github.com/engine/server/discord/service.go:1075.2,1076.12 2 1
github.com/engine/server/discord/service.go:1079.37,1083.16 4 1
github.com/engine/server/discord/service.go:1083.16,1085.3 1 0
github.com/engine/server/discord/service.go:1086.2,1086.48 1 1
github.com/engine/server/discord/service.go:1089.53,1092.2 2 1
github.com/engine/server/discord/service.go:1094.56,1096.37 2 1
github.com/engine/server/discord/service.go:1096.37,1098.3 1 1
github.com/engine/server/discord/service.go:1099.2,1101.66 3 1
github.com/engine/server/discord/service.go:1101.66,1103.3 1 0
github.com/engine/server/discord/service.go:1104.2,1104.74 1 1
github.com/engine/server/discord/service.go:1104.74,1106.3 1 0
github.com/engine/server/discord/service.go:1107.2,1107.16 1 1
github.com/engine/server/discord/service.go:1110.75,1112.16 2 1
github.com/engine/server/discord/service.go:1112.16,1114.3 1 1
github.com/engine/server/discord/service.go:1115.2,1115.38 1 1
github.com/engine/server/discord/service.go:1115.38,1117.3 1 1
github.com/engine/server/discord/service.go:1118.2,1119.16 2 1
github.com/engine/server/discord/service.go:1119.16,1121.3 1 1
github.com/engine/server/discord/service.go:1122.2,1123.21 2 1
github.com/engine/server/discord/service.go:1123.21,1125.3 1 0
github.com/engine/server/discord/service.go:1126.2,1128.20 3 1
github.com/engine/server/discord/service.go:1128.20,1130.3 1 1
github.com/engine/server/discord/service.go:1131.2,1131.24 1 1
github.com/engine/server/discord/service.go:1134.31,1136.17 2 1
github.com/engine/server/discord/service.go:1136.17,1138.3 1 1
github.com/engine/server/discord/service.go:1139.2,1141.26 3 1
github.com/engine/server/discord/service.go:1141.26,1144.23 3 1
github.com/engine/server/discord/service.go:1144.23,1147.12 3 1
github.com/engine/server/discord/service.go:1149.3,1149.16 1 1
github.com/engine/server/discord/service.go:1149.16,1152.4 2 1
github.com/engine/server/discord/service.go:1154.2,1155.18 2 1
github.com/engine/server/discord/service.go:1155.18,1157.3 1 0
github.com/engine/server/discord/service.go:1158.2,1158.15 1 1
github.com/engine/server/discord/service.go:1161.53,1163.19 2 1
github.com/engine/server/discord/service.go:1163.19,1165.3 1 0
github.com/engine/server/discord/service.go:1166.2,1166.25 1 1
github.com/engine/server/discord/service.go:1166.25,1168.3 1 0
github.com/engine/server/discord/service.go:1170.2,1172.22 3 1
github.com/engine/server/discord/service.go:1172.22,1174.18 2 1
github.com/engine/server/discord/service.go:1174.18,1176.4 1 1
github.com/engine/server/discord/service.go:1177.3,1178.39 2 1
github.com/engine/server/discord/service.go:1180.2,1180.16 1 1
github.com/engine/server/discord/service.go:1180.16,1182.3 1 1
github.com/engine/server/discord/service.go:1183.2,1183.14 1 1
github.com/engine/server/discord/service.go:1186.46,1188.2 1 1
github.com/engine/server/discord/service.go:1190.53,1192.30 2 1
github.com/engine/server/discord/service.go:1192.30,1194.14 2 1
github.com/engine/server/discord/service.go:1194.14,1196.4 1 1
github.com/engine/server/discord/service.go:1198.2,1198.15 1 1
github.com/engine/server/discord/service.go:1201.42,1202.82 1 1
github.com/engine/server/discord/service.go:1202.82,1204.3 1 1
github.com/engine/server/discord/service.go:1205.2,1205.42 1 1
github.com/engine/server/discord/service.go:1205.42,1207.3 1 1
github.com/engine/server/discord/service.go:1208.2,1208.73 1 1
github.com/engine/server/discord/service.go:1208.73,1210.3 1 1
github.com/engine/server/discord/service.go:1211.2,1211.67 1 0
github.com/engine/server/discord/service.go:1211.67,1213.3 1 0
github.com/engine/server/discord/service.go:1214.2,1214.38 1 0
github.com/engine/server/discord/service.go:1217.32,1219.22 2 1
github.com/engine/server/discord/service.go:1219.22,1221.3 1 1
github.com/engine/server/discord/service.go:1222.2,1222.19 1 1
github.com/engine/server/discord/service.go:1225.49,1226.15 1 1
github.com/engine/server/discord/service.go:1226.15,1228.3 1 1
github.com/engine/server/discord/service.go:1229.2,1229.10 1 1
github.com/engine/server/discord/service.go:1247.44,1253.18 2 1
github.com/engine/server/discord/service.go:1253.18,1257.3 3 1
github.com/engine/server/discord/service.go:1258.2,1258.43 1 1
github.com/engine/server/discord/service.go:1258.43,1260.3 1 1
github.com/engine/server/discord/service.go:1261.2,1261.42 1 1
github.com/engine/server/discord/service.go:1261.42,1263.3 1 1
github.com/engine/server/discord/service.go:1264.2,1264.32 1 1
github.com/engine/server/discord/service.go:1264.32,1266.3 1 1
github.com/engine/server/discord/service.go:1267.2,1267.28 1 1
github.com/engine/server/discord/service.go:1267.28,1269.3 1 1
github.com/engine/server/discord/service.go:1271.2,1272.16 2 1
github.com/engine/server/discord/service.go:1272.16,1275.3 2 0
github.com/engine/server/discord/service.go:1276.2,1276.34 1 1
github.com/engine/server/discord/service.go:1276.34,1279.3 2 1
github.com/engine/server/discord/service.go:1280.2,1282.40 2 0
github.com/engine/server/discord/service.go:1282.40,1284.3 1 0
github.com/engine/server/discord/service.go:1286.2,1287.16 2 0
github.com/engine/server/discord/service.go:1287.16,1290.3 2 0
github.com/engine/server/discord/service.go:1291.2,1294.39 2 0
github.com/engine/server/discord/service.go:1294.39,1295.64 1 0
github.com/engine/server/discord/service.go:1295.64,1297.4 1 0
github.com/engine/server/discord/service.go:1300.2,1301.15 2 0
github.com/engine/server/discord/service.go:1306.44,1309.17 3 1
github.com/engine/server/discord/service.go:1309.17,1310.39 1 1
github.com/engine/server/discord/service.go:1310.39,1312.4 1 1
github.com/engine/server/discord/service.go:1313.3,1313.19 1 0
github.com/engine/server/discord/service.go:1315.2,1315.12 1 1
github.com/engine/server/discord/service.go:1320.109,1322.2 1 1
github.com/engine/server/discord/service.go:1326.110,1328.2 1 1
github.com/engine/server/discord/service.go:1331.42,1333.2 1 1
github.com/engine/server/discord/service.go:1337.56,1339.62 2 1
github.com/engine/server/discord/service.go:1339.62,1341.3 1 1
github.com/engine/server/discord/service.go:1342.2,1343.35 2 1
github.com/engine/server/discord/service.go:1343.35,1345.3 1 1
github.com/engine/server/discord/service.go:1346.2,1358.16 5 1
github.com/engine/server/discord/service.go:1358.16,1360.3 1 0
github.com/engine/server/discord/service.go:1361.2,1361.39 1 1
