mode: atomic
github.com/engine/server/discord/service.go:75.53,85.16 3 10
github.com/engine/server/discord/service.go:85.16,87.3 1 2
github.com/engine/server/discord/service.go:88.2,88.12 1 8
github.com/engine/server/discord/service.go:88.12,90.3 1 3
github.com/engine/server/discord/service.go:91.2,93.18 2 8
github.com/engine/server/discord/service.go:93.18,95.3 1 3
github.com/engine/server/discord/service.go:96.2,96.24 1 5
github.com/engine/server/discord/service.go:96.24,98.3 1 1
github.com/engine/server/discord/service.go:99.2,99.23 1 4
github.com/engine/server/discord/service.go:99.23,101.3 1 1
github.com/engine/server/discord/service.go:102.2,102.32 1 3
github.com/engine/server/discord/service.go:102.32,104.3 1 1
github.com/engine/server/discord/service.go:105.2,106.17 2 2
github.com/engine/server/discord/service.go:109.70,112.16 3 10
github.com/engine/server/discord/service.go:112.16,113.25 1 6
github.com/engine/server/discord/service.go:113.25,115.4 1 5
github.com/engine/server/discord/service.go:116.3,116.73 1 1
github.com/engine/server/discord/service.go:119.2,120.51 2 4
github.com/engine/server/discord/service.go:120.51,122.3 1 1
github.com/engine/server/discord/service.go:123.2,123.23 1 3
github.com/engine/server/discord/service.go:126.53,127.26 1 3
github.com/engine/server/discord/service.go:127.26,129.3 1 2
github.com/engine/server/discord/service.go:130.2,130.61 1 3
github.com/engine/server/discord/service.go:130.61,132.3 1 2
github.com/engine/server/discord/service.go:133.2,133.60 1 3
github.com/engine/server/discord/service.go:133.60,135.3 1 2
github.com/engine/server/discord/service.go:136.2,136.35 1 3
github.com/engine/server/discord/service.go:136.35,138.3 1 2
github.com/engine/server/discord/service.go:139.2,139.66 1 3
github.com/engine/server/discord/service.go:139.66,141.3 1 1
github.com/engine/server/discord/service.go:142.2,142.71 1 3
github.com/engine/server/discord/service.go:142.71,144.3 1 1
github.com/engine/server/discord/service.go:145.2,145.64 1 3
github.com/engine/server/discord/service.go:145.64,147.3 1 1
github.com/engine/server/discord/service.go:150.37,151.69 1 9
github.com/engine/server/discord/service.go:151.69,153.3 1 5
github.com/engine/server/discord/service.go:154.2,154.84 1 9
github.com/engine/server/discord/service.go:154.84,156.3 1 4
github.com/engine/server/discord/service.go:157.2,157.83 1 9
github.com/engine/server/discord/service.go:157.83,159.3 1 3
github.com/engine/server/discord/service.go:160.2,160.91 1 9
github.com/engine/server/discord/service.go:160.91,162.3 1 2
github.com/engine/server/discord/service.go:163.2,163.81 1 9
github.com/engine/server/discord/service.go:163.81,165.3 1 2
github.com/engine/server/discord/service.go:166.2,166.90 1 9
github.com/engine/server/discord/service.go:166.90,168.3 1 1
github.com/engine/server/discord/service.go:169.2,169.76 1 9
github.com/engine/server/discord/service.go:169.76,171.3 1 1
github.com/engine/server/discord/service.go:174.49,176.17 2 31
github.com/engine/server/discord/service.go:176.17,178.3 1 6
github.com/engine/server/discord/service.go:179.2,179.15 1 25
github.com/engine/server/discord/service.go:180.32,181.20 1 15
github.com/engine/server/discord/service.go:182.33,183.21 1 8
github.com/engine/server/discord/service.go:184.10,185.22 1 2
github.com/engine/server/discord/service.go:189.48,191.2 1 25
github.com/engine/server/discord/service.go:194.67,203.17 2 78
github.com/engine/server/discord/service.go:203.17,204.39 1 7
github.com/engine/server/discord/service.go:204.39,206.4 1 1
github.com/engine/server/discord/service.go:208.2,208.15 1 77
github.com/engine/server/discord/service.go:212.33,213.20 1 4
github.com/engine/server/discord/service.go:213.20,215.3 1 1
github.com/engine/server/discord/service.go:217.2,223.34 5 3
github.com/engine/server/discord/service.go:223.34,225.3 1 3
github.com/engine/server/discord/service.go:226.2,228.12 3 0
github.com/engine/server/discord/service.go:232.33,233.17 1 6
github.com/engine/server/discord/service.go:233.17,235.3 1 5
github.com/engine/server/discord/service.go:236.2,236.21 1 1
github.com/engine/server/discord/service.go:239.69,240.52 1 2
github.com/engine/server/discord/service.go:240.52,242.3 1 1
github.com/engine/server/discord/service.go:245.79,246.49 1 17
github.com/engine/server/discord/service.go:246.49,248.3 1 2
github.com/engine/server/discord/service.go:249.2,249.51 1 15
github.com/engine/server/discord/service.go:249.51,251.3 1 1
github.com/engine/server/discord/service.go:252.2,252.35 1 14
github.com/engine/server/discord/service.go:252.35,254.3 1 1
github.com/engine/server/discord/service.go:259.2,262.9 3 13
github.com/engine/server/discord/service.go:262.9,264.3 1 1
github.com/engine/server/discord/service.go:266.2,266.13 1 12
github.com/engine/server/discord/service.go:267.14,268.26 1 1
github.com/engine/server/discord/service.go:269.17,270.34 1 1
github.com/engine/server/discord/service.go:271.18,272.30 1 1
github.com/engine/server/discord/service.go:273.16,274.33 1 1
github.com/engine/server/discord/service.go:275.18,276.35 1 1
github.com/engine/server/discord/service.go:277.20,278.37 1 1
github.com/engine/server/discord/service.go:279.15,280.37 1 1
github.com/engine/server/discord/service.go:281.16,282.38 1 1
github.com/engine/server/discord/service.go:283.13,284.30 1 1
github.com/engine/server/discord/service.go:285.16,286.33 1 1
github.com/engine/server/discord/service.go:287.17,288.34 1 1
github.com/engine/server/discord/service.go:289.10,290.53 1 1
github.com/engine/server/discord/service.go:294.83,295.20 1 8
github.com/engine/server/discord/service.go:295.20,298.3 2 2
github.com/engine/server/discord/service.go:300.2,301.13 2 6
github.com/engine/server/discord/service.go:302.13,303.20 1 2
github.com/engine/server/discord/service.go:303.20,306.4 2 1
github.com/engine/server/discord/service.go:307.3,307.80 1 1
github.com/engine/server/discord/service.go:307.80,309.4 1 1
github.com/engine/server/discord/service.go:310.14,311.30 1 1
github.com/engine/server/discord/service.go:312.16,313.20 1 2
github.com/engine/server/discord/service.go:313.20,316.4 2 1
github.com/engine/server/discord/service.go:317.3,317.63 1 1
github.com/engine/server/discord/service.go:317.63,319.4 1 1
github.com/engine/server/discord/service.go:320.10,321.73 1 1
github.com/engine/server/discord/service.go:325.77,327.17 2 6
github.com/engine/server/discord/service.go:327.17,329.3 1 2
github.com/engine/server/discord/service.go:330.2,331.56 2 4
github.com/engine/server/discord/service.go:331.56,333.3 1 2
github.com/engine/server/discord/service.go:335.2,338.16 4 2
github.com/engine/server/discord/service.go:338.16,340.3 1 1
github.com/engine/server/discord/service.go:342.2,355.12 8 1
github.com/engine/server/discord/service.go:358.68,360.15 2 5
github.com/engine/server/discord/service.go:360.15,362.3 1 1
github.com/engine/server/discord/service.go:364.2,365.9 2 4
github.com/engine/server/discord/service.go:365.9,367.3 1 3
github.com/engine/server/discord/service.go:369.2,375.12 6 1
github.com/engine/server/discord/service.go:378.50,381.37 3 4
github.com/engine/server/discord/service.go:381.37,383.3 1 2
github.com/engine/server/discord/service.go:384.2,386.24 2 4
github.com/engine/server/discord/service.go:386.24,389.3 2 3
github.com/engine/server/discord/service.go:391.2,391.43 1 1
github.com/engine/server/discord/service.go:391.43,391.97 1 1
github.com/engine/server/discord/service.go:392.2,394.29 3 1
github.com/engine/server/discord/service.go:394.29,396.15 2 2
github.com/engine/server/discord/service.go:396.15,398.4 1 1
github.com/engine/server/discord/service.go:399.3,399.85 1 2
github.com/engine/server/discord/service.go:401.2,401.31 1 1
github.com/engine/server/discord/service.go:404.82,406.9 2 3
github.com/engine/server/discord/service.go:406.9,409.3 2 2
github.com/engine/server/discord/service.go:411.2,423.26 3 1
github.com/engine/server/discord/service.go:426.84,428.9 2 7
github.com/engine/server/discord/service.go:428.9,431.3 2 3
github.com/engine/server/discord/service.go:433.2,434.24 2 4
github.com/engine/server/discord/service.go:434.24,437.3 2 1
github.com/engine/server/discord/service.go:439.2,440.15 2 3
github.com/engine/server/discord/service.go:440.15,442.3 1 1
github.com/engine/server/discord/service.go:443.2,445.29 3 3
github.com/engine/server/discord/service.go:445.29,448.20 3 7
github.com/engine/server/discord/service.go:448.20,450.4 1 6
github.com/engine/server/discord/service.go:451.3,451.25 1 7
github.com/engine/server/discord/service.go:451.25,453.4 1 1
github.com/engine/server/discord/service.go:454.3,454.101 1 7
github.com/engine/server/discord/service.go:456.2,456.33 1 3
github.com/engine/server/discord/service.go:459.86,461.9 2 5
github.com/engine/server/discord/service.go:461.9,464.3 2 3
github.com/engine/server/discord/service.go:466.2,467.37 2 2
github.com/engine/server/discord/service.go:467.37,470.3 2 1
github.com/engine/server/discord/service.go:471.2,472.107 2 1
github.com/engine/server/discord/service.go:475.92,477.9 2 6
github.com/engine/server/discord/service.go:477.9,480.3 2 4
github.com/engine/server/discord/service.go:482.2,489.11 7 2
github.com/engine/server/discord/service.go:489.11,491.3 1 1
github.com/engine/server/discord/service.go:491.8,493.3 1 1
github.com/engine/server/discord/service.go:496.79,497.20 1 10
github.com/engine/server/discord/service.go:497.20,500.3 2 2
github.com/engine/server/discord/service.go:502.2,503.9 2 8
github.com/engine/server/discord/service.go:503.9,506.3 2 1
github.com/engine/server/discord/service.go:507.2,507.37 1 7
github.com/engine/server/discord/service.go:507.37,510.3 2 1
github.com/engine/server/discord/service.go:511.2,511.20 1 6
github.com/engine/server/discord/service.go:511.20,514.3 2 1
github.com/engine/server/discord/service.go:520.2,521.16 2 5
github.com/engine/server/discord/service.go:521.16,524.3 2 1
github.com/engine/server/discord/service.go:525.2,528.25 3 4
github.com/engine/server/discord/service.go:528.25,532.3 3 1
github.com/engine/server/discord/service.go:533.2,537.12 4 3
github.com/engine/server/discord/service.go:537.12,538.16 1 3
github.com/engine/server/discord/service.go:538.16,542.4 3 3
github.com/engine/server/discord/service.go:544.3,555.45 6 3
github.com/engine/server/discord/service.go:555.45,556.49 1 3
github.com/engine/server/discord/service.go:556.49,558.6 1 2
github.com/engine/server/discord/service.go:559.5,561.19 3 1
github.com/engine/server/discord/service.go:563.53,563.54 0 0
github.com/engine/server/discord/service.go:564.61,564.62 0 0
github.com/engine/server/discord/service.go:565.39,565.75 1 1
github.com/engine/server/discord/service.go:566.43,566.44 0 4
github.com/engine/server/discord/service.go:567.78,573.5 5 0
github.com/engine/server/discord/service.go:576.3,576.39 1 3
github.com/engine/server/discord/service.go:576.39,579.4 2 1
github.com/engine/server/discord/service.go:581.3,584.19 4 2
github.com/engine/server/discord/service.go:584.19,586.4 1 1
github.com/engine/server/discord/service.go:588.3,588.72 1 2
github.com/engine/server/discord/service.go:588.72,590.4 1 2
github.com/engine/server/discord/service.go:598.128,599.17 1 9
github.com/engine/server/discord/service.go:599.17,601.3 1 1
github.com/engine/server/discord/service.go:604.2,605.45 2 8
github.com/engine/server/discord/service.go:605.45,608.69 3 6
github.com/engine/server/discord/service.go:608.69,610.4 1 5
github.com/engine/server/discord/service.go:611.3,612.34 2 1
github.com/engine/server/discord/service.go:616.2,618.16 3 2
github.com/engine/server/discord/service.go:618.16,620.3 1 1
github.com/engine/server/discord/service.go:621.2,625.34 3 1
github.com/engine/server/discord/service.go:628.87,634.2 5 2
github.com/engine/server/discord/service.go:636.82,637.20 1 5
github.com/engine/server/discord/service.go:637.20,640.3 2 2
github.com/engine/server/discord/service.go:641.2,643.8 3 3
github.com/engine/server/discord/service.go:643.8,645.3 1 1
github.com/engine/server/discord/service.go:646.2,648.20 3 3
github.com/engine/server/discord/service.go:648.20,651.3 2 2
github.com/engine/server/discord/service.go:652.2,654.25 3 1
github.com/engine/server/discord/service.go:654.25,661.3 1 1
github.com/engine/server/discord/service.go:662.2,662.67 1 1
github.com/engine/server/discord/service.go:665.83,667.20 2 6
github.com/engine/server/discord/service.go:667.20,668.59 1 3
github.com/engine/server/discord/service.go:668.59,670.4 1 2
github.com/engine/server/discord/service.go:672.2,675.17 4 6
github.com/engine/server/discord/service.go:675.17,676.84 1 1
github.com/engine/server/discord/service.go:676.84,678.4 1 1
github.com/engine/server/discord/service.go:680.2,680.69 1 6
github.com/engine/server/discord/service.go:680.69,682.3 1 2
github.com/engine/server/discord/service.go:683.2,684.20 2 6
github.com/engine/server/discord/service.go:684.20,687.3 2 5
github.com/engine/server/discord/service.go:688.2,690.38 3 1
github.com/engine/server/discord/service.go:690.38,697.3 2 1
github.com/engine/server/discord/service.go:698.2,698.67 1 1
github.com/engine/server/discord/service.go:703.61,708.21 5 15
github.com/engine/server/discord/service.go:708.21,711.3 2 15
github.com/engine/server/discord/service.go:712.2,713.74 2 15
github.com/engine/server/discord/service.go:713.74,715.3 1 14
github.com/engine/server/discord/service.go:716.2,727.4 1 15
github.com/engine/server/discord/service.go:730.82,736.21 6 18
github.com/engine/server/discord/service.go:736.21,738.3 1 13
github.com/engine/server/discord/service.go:739.2,748.4 1 18
github.com/engine/server/discord/service.go:754.70,755.55 1 14
github.com/engine/server/discord/service.go:755.55,757.3 1 7
github.com/engine/server/discord/service.go:758.2,758.34 1 7
github.com/engine/server/discord/service.go:758.34,760.3 1 2
github.com/engine/server/discord/service.go:761.2,761.67 1 5
github.com/engine/server/discord/service.go:761.67,764.3 2 1
github.com/engine/server/discord/service.go:765.2,765.51 1 4
github.com/engine/server/discord/service.go:770.73,771.55 1 38
github.com/engine/server/discord/service.go:771.55,773.3 1 20
github.com/engine/server/discord/service.go:774.2,775.29 2 18
github.com/engine/server/discord/service.go:775.29,777.3 1 4
github.com/engine/server/discord/service.go:778.2,778.18 1 14
github.com/engine/server/discord/service.go:778.18,780.3 1 10
github.com/engine/server/discord/service.go:781.2,781.18 1 4
github.com/engine/server/discord/service.go:784.94,785.39 1 36
github.com/engine/server/discord/service.go:785.39,786.75 1 9
github.com/engine/server/discord/service.go:786.75,788.4 1 8
github.com/engine/server/discord/service.go:791.2,791.40 1 28
github.com/engine/server/discord/service.go:791.40,794.38 3 26
github.com/engine/server/discord/service.go:794.38,795.32 1 5
github.com/engine/server/discord/service.go:795.32,797.5 1 3
github.com/engine/server/discord/service.go:800.2,800.15 1 25
github.com/engine/server/discord/service.go:803.43,807.2 1 31
github.com/engine/server/discord/service.go:809.44,812.23 3 9
github.com/engine/server/discord/service.go:812.23,814.3 1 2
github.com/engine/server/discord/service.go:815.2,815.19 1 9
github.com/engine/server/discord/service.go:815.19,817.3 1 2
github.com/engine/server/discord/service.go:818.2,818.40 1 9
github.com/engine/server/discord/service.go:821.48,823.43 2 11
github.com/engine/server/discord/service.go:823.43,824.25 1 15
github.com/engine/server/discord/service.go:824.25,826.4 1 3
github.com/engine/server/discord/service.go:827.3,827.24 1 12
github.com/engine/server/discord/service.go:829.2,829.12 1 8
github.com/engine/server/discord/service.go:829.12,831.3 1 4
github.com/engine/server/discord/service.go:832.2,832.15 1 4
github.com/engine/server/discord/service.go:835.34,837.16 2 7
github.com/engine/server/discord/service.go:837.16,839.3 1 2
github.com/engine/server/discord/service.go:840.2,840.32 1 5
github.com/engine/server/discord/service.go:843.49,844.35 1 9
github.com/engine/server/discord/service.go:844.35,845.25 1 5
github.com/engine/server/discord/service.go:845.25,847.4 1 3
github.com/engine/server/discord/service.go:848.3,848.16 1 2
github.com/engine/server/discord/service.go:850.2,850.13 1 4
github.com/engine/server/discord/service.go:853.41,854.31 1 13
github.com/engine/server/discord/service.go:854.31,856.3 1 11
github.com/engine/server/discord/service.go:857.2,857.29 1 2
github.com/engine/server/discord/service.go:860.100,861.55 1 34
github.com/engine/server/discord/service.go:861.55,863.3 1 13
github.com/engine/server/discord/service.go:864.2,864.20 1 21
github.com/engine/server/discord/service.go:864.20,866.3 1 20
github.com/engine/server/discord/service.go:867.2,868.14 2 1
github.com/engine/server/discord/service.go:871.100,872.55 1 12
github.com/engine/server/discord/service.go:872.55,874.3 1 8
github.com/engine/server/discord/service.go:875.2,875.19 1 4
github.com/engine/server/discord/service.go:875.19,877.3 1 2
github.com/engine/server/discord/service.go:878.2,879.9 2 2
github.com/engine/server/discord/service.go:879.9,881.3 1 1
github.com/engine/server/discord/service.go:882.2,882.45 1 1
github.com/engine/server/discord/service.go:885.84,886.40 1 55
github.com/engine/server/discord/service.go:886.40,888.3 1 2
github.com/engine/server/discord/service.go:890.2,892.37 3 53
github.com/engine/server/discord/service.go:892.37,893.31 1 30
github.com/engine/server/discord/service.go:893.31,895.4 1 18
github.com/engine/server/discord/service.go:898.2,898.17 1 35
github.com/engine/server/discord/service.go:898.17,900.3 1 27
github.com/engine/server/discord/service.go:902.2,903.69 2 8
github.com/engine/server/discord/service.go:903.69,905.3 1 1
github.com/engine/server/discord/service.go:906.2,906.37 1 7
github.com/engine/server/discord/service.go:906.37,907.33 1 6
github.com/engine/server/discord/service.go:907.33,909.4 1 6
github.com/engine/server/discord/service.go:911.2,911.32 1 1
github.com/engine/server/discord/service.go:914.82,918.40 4 13
github.com/engine/server/discord/service.go:918.40,919.120 1 8
github.com/engine/server/discord/service.go:919.120,921.4 1 7
github.com/engine/server/discord/service.go:923.2,923.36 1 6
github.com/engine/server/discord/service.go:926.58,930.22 4 8
github.com/engine/server/discord/service.go:930.22,931.53 1 2
github.com/engine/server/discord/service.go:931.53,933.4 1 1
github.com/engine/server/discord/service.go:936.2,937.16 2 7
github.com/engine/server/discord/service.go:937.16,939.3 1 2
github.com/engine/server/discord/service.go:940.2,940.30 1 5
github.com/engine/server/discord/service.go:940.30,941.87 1 1
github.com/engine/server/discord/service.go:941.87,947.4 5 1
github.com/engine/server/discord/service.go:950.2,951.16 2 4
github.com/engine/server/discord/service.go:951.16,953.3 1 1
github.com/engine/server/discord/service.go:954.2,959.19 6 3
github.com/engine/server/discord/service.go:962.81,964.16 2 7
github.com/engine/server/discord/service.go:964.16,966.3 1 1
github.com/engine/server/discord/service.go:967.2,967.30 1 6
github.com/engine/server/discord/service.go:967.30,968.67 1 3
github.com/engine/server/discord/service.go:968.67,970.4 1 2
github.com/engine/server/discord/service.go:972.2,972.85 1 4
github.com/engine/server/discord/service.go:975.47,976.55 1 69
github.com/engine/server/discord/service.go:976.55,978.3 1 54
github.com/engine/server/discord/service.go:979.2,979.34 1 15
github.com/engine/server/discord/service.go:979.34,981.3 1 2
github.com/engine/server/discord/service.go:982.2,982.67 1 13
github.com/engine/server/discord/service.go:982.67,985.3 2 1
github.com/engine/server/discord/service.go:986.2,986.49 1 12
github.com/engine/server/discord/service.go:989.46,1007.2 2 1
github.com/engine/server/discord/service.go:1009.38,1011.2 1 26
github.com/engine/server/discord/service.go:1013.37,1016.16 3 15
github.com/engine/server/discord/service.go:1016.16,1017.25 1 9
github.com/engine/server/discord/service.go:1017.25,1019.4 1 8
github.com/engine/server/discord/service.go:1020.3,1020.51 1 1
github.com/engine/server/discord/service.go:1022.2,1023.50 2 6
github.com/engine/server/discord/service.go:1023.50,1025.3 1 4
github.com/engine/server/discord/service.go:1026.2,1026.24 1 2
github.com/engine/server/discord/service.go:1026.24,1028.3 1 1
github.com/engine/server/discord/service.go:1029.2,1030.12 2 2
github.com/engine/server/discord/service.go:1033.37,1038.2 4 10
github.com/engine/server/discord/service.go:1040.53,1043.2 2 18
github.com/engine/server/discord/service.go:1045.56,1047.37 2 2
github.com/engine/server/discord/service.go:1047.37,1049.3 1 1
github.com/engine/server/discord/service.go:1050.2,1053.16 4 1
github.com/engine/server/discord/service.go:1056.75,1058.16 2 21
github.com/engine/server/discord/service.go:1058.16,1060.3 1 2
github.com/engine/server/discord/service.go:1061.2,1061.38 1 19
github.com/engine/server/discord/service.go:1061.38,1063.3 1 3
github.com/engine/server/discord/service.go:1064.2,1065.16 2 16
github.com/engine/server/discord/service.go:1065.16,1067.3 1 1
github.com/engine/server/discord/service.go:1068.2,1071.20 4 15
github.com/engine/server/discord/service.go:1071.20,1073.3 1 4
github.com/engine/server/discord/service.go:1074.2,1074.24 1 15
github.com/engine/server/discord/service.go:1077.31,1079.17 2 13
github.com/engine/server/discord/service.go:1079.17,1081.3 1 2
github.com/engine/server/discord/service.go:1082.2,1084.26 3 11
github.com/engine/server/discord/service.go:1084.26,1087.23 3 99
github.com/engine/server/discord/service.go:1087.23,1090.12 3 81
github.com/engine/server/discord/service.go:1092.3,1092.16 1 18
github.com/engine/server/discord/service.go:1092.16,1095.4 2 8
github.com/engine/server/discord/service.go:1097.2,1098.18 2 11
github.com/engine/server/discord/service.go:1098.18,1100.3 1 1
github.com/engine/server/discord/service.go:1101.2,1101.15 1 10
github.com/engine/server/discord/service.go:1104.53,1106.19 2 5
github.com/engine/server/discord/service.go:1106.19,1108.3 1 1
github.com/engine/server/discord/service.go:1109.2,1109.25 1 4
github.com/engine/server/discord/service.go:1109.25,1111.3 1 2
github.com/engine/server/discord/service.go:1113.2,1115.22 3 2
github.com/engine/server/discord/service.go:1115.22,1117.18 2 3
github.com/engine/server/discord/service.go:1117.18,1119.4 1 1
github.com/engine/server/discord/service.go:1120.3,1121.39 2 3
github.com/engine/server/discord/service.go:1123.2,1123.16 1 2
github.com/engine/server/discord/service.go:1123.16,1125.3 1 2
github.com/engine/server/discord/service.go:1126.2,1126.14 1 2
github.com/engine/server/discord/service.go:1129.46,1131.2 1 3
github.com/engine/server/discord/service.go:1133.53,1135.30 2 6
github.com/engine/server/discord/service.go:1135.30,1137.14 2 13
github.com/engine/server/discord/service.go:1137.14,1139.4 1 13
github.com/engine/server/discord/service.go:1141.2,1141.15 1 6
github.com/engine/server/discord/service.go:1144.42,1145.82 1 41
github.com/engine/server/discord/service.go:1145.82,1147.3 1 7
github.com/engine/server/discord/service.go:1148.2,1148.42 1 34
github.com/engine/server/discord/service.go:1148.42,1150.3 1 33
github.com/engine/server/discord/service.go:1151.2,1152.43 2 1
github.com/engine/server/discord/service.go:1155.32,1157.22 2 11
github.com/engine/server/discord/service.go:1157.22,1159.3 1 9
github.com/engine/server/discord/service.go:1160.2,1160.19 1 2
github.com/engine/server/discord/service.go:1163.49,1164.15 1 5
github.com/engine/server/discord/service.go:1164.15,1166.3 1 2
github.com/engine/server/discord/service.go:1167.2,1167.10 1 3
github.com/engine/server/discord/service.go:1185.44,1191.18 2 8
github.com/engine/server/discord/service.go:1191.18,1195.3 3 2
github.com/engine/server/discord/service.go:1196.2,1196.43 1 6
github.com/engine/server/discord/service.go:1196.43,1198.3 1 1
github.com/engine/server/discord/service.go:1199.2,1199.42 1 6
github.com/engine/server/discord/service.go:1199.42,1201.3 1 1
github.com/engine/server/discord/service.go:1202.2,1202.32 1 6
github.com/engine/server/discord/service.go:1202.32,1204.3 1 1
github.com/engine/server/discord/service.go:1205.2,1205.28 1 6
github.com/engine/server/discord/service.go:1205.28,1207.3 1 1
github.com/engine/server/discord/service.go:1209.2,1210.34 2 5
github.com/engine/server/discord/service.go:1210.34,1213.3 2 5
github.com/engine/server/discord/service.go:1214.2,1216.40 2 0
github.com/engine/server/discord/service.go:1216.40,1218.3 1 0
github.com/engine/server/discord/service.go:1220.2,1221.16 2 0
github.com/engine/server/discord/service.go:1221.16,1224.3 2 0
github.com/engine/server/discord/service.go:1225.2,1228.39 2 0
github.com/engine/server/discord/service.go:1228.39,1229.64 1 0
github.com/engine/server/discord/service.go:1229.64,1231.4 1 0
github.com/engine/server/discord/service.go:1234.2,1235.15 2 0
github.com/engine/server/discord/service.go:1240.44,1243.17 3 3
github.com/engine/server/discord/service.go:1243.17,1244.39 1 2
github.com/engine/server/discord/service.go:1244.39,1246.4 1 1
github.com/engine/server/discord/service.go:1247.3,1247.19 1 1
github.com/engine/server/discord/service.go:1249.2,1249.12 1 1
github.com/engine/server/discord/service.go:1254.109,1256.2 1 1
github.com/engine/server/discord/service.go:1260.110,1262.2 1 1
github.com/engine/server/discord/service.go:1265.42,1267.2 1 1
github.com/engine/server/discord/service.go:1271.56,1275.35 4 4
github.com/engine/server/discord/service.go:1275.35,1277.3 1 1
github.com/engine/server/discord/service.go:1278.2,1290.39 5 4
