mode: atomic
github.com/engine/server/discord/service.go:81.53,91.16 3 10
github.com/engine/server/discord/service.go:91.16,93.3 1 2
github.com/engine/server/discord/service.go:94.2,94.12 1 8
github.com/engine/server/discord/service.go:94.12,96.3 1 3
github.com/engine/server/discord/service.go:97.2,99.18 2 8
github.com/engine/server/discord/service.go:99.18,101.3 1 3
github.com/engine/server/discord/service.go:102.2,102.24 1 5
github.com/engine/server/discord/service.go:102.24,104.3 1 1
github.com/engine/server/discord/service.go:105.2,105.23 1 4
github.com/engine/server/discord/service.go:105.23,107.3 1 1
github.com/engine/server/discord/service.go:108.2,108.32 1 3
github.com/engine/server/discord/service.go:108.32,110.3 1 1
github.com/engine/server/discord/service.go:111.2,112.17 2 2
github.com/engine/server/discord/service.go:115.70,118.16 3 10
github.com/engine/server/discord/service.go:118.16,119.25 1 6
github.com/engine/server/discord/service.go:119.25,121.4 1 5
github.com/engine/server/discord/service.go:122.3,122.73 1 1
github.com/engine/server/discord/service.go:125.2,126.51 2 4
github.com/engine/server/discord/service.go:126.51,128.3 1 1
github.com/engine/server/discord/service.go:129.2,129.23 1 3
github.com/engine/server/discord/service.go:132.53,133.26 1 3
github.com/engine/server/discord/service.go:133.26,135.3 1 2
github.com/engine/server/discord/service.go:136.2,136.61 1 3
github.com/engine/server/discord/service.go:136.61,138.3 1 2
github.com/engine/server/discord/service.go:139.2,139.60 1 3
github.com/engine/server/discord/service.go:139.60,141.3 1 2
github.com/engine/server/discord/service.go:142.2,142.35 1 3
github.com/engine/server/discord/service.go:142.35,144.3 1 2
github.com/engine/server/discord/service.go:145.2,145.66 1 3
github.com/engine/server/discord/service.go:145.66,147.3 1 1
github.com/engine/server/discord/service.go:148.2,148.71 1 3
github.com/engine/server/discord/service.go:148.71,150.3 1 1
github.com/engine/server/discord/service.go:151.2,151.64 1 3
github.com/engine/server/discord/service.go:151.64,153.3 1 1
github.com/engine/server/discord/service.go:156.37,157.69 1 9
github.com/engine/server/discord/service.go:157.69,159.3 1 5
github.com/engine/server/discord/service.go:160.2,160.84 1 9
github.com/engine/server/discord/service.go:160.84,162.3 1 4
github.com/engine/server/discord/service.go:163.2,163.83 1 9
github.com/engine/server/discord/service.go:163.83,165.3 1 3
github.com/engine/server/discord/service.go:166.2,166.91 1 9
github.com/engine/server/discord/service.go:166.91,168.3 1 2
github.com/engine/server/discord/service.go:169.2,169.81 1 9
github.com/engine/server/discord/service.go:169.81,171.3 1 2
github.com/engine/server/discord/service.go:172.2,172.90 1 9
github.com/engine/server/discord/service.go:172.90,174.3 1 1
github.com/engine/server/discord/service.go:175.2,175.76 1 9
github.com/engine/server/discord/service.go:175.76,177.3 1 1
github.com/engine/server/discord/service.go:180.49,182.17 2 31
github.com/engine/server/discord/service.go:182.17,184.3 1 6
github.com/engine/server/discord/service.go:185.2,185.15 1 25
github.com/engine/server/discord/service.go:186.32,187.20 1 15
github.com/engine/server/discord/service.go:188.33,189.21 1 8
github.com/engine/server/discord/service.go:190.10,191.22 1 2
github.com/engine/server/discord/service.go:195.48,197.2 1 25
github.com/engine/server/discord/service.go:200.67,208.48 1 85
github.com/engine/server/discord/service.go:208.48,210.52 2 0
github.com/engine/server/discord/service.go:210.52,212.5 1 0
github.com/engine/server/discord/service.go:213.4,213.14 1 0
github.com/engine/server/discord/service.go:216.2,216.17 1 85
github.com/engine/server/discord/service.go:216.17,217.39 1 8
github.com/engine/server/discord/service.go:217.39,219.4 1 1
github.com/engine/server/discord/service.go:221.2,221.15 1 84
github.com/engine/server/discord/service.go:225.33,226.20 1 5
github.com/engine/server/discord/service.go:226.20,228.3 1 1
github.com/engine/server/discord/service.go:230.2,239.34 6 4
github.com/engine/server/discord/service.go:239.34,242.3 2 3
github.com/engine/server/discord/service.go:243.2,244.12 2 1
github.com/engine/server/discord/service.go:248.33,249.17 1 7
github.com/engine/server/discord/service.go:249.17,251.3 1 5
github.com/engine/server/discord/service.go:252.2,252.21 1 2
github.com/engine/server/discord/service.go:255.69,256.52 1 4
github.com/engine/server/discord/service.go:256.52,258.3 1 3
github.com/engine/server/discord/service.go:261.79,262.49 1 17
github.com/engine/server/discord/service.go:262.49,264.3 1 2
github.com/engine/server/discord/service.go:265.2,265.51 1 15
github.com/engine/server/discord/service.go:265.51,267.3 1 1
github.com/engine/server/discord/service.go:268.2,268.35 1 14
github.com/engine/server/discord/service.go:268.35,270.3 1 1
github.com/engine/server/discord/service.go:275.2,278.9 3 13
github.com/engine/server/discord/service.go:278.9,280.3 1 1
github.com/engine/server/discord/service.go:282.2,282.13 1 12
github.com/engine/server/discord/service.go:283.14,284.26 1 1
github.com/engine/server/discord/service.go:285.17,286.34 1 1
github.com/engine/server/discord/service.go:287.18,288.30 1 1
github.com/engine/server/discord/service.go:289.16,290.33 1 1
github.com/engine/server/discord/service.go:291.18,292.35 1 1
github.com/engine/server/discord/service.go:293.20,294.37 1 1
github.com/engine/server/discord/service.go:295.15,296.37 1 1
github.com/engine/server/discord/service.go:297.16,298.38 1 1
github.com/engine/server/discord/service.go:299.13,300.30 1 1
github.com/engine/server/discord/service.go:301.16,302.33 1 1
github.com/engine/server/discord/service.go:303.17,304.34 1 1
github.com/engine/server/discord/service.go:305.10,306.53 1 1
github.com/engine/server/discord/service.go:310.83,311.20 1 8
github.com/engine/server/discord/service.go:311.20,314.3 2 2
github.com/engine/server/discord/service.go:316.2,317.13 2 6
github.com/engine/server/discord/service.go:318.13,319.20 1 2
github.com/engine/server/discord/service.go:319.20,322.4 2 1
github.com/engine/server/discord/service.go:323.3,323.80 1 1
github.com/engine/server/discord/service.go:323.80,325.4 1 1
github.com/engine/server/discord/service.go:326.14,327.30 1 1
github.com/engine/server/discord/service.go:328.16,329.20 1 2
github.com/engine/server/discord/service.go:329.20,332.4 2 1
github.com/engine/server/discord/service.go:333.3,333.63 1 1
github.com/engine/server/discord/service.go:333.63,335.4 1 1
github.com/engine/server/discord/service.go:336.10,337.73 1 1
github.com/engine/server/discord/service.go:341.77,343.17 2 9
github.com/engine/server/discord/service.go:343.17,345.3 1 2
github.com/engine/server/discord/service.go:348.2,349.11 2 7
github.com/engine/server/discord/service.go:349.11,352.22 3 3
github.com/engine/server/discord/service.go:352.22,355.4 2 0
github.com/engine/server/discord/service.go:356.3,357.50 2 3
github.com/engine/server/discord/service.go:357.50,358.56 1 2
github.com/engine/server/discord/service.go:358.56,360.5 1 1
github.com/engine/server/discord/service.go:362.3,362.15 1 2
github.com/engine/server/discord/service.go:365.2,366.56 2 6
github.com/engine/server/discord/service.go:366.56,368.3 1 2
github.com/engine/server/discord/service.go:370.2,373.16 4 4
github.com/engine/server/discord/service.go:373.16,375.3 1 1
github.com/engine/server/discord/service.go:377.2,390.12 8 3
github.com/engine/server/discord/service.go:393.68,395.15 2 5
github.com/engine/server/discord/service.go:395.15,397.3 1 1
github.com/engine/server/discord/service.go:399.2,400.9 2 4
github.com/engine/server/discord/service.go:400.9,402.3 1 3
github.com/engine/server/discord/service.go:404.2,410.12 6 1
github.com/engine/server/discord/service.go:415.72,419.9 4 2
github.com/engine/server/discord/service.go:419.9,421.3 1 1
github.com/engine/server/discord/service.go:422.2,423.32 2 1
github.com/engine/server/discord/service.go:426.50,429.37 3 4
github.com/engine/server/discord/service.go:429.37,431.3 1 2
github.com/engine/server/discord/service.go:432.2,434.24 2 4
github.com/engine/server/discord/service.go:434.24,437.3 2 3
github.com/engine/server/discord/service.go:439.2,439.43 1 1
github.com/engine/server/discord/service.go:439.43,439.97 1 1
github.com/engine/server/discord/service.go:440.2,442.29 3 1
github.com/engine/server/discord/service.go:442.29,444.15 2 2
github.com/engine/server/discord/service.go:444.15,446.4 1 1
github.com/engine/server/discord/service.go:447.3,447.85 1 2
github.com/engine/server/discord/service.go:449.2,449.31 1 1
github.com/engine/server/discord/service.go:452.82,454.9 2 3
github.com/engine/server/discord/service.go:454.9,457.3 2 2
github.com/engine/server/discord/service.go:459.2,471.26 3 1
github.com/engine/server/discord/service.go:474.84,476.9 2 7
github.com/engine/server/discord/service.go:476.9,479.3 2 3
github.com/engine/server/discord/service.go:481.2,482.24 2 4
github.com/engine/server/discord/service.go:482.24,485.3 2 1
github.com/engine/server/discord/service.go:487.2,488.15 2 3
github.com/engine/server/discord/service.go:488.15,490.3 1 1
github.com/engine/server/discord/service.go:491.2,493.29 3 3
github.com/engine/server/discord/service.go:493.29,496.20 3 7
github.com/engine/server/discord/service.go:496.20,498.4 1 6
github.com/engine/server/discord/service.go:499.3,499.25 1 7
github.com/engine/server/discord/service.go:499.25,501.4 1 1
github.com/engine/server/discord/service.go:502.3,502.101 1 7
github.com/engine/server/discord/service.go:504.2,504.33 1 3
github.com/engine/server/discord/service.go:507.86,509.9 2 5
github.com/engine/server/discord/service.go:509.9,512.3 2 3
github.com/engine/server/discord/service.go:514.2,515.37 2 2
github.com/engine/server/discord/service.go:515.37,518.3 2 1
github.com/engine/server/discord/service.go:519.2,520.107 2 1
github.com/engine/server/discord/service.go:523.92,525.9 2 6
github.com/engine/server/discord/service.go:525.9,528.3 2 4
github.com/engine/server/discord/service.go:530.2,537.11 7 2
github.com/engine/server/discord/service.go:537.11,539.3 1 1
github.com/engine/server/discord/service.go:539.8,541.3 1 1
github.com/engine/server/discord/service.go:544.79,545.20 1 11
github.com/engine/server/discord/service.go:545.20,548.3 2 2
github.com/engine/server/discord/service.go:550.2,551.9 2 9
github.com/engine/server/discord/service.go:551.9,554.3 2 1
github.com/engine/server/discord/service.go:555.2,555.37 1 8
github.com/engine/server/discord/service.go:555.37,558.3 2 1
github.com/engine/server/discord/service.go:559.2,559.20 1 7
github.com/engine/server/discord/service.go:559.20,562.3 2 1
github.com/engine/server/discord/service.go:568.2,569.16 2 6
github.com/engine/server/discord/service.go:569.16,572.3 2 1
github.com/engine/server/discord/service.go:573.2,576.25 3 5
github.com/engine/server/discord/service.go:576.25,580.3 3 1
github.com/engine/server/discord/service.go:581.2,585.12 4 4
github.com/engine/server/discord/service.go:585.12,586.16 1 4
github.com/engine/server/discord/service.go:586.16,590.4 3 4
github.com/engine/server/discord/service.go:592.3,603.45 6 4
github.com/engine/server/discord/service.go:603.45,604.49 1 3
github.com/engine/server/discord/service.go:604.49,606.6 1 2
github.com/engine/server/discord/service.go:607.5,609.19 3 1
github.com/engine/server/discord/service.go:611.53,611.54 0 1
github.com/engine/server/discord/service.go:612.61,612.62 0 1
github.com/engine/server/discord/service.go:613.39,613.75 1 1
github.com/engine/server/discord/service.go:614.43,614.44 0 4
github.com/engine/server/discord/service.go:615.78,621.5 5 1
github.com/engine/server/discord/service.go:624.3,624.39 1 4
github.com/engine/server/discord/service.go:624.39,627.4 2 1
github.com/engine/server/discord/service.go:629.3,632.19 4 3
github.com/engine/server/discord/service.go:632.19,634.4 1 2
github.com/engine/server/discord/service.go:636.3,636.72 1 3
github.com/engine/server/discord/service.go:636.72,638.4 1 3
github.com/engine/server/discord/service.go:646.128,647.17 1 10
github.com/engine/server/discord/service.go:647.17,649.3 1 1
github.com/engine/server/discord/service.go:652.2,653.45 2 9
github.com/engine/server/discord/service.go:653.45,656.69 3 7
github.com/engine/server/discord/service.go:656.69,658.4 1 6
github.com/engine/server/discord/service.go:659.3,660.34 2 1
github.com/engine/server/discord/service.go:664.2,666.16 3 2
github.com/engine/server/discord/service.go:666.16,668.3 1 1
github.com/engine/server/discord/service.go:669.2,673.34 3 1
github.com/engine/server/discord/service.go:676.87,682.2 5 2
github.com/engine/server/discord/service.go:684.82,685.20 1 5
github.com/engine/server/discord/service.go:685.20,688.3 2 2
github.com/engine/server/discord/service.go:689.2,691.8 3 3
github.com/engine/server/discord/service.go:691.8,693.3 1 1
github.com/engine/server/discord/service.go:694.2,696.20 3 3
github.com/engine/server/discord/service.go:696.20,699.3 2 2
github.com/engine/server/discord/service.go:700.2,702.25 3 1
github.com/engine/server/discord/service.go:702.25,709.3 1 1
github.com/engine/server/discord/service.go:710.2,710.67 1 1
github.com/engine/server/discord/service.go:713.83,715.20 2 6
github.com/engine/server/discord/service.go:715.20,716.59 1 3
github.com/engine/server/discord/service.go:716.59,718.4 1 2
github.com/engine/server/discord/service.go:720.2,723.17 4 6
github.com/engine/server/discord/service.go:723.17,724.84 1 1
github.com/engine/server/discord/service.go:724.84,726.4 1 1
github.com/engine/server/discord/service.go:728.2,728.69 1 6
github.com/engine/server/discord/service.go:728.69,730.3 1 2
github.com/engine/server/discord/service.go:731.2,732.20 2 6
github.com/engine/server/discord/service.go:732.20,735.3 2 5
github.com/engine/server/discord/service.go:736.2,738.38 3 1
github.com/engine/server/discord/service.go:738.38,745.3 2 1
github.com/engine/server/discord/service.go:746.2,746.67 1 1
github.com/engine/server/discord/service.go:751.61,756.21 5 15
github.com/engine/server/discord/service.go:756.21,759.3 2 15
github.com/engine/server/discord/service.go:760.2,761.74 2 15
github.com/engine/server/discord/service.go:761.74,763.3 1 14
github.com/engine/server/discord/service.go:764.2,775.4 1 15
github.com/engine/server/discord/service.go:778.82,784.21 6 23
github.com/engine/server/discord/service.go:784.21,786.3 1 18
github.com/engine/server/discord/service.go:787.2,796.4 1 23
github.com/engine/server/discord/service.go:802.70,803.55 1 15
github.com/engine/server/discord/service.go:803.55,805.3 1 7
github.com/engine/server/discord/service.go:806.2,806.34 1 8
github.com/engine/server/discord/service.go:806.34,808.3 1 2
github.com/engine/server/discord/service.go:809.2,809.67 1 6
github.com/engine/server/discord/service.go:809.67,812.3 2 2
github.com/engine/server/discord/service.go:813.2,813.51 1 4
github.com/engine/server/discord/service.go:818.73,819.55 1 43
github.com/engine/server/discord/service.go:819.55,821.3 1 20
github.com/engine/server/discord/service.go:822.2,823.29 2 23
github.com/engine/server/discord/service.go:823.29,825.3 1 6
github.com/engine/server/discord/service.go:826.2,826.18 1 17
github.com/engine/server/discord/service.go:826.18,828.3 1 10
github.com/engine/server/discord/service.go:829.2,829.18 1 7
github.com/engine/server/discord/service.go:832.94,833.39 1 41
github.com/engine/server/discord/service.go:833.39,834.75 1 9
github.com/engine/server/discord/service.go:834.75,836.4 1 8
github.com/engine/server/discord/service.go:839.2,839.40 1 33
github.com/engine/server/discord/service.go:839.40,842.38 3 31
github.com/engine/server/discord/service.go:842.38,843.32 1 10
github.com/engine/server/discord/service.go:843.32,845.5 1 6
github.com/engine/server/discord/service.go:848.2,848.15 1 27
github.com/engine/server/discord/service.go:851.43,855.2 1 35
github.com/engine/server/discord/service.go:857.44,860.23 3 9
github.com/engine/server/discord/service.go:860.23,862.3 1 2
github.com/engine/server/discord/service.go:863.2,863.19 1 9
github.com/engine/server/discord/service.go:863.19,865.3 1 2
github.com/engine/server/discord/service.go:866.2,866.40 1 9
github.com/engine/server/discord/service.go:869.48,871.43 2 11
github.com/engine/server/discord/service.go:871.43,872.25 1 15
github.com/engine/server/discord/service.go:872.25,874.4 1 3
github.com/engine/server/discord/service.go:875.3,875.24 1 12
github.com/engine/server/discord/service.go:877.2,877.12 1 8
github.com/engine/server/discord/service.go:877.12,879.3 1 4
github.com/engine/server/discord/service.go:880.2,880.15 1 4
github.com/engine/server/discord/service.go:883.34,885.16 2 7
github.com/engine/server/discord/service.go:885.16,887.3 1 2
github.com/engine/server/discord/service.go:888.2,888.32 1 5
github.com/engine/server/discord/service.go:891.49,892.35 1 9
github.com/engine/server/discord/service.go:892.35,893.25 1 5
github.com/engine/server/discord/service.go:893.25,895.4 1 3
github.com/engine/server/discord/service.go:896.3,896.16 1 2
github.com/engine/server/discord/service.go:898.2,898.13 1 4
github.com/engine/server/discord/service.go:901.41,902.31 1 13
github.com/engine/server/discord/service.go:902.31,904.3 1 11
github.com/engine/server/discord/service.go:905.2,905.29 1 2
github.com/engine/server/discord/service.go:908.100,909.55 1 34
github.com/engine/server/discord/service.go:909.55,911.3 1 13
github.com/engine/server/discord/service.go:912.2,912.20 1 21
github.com/engine/server/discord/service.go:912.20,914.3 1 20
github.com/engine/server/discord/service.go:915.2,916.14 2 1
github.com/engine/server/discord/service.go:919.100,920.55 1 13
github.com/engine/server/discord/service.go:920.55,922.3 1 9
github.com/engine/server/discord/service.go:923.2,923.19 1 4
github.com/engine/server/discord/service.go:923.19,925.3 1 2
github.com/engine/server/discord/service.go:926.2,927.9 2 2
github.com/engine/server/discord/service.go:927.9,929.3 1 1
github.com/engine/server/discord/service.go:930.2,930.45 1 1
github.com/engine/server/discord/service.go:933.84,934.40 1 56
github.com/engine/server/discord/service.go:934.40,936.3 1 2
github.com/engine/server/discord/service.go:938.2,940.37 3 54
github.com/engine/server/discord/service.go:940.37,941.31 1 31
github.com/engine/server/discord/service.go:941.31,943.4 1 18
github.com/engine/server/discord/service.go:946.2,946.17 1 36
github.com/engine/server/discord/service.go:946.17,948.3 1 27
github.com/engine/server/discord/service.go:950.2,951.69 2 9
github.com/engine/server/discord/service.go:951.69,953.3 1 1
github.com/engine/server/discord/service.go:954.2,954.37 1 8
github.com/engine/server/discord/service.go:954.37,955.33 1 7
github.com/engine/server/discord/service.go:955.33,957.4 1 7
github.com/engine/server/discord/service.go:959.2,959.32 1 1
github.com/engine/server/discord/service.go:962.82,966.40 4 13
github.com/engine/server/discord/service.go:966.40,967.120 1 8
github.com/engine/server/discord/service.go:967.120,969.4 1 7
github.com/engine/server/discord/service.go:971.2,971.36 1 6
github.com/engine/server/discord/service.go:974.58,978.22 4 10
github.com/engine/server/discord/service.go:978.22,979.53 1 2
github.com/engine/server/discord/service.go:979.53,981.4 1 1
github.com/engine/server/discord/service.go:984.2,985.16 2 9
github.com/engine/server/discord/service.go:985.16,987.3 1 4
github.com/engine/server/discord/service.go:988.2,988.30 1 5
github.com/engine/server/discord/service.go:988.30,989.87 1 1
github.com/engine/server/discord/service.go:989.87,995.4 5 1
github.com/engine/server/discord/service.go:998.2,999.16 2 4
github.com/engine/server/discord/service.go:999.16,1001.3 1 1
github.com/engine/server/discord/service.go:1002.2,1007.19 6 3
github.com/engine/server/discord/service.go:1010.81,1012.16 2 9
github.com/engine/server/discord/service.go:1012.16,1014.3 1 1
github.com/engine/server/discord/service.go:1015.2,1015.30 1 8
github.com/engine/server/discord/service.go:1015.30,1016.67 1 3
github.com/engine/server/discord/service.go:1016.67,1018.4 1 2
github.com/engine/server/discord/service.go:1020.2,1020.85 1 6
github.com/engine/server/discord/service.go:1023.47,1024.55 1 75
github.com/engine/server/discord/service.go:1024.55,1026.3 1 54
github.com/engine/server/discord/service.go:1027.2,1027.34 1 21
github.com/engine/server/discord/service.go:1027.34,1029.3 1 2
github.com/engine/server/discord/service.go:1030.2,1030.67 1 19
github.com/engine/server/discord/service.go:1030.67,1033.3 2 2
github.com/engine/server/discord/service.go:1034.2,1034.49 1 17
github.com/engine/server/discord/service.go:1037.46,1055.2 2 1
github.com/engine/server/discord/service.go:1057.38,1059.2 1 29
github.com/engine/server/discord/service.go:1061.37,1064.16 3 16
github.com/engine/server/discord/service.go:1064.16,1065.25 1 10
github.com/engine/server/discord/service.go:1065.25,1067.4 1 9
github.com/engine/server/discord/service.go:1068.3,1068.51 1 1
github.com/engine/server/discord/service.go:1070.2,1071.50 2 6
github.com/engine/server/discord/service.go:1071.50,1073.3 1 4
github.com/engine/server/discord/service.go:1074.2,1074.24 1 2
github.com/engine/server/discord/service.go:1074.24,1076.3 1 1
github.com/engine/server/discord/service.go:1077.2,1078.12 2 2
github.com/engine/server/discord/service.go:1081.37,1086.2 4 12
github.com/engine/server/discord/service.go:1088.53,1091.2 2 18
github.com/engine/server/discord/service.go:1093.56,1095.37 2 2
github.com/engine/server/discord/service.go:1095.37,1097.3 1 1
github.com/engine/server/discord/service.go:1098.2,1101.16 4 1
github.com/engine/server/discord/service.go:1104.75,1106.16 2 21
github.com/engine/server/discord/service.go:1106.16,1108.3 1 2
github.com/engine/server/discord/service.go:1109.2,1109.38 1 19
github.com/engine/server/discord/service.go:1109.38,1111.3 1 3
github.com/engine/server/discord/service.go:1112.2,1113.16 2 16
github.com/engine/server/discord/service.go:1113.16,1115.3 1 1
github.com/engine/server/discord/service.go:1116.2,1119.20 4 15
github.com/engine/server/discord/service.go:1119.20,1121.3 1 4
github.com/engine/server/discord/service.go:1122.2,1122.24 1 15
github.com/engine/server/discord/service.go:1125.31,1127.17 2 17
github.com/engine/server/discord/service.go:1127.17,1129.3 1 2
github.com/engine/server/discord/service.go:1130.2,1132.26 3 15
github.com/engine/server/discord/service.go:1132.26,1135.23 3 149
github.com/engine/server/discord/service.go:1135.23,1138.12 3 125
github.com/engine/server/discord/service.go:1140.3,1140.16 1 24
github.com/engine/server/discord/service.go:1140.16,1143.4 2 14
github.com/engine/server/discord/service.go:1145.2,1146.18 2 15
github.com/engine/server/discord/service.go:1146.18,1148.3 1 1
github.com/engine/server/discord/service.go:1149.2,1149.15 1 14
github.com/engine/server/discord/service.go:1152.53,1154.19 2 6
github.com/engine/server/discord/service.go:1154.19,1156.3 1 1
github.com/engine/server/discord/service.go:1157.2,1157.25 1 5
github.com/engine/server/discord/service.go:1157.25,1159.3 1 3
github.com/engine/server/discord/service.go:1161.2,1163.22 3 2
github.com/engine/server/discord/service.go:1163.22,1165.18 2 3
github.com/engine/server/discord/service.go:1165.18,1167.4 1 1
github.com/engine/server/discord/service.go:1168.3,1169.39 2 3
github.com/engine/server/discord/service.go:1171.2,1171.16 1 2
github.com/engine/server/discord/service.go:1171.16,1173.3 1 2
github.com/engine/server/discord/service.go:1174.2,1174.14 1 2
github.com/engine/server/discord/service.go:1177.46,1179.2 1 3
github.com/engine/server/discord/service.go:1181.53,1183.30 2 6
github.com/engine/server/discord/service.go:1183.30,1185.14 2 13
github.com/engine/server/discord/service.go:1185.14,1187.4 1 13
github.com/engine/server/discord/service.go:1189.2,1189.15 1 6
github.com/engine/server/discord/service.go:1192.42,1193.82 1 41
github.com/engine/server/discord/service.go:1193.82,1195.3 1 7
github.com/engine/server/discord/service.go:1196.2,1196.42 1 34
github.com/engine/server/discord/service.go:1196.42,1198.3 1 33
github.com/engine/server/discord/service.go:1199.2,1200.43 2 1
github.com/engine/server/discord/service.go:1203.32,1205.22 2 11
github.com/engine/server/discord/service.go:1205.22,1207.3 1 9
github.com/engine/server/discord/service.go:1208.2,1208.19 1 2
github.com/engine/server/discord/service.go:1211.49,1212.15 1 5
github.com/engine/server/discord/service.go:1212.15,1214.3 1 2
github.com/engine/server/discord/service.go:1215.2,1215.10 1 3
github.com/engine/server/discord/service.go:1233.44,1239.18 2 10
github.com/engine/server/discord/service.go:1239.18,1243.3 3 2
github.com/engine/server/discord/service.go:1244.2,1244.43 1 8
github.com/engine/server/discord/service.go:1244.43,1246.3 1 1
github.com/engine/server/discord/service.go:1247.2,1247.42 1 8
github.com/engine/server/discord/service.go:1247.42,1249.3 1 1
github.com/engine/server/discord/service.go:1250.2,1250.32 1 8
github.com/engine/server/discord/service.go:1250.32,1252.3 1 1
github.com/engine/server/discord/service.go:1253.2,1253.28 1 8
github.com/engine/server/discord/service.go:1253.28,1255.3 1 1
github.com/engine/server/discord/service.go:1257.2,1258.34 2 7
github.com/engine/server/discord/service.go:1258.34,1261.3 2 4
github.com/engine/server/discord/service.go:1262.2,1264.45 2 3
github.com/engine/server/discord/service.go:1264.45,1266.3 1 3
github.com/engine/server/discord/service.go:1268.2,1269.16 2 3
github.com/engine/server/discord/service.go:1269.16,1272.3 2 1
github.com/engine/server/discord/service.go:1273.2,1276.39 2 2
github.com/engine/server/discord/service.go:1276.39,1277.64 1 3
github.com/engine/server/discord/service.go:1277.64,1279.4 1 1
github.com/engine/server/discord/service.go:1282.2,1283.15 2 2
github.com/engine/server/discord/service.go:1288.44,1291.17 3 3
github.com/engine/server/discord/service.go:1291.17,1292.39 1 2
github.com/engine/server/discord/service.go:1292.39,1294.4 1 1
github.com/engine/server/discord/service.go:1295.3,1295.19 1 1
github.com/engine/server/discord/service.go:1297.2,1297.12 1 1
github.com/engine/server/discord/service.go:1302.109,1304.2 1 1
github.com/engine/server/discord/service.go:1308.110,1310.2 1 1
github.com/engine/server/discord/service.go:1313.42,1315.2 1 1
github.com/engine/server/discord/service.go:1319.56,1323.35 4 4
github.com/engine/server/discord/service.go:1323.35,1325.3 1 1
github.com/engine/server/discord/service.go:1326.2,1338.39 5 4
