mode: atomic
github.com/engine/server/discord/service.go:79.53,89.16 3 10
github.com/engine/server/discord/service.go:89.16,91.3 1 2
github.com/engine/server/discord/service.go:92.2,92.12 1 8
github.com/engine/server/discord/service.go:92.12,94.3 1 3
github.com/engine/server/discord/service.go:95.2,97.18 2 8
github.com/engine/server/discord/service.go:97.18,99.3 1 3
github.com/engine/server/discord/service.go:100.2,100.24 1 5
github.com/engine/server/discord/service.go:100.24,102.3 1 1
github.com/engine/server/discord/service.go:103.2,103.23 1 4
github.com/engine/server/discord/service.go:103.23,105.3 1 1
github.com/engine/server/discord/service.go:106.2,106.32 1 3
github.com/engine/server/discord/service.go:106.32,108.3 1 1
github.com/engine/server/discord/service.go:109.2,110.17 2 2
github.com/engine/server/discord/service.go:113.70,116.16 3 10
github.com/engine/server/discord/service.go:116.16,117.25 1 6
github.com/engine/server/discord/service.go:117.25,119.4 1 5
github.com/engine/server/discord/service.go:120.3,120.73 1 1
github.com/engine/server/discord/service.go:123.2,124.51 2 4
github.com/engine/server/discord/service.go:124.51,126.3 1 1
github.com/engine/server/discord/service.go:127.2,127.23 1 3
github.com/engine/server/discord/service.go:130.53,131.26 1 3
github.com/engine/server/discord/service.go:131.26,133.3 1 2
github.com/engine/server/discord/service.go:134.2,134.61 1 3
github.com/engine/server/discord/service.go:134.61,136.3 1 2
github.com/engine/server/discord/service.go:137.2,137.60 1 3
github.com/engine/server/discord/service.go:137.60,139.3 1 2
github.com/engine/server/discord/service.go:140.2,140.35 1 3
github.com/engine/server/discord/service.go:140.35,142.3 1 2
github.com/engine/server/discord/service.go:143.2,143.66 1 3
github.com/engine/server/discord/service.go:143.66,145.3 1 1
github.com/engine/server/discord/service.go:146.2,146.71 1 3
github.com/engine/server/discord/service.go:146.71,148.3 1 1
github.com/engine/server/discord/service.go:149.2,149.64 1 3
github.com/engine/server/discord/service.go:149.64,151.3 1 1
github.com/engine/server/discord/service.go:154.37,155.69 1 9
github.com/engine/server/discord/service.go:155.69,157.3 1 5
github.com/engine/server/discord/service.go:158.2,158.84 1 9
github.com/engine/server/discord/service.go:158.84,160.3 1 4
github.com/engine/server/discord/service.go:161.2,161.83 1 9
github.com/engine/server/discord/service.go:161.83,163.3 1 3
github.com/engine/server/discord/service.go:164.2,164.91 1 9
github.com/engine/server/discord/service.go:164.91,166.3 1 2
github.com/engine/server/discord/service.go:167.2,167.81 1 9
github.com/engine/server/discord/service.go:167.81,169.3 1 2
github.com/engine/server/discord/service.go:170.2,170.90 1 9
github.com/engine/server/discord/service.go:170.90,172.3 1 1
github.com/engine/server/discord/service.go:173.2,173.76 1 9
github.com/engine/server/discord/service.go:173.76,175.3 1 1
github.com/engine/server/discord/service.go:178.49,180.17 2 31
github.com/engine/server/discord/service.go:180.17,182.3 1 6
github.com/engine/server/discord/service.go:183.2,183.15 1 25
github.com/engine/server/discord/service.go:184.32,185.20 1 15
github.com/engine/server/discord/service.go:186.33,187.21 1 8
github.com/engine/server/discord/service.go:188.10,189.22 1 2
github.com/engine/server/discord/service.go:193.48,195.2 1 25
github.com/engine/server/discord/service.go:198.67,207.17 2 80
github.com/engine/server/discord/service.go:207.17,208.39 1 8
github.com/engine/server/discord/service.go:208.39,210.4 1 1
github.com/engine/server/discord/service.go:212.2,212.15 1 79
github.com/engine/server/discord/service.go:216.33,217.20 1 5
github.com/engine/server/discord/service.go:217.20,219.3 1 1
github.com/engine/server/discord/service.go:221.2,227.34 5 4
github.com/engine/server/discord/service.go:227.34,229.3 1 3
github.com/engine/server/discord/service.go:230.2,232.12 3 1
github.com/engine/server/discord/service.go:236.33,237.17 1 7
github.com/engine/server/discord/service.go:237.17,239.3 1 5
github.com/engine/server/discord/service.go:240.2,240.21 1 2
github.com/engine/server/discord/service.go:243.69,244.52 1 4
github.com/engine/server/discord/service.go:244.52,246.3 1 3
github.com/engine/server/discord/service.go:249.79,250.49 1 17
github.com/engine/server/discord/service.go:250.49,252.3 1 2
github.com/engine/server/discord/service.go:253.2,253.51 1 15
github.com/engine/server/discord/service.go:253.51,255.3 1 1
github.com/engine/server/discord/service.go:256.2,256.35 1 14
github.com/engine/server/discord/service.go:256.35,258.3 1 1
github.com/engine/server/discord/service.go:263.2,266.9 3 13
github.com/engine/server/discord/service.go:266.9,268.3 1 1
github.com/engine/server/discord/service.go:270.2,270.13 1 12
github.com/engine/server/discord/service.go:271.14,272.26 1 1
github.com/engine/server/discord/service.go:273.17,274.34 1 1
github.com/engine/server/discord/service.go:275.18,276.30 1 1
github.com/engine/server/discord/service.go:277.16,278.33 1 1
github.com/engine/server/discord/service.go:279.18,280.35 1 1
github.com/engine/server/discord/service.go:281.20,282.37 1 1
github.com/engine/server/discord/service.go:283.15,284.37 1 1
github.com/engine/server/discord/service.go:285.16,286.38 1 1
github.com/engine/server/discord/service.go:287.13,288.30 1 1
github.com/engine/server/discord/service.go:289.16,290.33 1 1
github.com/engine/server/discord/service.go:291.17,292.34 1 1
github.com/engine/server/discord/service.go:293.10,294.53 1 1
github.com/engine/server/discord/service.go:298.83,299.20 1 8
github.com/engine/server/discord/service.go:299.20,302.3 2 2
github.com/engine/server/discord/service.go:304.2,305.13 2 6
github.com/engine/server/discord/service.go:306.13,307.20 1 2
github.com/engine/server/discord/service.go:307.20,310.4 2 1
github.com/engine/server/discord/service.go:311.3,311.80 1 1
github.com/engine/server/discord/service.go:311.80,313.4 1 1
github.com/engine/server/discord/service.go:314.14,315.30 1 1
github.com/engine/server/discord/service.go:316.16,317.20 1 2
github.com/engine/server/discord/service.go:317.20,320.4 2 1
github.com/engine/server/discord/service.go:321.3,321.63 1 1
github.com/engine/server/discord/service.go:321.63,323.4 1 1
github.com/engine/server/discord/service.go:324.10,325.73 1 1
github.com/engine/server/discord/service.go:329.77,331.17 2 6
github.com/engine/server/discord/service.go:331.17,333.3 1 2
github.com/engine/server/discord/service.go:334.2,335.56 2 4
github.com/engine/server/discord/service.go:335.56,337.3 1 2
github.com/engine/server/discord/service.go:339.2,342.16 4 2
github.com/engine/server/discord/service.go:342.16,344.3 1 1
github.com/engine/server/discord/service.go:346.2,359.12 8 1
github.com/engine/server/discord/service.go:362.68,364.15 2 5
github.com/engine/server/discord/service.go:364.15,366.3 1 1
github.com/engine/server/discord/service.go:368.2,369.9 2 4
github.com/engine/server/discord/service.go:369.9,371.3 1 3
github.com/engine/server/discord/service.go:373.2,379.12 6 1
github.com/engine/server/discord/service.go:382.50,385.37 3 4
github.com/engine/server/discord/service.go:385.37,387.3 1 2
github.com/engine/server/discord/service.go:388.2,390.24 2 4
github.com/engine/server/discord/service.go:390.24,393.3 2 3
github.com/engine/server/discord/service.go:395.2,395.43 1 1
github.com/engine/server/discord/service.go:395.43,395.97 1 1
github.com/engine/server/discord/service.go:396.2,398.29 3 1
github.com/engine/server/discord/service.go:398.29,400.15 2 2
github.com/engine/server/discord/service.go:400.15,402.4 1 1
github.com/engine/server/discord/service.go:403.3,403.85 1 2
github.com/engine/server/discord/service.go:405.2,405.31 1 1
github.com/engine/server/discord/service.go:408.82,410.9 2 3
github.com/engine/server/discord/service.go:410.9,413.3 2 2
github.com/engine/server/discord/service.go:415.2,427.26 3 1
github.com/engine/server/discord/service.go:430.84,432.9 2 7
github.com/engine/server/discord/service.go:432.9,435.3 2 3
github.com/engine/server/discord/service.go:437.2,438.24 2 4
github.com/engine/server/discord/service.go:438.24,441.3 2 1
github.com/engine/server/discord/service.go:443.2,444.15 2 3
github.com/engine/server/discord/service.go:444.15,446.3 1 1
github.com/engine/server/discord/service.go:447.2,449.29 3 3
github.com/engine/server/discord/service.go:449.29,452.20 3 7
github.com/engine/server/discord/service.go:452.20,454.4 1 6
github.com/engine/server/discord/service.go:455.3,455.25 1 7
github.com/engine/server/discord/service.go:455.25,457.4 1 1
github.com/engine/server/discord/service.go:458.3,458.101 1 7
github.com/engine/server/discord/service.go:460.2,460.33 1 3
github.com/engine/server/discord/service.go:463.86,465.9 2 5
github.com/engine/server/discord/service.go:465.9,468.3 2 3
github.com/engine/server/discord/service.go:470.2,471.37 2 2
github.com/engine/server/discord/service.go:471.37,474.3 2 1
github.com/engine/server/discord/service.go:475.2,476.107 2 1
github.com/engine/server/discord/service.go:479.92,481.9 2 6
github.com/engine/server/discord/service.go:481.9,484.3 2 4
github.com/engine/server/discord/service.go:486.2,493.11 7 2
github.com/engine/server/discord/service.go:493.11,495.3 1 1
github.com/engine/server/discord/service.go:495.8,497.3 1 1
github.com/engine/server/discord/service.go:500.79,501.20 1 11
github.com/engine/server/discord/service.go:501.20,504.3 2 2
github.com/engine/server/discord/service.go:506.2,507.9 2 9
github.com/engine/server/discord/service.go:507.9,510.3 2 1
github.com/engine/server/discord/service.go:511.2,511.37 1 8
github.com/engine/server/discord/service.go:511.37,514.3 2 1
github.com/engine/server/discord/service.go:515.2,515.20 1 7
github.com/engine/server/discord/service.go:515.20,518.3 2 1
github.com/engine/server/discord/service.go:524.2,525.16 2 6
github.com/engine/server/discord/service.go:525.16,528.3 2 1
github.com/engine/server/discord/service.go:529.2,532.25 3 5
github.com/engine/server/discord/service.go:532.25,536.3 3 1
github.com/engine/server/discord/service.go:537.2,541.12 4 4
github.com/engine/server/discord/service.go:541.12,542.16 1 4
github.com/engine/server/discord/service.go:542.16,546.4 3 4
github.com/engine/server/discord/service.go:548.3,559.45 6 4
github.com/engine/server/discord/service.go:559.45,560.49 1 3
github.com/engine/server/discord/service.go:560.49,562.6 1 2
github.com/engine/server/discord/service.go:563.5,565.19 3 1
github.com/engine/server/discord/service.go:567.53,567.54 0 1
github.com/engine/server/discord/service.go:568.61,568.62 0 1
github.com/engine/server/discord/service.go:569.39,569.75 1 1
github.com/engine/server/discord/service.go:570.43,570.44 0 4
github.com/engine/server/discord/service.go:571.78,577.5 5 1
github.com/engine/server/discord/service.go:580.3,580.39 1 4
github.com/engine/server/discord/service.go:580.39,583.4 2 1
github.com/engine/server/discord/service.go:585.3,588.19 4 3
github.com/engine/server/discord/service.go:588.19,590.4 1 2
github.com/engine/server/discord/service.go:592.3,592.72 1 3
github.com/engine/server/discord/service.go:592.72,594.4 1 3
github.com/engine/server/discord/service.go:602.128,603.17 1 10
github.com/engine/server/discord/service.go:603.17,605.3 1 1
github.com/engine/server/discord/service.go:608.2,609.45 2 9
github.com/engine/server/discord/service.go:609.45,612.69 3 7
github.com/engine/server/discord/service.go:612.69,614.4 1 6
github.com/engine/server/discord/service.go:615.3,616.34 2 1
github.com/engine/server/discord/service.go:620.2,622.16 3 2
github.com/engine/server/discord/service.go:622.16,624.3 1 1
github.com/engine/server/discord/service.go:625.2,629.34 3 1
github.com/engine/server/discord/service.go:632.87,638.2 5 2
github.com/engine/server/discord/service.go:640.82,641.20 1 5
github.com/engine/server/discord/service.go:641.20,644.3 2 2
github.com/engine/server/discord/service.go:645.2,647.8 3 3
github.com/engine/server/discord/service.go:647.8,649.3 1 1
github.com/engine/server/discord/service.go:650.2,652.20 3 3
github.com/engine/server/discord/service.go:652.20,655.3 2 2
github.com/engine/server/discord/service.go:656.2,658.25 3 1
github.com/engine/server/discord/service.go:658.25,665.3 1 1
github.com/engine/server/discord/service.go:666.2,666.67 1 1
github.com/engine/server/discord/service.go:669.83,671.20 2 6
github.com/engine/server/discord/service.go:671.20,672.59 1 3
github.com/engine/server/discord/service.go:672.59,674.4 1 2
github.com/engine/server/discord/service.go:676.2,679.17 4 6
github.com/engine/server/discord/service.go:679.17,680.84 1 1
github.com/engine/server/discord/service.go:680.84,682.4 1 1
github.com/engine/server/discord/service.go:684.2,684.69 1 6
github.com/engine/server/discord/service.go:684.69,686.3 1 2
github.com/engine/server/discord/service.go:687.2,688.20 2 6
github.com/engine/server/discord/service.go:688.20,691.3 2 5
github.com/engine/server/discord/service.go:692.2,694.38 3 1
github.com/engine/server/discord/service.go:694.38,701.3 2 1
github.com/engine/server/discord/service.go:702.2,702.67 1 1
github.com/engine/server/discord/service.go:707.61,712.21 5 15
github.com/engine/server/discord/service.go:712.21,715.3 2 15
github.com/engine/server/discord/service.go:716.2,717.74 2 15
github.com/engine/server/discord/service.go:717.74,719.3 1 14
github.com/engine/server/discord/service.go:720.2,731.4 1 15
github.com/engine/server/discord/service.go:734.82,740.21 6 18
github.com/engine/server/discord/service.go:740.21,742.3 1 13
github.com/engine/server/discord/service.go:743.2,752.4 1 18
github.com/engine/server/discord/service.go:758.70,759.55 1 15
github.com/engine/server/discord/service.go:759.55,761.3 1 7
github.com/engine/server/discord/service.go:762.2,762.34 1 8
github.com/engine/server/discord/service.go:762.34,764.3 1 2
github.com/engine/server/discord/service.go:765.2,765.67 1 6
github.com/engine/server/discord/service.go:765.67,768.3 2 2
github.com/engine/server/discord/service.go:769.2,769.51 1 4
github.com/engine/server/discord/service.go:774.73,775.55 1 38
github.com/engine/server/discord/service.go:775.55,777.3 1 20
github.com/engine/server/discord/service.go:778.2,779.29 2 18
github.com/engine/server/discord/service.go:779.29,781.3 1 4
github.com/engine/server/discord/service.go:782.2,782.18 1 14
github.com/engine/server/discord/service.go:782.18,784.3 1 10
github.com/engine/server/discord/service.go:785.2,785.18 1 4
github.com/engine/server/discord/service.go:788.94,789.39 1 36
github.com/engine/server/discord/service.go:789.39,790.75 1 9
github.com/engine/server/discord/service.go:790.75,792.4 1 8
github.com/engine/server/discord/service.go:795.2,795.40 1 28
github.com/engine/server/discord/service.go:795.40,798.38 3 26
github.com/engine/server/discord/service.go:798.38,799.32 1 5
github.com/engine/server/discord/service.go:799.32,801.5 1 3
github.com/engine/server/discord/service.go:804.2,804.15 1 25
github.com/engine/server/discord/service.go:807.43,811.2 1 32
github.com/engine/server/discord/service.go:813.44,816.23 3 9
github.com/engine/server/discord/service.go:816.23,818.3 1 2
github.com/engine/server/discord/service.go:819.2,819.19 1 9
github.com/engine/server/discord/service.go:819.19,821.3 1 2
github.com/engine/server/discord/service.go:822.2,822.40 1 9
github.com/engine/server/discord/service.go:825.48,827.43 2 11
github.com/engine/server/discord/service.go:827.43,828.25 1 15
github.com/engine/server/discord/service.go:828.25,830.4 1 3
github.com/engine/server/discord/service.go:831.3,831.24 1 12
github.com/engine/server/discord/service.go:833.2,833.12 1 8
github.com/engine/server/discord/service.go:833.12,835.3 1 4
github.com/engine/server/discord/service.go:836.2,836.15 1 4
github.com/engine/server/discord/service.go:839.34,841.16 2 7
github.com/engine/server/discord/service.go:841.16,843.3 1 2
github.com/engine/server/discord/service.go:844.2,844.32 1 5
github.com/engine/server/discord/service.go:847.49,848.35 1 9
github.com/engine/server/discord/service.go:848.35,849.25 1 5
github.com/engine/server/discord/service.go:849.25,851.4 1 3
github.com/engine/server/discord/service.go:852.3,852.16 1 2
github.com/engine/server/discord/service.go:854.2,854.13 1 4
github.com/engine/server/discord/service.go:857.41,858.31 1 13
github.com/engine/server/discord/service.go:858.31,860.3 1 11
github.com/engine/server/discord/service.go:861.2,861.29 1 2
github.com/engine/server/discord/service.go:864.100,865.55 1 34
github.com/engine/server/discord/service.go:865.55,867.3 1 13
github.com/engine/server/discord/service.go:868.2,868.20 1 21
github.com/engine/server/discord/service.go:868.20,870.3 1 20
github.com/engine/server/discord/service.go:871.2,872.14 2 1
github.com/engine/server/discord/service.go:875.100,876.55 1 13
github.com/engine/server/discord/service.go:876.55,878.3 1 9
github.com/engine/server/discord/service.go:879.2,879.19 1 4
github.com/engine/server/discord/service.go:879.19,881.3 1 2
github.com/engine/server/discord/service.go:882.2,883.9 2 2
github.com/engine/server/discord/service.go:883.9,885.3 1 1
github.com/engine/server/discord/service.go:886.2,886.45 1 1
github.com/engine/server/discord/service.go:889.84,890.40 1 56
github.com/engine/server/discord/service.go:890.40,892.3 1 2
github.com/engine/server/discord/service.go:894.2,896.37 3 54
github.com/engine/server/discord/service.go:896.37,897.31 1 31
github.com/engine/server/discord/service.go:897.31,899.4 1 18
github.com/engine/server/discord/service.go:902.2,902.17 1 36
github.com/engine/server/discord/service.go:902.17,904.3 1 27
github.com/engine/server/discord/service.go:906.2,907.69 2 9
github.com/engine/server/discord/service.go:907.69,909.3 1 1
github.com/engine/server/discord/service.go:910.2,910.37 1 8
github.com/engine/server/discord/service.go:910.37,911.33 1 7
github.com/engine/server/discord/service.go:911.33,913.4 1 7
github.com/engine/server/discord/service.go:915.2,915.32 1 1
github.com/engine/server/discord/service.go:918.82,922.40 4 13
github.com/engine/server/discord/service.go:922.40,923.120 1 8
github.com/engine/server/discord/service.go:923.120,925.4 1 7
github.com/engine/server/discord/service.go:927.2,927.36 1 6
github.com/engine/server/discord/service.go:930.58,934.22 4 10
github.com/engine/server/discord/service.go:934.22,935.53 1 2
github.com/engine/server/discord/service.go:935.53,937.4 1 1
github.com/engine/server/discord/service.go:940.2,941.16 2 9
github.com/engine/server/discord/service.go:941.16,943.3 1 4
github.com/engine/server/discord/service.go:944.2,944.30 1 5
github.com/engine/server/discord/service.go:944.30,945.87 1 1
github.com/engine/server/discord/service.go:945.87,951.4 5 1
github.com/engine/server/discord/service.go:954.2,955.16 2 4
github.com/engine/server/discord/service.go:955.16,957.3 1 1
github.com/engine/server/discord/service.go:958.2,963.19 6 3
github.com/engine/server/discord/service.go:966.81,968.16 2 7
github.com/engine/server/discord/service.go:968.16,970.3 1 1
github.com/engine/server/discord/service.go:971.2,971.30 1 6
github.com/engine/server/discord/service.go:971.30,972.67 1 3
github.com/engine/server/discord/service.go:972.67,974.4 1 2
github.com/engine/server/discord/service.go:976.2,976.85 1 4
github.com/engine/server/discord/service.go:979.47,980.55 1 70
github.com/engine/server/discord/service.go:980.55,982.3 1 54
github.com/engine/server/discord/service.go:983.2,983.34 1 16
github.com/engine/server/discord/service.go:983.34,985.3 1 2
github.com/engine/server/discord/service.go:986.2,986.67 1 14
github.com/engine/server/discord/service.go:986.67,989.3 2 2
github.com/engine/server/discord/service.go:990.2,990.49 1 12
github.com/engine/server/discord/service.go:993.46,1011.2 2 1
github.com/engine/server/discord/service.go:1013.38,1015.2 1 27
github.com/engine/server/discord/service.go:1017.37,1020.16 3 16
github.com/engine/server/discord/service.go:1020.16,1021.25 1 10
github.com/engine/server/discord/service.go:1021.25,1023.4 1 9
github.com/engine/server/discord/service.go:1024.3,1024.51 1 1
github.com/engine/server/discord/service.go:1026.2,1027.50 2 6
github.com/engine/server/discord/service.go:1027.50,1029.3 1 4
github.com/engine/server/discord/service.go:1030.2,1030.24 1 2
github.com/engine/server/discord/service.go:1030.24,1032.3 1 1
github.com/engine/server/discord/service.go:1033.2,1034.12 2 2
github.com/engine/server/discord/service.go:1037.37,1042.2 4 10
github.com/engine/server/discord/service.go:1044.53,1047.2 2 18
github.com/engine/server/discord/service.go:1049.56,1051.37 2 2
github.com/engine/server/discord/service.go:1051.37,1053.3 1 1
github.com/engine/server/discord/service.go:1054.2,1057.16 4 1
github.com/engine/server/discord/service.go:1060.75,1062.16 2 21
github.com/engine/server/discord/service.go:1062.16,1064.3 1 2
github.com/engine/server/discord/service.go:1065.2,1065.38 1 19
github.com/engine/server/discord/service.go:1065.38,1067.3 1 3
github.com/engine/server/discord/service.go:1068.2,1069.16 2 16
github.com/engine/server/discord/service.go:1069.16,1071.3 1 1
github.com/engine/server/discord/service.go:1072.2,1075.20 4 15
github.com/engine/server/discord/service.go:1075.20,1077.3 1 4
github.com/engine/server/discord/service.go:1078.2,1078.24 1 15
github.com/engine/server/discord/service.go:1081.31,1083.17 2 13
github.com/engine/server/discord/service.go:1083.17,1085.3 1 2
github.com/engine/server/discord/service.go:1086.2,1088.26 3 11
github.com/engine/server/discord/service.go:1088.26,1091.23 3 99
github.com/engine/server/discord/service.go:1091.23,1094.12 3 81
github.com/engine/server/discord/service.go:1096.3,1096.16 1 18
github.com/engine/server/discord/service.go:1096.16,1099.4 2 8
github.com/engine/server/discord/service.go:1101.2,1102.18 2 11
github.com/engine/server/discord/service.go:1102.18,1104.3 1 1
github.com/engine/server/discord/service.go:1105.2,1105.15 1 10
github.com/engine/server/discord/service.go:1108.53,1110.19 2 6
github.com/engine/server/discord/service.go:1110.19,1112.3 1 1
github.com/engine/server/discord/service.go:1113.2,1113.25 1 5
github.com/engine/server/discord/service.go:1113.25,1115.3 1 3
github.com/engine/server/discord/service.go:1117.2,1119.22 3 2
github.com/engine/server/discord/service.go:1119.22,1121.18 2 3
github.com/engine/server/discord/service.go:1121.18,1123.4 1 1
github.com/engine/server/discord/service.go:1124.3,1125.39 2 3
github.com/engine/server/discord/service.go:1127.2,1127.16 1 2
github.com/engine/server/discord/service.go:1127.16,1129.3 1 2
github.com/engine/server/discord/service.go:1130.2,1130.14 1 2
github.com/engine/server/discord/service.go:1133.46,1135.2 1 3
github.com/engine/server/discord/service.go:1137.53,1139.30 2 6
github.com/engine/server/discord/service.go:1139.30,1141.14 2 13
github.com/engine/server/discord/service.go:1141.14,1143.4 1 13
github.com/engine/server/discord/service.go:1145.2,1145.15 1 6
github.com/engine/server/discord/service.go:1148.42,1149.82 1 41
github.com/engine/server/discord/service.go:1149.82,1151.3 1 7
github.com/engine/server/discord/service.go:1152.2,1152.42 1 34
github.com/engine/server/discord/service.go:1152.42,1154.3 1 33
github.com/engine/server/discord/service.go:1155.2,1156.43 2 1
github.com/engine/server/discord/service.go:1159.32,1161.22 2 11
github.com/engine/server/discord/service.go:1161.22,1163.3 1 9
github.com/engine/server/discord/service.go:1164.2,1164.19 1 2
github.com/engine/server/discord/service.go:1167.49,1168.15 1 5
github.com/engine/server/discord/service.go:1168.15,1170.3 1 2
github.com/engine/server/discord/service.go:1171.2,1171.10 1 3
github.com/engine/server/discord/service.go:1189.44,1195.18 2 10
github.com/engine/server/discord/service.go:1195.18,1199.3 3 2
github.com/engine/server/discord/service.go:1200.2,1200.43 1 8
github.com/engine/server/discord/service.go:1200.43,1202.3 1 1
github.com/engine/server/discord/service.go:1203.2,1203.42 1 8
github.com/engine/server/discord/service.go:1203.42,1205.3 1 1
github.com/engine/server/discord/service.go:1206.2,1206.32 1 8
github.com/engine/server/discord/service.go:1206.32,1208.3 1 1
github.com/engine/server/discord/service.go:1209.2,1209.28 1 8
github.com/engine/server/discord/service.go:1209.28,1211.3 1 1
github.com/engine/server/discord/service.go:1213.2,1214.34 2 7
github.com/engine/server/discord/service.go:1214.34,1217.3 2 4
github.com/engine/server/discord/service.go:1218.2,1220.45 2 3
github.com/engine/server/discord/service.go:1220.45,1222.3 1 3
github.com/engine/server/discord/service.go:1224.2,1225.16 2 3
github.com/engine/server/discord/service.go:1225.16,1228.3 2 1
github.com/engine/server/discord/service.go:1229.2,1232.39 2 2
github.com/engine/server/discord/service.go:1232.39,1233.64 1 3
github.com/engine/server/discord/service.go:1233.64,1235.4 1 1
github.com/engine/server/discord/service.go:1238.2,1239.15 2 2
github.com/engine/server/discord/service.go:1244.44,1247.17 3 3
github.com/engine/server/discord/service.go:1247.17,1248.39 1 2
github.com/engine/server/discord/service.go:1248.39,1250.4 1 1
github.com/engine/server/discord/service.go:1251.3,1251.19 1 1
github.com/engine/server/discord/service.go:1253.2,1253.12 1 1
github.com/engine/server/discord/service.go:1258.109,1260.2 1 1
github.com/engine/server/discord/service.go:1264.110,1266.2 1 1
github.com/engine/server/discord/service.go:1269.42,1271.2 1 1
github.com/engine/server/discord/service.go:1275.56,1279.35 4 4
github.com/engine/server/discord/service.go:1279.35,1281.3 1 1
github.com/engine/server/discord/service.go:1282.2,1294.39 5 4
