mode: atomic
github.com/engine/server/github/github.go:17.23,18.48 1 31
github.com/engine/server/github/github.go:18.48,20.3 1 1
github.com/engine/server/github/github.go:21.2,21.23 1 30
github.com/engine/server/github/github.go:60.53,62.17 2 2
github.com/engine/server/github/github.go:62.17,64.3 1 1
github.com/engine/server/github/github.go:65.2,70.8 1 1
github.com/engine/server/github/github.go:74.60,81.2 1 1
github.com/engine/server/github/github.go:84.77,87.21 2 4
github.com/engine/server/github/github.go:87.21,89.3 1 1
github.com/engine/server/github/github.go:91.2,92.16 2 4
github.com/engine/server/github/github.go:92.16,94.3 1 1
github.com/engine/server/github/github.go:96.2,97.54 2 3
github.com/engine/server/github/github.go:97.54,99.3 1 1
github.com/engine/server/github/github.go:100.2,100.20 1 2
github.com/engine/server/github/github.go:104.55,107.16 3 3
github.com/engine/server/github/github.go:107.16,109.3 1 1
github.com/engine/server/github/github.go:111.2,112.53 2 2
github.com/engine/server/github/github.go:112.53,114.3 1 1
github.com/engine/server/github/github.go:115.2,115.20 1 1
github.com/engine/server/github/github.go:119.83,124.21 2 4
github.com/engine/server/github/github.go:124.21,126.3 1 1
github.com/engine/server/github/github.go:128.2,132.16 2 4
github.com/engine/server/github/github.go:132.16,134.3 1 1
github.com/engine/server/github/github.go:136.2,137.57 2 3
github.com/engine/server/github/github.go:137.57,139.3 1 1
github.com/engine/server/github/github.go:140.2,140.20 1 2
github.com/engine/server/github/github.go:144.72,150.16 3 5
github.com/engine/server/github/github.go:150.16,152.3 1 2
github.com/engine/server/github/github.go:154.2,155.59 2 3
github.com/engine/server/github/github.go:155.59,157.3 1 1
github.com/engine/server/github/github.go:158.2,158.22 1 2
github.com/engine/server/github/github.go:162.63,163.19 1 4
github.com/engine/server/github/github.go:163.19,164.58 1 2
github.com/engine/server/github/github.go:164.58,166.4 1 1
github.com/engine/server/github/github.go:169.2,174.16 3 3
github.com/engine/server/github/github.go:174.16,176.3 1 1
github.com/engine/server/github/github.go:177.2,177.12 1 2
github.com/engine/server/github/github.go:181.90,186.16 2 3
github.com/engine/server/github/github.go:186.16,188.3 1 1
github.com/engine/server/github/github.go:190.2,191.57 2 2
github.com/engine/server/github/github.go:191.57,193.3 1 1
github.com/engine/server/github/github.go:194.2,194.20 1 1
github.com/engine/server/github/github.go:199.52,201.16 2 8
github.com/engine/server/github/github.go:201.16,203.3 1 1
github.com/engine/server/github/github.go:204.2,204.25 1 7
github.com/engine/server/github/github.go:207.74,209.16 2 11
github.com/engine/server/github/github.go:209.16,211.3 1 1
github.com/engine/server/github/github.go:212.2,213.16 2 10
github.com/engine/server/github/github.go:213.16,215.3 1 1
github.com/engine/server/github/github.go:216.2,216.25 1 9
github.com/engine/server/github/github.go:219.75,221.16 2 8
github.com/engine/server/github/github.go:221.16,223.3 1 1
github.com/engine/server/github/github.go:224.2,225.16 2 7
github.com/engine/server/github/github.go:225.16,227.3 1 1
github.com/engine/server/github/github.go:228.2,228.25 1 6
github.com/engine/server/github/github.go:231.63,235.25 4 24
github.com/engine/server/github/github.go:235.25,237.3 1 15
github.com/engine/server/github/github.go:239.2,240.16 2 24
github.com/engine/server/github/github.go:240.16,242.3 1 2
github.com/engine/server/github/github.go:243.2,246.16 3 22
github.com/engine/server/github/github.go:246.16,248.3 1 1
github.com/engine/server/github/github.go:250.2,250.53 1 21
github.com/engine/server/github/github.go:250.53,253.3 1 6
github.com/engine/server/github/github.go:254.2,254.18 1 15
github.com/engine/server/github/monitor.go:41.36,45.2 1 15
github.com/engine/server/github/monitor.go:48.52,59.9 4 13
github.com/engine/server/github/monitor.go:60.32,60.32 0 12
github.com/engine/server/github/monitor.go:61.10,61.10 0 1
github.com/engine/server/github/monitor.go:67.50,69.19 2 12
github.com/engine/server/github/monitor.go:69.19,71.3 1 11
github.com/engine/server/github/monitor.go:72.2,72.12 1 12
github.com/engine/server/github/monitor.go:72.12,75.7 3 12
github.com/engine/server/github/monitor.go:75.7,76.11 1 24
github.com/engine/server/github/monitor.go:77.22,78.11 1 12
github.com/engine/server/github/monitor.go:79.22,80.16 1 11
github.com/engine/server/github/monitor.go:81.20,82.16 1 1
github.com/engine/server/github/monitor.go:89.33,95.29 5 12
github.com/engine/server/github/monitor.go:95.29,98.3 2 12
github.com/engine/server/github/monitor.go:102.52,103.34 1 12
github.com/engine/server/github/monitor.go:104.14,106.17 2 4
github.com/engine/server/github/monitor.go:106.17,109.4 2 1
github.com/engine/server/github/monitor.go:110.3,110.51 1 3
github.com/engine/server/github/monitor.go:110.51,112.4 1 2
github.com/engine/server/github/monitor.go:114.22,116.17 2 3
github.com/engine/server/github/monitor.go:116.17,119.4 2 1
github.com/engine/server/github/monitor.go:120.3,122.25 1 2
github.com/engine/server/github/monitor.go:122.25,124.4 1 1
github.com/engine/server/github/monitor.go:126.23,127.30 1 1
github.com/engine/server/github/monitor.go:127.30,129.4 1 1
github.com/engine/server/github/monitor.go:131.16,133.17 2 3
github.com/engine/server/github/monitor.go:133.17,136.4 2 1
github.com/engine/server/github/monitor.go:137.3,137.53 1 2
github.com/engine/server/github/monitor.go:137.53,139.4 1 1
github.com/engine/server/github/monitor.go:141.10,143.85 1 1
github.com/engine/server/github/oauth.go:50.76,51.18 1 6
github.com/engine/server/github/oauth.go:51.18,53.3 1 5
github.com/engine/server/github/oauth.go:55.2,59.16 2 6
github.com/engine/server/github/oauth.go:59.16,61.3 1 1
github.com/engine/server/github/oauth.go:62.2,67.16 4 5
github.com/engine/server/github/oauth.go:67.16,69.3 1 1
github.com/engine/server/github/oauth.go:71.2,76.25 2 4
github.com/engine/server/github/oauth.go:76.25,78.73 1 2
github.com/engine/server/github/oauth.go:78.73,80.4 1 1
github.com/engine/server/github/oauth.go:82.2,82.58 1 3
github.com/engine/server/github/oauth.go:82.58,84.3 1 1
github.com/engine/server/github/oauth.go:85.2,85.54 1 3
github.com/engine/server/github/oauth.go:85.54,87.3 1 1
github.com/engine/server/github/oauth.go:88.2,88.23 1 3
github.com/engine/server/github/oauth.go:88.23,90.3 1 1
github.com/engine/server/github/oauth.go:91.2,91.22 1 3
github.com/engine/server/github/oauth.go:91.22,93.3 1 1
github.com/engine/server/github/oauth.go:94.2,94.16 1 3
github.com/engine/server/github/oauth.go:105.108,109.34 3 8
github.com/engine/server/github/oauth.go:109.34,117.17 3 79929
github.com/engine/server/github/oauth.go:117.17,118.23 1 26643
github.com/engine/server/github/oauth.go:118.23,120.5 1 26643
github.com/engine/server/github/oauth.go:121.4,121.12 1 26643
github.com/engine/server/github/oauth.go:124.3,137.20 5 53286
github.com/engine/server/github/oauth.go:138.11,139.29 1 3
github.com/engine/server/github/oauth.go:139.29,141.5 1 3
github.com/engine/server/github/oauth.go:142.32,143.23 1 26995
github.com/engine/server/github/oauth.go:143.23,145.5 1 1
github.com/engine/server/github/oauth.go:146.20,148.23 2 1
github.com/engine/server/github/oauth.go:148.23,150.5 1 1
github.com/engine/server/github/oauth.go:151.24,152.23 1 1
github.com/engine/server/github/oauth.go:152.23,154.5 1 1
github.com/engine/server/github/oauth.go:155.4,155.49 1 1
github.com/engine/server/github/oauth.go:156.24,157.48 1 1
github.com/engine/server/github/oauth.go:158.11,159.23 1 26285
github.com/engine/server/github/oauth.go:159.23,161.5 1 26285
github.com/engine/server/github/oauth.go:165.2,165.57 1 3
github.com/engine/server/github/oauth.go:170.57,178.16 7 4
github.com/engine/server/github/oauth.go:178.16,180.3 1 1
github.com/engine/server/github/oauth.go:181.2,183.38 2 3
github.com/engine/server/github/oauth.go:183.38,185.3 1 1
github.com/engine/server/github/oauth.go:187.2,190.65 2 2
github.com/engine/server/github/oauth.go:190.65,192.3 1 1
github.com/engine/server/github/oauth.go:193.2,193.24 1 1
github.com/engine/server/github/oauth.go:199.62,209.16 8 4
github.com/engine/server/github/oauth.go:209.16,211.3 1 1
github.com/engine/server/github/oauth.go:212.2,213.81 2 3
github.com/engine/server/github/oauth.go:213.81,215.3 1 1
github.com/engine/server/github/oauth.go:216.2,216.12 1 2
github.com/engine/server/github/webhook.go:38.57,40.2 1 7
github.com/engine/server/github/webhook.go:43.57,45.2 1 3
github.com/engine/server/github/webhook.go:49.78,50.33 1 7
github.com/engine/server/github/webhook.go:50.33,53.3 2 1
github.com/engine/server/github/webhook.go:55.2,56.16 2 6
github.com/engine/server/github/webhook.go:56.16,59.3 2 1
github.com/engine/server/github/webhook.go:61.2,61.24 1 5
github.com/engine/server/github/webhook.go:61.24,63.36 2 4
github.com/engine/server/github/webhook.go:63.36,66.4 2 3
github.com/engine/server/github/webhook.go:69.2,75.32 2 2
github.com/engine/server/github/webhook.go:75.32,77.3 1 2
github.com/engine/server/github/webhook.go:79.2,79.37 1 2
github.com/engine/server/github/webhook.go:84.73,85.40 1 4
github.com/engine/server/github/webhook.go:85.40,87.3 1 1
github.com/engine/server/github/webhook.go:88.2,90.16 3 3
github.com/engine/server/github/webhook.go:90.16,92.3 1 1
github.com/engine/server/github/webhook.go:94.2,97.39 4 2
github.com/engine/server/github/webhook.go:164.55,166.54 2 8
github.com/engine/server/github/webhook.go:166.54,168.3 1 2
github.com/engine/server/github/webhook.go:169.2,169.16 1 6
github.com/engine/server/github/webhook.go:173.71,175.54 2 2
github.com/engine/server/github/webhook.go:175.54,177.3 1 1
github.com/engine/server/github/webhook.go:178.2,178.16 1 1
github.com/engine/server/github/webhook.go:182.57,184.54 2 5
github.com/engine/server/github/webhook.go:184.54,186.3 1 2
github.com/engine/server/github/webhook.go:187.2,187.16 1 3
github.com/engine/server/github/webhook.go:191.69,193.54 2 5
github.com/engine/server/github/webhook.go:193.54,195.3 1 2
github.com/engine/server/github/webhook.go:196.2,196.16 1 3
github.com/engine/server/github/webhook.go:200.44,201.37 1 6
github.com/engine/server/github/webhook.go:201.37,202.27 1 10
github.com/engine/server/github/webhook.go:202.27,204.70 2 6
github.com/engine/server/github/webhook.go:204.70,206.5 1 4
github.com/engine/server/github/webhook.go:208.3,208.15 1 6
github.com/engine/server/github/webhook.go:210.2,210.30 1 6
github.com/engine/server/github/webhook.go:210.30,211.42 1 6
github.com/engine/server/github/webhook.go:211.42,213.4 1 4
github.com/engine/server/github/webhook.go:215.2,215.14 1 2
