mode: atomic
github.com/engine/server/main.go:42.94,42.141 1 1
github.com/engine/server/main.go:46.54,46.88 1 4
github.com/engine/server/main.go:56.41,56.52 1 0
github.com/engine/server/main.go:61.81,64.3 2 3
github.com/engine/server/main.go:73.34,74.54 1 4
github.com/engine/server/main.go:74.54,76.3 1 2
github.com/engine/server/main.go:77.2,77.62 1 2
github.com/engine/server/main.go:77.62,79.3 1 1
github.com/engine/server/main.go:80.2,80.12 1 1
github.com/engine/server/main.go:83.13,84.32 1 2
github.com/engine/server/main.go:84.32,86.3 1 1
github.com/engine/server/main.go:89.18,91.23 2 13
github.com/engine/server/main.go:91.23,93.3 1 1
github.com/engine/server/main.go:95.2,95.46 1 13
github.com/engine/server/main.go:95.46,97.3 1 1
github.com/engine/server/main.go:99.2,101.62 2 12
github.com/engine/server/main.go:101.62,103.3 1 1
github.com/engine/server/main.go:103.8,103.24 1 11
github.com/engine/server/main.go:103.24,105.17 2 3
github.com/engine/server/main.go:105.17,107.4 1 1
github.com/engine/server/main.go:107.9,107.55 1 2
github.com/engine/server/main.go:107.55,109.4 1 1
github.com/engine/server/main.go:109.9,112.4 2 1
github.com/engine/server/main.go:113.8,118.69 1 8
github.com/engine/server/main.go:118.69,120.4 1 8
github.com/engine/server/main.go:124.2,124.36 1 11
github.com/engine/server/main.go:124.36,126.48 2 3
github.com/engine/server/main.go:126.48,128.4 1 1
github.com/engine/server/main.go:129.3,132.17 3 3
github.com/engine/server/main.go:132.17,134.4 1 2
github.com/engine/server/main.go:136.3,138.37 3 1
github.com/engine/server/main.go:142.2,142.39 1 8
github.com/engine/server/main.go:142.39,144.51 2 3
github.com/engine/server/main.go:144.51,146.4 1 1
github.com/engine/server/main.go:147.3,150.17 3 3
github.com/engine/server/main.go:150.17,152.4 1 2
github.com/engine/server/main.go:154.3,155.32 2 1
github.com/engine/server/main.go:159.2,160.16 2 5
github.com/engine/server/main.go:160.16,162.3 1 4
github.com/engine/server/main.go:163.2,164.75 2 5
github.com/engine/server/main.go:164.75,167.37 3 2
github.com/engine/server/main.go:167.37,170.4 2 1
github.com/engine/server/main.go:171.3,172.66 2 1
github.com/engine/server/main.go:176.2,179.61 4 5
github.com/engine/server/main.go:179.61,181.21 2 1
github.com/engine/server/main.go:181.21,181.71 1 1
github.com/engine/server/main.go:183.2,183.58 1 5
github.com/engine/server/main.go:183.58,185.21 2 1
github.com/engine/server/main.go:185.21,185.73 1 1
github.com/engine/server/main.go:187.2,187.61 1 5
github.com/engine/server/main.go:187.61,189.21 2 1
github.com/engine/server/main.go:189.21,189.68 1 1
github.com/engine/server/main.go:191.2,191.60 1 5
github.com/engine/server/main.go:191.60,193.21 2 1
github.com/engine/server/main.go:193.21,193.74 1 1
github.com/engine/server/main.go:195.2,202.40 6 5
github.com/engine/server/main.go:205.74,207.21 2 10
github.com/engine/server/main.go:207.21,209.3 1 5
github.com/engine/server/main.go:210.2,211.36 2 10
github.com/engine/server/main.go:211.36,213.3 1 1
github.com/engine/server/main.go:214.2,214.43 1 10
github.com/engine/server/main.go:217.89,219.63 2 8
github.com/engine/server/main.go:219.63,221.3 1 1
github.com/engine/server/main.go:223.2,223.64 1 7
github.com/engine/server/main.go:223.64,224.112 1 3
github.com/engine/server/main.go:224.112,226.4 1 1
github.com/engine/server/main.go:227.3,227.121 1 2
github.com/engine/server/main.go:227.121,229.4 1 1
github.com/engine/server/main.go:230.3,230.19 1 1
github.com/engine/server/main.go:233.2,234.93 2 4
github.com/engine/server/main.go:234.93,236.3 1 3
github.com/engine/server/main.go:237.2,237.18 1 1
github.com/engine/server/main.go:240.81,270.2 2 4
github.com/engine/server/main.go:274.74,280.99 2 5
github.com/engine/server/main.go:280.99,283.3 2 1
github.com/engine/server/main.go:284.2,285.21 2 4
github.com/engine/server/main.go:285.21,288.3 2 1
github.com/engine/server/main.go:289.2,291.16 3 3
github.com/engine/server/main.go:291.16,294.3 2 3
github.com/engine/server/main.go:296.2,298.78 3 3
github.com/engine/server/main.go:298.78,300.3 1 1
github.com/engine/server/main.go:301.2,306.44 2 3
github.com/engine/server/main.go:306.44,307.21 1 4
github.com/engine/server/main.go:307.21,309.5 1 2
github.com/engine/server/main.go:310.4,310.12 1 4
github.com/engine/server/main.go:310.12,312.90 2 2
github.com/engine/server/main.go:312.90,314.6 1 1
github.com/engine/server/main.go:317.29,319.4 1 1
github.com/engine/server/main.go:322.2,323.22 2 3
github.com/engine/server/main.go:327.76,338.58 2 4
github.com/engine/server/main.go:338.58,341.3 2 1
github.com/engine/server/main.go:343.2,345.72 3 3
github.com/engine/server/main.go:345.72,347.3 1 1
github.com/engine/server/main.go:348.2,353.44 2 3
github.com/engine/server/main.go:353.44,354.21 1 4
github.com/engine/server/main.go:354.21,356.5 1 2
github.com/engine/server/main.go:357.4,357.12 1 4
github.com/engine/server/main.go:357.12,359.90 2 2
github.com/engine/server/main.go:359.90,361.6 1 1
github.com/engine/server/main.go:364.29,366.4 1 1
github.com/engine/server/main.go:369.2,384.22 2 3
github.com/engine/server/main.go:389.71,391.44 2 5
github.com/engine/server/main.go:391.44,394.3 2 2
github.com/engine/server/main.go:396.2,398.76 3 3
github.com/engine/server/main.go:398.76,400.3 1 1
github.com/engine/server/main.go:402.2,407.44 2 3
github.com/engine/server/main.go:407.44,408.21 1 4
github.com/engine/server/main.go:408.21,410.5 1 2
github.com/engine/server/main.go:411.4,411.12 1 4
github.com/engine/server/main.go:411.12,413.90 2 2
github.com/engine/server/main.go:413.90,415.6 1 1
github.com/engine/server/main.go:418.29,420.4 1 1
github.com/engine/server/main.go:423.2,439.22 2 3
github.com/engine/server/main.go:444.77,446.44 2 5
github.com/engine/server/main.go:446.44,449.3 2 2
github.com/engine/server/main.go:451.2,453.76 3 3
github.com/engine/server/main.go:453.76,455.3 1 1
github.com/engine/server/main.go:457.2,462.44 2 3
github.com/engine/server/main.go:462.44,463.21 1 4
github.com/engine/server/main.go:463.21,465.5 1 2
github.com/engine/server/main.go:466.4,466.12 1 4
github.com/engine/server/main.go:466.12,468.90 2 2
github.com/engine/server/main.go:468.90,470.6 1 1
github.com/engine/server/main.go:473.29,475.4 1 1
github.com/engine/server/main.go:478.2,495.22 2 3
