mode: set
github.com/engine/server/vpn/identity.go:22.66,26.51 3 1
github.com/engine/server/vpn/identity.go:26.51,28.65 2 1
github.com/engine/server/vpn/identity.go:28.65,32.4 3 1
github.com/engine/server/vpn/identity.go:35.2,36.16 2 1
github.com/engine/server/vpn/identity.go:36.16,38.3 1 1
github.com/engine/server/vpn/identity.go:40.2,41.60 2 1
github.com/engine/server/vpn/identity.go:41.60,43.3 1 1
github.com/engine/server/vpn/identity.go:45.2,46.60 2 1
github.com/engine/server/vpn/identity.go:46.60,48.3 1 1
github.com/engine/server/vpn/identity.go:50.2,50.57 1 1
github.com/engine/server/vpn/trust.go:32.61,37.16 4 1
github.com/engine/server/vpn/trust.go:37.16,38.62 1 1
github.com/engine/server/vpn/trust.go:38.62,40.4 1 1
github.com/engine/server/vpn/trust.go:43.2,43.19 1 1
github.com/engine/server/vpn/trust.go:47.82,58.2 4 1
github.com/engine/server/vpn/trust.go:61.53,66.31 4 1
github.com/engine/server/vpn/trust.go:66.31,67.17 1 1
github.com/engine/server/vpn/trust.go:67.17,69.4 1 1
github.com/engine/server/vpn/trust.go:71.2,73.18 2 1
github.com/engine/server/vpn/trust.go:77.64,82.31 4 1
github.com/engine/server/vpn/trust.go:82.31,83.28 1 1
github.com/engine/server/vpn/trust.go:83.28,85.4 1 1
github.com/engine/server/vpn/trust.go:87.2,87.14 1 1
github.com/engine/server/vpn/trust.go:91.46,98.2 5 1
github.com/engine/server/vpn/trust.go:100.36,102.16 2 1
github.com/engine/server/vpn/trust.go:102.16,104.3 1 1
github.com/engine/server/vpn/trust.go:105.2,105.42 1 1
github.com/engine/server/vpn/tunnel.go:20.102,20.140 1 1
github.com/engine/server/vpn/tunnel.go:22.70,22.98 1 1
github.com/engine/server/vpn/tunnel.go:23.49,23.87 1 0
github.com/engine/server/vpn/tunnel.go:34.29,41.2 2 1
github.com/engine/server/vpn/tunnel.go:53.45,54.59 1 1
github.com/engine/server/vpn/tunnel.go:54.59,56.3 1 1
github.com/engine/server/vpn/tunnel.go:58.2,59.16 2 1
github.com/engine/server/vpn/tunnel.go:59.16,61.3 1 1
github.com/engine/server/vpn/tunnel.go:63.2,64.16 2 1
github.com/engine/server/vpn/tunnel.go:64.16,66.3 1 1
github.com/engine/server/vpn/tunnel.go:68.2,69.16 2 1
github.com/engine/server/vpn/tunnel.go:69.16,71.3 1 1
github.com/engine/server/vpn/tunnel.go:73.2,79.8 1 1
github.com/engine/server/vpn/tunnel.go:83.81,87.82 4 1
github.com/engine/server/vpn/tunnel.go:87.82,90.3 2 1
github.com/engine/server/vpn/tunnel.go:91.2,92.73 2 1
github.com/engine/server/vpn/tunnel.go:92.73,95.3 2 1
github.com/engine/server/vpn/tunnel.go:98.72,99.33 1 1
github.com/engine/server/vpn/tunnel.go:99.33,102.3 2 1
github.com/engine/server/vpn/tunnel.go:104.2,109.61 2 1
github.com/engine/server/vpn/tunnel.go:109.61,112.3 2 1
github.com/engine/server/vpn/tunnel.go:114.2,114.39 1 1
github.com/engine/server/vpn/tunnel.go:114.39,118.3 3 1
github.com/engine/server/vpn/tunnel.go:120.2,121.61 2 1
github.com/engine/server/vpn/tunnel.go:121.61,124.3 2 1
github.com/engine/server/vpn/tunnel.go:126.2,128.22 3 1
github.com/engine/server/vpn/tunnel.go:128.22,130.3 1 1
github.com/engine/server/vpn/tunnel.go:132.2,132.96 1 1
github.com/engine/server/vpn/tunnel.go:132.96,135.3 2 1
github.com/engine/server/vpn/tunnel.go:137.2,138.16 2 1
github.com/engine/server/vpn/tunnel.go:138.16,141.3 2 1
github.com/engine/server/vpn/tunnel.go:143.2,152.4 3 1
github.com/engine/server/vpn/tunnel.go:155.72,159.2 3 1
github.com/engine/server/vpn/tunnel.go:161.71,162.33 1 1
github.com/engine/server/vpn/tunnel.go:162.33,165.3 2 1
github.com/engine/server/vpn/tunnel.go:167.2,170.61 2 1
github.com/engine/server/vpn/tunnel.go:170.61,173.3 2 1
github.com/engine/server/vpn/tunnel.go:175.2,175.59 1 1
github.com/engine/server/vpn/tunnel.go:175.59,178.3 2 1
github.com/engine/server/vpn/tunnel.go:180.2,184.63 4 1
github.com/engine/server/vpn/tunnel.go:188.62,190.16 2 1
github.com/engine/server/vpn/tunnel.go:190.16,192.3 1 1
github.com/engine/server/vpn/tunnel.go:194.2,195.16 2 1
github.com/engine/server/vpn/tunnel.go:195.16,197.3 1 1
github.com/engine/server/vpn/tunnel.go:199.2,213.12 8 1
github.com/engine/server/vpn/tunnel.go:213.12,214.7 1 1
github.com/engine/server/vpn/tunnel.go:214.7,217.4 2 1
github.com/engine/server/vpn/tunnel.go:220.2,220.31 1 1
github.com/engine/server/vpn/tunnel.go:223.26,225.16 2 1
github.com/engine/server/vpn/tunnel.go:225.16,227.3 1 1
github.com/engine/server/vpn/tunnel.go:228.2,228.29 1 1
github.com/engine/server/vpn/tunnel.go:228.29,229.92 1 1
github.com/engine/server/vpn/tunnel.go:229.92,231.4 1 1
github.com/engine/server/vpn/tunnel.go:233.2,233.20 1 1
