mode: atomic
github.com/engine/server/workspace/registry.go:22.46,24.2 1 32
github.com/engine/server/workspace/registry.go:28.64,30.24 2 19
github.com/engine/server/workspace/registry.go:30.24,32.3 1 7
github.com/engine/server/workspace/registry.go:33.2,33.16 1 12
github.com/engine/server/workspace/registry.go:33.16,35.3 1 4
github.com/engine/server/workspace/registry.go:36.2,37.55 2 8
github.com/engine/server/workspace/registry.go:37.55,39.3 1 2
github.com/engine/server/workspace/registry.go:40.2,40.21 1 6
github.com/engine/server/workspace/registry.go:44.70,46.61 2 8
github.com/engine/server/workspace/registry.go:46.61,48.3 1 1
github.com/engine/server/workspace/registry.go:49.2,50.16 2 7
github.com/engine/server/workspace/registry.go:50.16,52.3 1 0
github.com/engine/server/workspace/registry.go:53.2,53.38 1 7
github.com/engine/server/workspace/registry.go:57.48,59.50 2 1
github.com/engine/server/workspace/registry.go:59.50,61.3 1 1
github.com/engine/server/workspace/registry.go:62.2,62.12 1 0
github.com/engine/server/workspace/registry.go:68.75,70.17 2 12
github.com/engine/server/workspace/registry.go:70.17,72.3 1 1
github.com/engine/server/workspace/registry.go:74.2,80.11 4 11
github.com/engine/server/workspace/registry.go:80.11,84.50 4 2
github.com/engine/server/workspace/registry.go:84.50,85.51 1 2
github.com/engine/server/workspace/registry.go:85.51,87.5 1 1
github.com/engine/server/workspace/registry.go:89.3,89.19 1 1
github.com/engine/server/workspace/registry.go:92.2,93.16 2 10
github.com/engine/server/workspace/registry.go:93.16,95.3 1 0
github.com/engine/server/workspace/registry.go:96.2,96.64 1 10
github.com/engine/server/workspace/registry.go:96.64,98.3 1 1
github.com/engine/server/workspace/registry.go:100.2,101.16 2 9
github.com/engine/server/workspace/registry.go:101.16,103.3 1 2
github.com/engine/server/workspace/registry.go:105.2,105.28 1 7
github.com/engine/server/workspace/registry.go:105.28,106.25 1 2
github.com/engine/server/workspace/registry.go:106.25,108.4 1 1
github.com/engine/server/workspace/registry.go:111.2,117.59 3 6
github.com/engine/server/workspace/registry.go:117.59,119.3 1 0
github.com/engine/server/workspace/registry.go:120.2,120.20 1 6
github.com/engine/server/workspace/registry.go:125.57,127.15 2 6
github.com/engine/server/workspace/registry.go:127.15,129.3 1 1
github.com/engine/server/workspace/registry.go:131.2,132.16 2 5
github.com/engine/server/workspace/registry.go:132.16,134.3 1 2
github.com/engine/server/workspace/registry.go:136.2,138.28 3 3
github.com/engine/server/workspace/registry.go:138.28,139.20 1 3
github.com/engine/server/workspace/registry.go:139.20,141.12 2 1
github.com/engine/server/workspace/registry.go:143.3,143.25 1 2
github.com/engine/server/workspace/registry.go:145.2,145.12 1 3
github.com/engine/server/workspace/registry.go:145.12,147.3 1 2
github.com/engine/server/workspace/registry.go:148.2,148.40 1 1
github.com/engine/server/workspace/tasks.go:29.39,30.16 1 12
github.com/engine/server/workspace/tasks.go:30.16,32.3 1 1
github.com/engine/server/workspace/tasks.go:34.2,34.71 1 11
github.com/engine/server/workspace/tasks.go:34.71,36.3 1 6
github.com/engine/server/workspace/tasks.go:37.2,37.69 1 5
github.com/engine/server/workspace/tasks.go:37.69,39.3 1 1
github.com/engine/server/workspace/tasks.go:40.2,40.60 1 4
github.com/engine/server/workspace/tasks.go:40.60,42.3 1 1
github.com/engine/server/workspace/tasks.go:43.2,43.33 1 3
github.com/engine/server/workspace/tasks.go:46.50,49.16 3 11
github.com/engine/server/workspace/tasks.go:49.16,51.3 1 3
github.com/engine/server/workspace/tasks.go:53.2,54.76 2 8
github.com/engine/server/workspace/tasks.go:54.76,56.3 1 2
github.com/engine/server/workspace/tasks.go:58.2,61.59 4 6
github.com/engine/server/workspace/tasks.go:61.59,63.59 2 72
github.com/engine/server/workspace/tasks.go:63.59,65.4 1 57
github.com/engine/server/workspace/tasks.go:66.3,74.5 2 15
github.com/engine/server/workspace/tasks.go:77.2,114.35 5 6
github.com/engine/server/workspace/tasks.go:114.35,116.3 1 30
github.com/engine/server/workspace/tasks.go:117.2,117.37 1 6
github.com/engine/server/workspace/tasks.go:117.37,119.3 1 18
github.com/engine/server/workspace/tasks.go:120.2,120.37 1 6
github.com/engine/server/workspace/tasks.go:120.37,122.3 1 12
github.com/engine/server/workspace/tasks.go:123.2,123.36 1 6
github.com/engine/server/workspace/tasks.go:123.36,125.3 1 12
github.com/engine/server/workspace/tasks.go:127.2,134.3 3 6
github.com/engine/server/workspace/tasks.go:137.44,138.70 1 5
github.com/engine/server/workspace/tasks.go:138.70,140.3 1 4
github.com/engine/server/workspace/tasks.go:142.2,173.3 2 1
github.com/engine/server/workspace/tasks.go:176.41,177.66 1 4
github.com/engine/server/workspace/tasks.go:177.66,179.3 1 3
github.com/engine/server/workspace/tasks.go:181.2,212.3 2 1
github.com/engine/server/workspace/tasks.go:215.47,216.9 1 6
github.com/engine/server/workspace/tasks.go:217.57,218.16 1 1
github.com/engine/server/workspace/tasks.go:219.52,220.16 1 1
github.com/engine/server/workspace/tasks.go:221.99,222.15 1 2
github.com/engine/server/workspace/tasks.go:223.10,224.15 1 2
github.com/engine/server/workspace/tasks.go:228.66,229.24 1 15
github.com/engine/server/workspace/tasks.go:230.14,231.26 1 1
github.com/engine/server/workspace/tasks.go:232.14,233.26 1 1
github.com/engine/server/workspace/tasks.go:234.13,235.29 1 2
github.com/engine/server/workspace/tasks.go:236.10,237.29 1 11
github.com/engine/server/workspace/tasks.go:241.52,242.29 1 12
github.com/engine/server/workspace/tasks.go:242.29,243.24 1 16
github.com/engine/server/workspace/tasks.go:243.24,245.4 1 8
github.com/engine/server/workspace/tasks.go:247.2,247.11 1 4
github.com/engine/server/workspace/tasks.go:250.35,253.2 2 18
